[1.257s] Invoking command in '/home/usuario/rmf_ws/src/rmf_demos_bridges': PYTHONPATH=/home/usuario/rmf_ws/build/rmf_demos_bridges/prefix_override:/usr/lib/python3/dist-packages/colcon_core/task/python/colcon_distutils_commands:/home/usuario/rmf_ws/install/rmf_demos_bridges/lib/python3.12/site-packages:${PYTHONPATH} /usr/bin/python3 -W ignore:setup.py install is deprecated -W ignore:easy_install command is deprecated setup.py egg_info --egg-base ../../build/rmf_demos_bridges build --build-base /home/usuario/rmf_ws/build/rmf_demos_bridges/build install --record /home/usuario/rmf_ws/build/rmf_demos_bridges/install.log --single-version-externally-managed install_data
[1.764s] running egg_info
[1.764s] creating ../../build/rmf_demos_bridges/rmf_demos_bridges.egg-info
[1.828s] writing ../../build/rmf_demos_bridges/rmf_demos_bridges.egg-info/PKG-INFO
[1.831s] writing dependency_links to ../../build/rmf_demos_bridges/rmf_demos_bridges.egg-info/dependency_links.txt
[1.832s] writing entry points to ../../build/rmf_demos_bridges/rmf_demos_bridges.egg-info/entry_points.txt
[1.835s] writing requirements to ../../build/rmf_demos_bridges/rmf_demos_bridges.egg-info/requires.txt
[1.837s] writing top-level names to ../../build/rmf_demos_bridges/rmf_demos_bridges.egg-info/top_level.txt
[1.838s] writing manifest file '../../build/rmf_demos_bridges/rmf_demos_bridges.egg-info/SOURCES.txt'
[1.891s] reading manifest file '../../build/rmf_demos_bridges/rmf_demos_bridges.egg-info/SOURCES.txt'
[1.892s] writing manifest file '../../build/rmf_demos_bridges/rmf_demos_bridges.egg-info/SOURCES.txt'
[1.894s] running build
[1.894s] running build_py
[1.894s] creating /home/usuario/rmf_ws/build/rmf_demos_bridges/build
[1.895s] creating /home/usuario/rmf_ws/build/rmf_demos_bridges/build/lib
[1.895s] creating /home/usuario/rmf_ws/build/rmf_demos_bridges/build/lib/rmf_demos_bridges
[1.895s] copying rmf_demos_bridges/fleet_socketio_bridge.py -> /home/usuario/rmf_ws/build/rmf_demos_bridges/build/lib/rmf_demos_bridges
[1.896s] copying rmf_demos_bridges/__init__.py -> /home/usuario/rmf_ws/build/rmf_demos_bridges/build/lib/rmf_demos_bridges
[1.897s] copying rmf_demos_bridges/fleet_robotmanager_mqtt_bridge.py -> /home/usuario/rmf_ws/build/rmf_demos_bridges/build/lib/rmf_demos_bridges
[1.898s] running install
[1.905s] running install_lib
[1.925s] creating /home/usuario/rmf_ws/install/rmf_demos_bridges/lib/python3.12/site-packages/rmf_demos_bridges
[1.925s] copying /home/usuario/rmf_ws/build/rmf_demos_bridges/build/lib/rmf_demos_bridges/fleet_socketio_bridge.py -> /home/usuario/rmf_ws/install/rmf_demos_bridges/lib/python3.12/site-packages/rmf_demos_bridges
[1.925s] copying /home/usuario/rmf_ws/build/rmf_demos_bridges/build/lib/rmf_demos_bridges/__init__.py -> /home/usuario/rmf_ws/install/rmf_demos_bridges/lib/python3.12/site-packages/rmf_demos_bridges
[1.926s] copying /home/usuario/rmf_ws/build/rmf_demos_bridges/build/lib/rmf_demos_bridges/fleet_robotmanager_mqtt_bridge.py -> /home/usuario/rmf_ws/install/rmf_demos_bridges/lib/python3.12/site-packages/rmf_demos_bridges
[1.927s] byte-compiling /home/usuario/rmf_ws/install/rmf_demos_bridges/lib/python3.12/site-packages/rmf_demos_bridges/fleet_socketio_bridge.py to fleet_socketio_bridge.cpython-312.pyc
[1.929s] byte-compiling /home/usuario/rmf_ws/install/rmf_demos_bridges/lib/python3.12/site-packages/rmf_demos_bridges/__init__.py to __init__.cpython-312.pyc
[1.929s] byte-compiling /home/usuario/rmf_ws/install/rmf_demos_bridges/lib/python3.12/site-packages/rmf_demos_bridges/fleet_robotmanager_mqtt_bridge.py to fleet_robotmanager_mqtt_bridge.cpython-312.pyc
[1.931s] running install_data
[1.931s] creating /home/usuario/rmf_ws/install/rmf_demos_bridges/share/ament_index
[1.932s] creating /home/usuario/rmf_ws/install/rmf_demos_bridges/share/ament_index/resource_index
[1.932s] creating /home/usuario/rmf_ws/install/rmf_demos_bridges/share/ament_index/resource_index/packages
[1.932s] copying resource/rmf_demos_bridges -> /home/usuario/rmf_ws/install/rmf_demos_bridges/share/ament_index/resource_index/packages
[1.933s] copying package.xml -> /home/usuario/rmf_ws/install/rmf_demos_bridges/share/rmf_demos_bridges
[1.933s] running install_egg_info
[1.953s] Copying ../../build/rmf_demos_bridges/rmf_demos_bridges.egg-info to /home/usuario/rmf_ws/install/rmf_demos_bridges/lib/python3.12/site-packages/rmf_demos_bridges-2.5.0-py3.12.egg-info
[1.972s] running install_scripts
[2.123s] Installing fleet_robotmanager_mqtt_bridge script to /home/usuario/rmf_ws/install/rmf_demos_bridges/lib/rmf_demos_bridges
[2.123s] Installing fleet_socketio_bridge script to /home/usuario/rmf_ws/install/rmf_demos_bridges/lib/rmf_demos_bridges
[2.124s] writing list of installed files to '/home/usuario/rmf_ws/build/rmf_demos_bridges/install.log'
[2.180s] Invoked command in '/home/usuario/rmf_ws/src/rmf_demos_bridges' returned '0': PYTHONPATH=/home/usuario/rmf_ws/build/rmf_demos_bridges/prefix_override:/usr/lib/python3/dist-packages/colcon_core/task/python/colcon_distutils_commands:/home/usuario/rmf_ws/install/rmf_demos_bridges/lib/python3.12/site-packages:${PYTHONPATH} /usr/bin/python3 -W ignore:setup.py install is deprecated -W ignore:easy_install command is deprecated setup.py egg_info --egg-base ../../build/rmf_demos_bridges build --build-base /home/usuario/rmf_ws/build/rmf_demos_bridges/build install --record /home/usuario/rmf_ws/build/rmf_demos_bridges/install.log --single-version-externally-managed install_data
