-- The C compiler identification is GNU 13.3.0
-- The CXX compiler identification is GNU 13.3.0
-- Detecting C compiler ABI info
-- Detecting C compiler ABI info - done
-- Check for working C compiler: /usr/bin/cc - skipped
-- Detecting C compile features
-- Detecting C compile features - done
-- Detecting CXX compiler ABI info
-- Detecting CXX compiler ABI info - done
-- Check for working CXX compiler: /usr/bin/c++ - skipped
-- Detecting CXX compile features
-- Detecting CXX compile features - done
-- Found ament_cmake: 2.5.3 (/opt/ros/jazzy/share/ament_cmake/cmake)
-- Found Python3: /usr/bin/python3 (found version "3.12.3") found components: Interpreter 
-- Found rclcpp: 28.1.6 (/opt/ros/jazzy/share/rclcpp/cmake)
-- Found rosidl_generator_c: 4.6.5 (/opt/ros/jazzy/share/rosidl_generator_c/cmake)
-- Found rosidl_generator_cpp: 4.6.5 (/opt/ros/jazzy/share/rosidl_generator_cpp/cmake)
-- Using all available rosidl_typesupport_c: rosidl_typesupport_fastrtps_c;rosidl_typesupport_introspection_c
-- Using all available rosidl_typesupport_cpp: rosidl_typesupport_fastrtps_cpp;rosidl_typesupport_introspection_cpp
-- Found rmw_implementation_cmake: 7.3.1 (/opt/ros/jazzy/share/rmw_implementation_cmake/cmake)
-- Found rmw_fastrtps_cpp: 8.4.1 (/opt/ros/jazzy/share/rmw_fastrtps_cpp/cmake)
-- Found OpenSSL: /usr/lib/x86_64-linux-gnu/libcrypto.so (found version "3.0.13")  
-- Found FastRTPS: /opt/ros/jazzy/include (Required is at least version "2.13") 
-- Using RMW implementation 'rmw_fastrtps_cpp' as default
-- Found rclcpp_components: 28.1.6 (/opt/ros/jazzy/share/rclcpp_components/cmake)
-- Found geometry_msgs: 5.3.5 (/opt/ros/jazzy/share/geometry_msgs/cmake)
-- Found vision_msgs: 4.1.1 (/opt/ros/jazzy/share/vision_msgs/cmake)
-- Found visualization_msgs: 5.3.5 (/opt/ros/jazzy/share/visualization_msgs/cmake)
-- Found rmf_obstacle_msgs: 3.4.1 (/rmf_demos_ws/install/rmf_obstacle_msgs/share/rmf_obstacle_msgs/cmake)
-- Found rmf_visualization_msgs: 1.5.0 (/rmf_demos_ws/install/rmf_visualization_msgs/share/rmf_visualization_msgs/cmake)
-- Found ament_cmake_uncrustify: 0.17.1 (/opt/ros/jazzy/share/ament_cmake_uncrustify/cmake)
-- Configuring done (2.6s)
-- Generating done (0.0s)
-- Build files have been written to: /home/usuario/rmf_ws/build/rmf_visualization_obstacles
[ 25%] [32mBuilding CXX object CMakeFiles/obstacle_visualizer.dir/src/ObstacleVisualizer.cpp.o[0m
[ 50%] [32mBuilding CXX object CMakeFiles/obstacle_visualizer_node.dir/rclcpp_components/node_main_obstacle_visualizer_node.cpp.o[0m
[ 75%] [32m[1mLinking CXX executable obstacle_visualizer_node[0m
[ 75%] Built target obstacle_visualizer_node
[100%] [32m[1mLinking CXX shared library libobstacle_visualizer.so[0m
[100%] Built target obstacle_visualizer
-- Install configuration: ""
-- Installing: /home/usuario/rmf_ws/install/rmf_visualization_obstacles/lib/rmf_visualization_obstacles/obstacle_visualizer_node
-- Set non-toolchain portion of runtime path of "/home/usuario/rmf_ws/install/rmf_visualization_obstacles/lib/rmf_visualization_obstacles/obstacle_visualizer_node" to ""
-- Installing: /home/usuario/rmf_ws/install/rmf_visualization_obstacles/lib/libobstacle_visualizer.so
-- Set non-toolchain portion of runtime path of "/home/usuario/rmf_ws/install/rmf_visualization_obstacles/lib/libobstacle_visualizer.so" to ""
-- Installing: /home/usuario/rmf_ws/install/rmf_visualization_obstacles/share/ament_index/resource_index/package_run_dependencies/rmf_visualization_obstacles
-- Installing: /home/usuario/rmf_ws/install/rmf_visualization_obstacles/share/ament_index/resource_index/parent_prefix_path/rmf_visualization_obstacles
-- Installing: /home/usuario/rmf_ws/install/rmf_visualization_obstacles/share/rmf_visualization_obstacles/environment/ament_prefix_path.sh
-- Installing: /home/usuario/rmf_ws/install/rmf_visualization_obstacles/share/rmf_visualization_obstacles/environment/ament_prefix_path.dsv
-- Installing: /home/usuario/rmf_ws/install/rmf_visualization_obstacles/share/rmf_visualization_obstacles/environment/path.sh
-- Installing: /home/usuario/rmf_ws/install/rmf_visualization_obstacles/share/rmf_visualization_obstacles/environment/path.dsv
-- Installing: /home/usuario/rmf_ws/install/rmf_visualization_obstacles/share/rmf_visualization_obstacles/local_setup.bash
-- Installing: /home/usuario/rmf_ws/install/rmf_visualization_obstacles/share/rmf_visualization_obstacles/local_setup.sh
-- Installing: /home/usuario/rmf_ws/install/rmf_visualization_obstacles/share/rmf_visualization_obstacles/local_setup.zsh
-- Installing: /home/usuario/rmf_ws/install/rmf_visualization_obstacles/share/rmf_visualization_obstacles/local_setup.dsv
-- Installing: /home/usuario/rmf_ws/install/rmf_visualization_obstacles/share/rmf_visualization_obstacles/package.dsv
-- Installing: /home/usuario/rmf_ws/install/rmf_visualization_obstacles/share/ament_index/resource_index/packages/rmf_visualization_obstacles
-- Installing: /home/usuario/rmf_ws/install/rmf_visualization_obstacles/share/ament_index/resource_index/rclcpp_components/rmf_visualization_obstacles
-- Installing: /home/usuario/rmf_ws/install/rmf_visualization_obstacles/share/rmf_visualization_obstacles/cmake/rmf_visualization_obstaclesConfig.cmake
-- Installing: /home/usuario/rmf_ws/install/rmf_visualization_obstacles/share/rmf_visualization_obstacles/cmake/rmf_visualization_obstaclesConfig-version.cmake
-- Installing: /home/usuario/rmf_ws/install/rmf_visualization_obstacles/share/rmf_visualization_obstacles/package.xml
