[ 50%] Built target floorplan_visualizer
[100%] Built target floorplan_visualizer_node
-- Install configuration: ""
-- Up-to-date: /home/usuario/rmf_ws/install/rmf_visualization_floorplans/lib/rmf_visualization_floorplans/floorplan_visualizer_node
-- Up-to-date: /home/usuario/rmf_ws/install/rmf_visualization_floorplans/lib/libfloorplan_visualizer.so
-- Up-to-date: /home/usuario/rmf_ws/install/rmf_visualization_floorplans/share/ament_index/resource_index/package_run_dependencies/rmf_visualization_floorplans
-- Up-to-date: /home/usuario/rmf_ws/install/rmf_visualization_floorplans/share/ament_index/resource_index/parent_prefix_path/rmf_visualization_floorplans
-- Up-to-date: /home/usuario/rmf_ws/install/rmf_visualization_floorplans/share/rmf_visualization_floorplans/environment/ament_prefix_path.sh
-- Up-to-date: /home/usuario/rmf_ws/install/rmf_visualization_floorplans/share/rmf_visualization_floorplans/environment/ament_prefix_path.dsv
-- Up-to-date: /home/usuario/rmf_ws/install/rmf_visualization_floorplans/share/rmf_visualization_floorplans/environment/path.sh
-- Up-to-date: /home/usuario/rmf_ws/install/rmf_visualization_floorplans/share/rmf_visualization_floorplans/environment/path.dsv
-- Up-to-date: /home/usuario/rmf_ws/install/rmf_visualization_floorplans/share/rmf_visualization_floorplans/local_setup.bash
-- Up-to-date: /home/usuario/rmf_ws/install/rmf_visualization_floorplans/share/rmf_visualization_floorplans/local_setup.sh
-- Up-to-date: /home/usuario/rmf_ws/install/rmf_visualization_floorplans/share/rmf_visualization_floorplans/local_setup.zsh
-- Up-to-date: /home/usuario/rmf_ws/install/rmf_visualization_floorplans/share/rmf_visualization_floorplans/local_setup.dsv
-- Installing: /home/usuario/rmf_ws/install/rmf_visualization_floorplans/share/rmf_visualization_floorplans/package.dsv
-- Up-to-date: /home/usuario/rmf_ws/install/rmf_visualization_floorplans/share/ament_index/resource_index/packages/rmf_visualization_floorplans
-- Up-to-date: /home/usuario/rmf_ws/install/rmf_visualization_floorplans/share/ament_index/resource_index/rclcpp_components/rmf_visualization_floorplans
-- Up-to-date: /home/usuario/rmf_ws/install/rmf_visualization_floorplans/share/rmf_visualization_floorplans/cmake/rmf_visualization_floorplansConfig.cmake
-- Up-to-date: /home/usuario/rmf_ws/install/rmf_visualization_floorplans/share/rmf_visualization_floorplans/cmake/rmf_visualization_floorplansConfig-version.cmake
-- Up-to-date: /home/usuario/rmf_ws/install/rmf_visualization_floorplans/share/rmf_visualization_floorplans/package.xml
