[1.769s] Invoking command in '/home/usuario/Documentos/GitHub/IR2134/TASK3y4_NAT/rmf_ws/src/rmf_demos_fleet_adapter': PYTHONPATH=/home/usuario/Documentos/GitHub/IR2134/TASK3y4_NAT/rmf_ws/build/rmf_demos_fleet_adapter/prefix_override:/usr/lib/python3/dist-packages/colcon_core/task/python/colcon_distutils_commands:/home/usuario/Documentos/GitHub/IR2134/TASK3y4_NAT/rmf_ws/install/rmf_demos_fleet_adapter/lib/python3.10/site-packages:${PYTHONPATH} /usr/bin/python3 -W ignore:setup.py install is deprecated -W ignore:easy_install command is deprecated setup.py egg_info --egg-base ../../build/rmf_demos_fleet_adapter build --build-base /home/usuario/Documentos/GitHub/IR2134/TASK3y4_NAT/rmf_ws/build/rmf_demos_fleet_adapter/build install --record /home/usuario/Documentos/GitHub/IR2134/TASK3y4_NAT/rmf_ws/build/rmf_demos_fleet_adapter/install.log --single-version-externally-managed install_data
[2.297s] running egg_info
[2.297s] creating ../../build/rmf_demos_fleet_adapter/rmf_demos_fleet_adapter.egg-info
[2.297s] writing ../../build/rmf_demos_fleet_adapter/rmf_demos_fleet_adapter.egg-info/PKG-INFO
[2.303s] writing dependency_links to ../../build/rmf_demos_fleet_adapter/rmf_demos_fleet_adapter.egg-info/dependency_links.txt
[2.306s] writing entry points to ../../build/rmf_demos_fleet_adapter/rmf_demos_fleet_adapter.egg-info/entry_points.txt
[2.309s] writing requirements to ../../build/rmf_demos_fleet_adapter/rmf_demos_fleet_adapter.egg-info/requires.txt
[2.312s] writing top-level names to ../../build/rmf_demos_fleet_adapter/rmf_demos_fleet_adapter.egg-info/top_level.txt
[2.316s] writing manifest file '../../build/rmf_demos_fleet_adapter/rmf_demos_fleet_adapter.egg-info/SOURCES.txt'
[2.320s] reading manifest file '../../build/rmf_demos_fleet_adapter/rmf_demos_fleet_adapter.egg-info/SOURCES.txt'
[2.326s] writing manifest file '../../build/rmf_demos_fleet_adapter/rmf_demos_fleet_adapter.egg-info/SOURCES.txt'
[2.328s] running build
[2.328s] running build_py
[2.328s] creating /home/usuario/Documentos/GitHub/IR2134/TASK3y4_NAT/rmf_ws/build/rmf_demos_fleet_adapter/build
[2.328s] creating /home/usuario/Documentos/GitHub/IR2134/TASK3y4_NAT/rmf_ws/build/rmf_demos_fleet_adapter/build/lib
[2.328s] creating /home/usuario/Documentos/GitHub/IR2134/TASK3y4_NAT/rmf_ws/build/rmf_demos_fleet_adapter/build/lib/rmf_demos_fleet_adapter
[2.328s] copying rmf_demos_fleet_adapter/fleet_adapter.py -> /home/usuario/Documentos/GitHub/IR2134/TASK3y4_NAT/rmf_ws/build/rmf_demos_fleet_adapter/build/lib/rmf_demos_fleet_adapter
[2.354s] copying rmf_demos_fleet_adapter/manage_lane.py -> /home/usuario/Documentos/GitHub/IR2134/TASK3y4_NAT/rmf_ws/build/rmf_demos_fleet_adapter/build/lib/rmf_demos_fleet_adapter
[2.371s] copying rmf_demos_fleet_adapter/fleet_manager.py -> /home/usuario/Documentos/GitHub/IR2134/TASK3y4_NAT/rmf_ws/build/rmf_demos_fleet_adapter/build/lib/rmf_demos_fleet_adapter
[2.392s] copying rmf_demos_fleet_adapter/RobotClientAPI.py -> /home/usuario/Documentos/GitHub/IR2134/TASK3y4_NAT/rmf_ws/build/rmf_demos_fleet_adapter/build/lib/rmf_demos_fleet_adapter
[2.408s] copying rmf_demos_fleet_adapter/__init__.py -> /home/usuario/Documentos/GitHub/IR2134/TASK3y4_NAT/rmf_ws/build/rmf_demos_fleet_adapter/build/lib/rmf_demos_fleet_adapter
[2.416s] creating /home/usuario/Documentos/GitHub/IR2134/TASK3y4_NAT/rmf_ws/build/rmf_demos_fleet_adapter/build/lib/test
[2.416s] copying test/test_copyright.py -> /home/usuario/Documentos/GitHub/IR2134/TASK3y4_NAT/rmf_ws/build/rmf_demos_fleet_adapter/build/lib/test
[2.433s] copying test/test_flake8.py -> /home/usuario/Documentos/GitHub/IR2134/TASK3y4_NAT/rmf_ws/build/rmf_demos_fleet_adapter/build/lib/test
[2.448s] copying test/test_pep257.py -> /home/usuario/Documentos/GitHub/IR2134/TASK3y4_NAT/rmf_ws/build/rmf_demos_fleet_adapter/build/lib/test
[2.457s] copying test/__init__.py -> /home/usuario/Documentos/GitHub/IR2134/TASK3y4_NAT/rmf_ws/build/rmf_demos_fleet_adapter/build/lib/test
[2.462s] running install
[2.462s] running install_lib
[2.463s] creating /home/usuario/Documentos/GitHub/IR2134/TASK3y4_NAT/rmf_ws/install/rmf_demos_fleet_adapter/lib/python3.10/site-packages/rmf_demos_fleet_adapter
[2.463s] copying /home/usuario/Documentos/GitHub/IR2134/TASK3y4_NAT/rmf_ws/build/rmf_demos_fleet_adapter/build/lib/rmf_demos_fleet_adapter/fleet_adapter.py -> /home/usuario/Documentos/GitHub/IR2134/TASK3y4_NAT/rmf_ws/install/rmf_demos_fleet_adapter/lib/python3.10/site-packages/rmf_demos_fleet_adapter
[2.473s] copying /home/usuario/Documentos/GitHub/IR2134/TASK3y4_NAT/rmf_ws/build/rmf_demos_fleet_adapter/build/lib/rmf_demos_fleet_adapter/manage_lane.py -> /home/usuario/Documentos/GitHub/IR2134/TASK3y4_NAT/rmf_ws/install/rmf_demos_fleet_adapter/lib/python3.10/site-packages/rmf_demos_fleet_adapter
[2.481s] copying /home/usuario/Documentos/GitHub/IR2134/TASK3y4_NAT/rmf_ws/build/rmf_demos_fleet_adapter/build/lib/rmf_demos_fleet_adapter/fleet_manager.py -> /home/usuario/Documentos/GitHub/IR2134/TASK3y4_NAT/rmf_ws/install/rmf_demos_fleet_adapter/lib/python3.10/site-packages/rmf_demos_fleet_adapter
[2.493s] copying /home/usuario/Documentos/GitHub/IR2134/TASK3y4_NAT/rmf_ws/build/rmf_demos_fleet_adapter/build/lib/rmf_demos_fleet_adapter/RobotClientAPI.py -> /home/usuario/Documentos/GitHub/IR2134/TASK3y4_NAT/rmf_ws/install/rmf_demos_fleet_adapter/lib/python3.10/site-packages/rmf_demos_fleet_adapter
[2.507s] copying /home/usuario/Documentos/GitHub/IR2134/TASK3y4_NAT/rmf_ws/build/rmf_demos_fleet_adapter/build/lib/rmf_demos_fleet_adapter/__init__.py -> /home/usuario/Documentos/GitHub/IR2134/TASK3y4_NAT/rmf_ws/install/rmf_demos_fleet_adapter/lib/python3.10/site-packages/rmf_demos_fleet_adapter
[2.512s] creating /home/usuario/Documentos/GitHub/IR2134/TASK3y4_NAT/rmf_ws/install/rmf_demos_fleet_adapter/lib/python3.10/site-packages/test
[2.512s] copying /home/usuario/Documentos/GitHub/IR2134/TASK3y4_NAT/rmf_ws/build/rmf_demos_fleet_adapter/build/lib/test/test_copyright.py -> /home/usuario/Documentos/GitHub/IR2134/TASK3y4_NAT/rmf_ws/install/rmf_demos_fleet_adapter/lib/python3.10/site-packages/test
[2.525s] copying /home/usuario/Documentos/GitHub/IR2134/TASK3y4_NAT/rmf_ws/build/rmf_demos_fleet_adapter/build/lib/test/test_flake8.py -> /home/usuario/Documentos/GitHub/IR2134/TASK3y4_NAT/rmf_ws/install/rmf_demos_fleet_adapter/lib/python3.10/site-packages/test
[2.534s] copying /home/usuario/Documentos/GitHub/IR2134/TASK3y4_NAT/rmf_ws/build/rmf_demos_fleet_adapter/build/lib/test/test_pep257.py -> /home/usuario/Documentos/GitHub/IR2134/TASK3y4_NAT/rmf_ws/install/rmf_demos_fleet_adapter/lib/python3.10/site-packages/test
[2.546s] copying /home/usuario/Documentos/GitHub/IR2134/TASK3y4_NAT/rmf_ws/build/rmf_demos_fleet_adapter/build/lib/test/__init__.py -> /home/usuario/Documentos/GitHub/IR2134/TASK3y4_NAT/rmf_ws/install/rmf_demos_fleet_adapter/lib/python3.10/site-packages/test
[2.552s] byte-compiling /home/usuario/Documentos/GitHub/IR2134/TASK3y4_NAT/rmf_ws/install/rmf_demos_fleet_adapter/lib/python3.10/site-packages/rmf_demos_fleet_adapter/fleet_adapter.py to fleet_adapter.cpython-310.pyc
[2.560s] byte-compiling /home/usuario/Documentos/GitHub/IR2134/TASK3y4_NAT/rmf_ws/install/rmf_demos_fleet_adapter/lib/python3.10/site-packages/rmf_demos_fleet_adapter/manage_lane.py to manage_lane.cpython-310.pyc
[2.569s] byte-compiling /home/usuario/Documentos/GitHub/IR2134/TASK3y4_NAT/rmf_ws/install/rmf_demos_fleet_adapter/lib/python3.10/site-packages/rmf_demos_fleet_adapter/fleet_manager.py to fleet_manager.cpython-310.pyc
[2.580s] byte-compiling /home/usuario/Documentos/GitHub/IR2134/TASK3y4_NAT/rmf_ws/install/rmf_demos_fleet_adapter/lib/python3.10/site-packages/rmf_demos_fleet_adapter/RobotClientAPI.py to RobotClientAPI.cpython-310.pyc
[2.591s] byte-compiling /home/usuario/Documentos/GitHub/IR2134/TASK3y4_NAT/rmf_ws/install/rmf_demos_fleet_adapter/lib/python3.10/site-packages/rmf_demos_fleet_adapter/__init__.py to __init__.cpython-310.pyc
[2.597s] byte-compiling /home/usuario/Documentos/GitHub/IR2134/TASK3y4_NAT/rmf_ws/install/rmf_demos_fleet_adapter/lib/python3.10/site-packages/test/test_copyright.py to test_copyright.cpython-310.pyc
[2.604s] byte-compiling /home/usuario/Documentos/GitHub/IR2134/TASK3y4_NAT/rmf_ws/install/rmf_demos_fleet_adapter/lib/python3.10/site-packages/test/test_flake8.py to test_flake8.cpython-310.pyc
[2.612s] byte-compiling /home/usuario/Documentos/GitHub/IR2134/TASK3y4_NAT/rmf_ws/install/rmf_demos_fleet_adapter/lib/python3.10/site-packages/test/test_pep257.py to test_pep257.cpython-310.pyc
[2.621s] byte-compiling /home/usuario/Documentos/GitHub/IR2134/TASK3y4_NAT/rmf_ws/install/rmf_demos_fleet_adapter/lib/python3.10/site-packages/test/__init__.py to __init__.cpython-310.pyc
[2.627s] running install_data
[2.627s] creating /home/usuario/Documentos/GitHub/IR2134/TASK3y4_NAT/rmf_ws/install/rmf_demos_fleet_adapter/share/ament_index
[2.627s] creating /home/usuario/Documentos/GitHub/IR2134/TASK3y4_NAT/rmf_ws/install/rmf_demos_fleet_adapter/share/ament_index/resource_index
[2.627s] creating /home/usuario/Documentos/GitHub/IR2134/TASK3y4_NAT/rmf_ws/install/rmf_demos_fleet_adapter/share/ament_index/resource_index/packages
[2.627s] copying resource/rmf_demos_fleet_adapter -> /home/usuario/Documentos/GitHub/IR2134/TASK3y4_NAT/rmf_ws/install/rmf_demos_fleet_adapter/share/ament_index/resource_index/packages
[2.632s] copying package.xml -> /home/usuario/Documentos/GitHub/IR2134/TASK3y4_NAT/rmf_ws/install/rmf_demos_fleet_adapter/share/rmf_demos_fleet_adapter
[2.643s] copying config.yaml -> /home/usuario/Documentos/GitHub/IR2134/TASK3y4_NAT/rmf_ws/install/rmf_demos_fleet_adapter/share/rmf_demos_fleet_adapter
[2.651s] creating /home/usuario/Documentos/GitHub/IR2134/TASK3y4_NAT/rmf_ws/install/rmf_demos_fleet_adapter/share/rmf_demos_fleet_adapter/launch
[2.651s] copying launch/fleet_adapter.launch.xml -> /home/usuario/Documentos/GitHub/IR2134/TASK3y4_NAT/rmf_ws/install/rmf_demos_fleet_adapter/share/rmf_demos_fleet_adapter/launch
[2.659s] running install_egg_info
[2.661s] Copying ../../build/rmf_demos_fleet_adapter/rmf_demos_fleet_adapter.egg-info to /home/usuario/Documentos/GitHub/IR2134/TASK3y4_NAT/rmf_ws/install/rmf_demos_fleet_adapter/lib/python3.10/site-packages/rmf_demos_fleet_adapter-2.5.0-py3.10.egg-info
[2.803s] running install_scripts
[2.827s] Installing fleet_adapter script to /home/usuario/Documentos/GitHub/IR2134/TASK3y4_NAT/rmf_ws/install/rmf_demos_fleet_adapter/lib/rmf_demos_fleet_adapter
[2.827s] Installing fleet_manager script to /home/usuario/Documentos/GitHub/IR2134/TASK3y4_NAT/rmf_ws/install/rmf_demos_fleet_adapter/lib/rmf_demos_fleet_adapter
[2.829s] Installing manage_lane script to /home/usuario/Documentos/GitHub/IR2134/TASK3y4_NAT/rmf_ws/install/rmf_demos_fleet_adapter/lib/rmf_demos_fleet_adapter
[2.832s] writing list of installed files to '/home/usuario/Documentos/GitHub/IR2134/TASK3y4_NAT/rmf_ws/build/rmf_demos_fleet_adapter/install.log'
