-- The C compiler identification is GNU 13.3.0
-- The CXX compiler identification is GNU 13.3.0
-- Detecting C compiler ABI info
-- Detecting C compiler ABI info - done
-- Check for working C compiler: /usr/bin/cc - skipped
-- Detecting C compile features
-- Detecting C compile features - done
-- Detecting CXX compiler ABI info
-- Detecting CXX compiler ABI info - done
-- Check for working CXX compiler: /usr/bin/c++ - skipped
-- Detecting CXX compile features
-- Detecting CXX compile features - done
-- Found rclcpp: 28.1.6 (/opt/ros/jazzy/share/rclcpp/cmake)
-- Found Python3: /usr/bin/python3 (found version "3.12.3") found components: Interpreter 
-- Found rosidl_generator_c: 4.6.5 (/opt/ros/jazzy/share/rosidl_generator_c/cmake)
-- Found rosidl_generator_cpp: 4.6.5 (/opt/ros/jazzy/share/rosidl_generator_cpp/cmake)
-- Using all available rosidl_typesupport_c: rosidl_typesupport_fastrtps_c;rosidl_typesupport_introspection_c
-- Using all available rosidl_typesupport_cpp: rosidl_typesupport_fastrtps_cpp;rosidl_typesupport_introspection_cpp
-- Found rmw_implementation_cmake: 7.3.1 (/opt/ros/jazzy/share/rmw_implementation_cmake/cmake)
-- Found rmw_fastrtps_cpp: 8.4.1 (/opt/ros/jazzy/share/rmw_fastrtps_cpp/cmake)
-- Found OpenSSL: /usr/lib/x86_64-linux-gnu/libcrypto.so (found version "3.0.13")  
-- Found FastRTPS: /opt/ros/jazzy/include (Required is at least version "2.13") 
-- Using RMW implementation 'rmw_fastrtps_cpp' as default
-- Found rclcpp_components: 28.1.6 (/opt/ros/jazzy/share/rclcpp_components/cmake)
-- Found rmf_building_map_msgs: 1.5.0 (/rmf_demos_ws/install/rmf_building_map_msgs/share/rmf_building_map_msgs/cmake)
-- Found rmf_fleet_msgs: 3.4.1 (/rmf_demos_ws/install/rmf_fleet_msgs/share/rmf_fleet_msgs/cmake)
-- Found rmf_visualization_msgs: 1.5.0 (/rmf_demos_ws/install/rmf_visualization_msgs/share/rmf_visualization_msgs/cmake)
-- Found visualization_msgs: 5.3.5 (/opt/ros/jazzy/share/visualization_msgs/cmake)
-- Found eigen3_cmake_module: 0.3.0 (/opt/ros/jazzy/share/eigen3_cmake_module/cmake)
-- Found Eigen3: TRUE (found version "3.4.0") 
-- Performing Test CMAKE_HAVE_LIBC_PTHREAD
-- Performing Test CMAKE_HAVE_LIBC_PTHREAD - Success
-- Found Threads: TRUE  
-- Found rmf_traffic_ros2: 2.9.0 (/rmf_demos_ws/install/rmf_traffic_ros2/share/rmf_traffic_ros2/cmake)
-- Found PkgConfig: /usr/bin/pkg-config (found version "1.8.1") 
-- Checking for module 'proj'
--   Found proj, version 9.4.0
-- Found ament_cmake_uncrustify: 0.17.1 (/opt/ros/jazzy/share/ament_cmake_uncrustify/cmake)
-- Configuring done (3.8s)
-- Generating done (0.2s)
-- Build files have been written to: /home/usuario/rmf_ws/build/rmf_visualization_navgraphs
[ 25%] [32mBuilding CXX object CMakeFiles/navgraph_visualizer_node.dir/rclcpp_components/node_main_navgraph_visualizer_node.cpp.o[0m
[ 50%] [32mBuilding CXX object CMakeFiles/navgraph_visualizer.dir/src/NavGraphVisualizer.cpp.o[0m
[ 75%] [32m[1mLinking CXX executable navgraph_visualizer_node[0m
[ 75%] Built target navgraph_visualizer_node
[100%] [32m[1mLinking CXX shared library libnavgraph_visualizer.so[0m
[100%] Built target navgraph_visualizer
-- Install configuration: ""
-- Installing: /home/usuario/rmf_ws/install/rmf_visualization_navgraphs/lib/rmf_visualization_navgraphs/navgraph_visualizer_node
-- Set non-toolchain portion of runtime path of "/home/usuario/rmf_ws/install/rmf_visualization_navgraphs/lib/rmf_visualization_navgraphs/navgraph_visualizer_node" to ""
-- Installing: /home/usuario/rmf_ws/install/rmf_visualization_navgraphs/lib/libnavgraph_visualizer.so
-- Set non-toolchain portion of runtime path of "/home/usuario/rmf_ws/install/rmf_visualization_navgraphs/lib/libnavgraph_visualizer.so" to ""
-- Installing: /home/usuario/rmf_ws/install/rmf_visualization_navgraphs/share/ament_index/resource_index/package_run_dependencies/rmf_visualization_navgraphs
-- Installing: /home/usuario/rmf_ws/install/rmf_visualization_navgraphs/share/ament_index/resource_index/parent_prefix_path/rmf_visualization_navgraphs
-- Installing: /home/usuario/rmf_ws/install/rmf_visualization_navgraphs/share/rmf_visualization_navgraphs/environment/ament_prefix_path.sh
-- Installing: /home/usuario/rmf_ws/install/rmf_visualization_navgraphs/share/rmf_visualization_navgraphs/environment/ament_prefix_path.dsv
-- Installing: /home/usuario/rmf_ws/install/rmf_visualization_navgraphs/share/rmf_visualization_navgraphs/environment/path.sh
-- Installing: /home/usuario/rmf_ws/install/rmf_visualization_navgraphs/share/rmf_visualization_navgraphs/environment/path.dsv
-- Installing: /home/usuario/rmf_ws/install/rmf_visualization_navgraphs/share/rmf_visualization_navgraphs/local_setup.bash
-- Installing: /home/usuario/rmf_ws/install/rmf_visualization_navgraphs/share/rmf_visualization_navgraphs/local_setup.sh
-- Installing: /home/usuario/rmf_ws/install/rmf_visualization_navgraphs/share/rmf_visualization_navgraphs/local_setup.zsh
-- Installing: /home/usuario/rmf_ws/install/rmf_visualization_navgraphs/share/rmf_visualization_navgraphs/local_setup.dsv
-- Installing: /home/usuario/rmf_ws/install/rmf_visualization_navgraphs/share/rmf_visualization_navgraphs/package.dsv
-- Installing: /home/usuario/rmf_ws/install/rmf_visualization_navgraphs/share/ament_index/resource_index/packages/rmf_visualization_navgraphs
-- Installing: /home/usuario/rmf_ws/install/rmf_visualization_navgraphs/share/ament_index/resource_index/rclcpp_components/rmf_visualization_navgraphs
-- Installing: /home/usuario/rmf_ws/install/rmf_visualization_navgraphs/share/rmf_visualization_navgraphs/cmake/rmf_visualization_navgraphsConfig.cmake
-- Installing: /home/usuario/rmf_ws/install/rmf_visualization_navgraphs/share/rmf_visualization_navgraphs/cmake/rmf_visualization_navgraphsConfig-version.cmake
-- Installing: /home/usuario/rmf_ws/install/rmf_visualization_navgraphs/share/rmf_visualization_navgraphs/package.xml
