[ 25%] [32mBuilding CXX object CMakeFiles/fleetstates_visualizer.dir/src/FleetStatesVisualizer.cpp.o[0m
[ 50%] [32mBuilding CXX object CMakeFiles/fleetstates_visualizer_node.dir/rclcpp_components/node_main_fleetstates_visualizer_node.cpp.o[0m
[ 75%] [32m[1mLinking CXX executable fleetstates_visualizer_node[0m
[ 75%] Built target fleetstates_visualizer_node
[100%] [32m[1mLinking CXX shared library libfleetstates_visualizer.so[0m
[100%] Built target fleetstates_visualizer
-- Install configuration: ""
-- Installing: /home/usuario/rmf_ws/install/rmf_visualization_fleet_states/lib/rmf_visualization_fleet_states/fleetstates_visualizer_node
-- Set non-toolchain portion of runtime path of "/home/usuario/rmf_ws/install/rmf_visualization_fleet_states/lib/rmf_visualization_fleet_states/fleetstates_visualizer_node" to ""
-- Installing: /home/usuario/rmf_ws/install/rmf_visualization_fleet_states/lib/libfleetstates_visualizer.so
-- Set non-toolchain portion of runtime path of "/home/usuario/rmf_ws/install/rmf_visualization_fleet_states/lib/libfleetstates_visualizer.so" to ""
-- Installing: /home/usuario/rmf_ws/install/rmf_visualization_fleet_states/share/ament_index/resource_index/package_run_dependencies/rmf_visualization_fleet_states
-- Installing: /home/usuario/rmf_ws/install/rmf_visualization_fleet_states/share/ament_index/resource_index/parent_prefix_path/rmf_visualization_fleet_states
-- Installing: /home/usuario/rmf_ws/install/rmf_visualization_fleet_states/share/rmf_visualization_fleet_states/environment/ament_prefix_path.sh
-- Installing: /home/usuario/rmf_ws/install/rmf_visualization_fleet_states/share/rmf_visualization_fleet_states/environment/ament_prefix_path.dsv
-- Installing: /home/usuario/rmf_ws/install/rmf_visualization_fleet_states/share/rmf_visualization_fleet_states/environment/path.sh
-- Installing: /home/usuario/rmf_ws/install/rmf_visualization_fleet_states/share/rmf_visualization_fleet_states/environment/path.dsv
-- Installing: /home/usuario/rmf_ws/install/rmf_visualization_fleet_states/share/rmf_visualization_fleet_states/local_setup.bash
-- Installing: /home/usuario/rmf_ws/install/rmf_visualization_fleet_states/share/rmf_visualization_fleet_states/local_setup.sh
-- Installing: /home/usuario/rmf_ws/install/rmf_visualization_fleet_states/share/rmf_visualization_fleet_states/local_setup.zsh
-- Installing: /home/usuario/rmf_ws/install/rmf_visualization_fleet_states/share/rmf_visualization_fleet_states/local_setup.dsv
-- Installing: /home/usuario/rmf_ws/install/rmf_visualization_fleet_states/share/rmf_visualization_fleet_states/package.dsv
-- Installing: /home/usuario/rmf_ws/install/rmf_visualization_fleet_states/share/ament_index/resource_index/packages/rmf_visualization_fleet_states
-- Installing: /home/usuario/rmf_ws/install/rmf_visualization_fleet_states/share/ament_index/resource_index/rclcpp_components/rmf_visualization_fleet_states
-- Installing: /home/usuario/rmf_ws/install/rmf_visualization_fleet_states/share/rmf_visualization_fleet_states/cmake/rmf_visualization_fleet_statesConfig.cmake
-- Installing: /home/usuario/rmf_ws/install/rmf_visualization_fleet_states/share/rmf_visualization_fleet_states/cmake/rmf_visualization_fleet_statesConfig-version.cmake
-- Installing: /home/usuario/rmf_ws/install/rmf_visualization_fleet_states/share/rmf_visualization_fleet_states/package.xml
