[0.398s] Invoking command in '/home/usuario/Documentos/GitHub/IR2134/TASK3y4_NAT/rmf_ws/build/rmf_demos_maps': CMAKE_PREFIX_PATH=/opt/ros/humble /usr/bin/cmake /home/usuario/Documentos/GitHub/IR2134/TASK3y4_NAT/rmf_ws/src/rmf_demos_maps -DCMAKE_INSTALL_PREFIX=/home/usuario/Documentos/GitHub/IR2134/TASK3y4_NAT/rmf_ws/install/rmf_demos_maps
[0.722s] -- Found ament_cmake: 1.3.11 (/opt/ros/humble/share/ament_cmake/cmake)
[0.722s] -- Found Python3: /usr/bin/python3 (found version "3.10.12") found components: Interpreter 
[0.761s] [0mBUILDING WORLDFILE WITH COMMAND: ros2 run rmf_building_map_tools building_map_generator gazebo /home/usuario/Documentos/GitHub/IR2134/TASK3y4_NAT/rmf_ws/src/rmf_demos_maps/maps/airport_terminal/airport_terminal.building.yaml /home/usuario/Documentos/GitHub/IR2134/TASK3y4_NAT/rmf_ws/build/rmf_demos_maps/maps/airport_terminal/airport_terminal.world /home/usuario/Documentos/GitHub/IR2134/TASK3y4_NAT/rmf_ws/build/rmf_demos_maps/maps/airport_terminal/models[0m
[0.761s] [0mDOWNLOADING MODELS WITH COMMAND: ros2 run rmf_building_map_tools building_map_model_downloader /home/usuario/Documentos/GitHub/IR2134/TASK3y4_NAT/rmf_ws/src/rmf_demos_maps/maps/airport_terminal/airport_terminal.building.yaml[0m
[0.761s] [0mBUILDING WORLDFILE WITH COMMAND: ros2 run rmf_building_map_tools building_map_generator gazebo /home/usuario/Documentos/GitHub/IR2134/TASK3y4_NAT/rmf_ws/src/rmf_demos_maps/maps/battle_royale/battle_royale.building.yaml /home/usuario/Documentos/GitHub/IR2134/TASK3y4_NAT/rmf_ws/build/rmf_demos_maps/maps/battle_royale/battle_royale.world /home/usuario/Documentos/GitHub/IR2134/TASK3y4_NAT/rmf_ws/build/rmf_demos_maps/maps/battle_royale/models[0m
[0.761s] [0mDOWNLOADING MODELS WITH COMMAND: ros2 run rmf_building_map_tools building_map_model_downloader /home/usuario/Documentos/GitHub/IR2134/TASK3y4_NAT/rmf_ws/src/rmf_demos_maps/maps/battle_royale/battle_royale.building.yaml[0m
[0.761s] [0mBUILDING WORLDFILE WITH COMMAND: ros2 run rmf_building_map_tools building_map_generator gazebo /home/usuario/Documentos/GitHub/IR2134/TASK3y4_NAT/rmf_ws/src/rmf_demos_maps/maps/campus/campus.building.yaml /home/usuario/Documentos/GitHub/IR2134/TASK3y4_NAT/rmf_ws/build/rmf_demos_maps/maps/campus/campus.world /home/usuario/Documentos/GitHub/IR2134/TASK3y4_NAT/rmf_ws/build/rmf_demos_maps/maps/campus/models[0m
[0.761s] [0mDOWNLOADING MODELS WITH COMMAND: ros2 run rmf_building_map_tools building_map_model_downloader /home/usuario/Documentos/GitHub/IR2134/TASK3y4_NAT/rmf_ws/src/rmf_demos_maps/maps/campus/campus.building.yaml[0m
[0.761s] [0mBUILDING WORLDFILE WITH COMMAND: ros2 run rmf_building_map_tools building_map_generator gazebo /home/usuario/Documentos/GitHub/IR2134/TASK3y4_NAT/rmf_ws/src/rmf_demos_maps/maps/clinic/clinic.building.yaml /home/usuario/Documentos/GitHub/IR2134/TASK3y4_NAT/rmf_ws/build/rmf_demos_maps/maps/clinic/clinic.world /home/usuario/Documentos/GitHub/IR2134/TASK3y4_NAT/rmf_ws/build/rmf_demos_maps/maps/clinic/models[0m
[0.761s] [0mDOWNLOADING MODELS WITH COMMAND: ros2 run rmf_building_map_tools building_map_model_downloader /home/usuario/Documentos/GitHub/IR2134/TASK3y4_NAT/rmf_ws/src/rmf_demos_maps/maps/clinic/clinic.building.yaml[0m
[0.762s] [0mBUILDING WORLDFILE WITH COMMAND: ros2 run rmf_building_map_tools building_map_generator gazebo /home/usuario/Documentos/GitHub/IR2134/TASK3y4_NAT/rmf_ws/src/rmf_demos_maps/maps/hotel/hotel.building.yaml /home/usuario/Documentos/GitHub/IR2134/TASK3y4_NAT/rmf_ws/build/rmf_demos_maps/maps/hotel/hotel.world /home/usuario/Documentos/GitHub/IR2134/TASK3y4_NAT/rmf_ws/build/rmf_demos_maps/maps/hotel/models[0m
[0.762s] [0mDOWNLOADING MODELS WITH COMMAND: ros2 run rmf_building_map_tools building_map_model_downloader /home/usuario/Documentos/GitHub/IR2134/TASK3y4_NAT/rmf_ws/src/rmf_demos_maps/maps/hotel/hotel.building.yaml[0m
[0.762s] [0mBUILDING WORLDFILE WITH COMMAND: ros2 run rmf_building_map_tools building_map_generator gazebo /home/usuario/Documentos/GitHub/IR2134/TASK3y4_NAT/rmf_ws/src/rmf_demos_maps/maps/office/office.building.yaml /home/usuario/Documentos/GitHub/IR2134/TASK3y4_NAT/rmf_ws/build/rmf_demos_maps/maps/office/office.world /home/usuario/Documentos/GitHub/IR2134/TASK3y4_NAT/rmf_ws/build/rmf_demos_maps/maps/office/models[0m
[0.762s] [0mDOWNLOADING MODELS WITH COMMAND: ros2 run rmf_building_map_tools building_map_model_downloader /home/usuario/Documentos/GitHub/IR2134/TASK3y4_NAT/rmf_ws/src/rmf_demos_maps/maps/office/office.building.yaml[0m
[0.762s] [0mBUILDING WORLDFILE WITH COMMAND: ros2 run rmf_building_map_tools building_map_generator gazebo /home/usuario/Documentos/GitHub/IR2134/TASK3y4_NAT/rmf_ws/src/rmf_demos_maps/maps/roomB/roomB.building.yaml /home/usuario/Documentos/GitHub/IR2134/TASK3y4_NAT/rmf_ws/build/rmf_demos_maps/maps/roomB/roomB.world /home/usuario/Documentos/GitHub/IR2134/TASK3y4_NAT/rmf_ws/build/rmf_demos_maps/maps/roomB/models[0m
[0.762s] [0mDOWNLOADING MODELS WITH COMMAND: ros2 run rmf_building_map_tools building_map_model_downloader /home/usuario/Documentos/GitHub/IR2134/TASK3y4_NAT/rmf_ws/src/rmf_demos_maps/maps/roomB/roomB.building.yaml[0m
[0.762s] [0mBUILDING WORLDFILE WITH COMMAND: ros2 run rmf_building_map_tools building_map_generator gazebo /home/usuario/Documentos/GitHub/IR2134/TASK3y4_NAT/rmf_ws/src/rmf_demos_maps/maps/test1/test1.building.yaml /home/usuario/Documentos/GitHub/IR2134/TASK3y4_NAT/rmf_ws/build/rmf_demos_maps/maps/test1/test1.world /home/usuario/Documentos/GitHub/IR2134/TASK3y4_NAT/rmf_ws/build/rmf_demos_maps/maps/test1/models[0m
[0.762s] [0mDOWNLOADING MODELS WITH COMMAND: ros2 run rmf_building_map_tools building_map_model_downloader /home/usuario/Documentos/GitHub/IR2134/TASK3y4_NAT/rmf_ws/src/rmf_demos_maps/maps/test1/test1.building.yaml[0m
[0.762s] [0mBUILDING WORLDFILE WITH COMMAND: ros2 run rmf_building_map_tools building_map_generator gazebo /home/usuario/Documentos/GitHub/IR2134/TASK3y4_NAT/rmf_ws/src/rmf_demos_maps/maps/triple_H/triple_H.building.yaml /home/usuario/Documentos/GitHub/IR2134/TASK3y4_NAT/rmf_ws/build/rmf_demos_maps/maps/triple_H/triple_H.world /home/usuario/Documentos/GitHub/IR2134/TASK3y4_NAT/rmf_ws/build/rmf_demos_maps/maps/triple_H/models[0m
[0.762s] [0mDOWNLOADING MODELS WITH COMMAND: ros2 run rmf_building_map_tools building_map_model_downloader /home/usuario/Documentos/GitHub/IR2134/TASK3y4_NAT/rmf_ws/src/rmf_demos_maps/maps/triple_H/triple_H.building.yaml[0m
[0.762s] -- Configuring done
[0.792s] -- Generating done
[0.938s] -- Build files have been written to: /home/usuario/Documentos/GitHub/IR2134/TASK3y4_NAT/rmf_ws/build/rmf_demos_maps
[1.056s] Invoked command in '/home/usuario/Documentos/GitHub/IR2134/TASK3y4_NAT/rmf_ws/build/rmf_demos_maps' returned '0': CMAKE_PREFIX_PATH=/opt/ros/humble /usr/bin/cmake /home/usuario/Documentos/GitHub/IR2134/TASK3y4_NAT/rmf_ws/src/rmf_demos_maps -DCMAKE_INSTALL_PREFIX=/home/usuario/Documentos/GitHub/IR2134/TASK3y4_NAT/rmf_ws/install/rmf_demos_maps
[1.067s] Invoking command in '/home/usuario/Documentos/GitHub/IR2134/TASK3y4_NAT/rmf_ws/build/rmf_demos_maps': CMAKE_PREFIX_PATH=/opt/ros/humble /usr/bin/cmake --build /home/usuario/Documentos/GitHub/IR2134/TASK3y4_NAT/rmf_ws/build/rmf_demos_maps -- -j6 -l6
[1.327s] [  3%] [34m[1mGenerating maps/airport_terminal/nav_graphs/phony[0m
[1.335s] [  7%] [34m[1mGenerating maps/battle_royale/nav_graphs/phony[0m
[1.345s] [ 11%] [34m[1mGenerating maps/battle_royale/battle_royale.world[0m
[1.380s] [ 18%] [34m[1mGenerating maps/airport_terminal/airport_terminal.world[0m
[1.381s] [ 18%] [34m[1mGenerating maps/campus/nav_graphs/phony[0m
[1.397s] [ 22%] [34m[1mGenerating maps/campus/campus.world[0m
[2.064s] Package 'rmf_building_map_tools' not found
[2.079s] gmake[2]: *** [CMakeFiles/generate_campus_nav_graphs.dir/build.make:73: maps/campus/nav_graphs/phony] Error 1
[2.079s] gmake[1]: *** [CMakeFiles/Makefile2:301: CMakeFiles/generate_campus_nav_graphs.dir/all] Error 2
[2.079s] gmake[1]: *** Se espera a que terminen otras tareas....
[2.132s] Package 'rmf_building_map_tools' not found
[2.144s] gmake[2]: *** [CMakeFiles/generate_battle_royale_nav_graphs.dir/build.make:73: maps/battle_royale/nav_graphs/phony] Error 1
[2.144s] gmake[1]: *** [CMakeFiles/Makefile2:249: CMakeFiles/generate_battle_royale_nav_graphs.dir/all] Error 2
[2.177s] Package 'rmf_building_map_tools' not found
[2.189s] gmake[2]: *** [CMakeFiles/generate_airport_terminal_nav_graphs.dir/build.make:73: maps/airport_terminal/nav_graphs/phony] Error 1
[2.189s] gmake[1]: *** [CMakeFiles/Makefile2:197: CMakeFiles/generate_airport_terminal_nav_graphs.dir/all] Error 2
[2.203s] Package 'rmf_building_map_tools' not found
[2.215s] gmake[2]: *** [CMakeFiles/generate_airport_terminal_crowdsim.dir/build.make:77: maps/airport_terminal/airport_terminal.world] Error 1
[2.215s] gmake[1]: *** [CMakeFiles/Makefile2:171: CMakeFiles/generate_airport_terminal_crowdsim.dir/all] Error 2
[2.225s] Package 'rmf_building_map_tools' not found
[2.237s] gmake[2]: *** [CMakeFiles/generate_campus_crowdsim.dir/build.make:77: maps/campus/campus.world] Error 1
[2.237s] gmake[1]: *** [CMakeFiles/Makefile2:275: CMakeFiles/generate_campus_crowdsim.dir/all] Error 2
[2.303s] Package 'rmf_building_map_tools' not found
[2.315s] gmake[2]: *** [CMakeFiles/generate_battle_royale_crowdsim.dir/build.make:77: maps/battle_royale/battle_royale.world] Error 1
[2.315s] gmake[1]: *** [CMakeFiles/Makefile2:223: CMakeFiles/generate_battle_royale_crowdsim.dir/all] Error 2
[2.315s] gmake: *** [Makefile:146: all] Error 2
[2.318s] Invoked command in '/home/usuario/Documentos/GitHub/IR2134/TASK3y4_NAT/rmf_ws/build/rmf_demos_maps' returned '2': CMAKE_PREFIX_PATH=/opt/ros/humble /usr/bin/cmake --build /home/usuario/Documentos/GitHub/IR2134/TASK3y4_NAT/rmf_ws/build/rmf_demos_maps -- -j6 -l6
