[1.578s] Invoking command in '/home/usuario/Documentos/GitHub/IR2134/TASK3y4_NAT/src/rmf_demos_bridges': PYTHONPATH=/home/usuario/Documentos/GitHub/IR2134/TASK3y4_NAT/src/build/rmf_demos_bridges/prefix_override:/usr/lib/python3/dist-packages/colcon_core/task/python/colcon_distutils_commands:/home/usuario/Documentos/GitHub/IR2134/TASK3y4_NAT/src/install/rmf_demos_bridges/lib/python3.12/site-packages:${PYTHONPATH} /usr/bin/python3 -W ignore:setup.py install is deprecated -W ignore:easy_install command is deprecated setup.py egg_info --egg-base ../build/rmf_demos_bridges build --build-base /home/usuario/Documentos/GitHub/IR2134/TASK3y4_NAT/src/build/rmf_demos_bridges/build install --record /home/usuario/Documentos/GitHub/IR2134/TASK3y4_NAT/src/build/rmf_demos_bridges/install.log --single-version-externally-managed install_data
[1.970s] running egg_info
[1.970s] creating ../build/rmf_demos_bridges/rmf_demos_bridges.egg-info
[1.992s] writing ../build/rmf_demos_bridges/rmf_demos_bridges.egg-info/PKG-INFO
[1.992s] writing dependency_links to ../build/rmf_demos_bridges/rmf_demos_bridges.egg-info/dependency_links.txt
[1.993s] writing entry points to ../build/rmf_demos_bridges/rmf_demos_bridges.egg-info/entry_points.txt
[1.993s] writing requirements to ../build/rmf_demos_bridges/rmf_demos_bridges.egg-info/requires.txt
[1.994s] writing top-level names to ../build/rmf_demos_bridges/rmf_demos_bridges.egg-info/top_level.txt
[1.994s] writing manifest file '../build/rmf_demos_bridges/rmf_demos_bridges.egg-info/SOURCES.txt'
[2.046s] reading manifest file '../build/rmf_demos_bridges/rmf_demos_bridges.egg-info/SOURCES.txt'
[2.047s] writing manifest file '../build/rmf_demos_bridges/rmf_demos_bridges.egg-info/SOURCES.txt'
[2.047s] running build
[2.047s] running build_py
[2.047s] creating /home/usuario/Documentos/GitHub/IR2134/TASK3y4_NAT/src/build/rmf_demos_bridges/build
[2.048s] creating /home/usuario/Documentos/GitHub/IR2134/TASK3y4_NAT/src/build/rmf_demos_bridges/build/lib
[2.048s] creating /home/usuario/Documentos/GitHub/IR2134/TASK3y4_NAT/src/build/rmf_demos_bridges/build/lib/rmf_demos_bridges
[2.048s] copying rmf_demos_bridges/fleet_socketio_bridge.py -> /home/usuario/Documentos/GitHub/IR2134/TASK3y4_NAT/src/build/rmf_demos_bridges/build/lib/rmf_demos_bridges
[2.048s] copying rmf_demos_bridges/__init__.py -> /home/usuario/Documentos/GitHub/IR2134/TASK3y4_NAT/src/build/rmf_demos_bridges/build/lib/rmf_demos_bridges
[2.048s] copying rmf_demos_bridges/fleet_robotmanager_mqtt_bridge.py -> /home/usuario/Documentos/GitHub/IR2134/TASK3y4_NAT/src/build/rmf_demos_bridges/build/lib/rmf_demos_bridges
[2.049s] running install
[2.056s] running install_lib
[2.077s] creating /home/usuario/Documentos/GitHub/IR2134/TASK3y4_NAT/src/install/rmf_demos_bridges/lib/python3.12/site-packages/rmf_demos_bridges
[2.078s] copying /home/usuario/Documentos/GitHub/IR2134/TASK3y4_NAT/src/build/rmf_demos_bridges/build/lib/rmf_demos_bridges/fleet_socketio_bridge.py -> /home/usuario/Documentos/GitHub/IR2134/TASK3y4_NAT/src/install/rmf_demos_bridges/lib/python3.12/site-packages/rmf_demos_bridges
[2.078s] copying /home/usuario/Documentos/GitHub/IR2134/TASK3y4_NAT/src/build/rmf_demos_bridges/build/lib/rmf_demos_bridges/__init__.py -> /home/usuario/Documentos/GitHub/IR2134/TASK3y4_NAT/src/install/rmf_demos_bridges/lib/python3.12/site-packages/rmf_demos_bridges
[2.078s] copying /home/usuario/Documentos/GitHub/IR2134/TASK3y4_NAT/src/build/rmf_demos_bridges/build/lib/rmf_demos_bridges/fleet_robotmanager_mqtt_bridge.py -> /home/usuario/Documentos/GitHub/IR2134/TASK3y4_NAT/src/install/rmf_demos_bridges/lib/python3.12/site-packages/rmf_demos_bridges
[2.079s] byte-compiling /home/usuario/Documentos/GitHub/IR2134/TASK3y4_NAT/src/install/rmf_demos_bridges/lib/python3.12/site-packages/rmf_demos_bridges/fleet_socketio_bridge.py to fleet_socketio_bridge.cpython-312.pyc
[2.081s] byte-compiling /home/usuario/Documentos/GitHub/IR2134/TASK3y4_NAT/src/install/rmf_demos_bridges/lib/python3.12/site-packages/rmf_demos_bridges/__init__.py to __init__.cpython-312.pyc
[2.082s] byte-compiling /home/usuario/Documentos/GitHub/IR2134/TASK3y4_NAT/src/install/rmf_demos_bridges/lib/python3.12/site-packages/rmf_demos_bridges/fleet_robotmanager_mqtt_bridge.py to fleet_robotmanager_mqtt_bridge.cpython-312.pyc
[2.084s] running install_data
[2.084s] creating /home/usuario/Documentos/GitHub/IR2134/TASK3y4_NAT/src/install/rmf_demos_bridges/share/ament_index
[2.084s] creating /home/usuario/Documentos/GitHub/IR2134/TASK3y4_NAT/src/install/rmf_demos_bridges/share/ament_index/resource_index
[2.084s] creating /home/usuario/Documentos/GitHub/IR2134/TASK3y4_NAT/src/install/rmf_demos_bridges/share/ament_index/resource_index/packages
[2.084s] copying resource/rmf_demos_bridges -> /home/usuario/Documentos/GitHub/IR2134/TASK3y4_NAT/src/install/rmf_demos_bridges/share/ament_index/resource_index/packages
[2.085s] copying package.xml -> /home/usuario/Documentos/GitHub/IR2134/TASK3y4_NAT/src/install/rmf_demos_bridges/share/rmf_demos_bridges
[2.086s] running install_egg_info
[2.109s] Copying ../build/rmf_demos_bridges/rmf_demos_bridges.egg-info to /home/usuario/Documentos/GitHub/IR2134/TASK3y4_NAT/src/install/rmf_demos_bridges/lib/python3.12/site-packages/rmf_demos_bridges-2.5.0-py3.12.egg-info
[2.112s] running install_scripts
[2.305s] Installing fleet_robotmanager_mqtt_bridge script to /home/usuario/Documentos/GitHub/IR2134/TASK3y4_NAT/src/install/rmf_demos_bridges/lib/rmf_demos_bridges
[2.305s] Installing fleet_socketio_bridge script to /home/usuario/Documentos/GitHub/IR2134/TASK3y4_NAT/src/install/rmf_demos_bridges/lib/rmf_demos_bridges
[2.305s] writing list of installed files to '/home/usuario/Documentos/GitHub/IR2134/TASK3y4_NAT/src/build/rmf_demos_bridges/install.log'
[2.348s] Invoked command in '/home/usuario/Documentos/GitHub/IR2134/TASK3y4_NAT/src/rmf_demos_bridges' returned '0': PYTHONPATH=/home/usuario/Documentos/GitHub/IR2134/TASK3y4_NAT/src/build/rmf_demos_bridges/prefix_override:/usr/lib/python3/dist-packages/colcon_core/task/python/colcon_distutils_commands:/home/usuario/Documentos/GitHub/IR2134/TASK3y4_NAT/src/install/rmf_demos_bridges/lib/python3.12/site-packages:${PYTHONPATH} /usr/bin/python3 -W ignore:setup.py install is deprecated -W ignore:easy_install command is deprecated setup.py egg_info --egg-base ../build/rmf_demos_bridges build --build-base /home/usuario/Documentos/GitHub/IR2134/TASK3y4_NAT/src/build/rmf_demos_bridges/build install --record /home/usuario/Documentos/GitHub/IR2134/TASK3y4_NAT/src/build/rmf_demos_bridges/install.log --single-version-externally-managed install_data
