[0.394s] Invoking command in '/home/usuario/Documentos/GitHub/IR2134/TASK3y4_NAT/rmf_ws/build/rmf_demos_maps': /usr/bin/cmake /home/usuario/Documentos/GitHub/IR2134/TASK3y4_NAT/rmf_ws/src/rmf_demos_maps -DCMAKE_INSTALL_PREFIX=/home/usuario/Documentos/GitHub/IR2134/TASK3y4_NAT/rmf_ws/install/rmf_demos_maps
[0.809s] -- The C compiler identification is GNU 10.5.0
[0.809s] -- The CXX compiler identification is GNU 10.5.0
[0.809s] -- Detecting C compiler ABI info
[1.132s] -- Detecting C compiler ABI info - done
[1.165s] -- Check for working C compiler: /usr/bin/cc - skipped
[1.166s] -- Detecting C compile features
[1.167s] -- Detecting C compile features - done
[1.193s] -- Detecting CXX compiler ABI info
[1.593s] -- Detecting CXX compiler ABI info - done
[1.652s] -- Check for working CXX compiler: /usr/bin/c++ - skipped
[1.652s] -- Detecting CXX compile features
[1.653s] -- Detecting CXX compile features - done
[1.702s] [31mCMake Error at CMakeLists.txt:5 (find_package):
[1.702s]   By not providing "Findament_cmake.cmake" in CMAKE_MODULE_PATH this project
[1.702s]   has asked CMake to find a package configuration file provided by
[1.702s]   "ament_cmake", but CMake did not find one.
[1.702s] 
[1.702s]   Could not find a package configuration file provided by "ament_cmake" with
[1.702s]   any of the following names:
[1.702s] 
[1.702s]     ament_cmakeConfig.cmake
[1.702s]     ament_cmake-config.cmake
[1.703s] 
[1.703s]   Add the installation prefix of "ament_cmake" to CMAKE_PREFIX_PATH or set
[1.703s]   "ament_cmake_DIR" to a directory containing one of the above files.  If
[1.703s]   "ament_cmake" provides a separate development package or SDK, be sure it
[1.703s]   has been installed.
[1.703s] 
[1.703s] [0m
[1.704s] -- Configuring incomplete, errors occurred!
[1.704s] See also "/home/usuario/Documentos/GitHub/IR2134/TASK3y4_NAT/rmf_ws/build/rmf_demos_maps/CMakeFiles/CMakeOutput.log".
[1.718s] Invoked command in '/home/usuario/Documentos/GitHub/IR2134/TASK3y4_NAT/rmf_ws/build/rmf_demos_maps' returned '1': /usr/bin/cmake /home/usuario/Documentos/GitHub/IR2134/TASK3y4_NAT/rmf_ws/src/rmf_demos_maps -DCMAKE_INSTALL_PREFIX=/home/usuario/Documentos/GitHub/IR2134/TASK3y4_NAT/rmf_ws/install/rmf_demos_maps
