[ 25%] [32mBuilding CXX object CMakeFiles/floorplan_visualizer.dir/src/FloorplanVisualizer.cpp.o[0m
[ 50%] [32mBuilding CXX object CMakeFiles/floorplan_visualizer_node.dir/rclcpp_components/node_main_floorplan_visualizer_node.cpp.o[0m
[ 75%] [32m[1mLinking CXX executable floorplan_visualizer_node[0m
[ 75%] Built target floorplan_visualizer_node
[100%] [32m[1mLinking CXX shared library libfloorplan_visualizer.so[0m
[100%] Built target floorplan_visualizer
-- Install configuration: ""
-- Installing: /home/usuario/rmf_ws/install/rmf_visualization_floorplans/lib/rmf_visualization_floorplans/floorplan_visualizer_node
-- Set non-toolchain portion of runtime path of "/home/usuario/rmf_ws/install/rmf_visualization_floorplans/lib/rmf_visualization_floorplans/floorplan_visualizer_node" to ""
-- Installing: /home/usuario/rmf_ws/install/rmf_visualization_floorplans/lib/libfloorplan_visualizer.so
-- Set non-toolchain portion of runtime path of "/home/usuario/rmf_ws/install/rmf_visualization_floorplans/lib/libfloorplan_visualizer.so" to ""
-- Installing: /home/usuario/rmf_ws/install/rmf_visualization_floorplans/share/ament_index/resource_index/package_run_dependencies/rmf_visualization_floorplans
-- Installing: /home/usuario/rmf_ws/install/rmf_visualization_floorplans/share/ament_index/resource_index/parent_prefix_path/rmf_visualization_floorplans
-- Installing: /home/usuario/rmf_ws/install/rmf_visualization_floorplans/share/rmf_visualization_floorplans/environment/ament_prefix_path.sh
-- Installing: /home/usuario/rmf_ws/install/rmf_visualization_floorplans/share/rmf_visualization_floorplans/environment/ament_prefix_path.dsv
-- Installing: /home/usuario/rmf_ws/install/rmf_visualization_floorplans/share/rmf_visualization_floorplans/environment/path.sh
-- Installing: /home/usuario/rmf_ws/install/rmf_visualization_floorplans/share/rmf_visualization_floorplans/environment/path.dsv
-- Installing: /home/usuario/rmf_ws/install/rmf_visualization_floorplans/share/rmf_visualization_floorplans/local_setup.bash
-- Installing: /home/usuario/rmf_ws/install/rmf_visualization_floorplans/share/rmf_visualization_floorplans/local_setup.sh
-- Installing: /home/usuario/rmf_ws/install/rmf_visualization_floorplans/share/rmf_visualization_floorplans/local_setup.zsh
-- Installing: /home/usuario/rmf_ws/install/rmf_visualization_floorplans/share/rmf_visualization_floorplans/local_setup.dsv
-- Installing: /home/usuario/rmf_ws/install/rmf_visualization_floorplans/share/rmf_visualization_floorplans/package.dsv
-- Installing: /home/usuario/rmf_ws/install/rmf_visualization_floorplans/share/ament_index/resource_index/packages/rmf_visualization_floorplans
-- Installing: /home/usuario/rmf_ws/install/rmf_visualization_floorplans/share/ament_index/resource_index/rclcpp_components/rmf_visualization_floorplans
-- Installing: /home/usuario/rmf_ws/install/rmf_visualization_floorplans/share/rmf_visualization_floorplans/cmake/rmf_visualization_floorplansConfig.cmake
-- Installing: /home/usuario/rmf_ws/install/rmf_visualization_floorplans/share/rmf_visualization_floorplans/cmake/rmf_visualization_floorplansConfig-version.cmake
-- Installing: /home/usuario/rmf_ws/install/rmf_visualization_floorplans/share/rmf_visualization_floorplans/package.xml
