[1.135s] Invoking command in '/home/usuario/rmf_ws/src/rmf_demos_tasks': PYTHONPATH=/home/usuario/rmf_ws/build/rmf_demos_tasks/prefix_override:/usr/lib/python3/dist-packages/colcon_core/task/python/colcon_distutils_commands:/home/usuario/rmf_ws/install/rmf_demos_tasks/lib/python3.12/site-packages:${PYTHONPATH} /usr/bin/python3 -W ignore:setup.py install is deprecated -W ignore:easy_install command is deprecated setup.py egg_info --egg-base ../../build/rmf_demos_tasks build --build-base /home/usuario/rmf_ws/build/rmf_demos_tasks/build install --record /home/usuario/rmf_ws/build/rmf_demos_tasks/install.log --single-version-externally-managed install_data
[1.415s] running egg_info
[1.415s] creating ../../build/rmf_demos_tasks/rmf_demos_tasks.egg-info
[1.434s] writing ../../build/rmf_demos_tasks/rmf_demos_tasks.egg-info/PKG-INFO
[1.434s] writing dependency_links to ../../build/rmf_demos_tasks/rmf_demos_tasks.egg-info/dependency_links.txt
[1.435s] writing entry points to ../../build/rmf_demos_tasks/rmf_demos_tasks.egg-info/entry_points.txt
[1.435s] writing requirements to ../../build/rmf_demos_tasks/rmf_demos_tasks.egg-info/requires.txt
[1.435s] writing top-level names to ../../build/rmf_demos_tasks/rmf_demos_tasks.egg-info/top_level.txt
[1.435s] writing manifest file '../../build/rmf_demos_tasks/rmf_demos_tasks.egg-info/SOURCES.txt'
[1.476s] reading manifest file '../../build/rmf_demos_tasks/rmf_demos_tasks.egg-info/SOURCES.txt'
[1.477s] writing manifest file '../../build/rmf_demos_tasks/rmf_demos_tasks.egg-info/SOURCES.txt'
[1.477s] running build
[1.477s] running build_py
[1.478s] creating /home/usuario/rmf_ws/build/rmf_demos_tasks/build
[1.478s] creating /home/usuario/rmf_ws/build/rmf_demos_tasks/build/lib
[1.478s] creating /home/usuario/rmf_ws/build/rmf_demos_tasks/build/lib/rmf_demos_tasks
[1.479s] copying rmf_demos_tasks/dispatch_action.py -> /home/usuario/rmf_ws/build/rmf_demos_tasks/build/lib/rmf_demos_tasks
[1.483s] copying rmf_demos_tasks/request_lift.py -> /home/usuario/rmf_ws/build/rmf_demos_tasks/build/lib/rmf_demos_tasks
[1.487s] copying rmf_demos_tasks/wait_for_task_complete.py -> /home/usuario/rmf_ws/build/rmf_demos_tasks/build/lib/rmf_demos_tasks
[1.488s] copying rmf_demos_tasks/dispatch_patrol.py -> /home/usuario/rmf_ws/build/rmf_demos_tasks/build/lib/rmf_demos_tasks
[1.488s] copying rmf_demos_tasks/dispatch_go_to_place.py -> /home/usuario/rmf_ws/build/rmf_demos_tasks/build/lib/rmf_demos_tasks
[1.489s] copying rmf_demos_tasks/dispatch_delivery.py -> /home/usuario/rmf_ws/build/rmf_demos_tasks/build/lib/rmf_demos_tasks
[1.489s] copying rmf_demos_tasks/cancel_task.py -> /home/usuario/rmf_ws/build/rmf_demos_tasks/build/lib/rmf_demos_tasks
[1.490s] copying rmf_demos_tasks/api_request.py -> /home/usuario/rmf_ws/build/rmf_demos_tasks/build/lib/rmf_demos_tasks
[1.490s] copying rmf_demos_tasks/dispatch_loop.py -> /home/usuario/rmf_ws/build/rmf_demos_tasks/build/lib/rmf_demos_tasks
[1.491s] copying rmf_demos_tasks/mock_docker.py -> /home/usuario/rmf_ws/build/rmf_demos_tasks/build/lib/rmf_demos_tasks
[1.492s] copying rmf_demos_tasks/teleop_robot.py -> /home/usuario/rmf_ws/build/rmf_demos_tasks/build/lib/rmf_demos_tasks
[1.493s] copying rmf_demos_tasks/dispatch_cart_delivery.py -> /home/usuario/rmf_ws/build/rmf_demos_tasks/build/lib/rmf_demos_tasks
[1.494s] copying rmf_demos_tasks/dispatch_json.py -> /home/usuario/rmf_ws/build/rmf_demos_tasks/build/lib/rmf_demos_tasks
[1.495s] copying rmf_demos_tasks/__init__.py -> /home/usuario/rmf_ws/build/rmf_demos_tasks/build/lib/rmf_demos_tasks
[1.496s] copying rmf_demos_tasks/dispatch_teleop.py -> /home/usuario/rmf_ws/build/rmf_demos_tasks/build/lib/rmf_demos_tasks
[1.497s] copying rmf_demos_tasks/request_loop.py -> /home/usuario/rmf_ws/build/rmf_demos_tasks/build/lib/rmf_demos_tasks
[1.497s] copying rmf_demos_tasks/dispatch_clean.py -> /home/usuario/rmf_ws/build/rmf_demos_tasks/build/lib/rmf_demos_tasks
[1.498s] copying rmf_demos_tasks/get_robot_location.py -> /home/usuario/rmf_ws/build/rmf_demos_tasks/build/lib/rmf_demos_tasks
[1.499s] running install
[1.506s] running install_lib
[1.524s] creating /home/usuario/rmf_ws/install/rmf_demos_tasks/lib/python3.12/site-packages/rmf_demos_tasks
[1.525s] copying /home/usuario/rmf_ws/build/rmf_demos_tasks/build/lib/rmf_demos_tasks/dispatch_action.py -> /home/usuario/rmf_ws/install/rmf_demos_tasks/lib/python3.12/site-packages/rmf_demos_tasks
[1.525s] copying /home/usuario/rmf_ws/build/rmf_demos_tasks/build/lib/rmf_demos_tasks/request_lift.py -> /home/usuario/rmf_ws/install/rmf_demos_tasks/lib/python3.12/site-packages/rmf_demos_tasks
[1.526s] copying /home/usuario/rmf_ws/build/rmf_demos_tasks/build/lib/rmf_demos_tasks/wait_for_task_complete.py -> /home/usuario/rmf_ws/install/rmf_demos_tasks/lib/python3.12/site-packages/rmf_demos_tasks
[1.527s] copying /home/usuario/rmf_ws/build/rmf_demos_tasks/build/lib/rmf_demos_tasks/dispatch_patrol.py -> /home/usuario/rmf_ws/install/rmf_demos_tasks/lib/python3.12/site-packages/rmf_demos_tasks
[1.527s] copying /home/usuario/rmf_ws/build/rmf_demos_tasks/build/lib/rmf_demos_tasks/dispatch_go_to_place.py -> /home/usuario/rmf_ws/install/rmf_demos_tasks/lib/python3.12/site-packages/rmf_demos_tasks
[1.528s] copying /home/usuario/rmf_ws/build/rmf_demos_tasks/build/lib/rmf_demos_tasks/dispatch_delivery.py -> /home/usuario/rmf_ws/install/rmf_demos_tasks/lib/python3.12/site-packages/rmf_demos_tasks
[1.529s] copying /home/usuario/rmf_ws/build/rmf_demos_tasks/build/lib/rmf_demos_tasks/cancel_task.py -> /home/usuario/rmf_ws/install/rmf_demos_tasks/lib/python3.12/site-packages/rmf_demos_tasks
[1.529s] copying /home/usuario/rmf_ws/build/rmf_demos_tasks/build/lib/rmf_demos_tasks/api_request.py -> /home/usuario/rmf_ws/install/rmf_demos_tasks/lib/python3.12/site-packages/rmf_demos_tasks
[1.530s] copying /home/usuario/rmf_ws/build/rmf_demos_tasks/build/lib/rmf_demos_tasks/dispatch_loop.py -> /home/usuario/rmf_ws/install/rmf_demos_tasks/lib/python3.12/site-packages/rmf_demos_tasks
[1.530s] copying /home/usuario/rmf_ws/build/rmf_demos_tasks/build/lib/rmf_demos_tasks/mock_docker.py -> /home/usuario/rmf_ws/install/rmf_demos_tasks/lib/python3.12/site-packages/rmf_demos_tasks
[1.531s] copying /home/usuario/rmf_ws/build/rmf_demos_tasks/build/lib/rmf_demos_tasks/teleop_robot.py -> /home/usuario/rmf_ws/install/rmf_demos_tasks/lib/python3.12/site-packages/rmf_demos_tasks
[1.532s] copying /home/usuario/rmf_ws/build/rmf_demos_tasks/build/lib/rmf_demos_tasks/dispatch_cart_delivery.py -> /home/usuario/rmf_ws/install/rmf_demos_tasks/lib/python3.12/site-packages/rmf_demos_tasks
[1.532s] copying /home/usuario/rmf_ws/build/rmf_demos_tasks/build/lib/rmf_demos_tasks/dispatch_json.py -> /home/usuario/rmf_ws/install/rmf_demos_tasks/lib/python3.12/site-packages/rmf_demos_tasks
[1.533s] copying /home/usuario/rmf_ws/build/rmf_demos_tasks/build/lib/rmf_demos_tasks/__init__.py -> /home/usuario/rmf_ws/install/rmf_demos_tasks/lib/python3.12/site-packages/rmf_demos_tasks
[1.533s] copying /home/usuario/rmf_ws/build/rmf_demos_tasks/build/lib/rmf_demos_tasks/dispatch_teleop.py -> /home/usuario/rmf_ws/install/rmf_demos_tasks/lib/python3.12/site-packages/rmf_demos_tasks
[1.535s] copying /home/usuario/rmf_ws/build/rmf_demos_tasks/build/lib/rmf_demos_tasks/request_loop.py -> /home/usuario/rmf_ws/install/rmf_demos_tasks/lib/python3.12/site-packages/rmf_demos_tasks
[1.536s] copying /home/usuario/rmf_ws/build/rmf_demos_tasks/build/lib/rmf_demos_tasks/dispatch_clean.py -> /home/usuario/rmf_ws/install/rmf_demos_tasks/lib/python3.12/site-packages/rmf_demos_tasks
[1.536s] copying /home/usuario/rmf_ws/build/rmf_demos_tasks/build/lib/rmf_demos_tasks/get_robot_location.py -> /home/usuario/rmf_ws/install/rmf_demos_tasks/lib/python3.12/site-packages/rmf_demos_tasks
[1.538s] byte-compiling /home/usuario/rmf_ws/install/rmf_demos_tasks/lib/python3.12/site-packages/rmf_demos_tasks/dispatch_action.py to dispatch_action.cpython-312.pyc
[1.539s] byte-compiling /home/usuario/rmf_ws/install/rmf_demos_tasks/lib/python3.12/site-packages/rmf_demos_tasks/request_lift.py to request_lift.cpython-312.pyc
[1.540s] byte-compiling /home/usuario/rmf_ws/install/rmf_demos_tasks/lib/python3.12/site-packages/rmf_demos_tasks/wait_for_task_complete.py to wait_for_task_complete.cpython-312.pyc
[1.541s] byte-compiling /home/usuario/rmf_ws/install/rmf_demos_tasks/lib/python3.12/site-packages/rmf_demos_tasks/dispatch_patrol.py to dispatch_patrol.cpython-312.pyc
[1.543s] byte-compiling /home/usuario/rmf_ws/install/rmf_demos_tasks/lib/python3.12/site-packages/rmf_demos_tasks/dispatch_go_to_place.py to dispatch_go_to_place.cpython-312.pyc
[1.544s] byte-compiling /home/usuario/rmf_ws/install/rmf_demos_tasks/lib/python3.12/site-packages/rmf_demos_tasks/dispatch_delivery.py to dispatch_delivery.cpython-312.pyc
[1.547s] byte-compiling /home/usuario/rmf_ws/install/rmf_demos_tasks/lib/python3.12/site-packages/rmf_demos_tasks/cancel_task.py to cancel_task.cpython-312.pyc
[1.548s] byte-compiling /home/usuario/rmf_ws/install/rmf_demos_tasks/lib/python3.12/site-packages/rmf_demos_tasks/api_request.py to api_request.cpython-312.pyc
[1.549s] byte-compiling /home/usuario/rmf_ws/install/rmf_demos_tasks/lib/python3.12/site-packages/rmf_demos_tasks/dispatch_loop.py to dispatch_loop.cpython-312.pyc
[1.550s] byte-compiling /home/usuario/rmf_ws/install/rmf_demos_tasks/lib/python3.12/site-packages/rmf_demos_tasks/mock_docker.py to mock_docker.cpython-312.pyc
[1.551s] byte-compiling /home/usuario/rmf_ws/install/rmf_demos_tasks/lib/python3.12/site-packages/rmf_demos_tasks/teleop_robot.py to teleop_robot.cpython-312.pyc
[1.552s] byte-compiling /home/usuario/rmf_ws/install/rmf_demos_tasks/lib/python3.12/site-packages/rmf_demos_tasks/dispatch_cart_delivery.py to dispatch_cart_delivery.cpython-312.pyc
[1.557s] byte-compiling /home/usuario/rmf_ws/install/rmf_demos_tasks/lib/python3.12/site-packages/rmf_demos_tasks/dispatch_json.py to dispatch_json.cpython-312.pyc
[1.558s] byte-compiling /home/usuario/rmf_ws/install/rmf_demos_tasks/lib/python3.12/site-packages/rmf_demos_tasks/__init__.py to __init__.cpython-312.pyc
[1.559s] byte-compiling /home/usuario/rmf_ws/install/rmf_demos_tasks/lib/python3.12/site-packages/rmf_demos_tasks/dispatch_teleop.py to dispatch_teleop.cpython-312.pyc
[1.560s] byte-compiling /home/usuario/rmf_ws/install/rmf_demos_tasks/lib/python3.12/site-packages/rmf_demos_tasks/request_loop.py to request_loop.cpython-312.pyc
[1.561s] byte-compiling /home/usuario/rmf_ws/install/rmf_demos_tasks/lib/python3.12/site-packages/rmf_demos_tasks/dispatch_clean.py to dispatch_clean.cpython-312.pyc
[1.562s] byte-compiling /home/usuario/rmf_ws/install/rmf_demos_tasks/lib/python3.12/site-packages/rmf_demos_tasks/get_robot_location.py to get_robot_location.cpython-312.pyc
[1.565s] running install_data
[1.565s] creating /home/usuario/rmf_ws/install/rmf_demos_tasks/share/ament_index
[1.565s] creating /home/usuario/rmf_ws/install/rmf_demos_tasks/share/ament_index/resource_index
[1.566s] creating /home/usuario/rmf_ws/install/rmf_demos_tasks/share/ament_index/resource_index/packages
[1.566s] copying resource/rmf_demos_tasks -> /home/usuario/rmf_ws/install/rmf_demos_tasks/share/ament_index/resource_index/packages
[1.566s] copying package.xml -> /home/usuario/rmf_ws/install/rmf_demos_tasks/share/rmf_demos_tasks
[1.567s] running install_egg_info
[1.600s] Copying ../../build/rmf_demos_tasks/rmf_demos_tasks.egg-info to /home/usuario/rmf_ws/install/rmf_demos_tasks/lib/python3.12/site-packages/rmf_demos_tasks-2.5.0-py3.12.egg-info
[1.619s] running install_scripts
[1.919s] Installing api_request script to /home/usuario/rmf_ws/install/rmf_demos_tasks/lib/rmf_demos_tasks
[1.920s] Installing cancel_task script to /home/usuario/rmf_ws/install/rmf_demos_tasks/lib/rmf_demos_tasks
[1.921s] Installing dispatch_action script to /home/usuario/rmf_ws/install/rmf_demos_tasks/lib/rmf_demos_tasks
[1.923s] Installing dispatch_cart_delivery script to /home/usuario/rmf_ws/install/rmf_demos_tasks/lib/rmf_demos_tasks
[1.923s] Installing dispatch_clean script to /home/usuario/rmf_ws/install/rmf_demos_tasks/lib/rmf_demos_tasks
[1.924s] Installing dispatch_delivery script to /home/usuario/rmf_ws/install/rmf_demos_tasks/lib/rmf_demos_tasks
[1.924s] Installing dispatch_go_to_place script to /home/usuario/rmf_ws/install/rmf_demos_tasks/lib/rmf_demos_tasks
[1.924s] Installing dispatch_json script to /home/usuario/rmf_ws/install/rmf_demos_tasks/lib/rmf_demos_tasks
[1.925s] Installing dispatch_loop script to /home/usuario/rmf_ws/install/rmf_demos_tasks/lib/rmf_demos_tasks
[1.925s] Installing dispatch_patrol script to /home/usuario/rmf_ws/install/rmf_demos_tasks/lib/rmf_demos_tasks
[1.925s] Installing dispatch_teleop script to /home/usuario/rmf_ws/install/rmf_demos_tasks/lib/rmf_demos_tasks
[1.926s] Installing get_robot_location script to /home/usuario/rmf_ws/install/rmf_demos_tasks/lib/rmf_demos_tasks
[1.926s] Installing mock_docker script to /home/usuario/rmf_ws/install/rmf_demos_tasks/lib/rmf_demos_tasks
[1.927s] Installing request_lift script to /home/usuario/rmf_ws/install/rmf_demos_tasks/lib/rmf_demos_tasks
[1.927s] Installing request_loop script to /home/usuario/rmf_ws/install/rmf_demos_tasks/lib/rmf_demos_tasks
[1.927s] Installing teleop_robot script to /home/usuario/rmf_ws/install/rmf_demos_tasks/lib/rmf_demos_tasks
[1.928s] Installing wait_for_task_complete script to /home/usuario/rmf_ws/install/rmf_demos_tasks/lib/rmf_demos_tasks
[1.929s] writing list of installed files to '/home/usuario/rmf_ws/build/rmf_demos_tasks/install.log'
[1.966s] Invoked command in '/home/usuario/rmf_ws/src/rmf_demos_tasks' returned '0': PYTHONPATH=/home/usuario/rmf_ws/build/rmf_demos_tasks/prefix_override:/usr/lib/python3/dist-packages/colcon_core/task/python/colcon_distutils_commands:/home/usuario/rmf_ws/install/rmf_demos_tasks/lib/python3.12/site-packages:${PYTHONPATH} /usr/bin/python3 -W ignore:setup.py install is deprecated -W ignore:easy_install command is deprecated setup.py egg_info --egg-base ../../build/rmf_demos_tasks build --build-base /home/usuario/rmf_ws/build/rmf_demos_tasks/build install --record /home/usuario/rmf_ws/build/rmf_demos_tasks/install.log --single-version-externally-managed install_data
