[1.879s] Invoking command in '/home/usuario/rmf_ws/src/rmf_demos_tasks': PYTHONPATH=/home/usuario/rmf_ws/build/rmf_demos_tasks/prefix_override:/usr/lib/python3/dist-packages/colcon_core/task/python/colcon_distutils_commands:/home/usuario/rmf_ws/install/rmf_demos_tasks/lib/python3.12/site-packages:${PYTHONPATH} /usr/bin/python3 -W ignore:setup.py install is deprecated -W ignore:easy_install command is deprecated setup.py egg_info --egg-base ../../build/rmf_demos_tasks build --build-base /home/usuario/rmf_ws/build/rmf_demos_tasks/build install --record /home/usuario/rmf_ws/build/rmf_demos_tasks/install.log --single-version-externally-managed install_data
[2.165s] running egg_info
[2.165s] creating ../../build/rmf_demos_tasks/rmf_demos_tasks.egg-info
[2.182s] writing ../../build/rmf_demos_tasks/rmf_demos_tasks.egg-info/PKG-INFO
[2.189s] writing dependency_links to ../../build/rmf_demos_tasks/rmf_demos_tasks.egg-info/dependency_links.txt
[2.189s] writing entry points to ../../build/rmf_demos_tasks/rmf_demos_tasks.egg-info/entry_points.txt
[2.189s] writing requirements to ../../build/rmf_demos_tasks/rmf_demos_tasks.egg-info/requires.txt
[2.189s] writing top-level names to ../../build/rmf_demos_tasks/rmf_demos_tasks.egg-info/top_level.txt
[2.190s] writing manifest file '../../build/rmf_demos_tasks/rmf_demos_tasks.egg-info/SOURCES.txt'
[2.235s] reading manifest file '../../build/rmf_demos_tasks/rmf_demos_tasks.egg-info/SOURCES.txt'
[2.236s] writing manifest file '../../build/rmf_demos_tasks/rmf_demos_tasks.egg-info/SOURCES.txt'
[2.236s] running build
[2.236s] running build_py
[2.236s] creating /home/usuario/rmf_ws/build/rmf_demos_tasks/build
[2.236s] creating /home/usuario/rmf_ws/build/rmf_demos_tasks/build/lib
[2.237s] creating /home/usuario/rmf_ws/build/rmf_demos_tasks/build/lib/rmf_demos_tasks
[2.237s] copying rmf_demos_tasks/dispatch_action.py -> /home/usuario/rmf_ws/build/rmf_demos_tasks/build/lib/rmf_demos_tasks
[2.237s] copying rmf_demos_tasks/request_lift.py -> /home/usuario/rmf_ws/build/rmf_demos_tasks/build/lib/rmf_demos_tasks
[2.238s] copying rmf_demos_tasks/wait_for_task_complete.py -> /home/usuario/rmf_ws/build/rmf_demos_tasks/build/lib/rmf_demos_tasks
[2.238s] copying rmf_demos_tasks/dispatch_patrol.py -> /home/usuario/rmf_ws/build/rmf_demos_tasks/build/lib/rmf_demos_tasks
[2.239s] copying rmf_demos_tasks/dispatch_go_to_place.py -> /home/usuario/rmf_ws/build/rmf_demos_tasks/build/lib/rmf_demos_tasks
[2.240s] copying rmf_demos_tasks/dispatch_delivery.py -> /home/usuario/rmf_ws/build/rmf_demos_tasks/build/lib/rmf_demos_tasks
[2.245s] copying rmf_demos_tasks/cancel_task.py -> /home/usuario/rmf_ws/build/rmf_demos_tasks/build/lib/rmf_demos_tasks
[2.245s] copying rmf_demos_tasks/api_request.py -> /home/usuario/rmf_ws/build/rmf_demos_tasks/build/lib/rmf_demos_tasks
[2.246s] copying rmf_demos_tasks/dispatch_loop.py -> /home/usuario/rmf_ws/build/rmf_demos_tasks/build/lib/rmf_demos_tasks
[2.247s] copying rmf_demos_tasks/mock_docker.py -> /home/usuario/rmf_ws/build/rmf_demos_tasks/build/lib/rmf_demos_tasks
[2.247s] copying rmf_demos_tasks/teleop_robot.py -> /home/usuario/rmf_ws/build/rmf_demos_tasks/build/lib/rmf_demos_tasks
[2.247s] copying rmf_demos_tasks/dispatch_cart_delivery.py -> /home/usuario/rmf_ws/build/rmf_demos_tasks/build/lib/rmf_demos_tasks
[2.248s] copying rmf_demos_tasks/dispatch_json.py -> /home/usuario/rmf_ws/build/rmf_demos_tasks/build/lib/rmf_demos_tasks
[2.248s] copying rmf_demos_tasks/__init__.py -> /home/usuario/rmf_ws/build/rmf_demos_tasks/build/lib/rmf_demos_tasks
[2.249s] copying rmf_demos_tasks/dispatch_teleop.py -> /home/usuario/rmf_ws/build/rmf_demos_tasks/build/lib/rmf_demos_tasks
[2.249s] copying rmf_demos_tasks/request_loop.py -> /home/usuario/rmf_ws/build/rmf_demos_tasks/build/lib/rmf_demos_tasks
[2.250s] copying rmf_demos_tasks/dispatch_clean.py -> /home/usuario/rmf_ws/build/rmf_demos_tasks/build/lib/rmf_demos_tasks
[2.250s] copying rmf_demos_tasks/get_robot_location.py -> /home/usuario/rmf_ws/build/rmf_demos_tasks/build/lib/rmf_demos_tasks
[2.251s] running install
[2.256s] running install_lib
[2.276s] creating /home/usuario/rmf_ws/install/rmf_demos_tasks/lib/python3.12/site-packages/rmf_demos_tasks
[2.276s] copying /home/usuario/rmf_ws/build/rmf_demos_tasks/build/lib/rmf_demos_tasks/dispatch_action.py -> /home/usuario/rmf_ws/install/rmf_demos_tasks/lib/python3.12/site-packages/rmf_demos_tasks
[2.277s] copying /home/usuario/rmf_ws/build/rmf_demos_tasks/build/lib/rmf_demos_tasks/request_lift.py -> /home/usuario/rmf_ws/install/rmf_demos_tasks/lib/python3.12/site-packages/rmf_demos_tasks
[2.278s] copying /home/usuario/rmf_ws/build/rmf_demos_tasks/build/lib/rmf_demos_tasks/wait_for_task_complete.py -> /home/usuario/rmf_ws/install/rmf_demos_tasks/lib/python3.12/site-packages/rmf_demos_tasks
[2.279s] copying /home/usuario/rmf_ws/build/rmf_demos_tasks/build/lib/rmf_demos_tasks/dispatch_patrol.py -> /home/usuario/rmf_ws/install/rmf_demos_tasks/lib/python3.12/site-packages/rmf_demos_tasks
[2.284s] copying /home/usuario/rmf_ws/build/rmf_demos_tasks/build/lib/rmf_demos_tasks/dispatch_go_to_place.py -> /home/usuario/rmf_ws/install/rmf_demos_tasks/lib/python3.12/site-packages/rmf_demos_tasks
[2.285s] copying /home/usuario/rmf_ws/build/rmf_demos_tasks/build/lib/rmf_demos_tasks/dispatch_delivery.py -> /home/usuario/rmf_ws/install/rmf_demos_tasks/lib/python3.12/site-packages/rmf_demos_tasks
[2.286s] copying /home/usuario/rmf_ws/build/rmf_demos_tasks/build/lib/rmf_demos_tasks/cancel_task.py -> /home/usuario/rmf_ws/install/rmf_demos_tasks/lib/python3.12/site-packages/rmf_demos_tasks
[2.288s] copying /home/usuario/rmf_ws/build/rmf_demos_tasks/build/lib/rmf_demos_tasks/api_request.py -> /home/usuario/rmf_ws/install/rmf_demos_tasks/lib/python3.12/site-packages/rmf_demos_tasks
[2.289s] copying /home/usuario/rmf_ws/build/rmf_demos_tasks/build/lib/rmf_demos_tasks/dispatch_loop.py -> /home/usuario/rmf_ws/install/rmf_demos_tasks/lib/python3.12/site-packages/rmf_demos_tasks
[2.291s] copying /home/usuario/rmf_ws/build/rmf_demos_tasks/build/lib/rmf_demos_tasks/mock_docker.py -> /home/usuario/rmf_ws/install/rmf_demos_tasks/lib/python3.12/site-packages/rmf_demos_tasks
[2.293s] copying /home/usuario/rmf_ws/build/rmf_demos_tasks/build/lib/rmf_demos_tasks/teleop_robot.py -> /home/usuario/rmf_ws/install/rmf_demos_tasks/lib/python3.12/site-packages/rmf_demos_tasks
[2.294s] copying /home/usuario/rmf_ws/build/rmf_demos_tasks/build/lib/rmf_demos_tasks/dispatch_cart_delivery.py -> /home/usuario/rmf_ws/install/rmf_demos_tasks/lib/python3.12/site-packages/rmf_demos_tasks
[2.297s] copying /home/usuario/rmf_ws/build/rmf_demos_tasks/build/lib/rmf_demos_tasks/dispatch_json.py -> /home/usuario/rmf_ws/install/rmf_demos_tasks/lib/python3.12/site-packages/rmf_demos_tasks
[2.298s] copying /home/usuario/rmf_ws/build/rmf_demos_tasks/build/lib/rmf_demos_tasks/__init__.py -> /home/usuario/rmf_ws/install/rmf_demos_tasks/lib/python3.12/site-packages/rmf_demos_tasks
[2.298s] copying /home/usuario/rmf_ws/build/rmf_demos_tasks/build/lib/rmf_demos_tasks/dispatch_teleop.py -> /home/usuario/rmf_ws/install/rmf_demos_tasks/lib/python3.12/site-packages/rmf_demos_tasks
[2.299s] copying /home/usuario/rmf_ws/build/rmf_demos_tasks/build/lib/rmf_demos_tasks/request_loop.py -> /home/usuario/rmf_ws/install/rmf_demos_tasks/lib/python3.12/site-packages/rmf_demos_tasks
[2.299s] copying /home/usuario/rmf_ws/build/rmf_demos_tasks/build/lib/rmf_demos_tasks/dispatch_clean.py -> /home/usuario/rmf_ws/install/rmf_demos_tasks/lib/python3.12/site-packages/rmf_demos_tasks
[2.300s] copying /home/usuario/rmf_ws/build/rmf_demos_tasks/build/lib/rmf_demos_tasks/get_robot_location.py -> /home/usuario/rmf_ws/install/rmf_demos_tasks/lib/python3.12/site-packages/rmf_demos_tasks
[2.301s] byte-compiling /home/usuario/rmf_ws/install/rmf_demos_tasks/lib/python3.12/site-packages/rmf_demos_tasks/dispatch_action.py to dispatch_action.cpython-312.pyc
[2.303s] byte-compiling /home/usuario/rmf_ws/install/rmf_demos_tasks/lib/python3.12/site-packages/rmf_demos_tasks/request_lift.py to request_lift.cpython-312.pyc
[2.304s] byte-compiling /home/usuario/rmf_ws/install/rmf_demos_tasks/lib/python3.12/site-packages/rmf_demos_tasks/wait_for_task_complete.py to wait_for_task_complete.cpython-312.pyc
[2.308s] byte-compiling /home/usuario/rmf_ws/install/rmf_demos_tasks/lib/python3.12/site-packages/rmf_demos_tasks/dispatch_patrol.py to dispatch_patrol.cpython-312.pyc
[2.313s] byte-compiling /home/usuario/rmf_ws/install/rmf_demos_tasks/lib/python3.12/site-packages/rmf_demos_tasks/dispatch_go_to_place.py to dispatch_go_to_place.cpython-312.pyc
[2.315s] byte-compiling /home/usuario/rmf_ws/install/rmf_demos_tasks/lib/python3.12/site-packages/rmf_demos_tasks/dispatch_delivery.py to dispatch_delivery.cpython-312.pyc
[2.316s] byte-compiling /home/usuario/rmf_ws/install/rmf_demos_tasks/lib/python3.12/site-packages/rmf_demos_tasks/cancel_task.py to cancel_task.cpython-312.pyc
[2.317s] byte-compiling /home/usuario/rmf_ws/install/rmf_demos_tasks/lib/python3.12/site-packages/rmf_demos_tasks/api_request.py to api_request.cpython-312.pyc
[2.318s] byte-compiling /home/usuario/rmf_ws/install/rmf_demos_tasks/lib/python3.12/site-packages/rmf_demos_tasks/dispatch_loop.py to dispatch_loop.cpython-312.pyc
[2.319s] byte-compiling /home/usuario/rmf_ws/install/rmf_demos_tasks/lib/python3.12/site-packages/rmf_demos_tasks/mock_docker.py to mock_docker.cpython-312.pyc
[2.320s] byte-compiling /home/usuario/rmf_ws/install/rmf_demos_tasks/lib/python3.12/site-packages/rmf_demos_tasks/teleop_robot.py to teleop_robot.cpython-312.pyc
[2.322s] byte-compiling /home/usuario/rmf_ws/install/rmf_demos_tasks/lib/python3.12/site-packages/rmf_demos_tasks/dispatch_cart_delivery.py to dispatch_cart_delivery.cpython-312.pyc
[2.323s] byte-compiling /home/usuario/rmf_ws/install/rmf_demos_tasks/lib/python3.12/site-packages/rmf_demos_tasks/dispatch_json.py to dispatch_json.cpython-312.pyc
[2.324s] byte-compiling /home/usuario/rmf_ws/install/rmf_demos_tasks/lib/python3.12/site-packages/rmf_demos_tasks/__init__.py to __init__.cpython-312.pyc
[2.325s] byte-compiling /home/usuario/rmf_ws/install/rmf_demos_tasks/lib/python3.12/site-packages/rmf_demos_tasks/dispatch_teleop.py to dispatch_teleop.cpython-312.pyc
[2.326s] byte-compiling /home/usuario/rmf_ws/install/rmf_demos_tasks/lib/python3.12/site-packages/rmf_demos_tasks/request_loop.py to request_loop.cpython-312.pyc
[2.327s] byte-compiling /home/usuario/rmf_ws/install/rmf_demos_tasks/lib/python3.12/site-packages/rmf_demos_tasks/dispatch_clean.py to dispatch_clean.cpython-312.pyc
[2.328s] byte-compiling /home/usuario/rmf_ws/install/rmf_demos_tasks/lib/python3.12/site-packages/rmf_demos_tasks/get_robot_location.py to get_robot_location.cpython-312.pyc
[2.329s] running install_data
[2.329s] creating /home/usuario/rmf_ws/install/rmf_demos_tasks/share/ament_index
[2.329s] creating /home/usuario/rmf_ws/install/rmf_demos_tasks/share/ament_index/resource_index
[2.329s] creating /home/usuario/rmf_ws/install/rmf_demos_tasks/share/ament_index/resource_index/packages
[2.329s] copying resource/rmf_demos_tasks -> /home/usuario/rmf_ws/install/rmf_demos_tasks/share/ament_index/resource_index/packages
[2.330s] copying package.xml -> /home/usuario/rmf_ws/install/rmf_demos_tasks/share/rmf_demos_tasks
[2.330s] running install_egg_info
[2.352s] Copying ../../build/rmf_demos_tasks/rmf_demos_tasks.egg-info to /home/usuario/rmf_ws/install/rmf_demos_tasks/lib/python3.12/site-packages/rmf_demos_tasks-2.5.0-py3.12.egg-info
[2.357s] running install_scripts
[2.489s] Installing api_request script to /home/usuario/rmf_ws/install/rmf_demos_tasks/lib/rmf_demos_tasks
[2.490s] Installing cancel_task script to /home/usuario/rmf_ws/install/rmf_demos_tasks/lib/rmf_demos_tasks
[2.490s] Installing dispatch_action script to /home/usuario/rmf_ws/install/rmf_demos_tasks/lib/rmf_demos_tasks
[2.491s] Installing dispatch_cart_delivery script to /home/usuario/rmf_ws/install/rmf_demos_tasks/lib/rmf_demos_tasks
[2.491s] Installing dispatch_clean script to /home/usuario/rmf_ws/install/rmf_demos_tasks/lib/rmf_demos_tasks
[2.491s] Installing dispatch_delivery script to /home/usuario/rmf_ws/install/rmf_demos_tasks/lib/rmf_demos_tasks
[2.491s] Installing dispatch_go_to_place script to /home/usuario/rmf_ws/install/rmf_demos_tasks/lib/rmf_demos_tasks
[2.492s] Installing dispatch_json script to /home/usuario/rmf_ws/install/rmf_demos_tasks/lib/rmf_demos_tasks
[2.493s] Installing dispatch_loop script to /home/usuario/rmf_ws/install/rmf_demos_tasks/lib/rmf_demos_tasks
[2.493s] Installing dispatch_patrol script to /home/usuario/rmf_ws/install/rmf_demos_tasks/lib/rmf_demos_tasks
[2.493s] Installing dispatch_teleop script to /home/usuario/rmf_ws/install/rmf_demos_tasks/lib/rmf_demos_tasks
[2.493s] Installing get_robot_location script to /home/usuario/rmf_ws/install/rmf_demos_tasks/lib/rmf_demos_tasks
[2.493s] Installing mock_docker script to /home/usuario/rmf_ws/install/rmf_demos_tasks/lib/rmf_demos_tasks
[2.493s] Installing request_lift script to /home/usuario/rmf_ws/install/rmf_demos_tasks/lib/rmf_demos_tasks
[2.493s] Installing request_loop script to /home/usuario/rmf_ws/install/rmf_demos_tasks/lib/rmf_demos_tasks
[2.493s] Installing teleop_robot script to /home/usuario/rmf_ws/install/rmf_demos_tasks/lib/rmf_demos_tasks
[2.493s] Installing wait_for_task_complete script to /home/usuario/rmf_ws/install/rmf_demos_tasks/lib/rmf_demos_tasks
[2.493s] writing list of installed files to '/home/usuario/rmf_ws/build/rmf_demos_tasks/install.log'
[2.528s] Invoked command in '/home/usuario/rmf_ws/src/rmf_demos_tasks' returned '0': PYTHONPATH=/home/usuario/rmf_ws/build/rmf_demos_tasks/prefix_override:/usr/lib/python3/dist-packages/colcon_core/task/python/colcon_distutils_commands:/home/usuario/rmf_ws/install/rmf_demos_tasks/lib/python3.12/site-packages:${PYTHONPATH} /usr/bin/python3 -W ignore:setup.py install is deprecated -W ignore:easy_install command is deprecated setup.py egg_info --egg-base ../../build/rmf_demos_tasks build --build-base /home/usuario/rmf_ws/build/rmf_demos_tasks/build install --record /home/usuario/rmf_ws/build/rmf_demos_tasks/install.log --single-version-externally-managed install_data
