[1.450s] Invoking command in '/home/usuario/GitHub/IR2134/TASK3y4_NAT/rmf_ws/src/project/project_fleet_adapter': PYTHONPATH=/home/usuario/GitHub/IR2134/TASK3y4_NAT/rmf_ws/src/project/build/project_fleet_adapter/prefix_override:/usr/lib/python3/dist-packages/colcon_core/task/python/colcon_distutils_commands:/home/usuario/GitHub/IR2134/TASK3y4_NAT/rmf_ws/src/project/install/project_fleet_adapter/lib/python3.10/site-packages: /usr/bin/python3 -W ignore:setup.py install is deprecated -W ignore:easy_install command is deprecated setup.py egg_info --egg-base ../build/project_fleet_adapter build --build-base /home/usuario/GitHub/IR2134/TASK3y4_NAT/rmf_ws/src/project/build/project_fleet_adapter/build install --record /home/usuario/GitHub/IR2134/TASK3y4_NAT/rmf_ws/src/project/build/project_fleet_adapter/install.log --single-version-externally-managed install_data
[1.977s] running egg_info
[1.977s] creating ../build/project_fleet_adapter/project_fleet_adapter.egg-info
[1.978s] writing ../build/project_fleet_adapter/project_fleet_adapter.egg-info/PKG-INFO
[1.983s] writing dependency_links to ../build/project_fleet_adapter/project_fleet_adapter.egg-info/dependency_links.txt
[1.990s] writing entry points to ../build/project_fleet_adapter/project_fleet_adapter.egg-info/entry_points.txt
[1.993s] writing requirements to ../build/project_fleet_adapter/project_fleet_adapter.egg-info/requires.txt
[1.995s] writing top-level names to ../build/project_fleet_adapter/project_fleet_adapter.egg-info/top_level.txt
[1.997s] writing manifest file '../build/project_fleet_adapter/project_fleet_adapter.egg-info/SOURCES.txt'
[2.001s] reading manifest file '../build/project_fleet_adapter/project_fleet_adapter.egg-info/SOURCES.txt'
[2.014s] writing manifest file '../build/project_fleet_adapter/project_fleet_adapter.egg-info/SOURCES.txt'
[2.016s] running build
[2.016s] running build_py
[2.016s] creating /home/usuario/GitHub/IR2134/TASK3y4_NAT/rmf_ws/src/project/build/project_fleet_adapter/build
[2.017s] creating /home/usuario/GitHub/IR2134/TASK3y4_NAT/rmf_ws/src/project/build/project_fleet_adapter/build/lib
[2.017s] creating /home/usuario/GitHub/IR2134/TASK3y4_NAT/rmf_ws/src/project/build/project_fleet_adapter/build/lib/project_fleet_adapter
[2.017s] copying project_fleet_adapter/fleet_adapter.py -> /home/usuario/GitHub/IR2134/TASK3y4_NAT/rmf_ws/src/project/build/project_fleet_adapter/build/lib/project_fleet_adapter
[2.045s] copying project_fleet_adapter/manage_lane.py -> /home/usuario/GitHub/IR2134/TASK3y4_NAT/rmf_ws/src/project/build/project_fleet_adapter/build/lib/project_fleet_adapter
[2.062s] copying project_fleet_adapter/fleet_manager.py -> /home/usuario/GitHub/IR2134/TASK3y4_NAT/rmf_ws/src/project/build/project_fleet_adapter/build/lib/project_fleet_adapter
[2.086s] copying project_fleet_adapter/RobotClientAPI.py -> /home/usuario/GitHub/IR2134/TASK3y4_NAT/rmf_ws/src/project/build/project_fleet_adapter/build/lib/project_fleet_adapter
[2.119s] copying project_fleet_adapter/__init__.py -> /home/usuario/GitHub/IR2134/TASK3y4_NAT/rmf_ws/src/project/build/project_fleet_adapter/build/lib/project_fleet_adapter
[2.145s] creating /home/usuario/GitHub/IR2134/TASK3y4_NAT/rmf_ws/src/project/build/project_fleet_adapter/build/lib/test
[2.145s] copying test/test_copyright.py -> /home/usuario/GitHub/IR2134/TASK3y4_NAT/rmf_ws/src/project/build/project_fleet_adapter/build/lib/test
[2.174s] copying test/test_flake8.py -> /home/usuario/GitHub/IR2134/TASK3y4_NAT/rmf_ws/src/project/build/project_fleet_adapter/build/lib/test
[2.217s] copying test/test_pep257.py -> /home/usuario/GitHub/IR2134/TASK3y4_NAT/rmf_ws/src/project/build/project_fleet_adapter/build/lib/test
[2.238s] copying test/__init__.py -> /home/usuario/GitHub/IR2134/TASK3y4_NAT/rmf_ws/src/project/build/project_fleet_adapter/build/lib/test
[2.253s] running install
[2.253s] running install_lib
[2.254s] creating /home/usuario/GitHub/IR2134/TASK3y4_NAT/rmf_ws/src/project/install/project_fleet_adapter/lib/python3.10/site-packages/project_fleet_adapter
[2.254s] copying /home/usuario/GitHub/IR2134/TASK3y4_NAT/rmf_ws/src/project/build/project_fleet_adapter/build/lib/project_fleet_adapter/fleet_adapter.py -> /home/usuario/GitHub/IR2134/TASK3y4_NAT/rmf_ws/src/project/install/project_fleet_adapter/lib/python3.10/site-packages/project_fleet_adapter
[2.273s] copying /home/usuario/GitHub/IR2134/TASK3y4_NAT/rmf_ws/src/project/build/project_fleet_adapter/build/lib/project_fleet_adapter/manage_lane.py -> /home/usuario/GitHub/IR2134/TASK3y4_NAT/rmf_ws/src/project/install/project_fleet_adapter/lib/python3.10/site-packages/project_fleet_adapter
[2.283s] copying /home/usuario/GitHub/IR2134/TASK3y4_NAT/rmf_ws/src/project/build/project_fleet_adapter/build/lib/project_fleet_adapter/fleet_manager.py -> /home/usuario/GitHub/IR2134/TASK3y4_NAT/rmf_ws/src/project/install/project_fleet_adapter/lib/python3.10/site-packages/project_fleet_adapter
[2.313s] copying /home/usuario/GitHub/IR2134/TASK3y4_NAT/rmf_ws/src/project/build/project_fleet_adapter/build/lib/project_fleet_adapter/RobotClientAPI.py -> /home/usuario/GitHub/IR2134/TASK3y4_NAT/rmf_ws/src/project/install/project_fleet_adapter/lib/python3.10/site-packages/project_fleet_adapter
[2.334s] copying /home/usuario/GitHub/IR2134/TASK3y4_NAT/rmf_ws/src/project/build/project_fleet_adapter/build/lib/project_fleet_adapter/__init__.py -> /home/usuario/GitHub/IR2134/TASK3y4_NAT/rmf_ws/src/project/install/project_fleet_adapter/lib/python3.10/site-packages/project_fleet_adapter
[2.345s] creating /home/usuario/GitHub/IR2134/TASK3y4_NAT/rmf_ws/src/project/install/project_fleet_adapter/lib/python3.10/site-packages/test
[2.345s] copying /home/usuario/GitHub/IR2134/TASK3y4_NAT/rmf_ws/src/project/build/project_fleet_adapter/build/lib/test/test_copyright.py -> /home/usuario/GitHub/IR2134/TASK3y4_NAT/rmf_ws/src/project/install/project_fleet_adapter/lib/python3.10/site-packages/test
[2.362s] copying /home/usuario/GitHub/IR2134/TASK3y4_NAT/rmf_ws/src/project/build/project_fleet_adapter/build/lib/test/test_flake8.py -> /home/usuario/GitHub/IR2134/TASK3y4_NAT/rmf_ws/src/project/install/project_fleet_adapter/lib/python3.10/site-packages/test
[2.373s] copying /home/usuario/GitHub/IR2134/TASK3y4_NAT/rmf_ws/src/project/build/project_fleet_adapter/build/lib/test/test_pep257.py -> /home/usuario/GitHub/IR2134/TASK3y4_NAT/rmf_ws/src/project/install/project_fleet_adapter/lib/python3.10/site-packages/test
[2.392s] copying /home/usuario/GitHub/IR2134/TASK3y4_NAT/rmf_ws/src/project/build/project_fleet_adapter/build/lib/test/__init__.py -> /home/usuario/GitHub/IR2134/TASK3y4_NAT/rmf_ws/src/project/install/project_fleet_adapter/lib/python3.10/site-packages/test
[2.398s] byte-compiling /home/usuario/GitHub/IR2134/TASK3y4_NAT/rmf_ws/src/project/install/project_fleet_adapter/lib/python3.10/site-packages/project_fleet_adapter/fleet_adapter.py to fleet_adapter.cpython-310.pyc
[2.410s] byte-compiling /home/usuario/GitHub/IR2134/TASK3y4_NAT/rmf_ws/src/project/install/project_fleet_adapter/lib/python3.10/site-packages/project_fleet_adapter/manage_lane.py to manage_lane.cpython-310.pyc
[2.419s] byte-compiling /home/usuario/GitHub/IR2134/TASK3y4_NAT/rmf_ws/src/project/install/project_fleet_adapter/lib/python3.10/site-packages/project_fleet_adapter/fleet_manager.py to fleet_manager.cpython-310.pyc
[2.437s] byte-compiling /home/usuario/GitHub/IR2134/TASK3y4_NAT/rmf_ws/src/project/install/project_fleet_adapter/lib/python3.10/site-packages/project_fleet_adapter/RobotClientAPI.py to RobotClientAPI.cpython-310.pyc
[2.448s] byte-compiling /home/usuario/GitHub/IR2134/TASK3y4_NAT/rmf_ws/src/project/install/project_fleet_adapter/lib/python3.10/site-packages/project_fleet_adapter/__init__.py to __init__.cpython-310.pyc
[2.449s] byte-compiling /home/usuario/GitHub/IR2134/TASK3y4_NAT/rmf_ws/src/project/install/project_fleet_adapter/lib/python3.10/site-packages/test/test_copyright.py to test_copyright.cpython-310.pyc
[2.473s] byte-compiling /home/usuario/GitHub/IR2134/TASK3y4_NAT/rmf_ws/src/project/install/project_fleet_adapter/lib/python3.10/site-packages/test/test_flake8.py to test_flake8.cpython-310.pyc
[2.481s] byte-compiling /home/usuario/GitHub/IR2134/TASK3y4_NAT/rmf_ws/src/project/install/project_fleet_adapter/lib/python3.10/site-packages/test/test_pep257.py to test_pep257.cpython-310.pyc
[2.489s] byte-compiling /home/usuario/GitHub/IR2134/TASK3y4_NAT/rmf_ws/src/project/install/project_fleet_adapter/lib/python3.10/site-packages/test/__init__.py to __init__.cpython-310.pyc
[2.494s] running install_data
[2.494s] creating /home/usuario/GitHub/IR2134/TASK3y4_NAT/rmf_ws/src/project/install/project_fleet_adapter/share/ament_index
[2.494s] creating /home/usuario/GitHub/IR2134/TASK3y4_NAT/rmf_ws/src/project/install/project_fleet_adapter/share/ament_index/resource_index
[2.495s] creating /home/usuario/GitHub/IR2134/TASK3y4_NAT/rmf_ws/src/project/install/project_fleet_adapter/share/ament_index/resource_index/packages
[2.495s] copying resource/project_fleet_adapter -> /home/usuario/GitHub/IR2134/TASK3y4_NAT/rmf_ws/src/project/install/project_fleet_adapter/share/ament_index/resource_index/packages
[2.499s] copying package.xml -> /home/usuario/GitHub/IR2134/TASK3y4_NAT/rmf_ws/src/project/install/project_fleet_adapter/share/project_fleet_adapter
[2.507s] copying config.yaml -> /home/usuario/GitHub/IR2134/TASK3y4_NAT/rmf_ws/src/project/install/project_fleet_adapter/share/project_fleet_adapter
[2.514s] creating /home/usuario/GitHub/IR2134/TASK3y4_NAT/rmf_ws/src/project/install/project_fleet_adapter/share/project_fleet_adapter/launch
[2.514s] copying launch/fleet_adapter.launch.xml -> /home/usuario/GitHub/IR2134/TASK3y4_NAT/rmf_ws/src/project/install/project_fleet_adapter/share/project_fleet_adapter/launch
[2.520s] running install_egg_info
[2.522s] Copying ../build/project_fleet_adapter/project_fleet_adapter.egg-info to /home/usuario/GitHub/IR2134/TASK3y4_NAT/rmf_ws/src/project/install/project_fleet_adapter/lib/python3.10/site-packages/project_fleet_adapter-2.5.0-py3.10.egg-info
[2.608s] running install_scripts
[2.631s] Installing fleet_adapter script to /home/usuario/GitHub/IR2134/TASK3y4_NAT/rmf_ws/src/project/install/project_fleet_adapter/lib/project_fleet_adapter
[2.631s] Installing fleet_manager script to /home/usuario/GitHub/IR2134/TASK3y4_NAT/rmf_ws/src/project/install/project_fleet_adapter/lib/project_fleet_adapter
[2.632s] Installing manage_lane script to /home/usuario/GitHub/IR2134/TASK3y4_NAT/rmf_ws/src/project/install/project_fleet_adapter/lib/project_fleet_adapter
[2.632s] writing list of installed files to '/home/usuario/GitHub/IR2134/TASK3y4_NAT/rmf_ws/src/project/build/project_fleet_adapter/install.log'
