[0.028s] Invoking command in '/home/usuario/Documentos/GitHub/IR2134/TASK3y4_NAT/build/project_config': AMENT_PREFIX_PATH=/home/usuario/Documentos/GitHub/IR2134/TASK3y4_NAT/install/project_maps:/home/usuario/Documentos/GitHub/IR2134/TASK3y4_NAT/install/project_fleet_adapter:/home/usuario/Documentos/GitHub/IR2134/TASK3y4_NAT/install/project_assets:${AMENT_PREFIX_PATH} CMAKE_PREFIX_PATH=/home/usuario/Documentos/GitHub/IR2134/TASK3y4_NAT/install/project_maps:/home/usuario/Documentos/GitHub/IR2134/TASK3y4_NAT/install/project_assets:/home/usuario/Documentos/GitHub/IR2134/TASK3y4_NAT/rmf_ws/src/project/install/project_simulation:/home/usuario/Documentos/GitHub/IR2134/TASK3y4_NAT/rmf_ws/src/project/install/project_config:/home/usuario/Documentos/GitHub/IR2134/TASK3y4_NAT/rmf_ws/src/project/install/project_maps:/home/usuario/Documentos/GitHub/IR2134/TASK3y4_NAT/rmf_ws/src/project/install/project_assets:/home/usuario/Documentos/GitHub/IR2134/TASK3y4_NAT/rmf_ws/src/project/install/project_fleet_adapter:/opt/ros/humble PYTHONPATH=/home/usuario/Documentos/GitHub/IR2134/TASK3y4_NAT/install/project_fleet_adapter/lib/python3.10/site-packages:${PYTHONPATH} /usr/bin/cmake /home/usuario/Documentos/GitHub/IR2134/TASK3y4_NAT/rmf_ws/src/project/project_config -DCMAKE_INSTALL_PREFIX=/home/usuario/Documentos/GitHub/IR2134/TASK3y4_NAT/install/project_config
[0.083s] -- The C compiler identification is GNU 10.5.0
[0.135s] -- The CXX compiler identification is GNU 10.5.0
[0.142s] -- Detecting C compiler ABI info
[0.205s] -- Detecting C compiler ABI info - done
[0.211s] -- Check for working C compiler: /usr/bin/cc - skipped
[0.212s] -- Detecting C compile features
[0.212s] -- Detecting C compile features - done
[0.215s] -- Detecting CXX compiler ABI info
[0.287s] -- Detecting CXX compiler ABI info - done
[0.294s] -- Check for working CXX compiler: /usr/bin/c++ - skipped
[0.294s] -- Detecting CXX compile features
[0.295s] -- Detecting CXX compile features - done
[0.298s] -- Found ament_cmake: 1.3.11 (/opt/ros/humble/share/ament_cmake/cmake)
[0.447s] -- Found Python3: /usr/bin/python3 (found version "3.10.12") found components: Interpreter 
[0.541s] -- Found ament_lint_auto: 0.12.11 (/opt/ros/humble/share/ament_lint_auto/cmake)
[0.617s] -- Configuring done
[0.619s] -- Generating done
[0.620s] -- Build files have been written to: /home/usuario/Documentos/GitHub/IR2134/TASK3y4_NAT/build/project_config
[0.624s] Invoked command in '/home/usuario/Documentos/GitHub/IR2134/TASK3y4_NAT/build/project_config' returned '0': AMENT_PREFIX_PATH=/home/usuario/Documentos/GitHub/IR2134/TASK3y4_NAT/install/project_maps:/home/usuario/Documentos/GitHub/IR2134/TASK3y4_NAT/install/project_fleet_adapter:/home/usuario/Documentos/GitHub/IR2134/TASK3y4_NAT/install/project_assets:${AMENT_PREFIX_PATH} CMAKE_PREFIX_PATH=/home/usuario/Documentos/GitHub/IR2134/TASK3y4_NAT/install/project_maps:/home/usuario/Documentos/GitHub/IR2134/TASK3y4_NAT/install/project_assets:/home/usuario/Documentos/GitHub/IR2134/TASK3y4_NAT/rmf_ws/src/project/install/project_simulation:/home/usuario/Documentos/GitHub/IR2134/TASK3y4_NAT/rmf_ws/src/project/install/project_config:/home/usuario/Documentos/GitHub/IR2134/TASK3y4_NAT/rmf_ws/src/project/install/project_maps:/home/usuario/Documentos/GitHub/IR2134/TASK3y4_NAT/rmf_ws/src/project/install/project_assets:/home/usuario/Documentos/GitHub/IR2134/TASK3y4_NAT/rmf_ws/src/project/install/project_fleet_adapter:/opt/ros/humble PYTHONPATH=/home/usuario/Documentos/GitHub/IR2134/TASK3y4_NAT/install/project_fleet_adapter/lib/python3.10/site-packages:${PYTHONPATH} /usr/bin/cmake /home/usuario/Documentos/GitHub/IR2134/TASK3y4_NAT/rmf_ws/src/project/project_config -DCMAKE_INSTALL_PREFIX=/home/usuario/Documentos/GitHub/IR2134/TASK3y4_NAT/install/project_config
[0.625s] Invoking command in '/home/usuario/Documentos/GitHub/IR2134/TASK3y4_NAT/build/project_config': AMENT_PREFIX_PATH=/home/usuario/Documentos/GitHub/IR2134/TASK3y4_NAT/install/project_maps:/home/usuario/Documentos/GitHub/IR2134/TASK3y4_NAT/install/project_fleet_adapter:/home/usuario/Documentos/GitHub/IR2134/TASK3y4_NAT/install/project_assets:${AMENT_PREFIX_PATH} CMAKE_PREFIX_PATH=/home/usuario/Documentos/GitHub/IR2134/TASK3y4_NAT/install/project_maps:/home/usuario/Documentos/GitHub/IR2134/TASK3y4_NAT/install/project_assets:/home/usuario/Documentos/GitHub/IR2134/TASK3y4_NAT/rmf_ws/src/project/install/project_simulation:/home/usuario/Documentos/GitHub/IR2134/TASK3y4_NAT/rmf_ws/src/project/install/project_config:/home/usuario/Documentos/GitHub/IR2134/TASK3y4_NAT/rmf_ws/src/project/install/project_maps:/home/usuario/Documentos/GitHub/IR2134/TASK3y4_NAT/rmf_ws/src/project/install/project_assets:/home/usuario/Documentos/GitHub/IR2134/TASK3y4_NAT/rmf_ws/src/project/install/project_fleet_adapter:/opt/ros/humble PYTHONPATH=/home/usuario/Documentos/GitHub/IR2134/TASK3y4_NAT/install/project_fleet_adapter/lib/python3.10/site-packages:${PYTHONPATH} /usr/bin/cmake --build /home/usuario/Documentos/GitHub/IR2134/TASK3y4_NAT/build/project_config -- -j4 -l4
[0.661s] Invoked command in '/home/usuario/Documentos/GitHub/IR2134/TASK3y4_NAT/build/project_config' returned '0': AMENT_PREFIX_PATH=/home/usuario/Documentos/GitHub/IR2134/TASK3y4_NAT/install/project_maps:/home/usuario/Documentos/GitHub/IR2134/TASK3y4_NAT/install/project_fleet_adapter:/home/usuario/Documentos/GitHub/IR2134/TASK3y4_NAT/install/project_assets:${AMENT_PREFIX_PATH} CMAKE_PREFIX_PATH=/home/usuario/Documentos/GitHub/IR2134/TASK3y4_NAT/install/project_maps:/home/usuario/Documentos/GitHub/IR2134/TASK3y4_NAT/install/project_assets:/home/usuario/Documentos/GitHub/IR2134/TASK3y4_NAT/rmf_ws/src/project/install/project_simulation:/home/usuario/Documentos/GitHub/IR2134/TASK3y4_NAT/rmf_ws/src/project/install/project_config:/home/usuario/Documentos/GitHub/IR2134/TASK3y4_NAT/rmf_ws/src/project/install/project_maps:/home/usuario/Documentos/GitHub/IR2134/TASK3y4_NAT/rmf_ws/src/project/install/project_assets:/home/usuario/Documentos/GitHub/IR2134/TASK3y4_NAT/rmf_ws/src/project/install/project_fleet_adapter:/opt/ros/humble PYTHONPATH=/home/usuario/Documentos/GitHub/IR2134/TASK3y4_NAT/install/project_fleet_adapter/lib/python3.10/site-packages:${PYTHONPATH} /usr/bin/cmake --build /home/usuario/Documentos/GitHub/IR2134/TASK3y4_NAT/build/project_config -- -j4 -l4
[0.663s] Invoking command in '/home/usuario/Documentos/GitHub/IR2134/TASK3y4_NAT/build/project_config': AMENT_PREFIX_PATH=/home/usuario/Documentos/GitHub/IR2134/TASK3y4_NAT/install/project_maps:/home/usuario/Documentos/GitHub/IR2134/TASK3y4_NAT/install/project_fleet_adapter:/home/usuario/Documentos/GitHub/IR2134/TASK3y4_NAT/install/project_assets:${AMENT_PREFIX_PATH} CMAKE_PREFIX_PATH=/home/usuario/Documentos/GitHub/IR2134/TASK3y4_NAT/install/project_maps:/home/usuario/Documentos/GitHub/IR2134/TASK3y4_NAT/install/project_assets:/home/usuario/Documentos/GitHub/IR2134/TASK3y4_NAT/rmf_ws/src/project/install/project_simulation:/home/usuario/Documentos/GitHub/IR2134/TASK3y4_NAT/rmf_ws/src/project/install/project_config:/home/usuario/Documentos/GitHub/IR2134/TASK3y4_NAT/rmf_ws/src/project/install/project_maps:/home/usuario/Documentos/GitHub/IR2134/TASK3y4_NAT/rmf_ws/src/project/install/project_assets:/home/usuario/Documentos/GitHub/IR2134/TASK3y4_NAT/rmf_ws/src/project/install/project_fleet_adapter:/opt/ros/humble PYTHONPATH=/home/usuario/Documentos/GitHub/IR2134/TASK3y4_NAT/install/project_fleet_adapter/lib/python3.10/site-packages:${PYTHONPATH} /usr/bin/cmake --install /home/usuario/Documentos/GitHub/IR2134/TASK3y4_NAT/build/project_config
[0.670s] -- Install configuration: ""
[0.670s] -- Installing: /home/usuario/Documentos/GitHub/IR2134/TASK3y4_NAT/install/project_config/share/project_config
[0.670s] -- Installing: /home/usuario/Documentos/GitHub/IR2134/TASK3y4_NAT/install/project_config/share/project_config/common.launch.xml
[0.674s] -- Installing: /home/usuario/Documentos/GitHub/IR2134/TASK3y4_NAT/install/project_config/share/project_config/test1.launch.xml
[0.678s] -- Up-to-date: /home/usuario/Documentos/GitHub/IR2134/TASK3y4_NAT/install/project_config/share/project_config
[0.678s] -- Installing: /home/usuario/Documentos/GitHub/IR2134/TASK3y4_NAT/install/project_config/share/project_config/test1
[0.678s] -- Installing: /home/usuario/Documentos/GitHub/IR2134/TASK3y4_NAT/install/project_config/share/project_config/test1/tinyRobot_config.yaml
[0.682s] -- Installing: /home/usuario/Documentos/GitHub/IR2134/TASK3y4_NAT/install/project_config/share/ament_index/resource_index/package_run_dependencies/project_config
[0.683s] -- Installing: /home/usuario/Documentos/GitHub/IR2134/TASK3y4_NAT/install/project_config/share/ament_index/resource_index/parent_prefix_path/project_config
[0.683s] -- Installing: /home/usuario/Documentos/GitHub/IR2134/TASK3y4_NAT/install/project_config/share/project_config/environment/ament_prefix_path.sh
[0.683s] -- Installing: /home/usuario/Documentos/GitHub/IR2134/TASK3y4_NAT/install/project_config/share/project_config/environment/ament_prefix_path.dsv
[0.683s] -- Installing: /home/usuario/Documentos/GitHub/IR2134/TASK3y4_NAT/install/project_config/share/project_config/environment/path.sh
[0.683s] -- Installing: /home/usuario/Documentos/GitHub/IR2134/TASK3y4_NAT/install/project_config/share/project_config/environment/path.dsv
[0.683s] -- Installing: /home/usuario/Documentos/GitHub/IR2134/TASK3y4_NAT/install/project_config/share/project_config/local_setup.bash
[0.683s] -- Installing: /home/usuario/Documentos/GitHub/IR2134/TASK3y4_NAT/install/project_config/share/project_config/local_setup.sh
[0.684s] -- Installing: /home/usuario/Documentos/GitHub/IR2134/TASK3y4_NAT/install/project_config/share/project_config/local_setup.zsh
[0.684s] -- Installing: /home/usuario/Documentos/GitHub/IR2134/TASK3y4_NAT/install/project_config/share/project_config/local_setup.dsv
[0.684s] -- Installing: /home/usuario/Documentos/GitHub/IR2134/TASK3y4_NAT/install/project_config/share/project_config/package.dsv
[0.684s] -- Installing: /home/usuario/Documentos/GitHub/IR2134/TASK3y4_NAT/install/project_config/share/ament_index/resource_index/packages/project_config
[0.684s] -- Installing: /home/usuario/Documentos/GitHub/IR2134/TASK3y4_NAT/install/project_config/share/project_config/cmake/project_configConfig.cmake
[0.684s] -- Installing: /home/usuario/Documentos/GitHub/IR2134/TASK3y4_NAT/install/project_config/share/project_config/cmake/project_configConfig-version.cmake
[0.684s] -- Installing: /home/usuario/Documentos/GitHub/IR2134/TASK3y4_NAT/install/project_config/share/project_config/package.xml
[0.691s] Invoked command in '/home/usuario/Documentos/GitHub/IR2134/TASK3y4_NAT/build/project_config' returned '0': AMENT_PREFIX_PATH=/home/usuario/Documentos/GitHub/IR2134/TASK3y4_NAT/install/project_maps:/home/usuario/Documentos/GitHub/IR2134/TASK3y4_NAT/install/project_fleet_adapter:/home/usuario/Documentos/GitHub/IR2134/TASK3y4_NAT/install/project_assets:${AMENT_PREFIX_PATH} CMAKE_PREFIX_PATH=/home/usuario/Documentos/GitHub/IR2134/TASK3y4_NAT/install/project_maps:/home/usuario/Documentos/GitHub/IR2134/TASK3y4_NAT/install/project_assets:/home/usuario/Documentos/GitHub/IR2134/TASK3y4_NAT/rmf_ws/src/project/install/project_simulation:/home/usuario/Documentos/GitHub/IR2134/TASK3y4_NAT/rmf_ws/src/project/install/project_config:/home/usuario/Documentos/GitHub/IR2134/TASK3y4_NAT/rmf_ws/src/project/install/project_maps:/home/usuario/Documentos/GitHub/IR2134/TASK3y4_NAT/rmf_ws/src/project/install/project_assets:/home/usuario/Documentos/GitHub/IR2134/TASK3y4_NAT/rmf_ws/src/project/install/project_fleet_adapter:/opt/ros/humble PYTHONPATH=/home/usuario/Documentos/GitHub/IR2134/TASK3y4_NAT/install/project_fleet_adapter/lib/python3.10/site-packages:${PYTHONPATH} /usr/bin/cmake --install /home/usuario/Documentos/GitHub/IR2134/TASK3y4_NAT/build/project_config
