[1.232s] Invoking command in '/home/usuario/rmf_ws/src/rmf_demos_bridges': PYTHONPATH=/home/usuario/rmf_ws/build/rmf_demos_bridges/prefix_override:/usr/lib/python3/dist-packages/colcon_core/task/python/colcon_distutils_commands:/home/usuario/rmf_ws/install/rmf_demos_bridges/lib/python3.12/site-packages:${PYTHONPATH} /usr/bin/python3 -W ignore:setup.py install is deprecated -W ignore:easy_install command is deprecated setup.py egg_info --egg-base ../../build/rmf_demos_bridges build --build-base /home/usuario/rmf_ws/build/rmf_demos_bridges/build install --record /home/usuario/rmf_ws/build/rmf_demos_bridges/install.log --single-version-externally-managed install_data
[1.573s] running egg_info
[1.573s] creating ../../build/rmf_demos_bridges/rmf_demos_bridges.egg-info
[1.590s] writing ../../build/rmf_demos_bridges/rmf_demos_bridges.egg-info/PKG-INFO
[1.590s] writing dependency_links to ../../build/rmf_demos_bridges/rmf_demos_bridges.egg-info/dependency_links.txt
[1.591s] writing entry points to ../../build/rmf_demos_bridges/rmf_demos_bridges.egg-info/entry_points.txt
[1.591s] writing requirements to ../../build/rmf_demos_bridges/rmf_demos_bridges.egg-info/requires.txt
[1.591s] writing top-level names to ../../build/rmf_demos_bridges/rmf_demos_bridges.egg-info/top_level.txt
[1.591s] writing manifest file '../../build/rmf_demos_bridges/rmf_demos_bridges.egg-info/SOURCES.txt'
[1.664s] reading manifest file '../../build/rmf_demos_bridges/rmf_demos_bridges.egg-info/SOURCES.txt'
[1.666s] writing manifest file '../../build/rmf_demos_bridges/rmf_demos_bridges.egg-info/SOURCES.txt'
[1.673s] running build
[1.673s] running build_py
[1.673s] creating /home/usuario/rmf_ws/build/rmf_demos_bridges/build
[1.674s] creating /home/usuario/rmf_ws/build/rmf_demos_bridges/build/lib
[1.674s] creating /home/usuario/rmf_ws/build/rmf_demos_bridges/build/lib/rmf_demos_bridges
[1.674s] copying rmf_demos_bridges/fleet_socketio_bridge.py -> /home/usuario/rmf_ws/build/rmf_demos_bridges/build/lib/rmf_demos_bridges
[1.675s] copying rmf_demos_bridges/__init__.py -> /home/usuario/rmf_ws/build/rmf_demos_bridges/build/lib/rmf_demos_bridges
[1.676s] copying rmf_demos_bridges/fleet_robotmanager_mqtt_bridge.py -> /home/usuario/rmf_ws/build/rmf_demos_bridges/build/lib/rmf_demos_bridges
[1.676s] running install
[1.682s] running install_lib
[1.726s] creating /home/usuario/rmf_ws/install/rmf_demos_bridges/lib/python3.12/site-packages/rmf_demos_bridges
[1.726s] copying /home/usuario/rmf_ws/build/rmf_demos_bridges/build/lib/rmf_demos_bridges/fleet_socketio_bridge.py -> /home/usuario/rmf_ws/install/rmf_demos_bridges/lib/python3.12/site-packages/rmf_demos_bridges
[1.726s] copying /home/usuario/rmf_ws/build/rmf_demos_bridges/build/lib/rmf_demos_bridges/__init__.py -> /home/usuario/rmf_ws/install/rmf_demos_bridges/lib/python3.12/site-packages/rmf_demos_bridges
[1.727s] copying /home/usuario/rmf_ws/build/rmf_demos_bridges/build/lib/rmf_demos_bridges/fleet_robotmanager_mqtt_bridge.py -> /home/usuario/rmf_ws/install/rmf_demos_bridges/lib/python3.12/site-packages/rmf_demos_bridges
[1.728s] byte-compiling /home/usuario/rmf_ws/install/rmf_demos_bridges/lib/python3.12/site-packages/rmf_demos_bridges/fleet_socketio_bridge.py to fleet_socketio_bridge.cpython-312.pyc
[1.729s] byte-compiling /home/usuario/rmf_ws/install/rmf_demos_bridges/lib/python3.12/site-packages/rmf_demos_bridges/__init__.py to __init__.cpython-312.pyc
[1.730s] byte-compiling /home/usuario/rmf_ws/install/rmf_demos_bridges/lib/python3.12/site-packages/rmf_demos_bridges/fleet_robotmanager_mqtt_bridge.py to fleet_robotmanager_mqtt_bridge.cpython-312.pyc
[1.731s] running install_data
[1.732s] creating /home/usuario/rmf_ws/install/rmf_demos_bridges/share/ament_index
[1.732s] creating /home/usuario/rmf_ws/install/rmf_demos_bridges/share/ament_index/resource_index
[1.732s] creating /home/usuario/rmf_ws/install/rmf_demos_bridges/share/ament_index/resource_index/packages
[1.732s] copying resource/rmf_demos_bridges -> /home/usuario/rmf_ws/install/rmf_demos_bridges/share/ament_index/resource_index/packages
[1.741s] copying package.xml -> /home/usuario/rmf_ws/install/rmf_demos_bridges/share/rmf_demos_bridges
[1.749s] running install_egg_info
[1.774s] Copying ../../build/rmf_demos_bridges/rmf_demos_bridges.egg-info to /home/usuario/rmf_ws/install/rmf_demos_bridges/lib/python3.12/site-packages/rmf_demos_bridges-2.5.0-py3.12.egg-info
[1.784s] running install_scripts
[1.972s] Installing fleet_robotmanager_mqtt_bridge script to /home/usuario/rmf_ws/install/rmf_demos_bridges/lib/rmf_demos_bridges
[1.973s] Installing fleet_socketio_bridge script to /home/usuario/rmf_ws/install/rmf_demos_bridges/lib/rmf_demos_bridges
[1.973s] writing list of installed files to '/home/usuario/rmf_ws/build/rmf_demos_bridges/install.log'
[2.144s] Invoked command in '/home/usuario/rmf_ws/src/rmf_demos_bridges' returned '0': PYTHONPATH=/home/usuario/rmf_ws/build/rmf_demos_bridges/prefix_override:/usr/lib/python3/dist-packages/colcon_core/task/python/colcon_distutils_commands:/home/usuario/rmf_ws/install/rmf_demos_bridges/lib/python3.12/site-packages:${PYTHONPATH} /usr/bin/python3 -W ignore:setup.py install is deprecated -W ignore:easy_install command is deprecated setup.py egg_info --egg-base ../../build/rmf_demos_bridges build --build-base /home/usuario/rmf_ws/build/rmf_demos_bridges/build install --record /home/usuario/rmf_ws/build/rmf_demos_bridges/install.log --single-version-externally-managed install_data
