[0.534s] Invoking command in '/home/usuario/GitHub/IR2134/TASK3y4_NAT/rmf_ws/src/project/build/project_maps': /usr/bin/cmake /home/usuario/GitHub/IR2134/TASK3y4_NAT/rmf_ws/src/project/project_maps -DCMAKE_INSTALL_PREFIX=/home/usuario/GitHub/IR2134/TASK3y4_NAT/rmf_ws/src/project/install/project_maps
[0.922s] -- The C compiler identification is GNU 10.5.0
[1.195s] -- The CXX compiler identification is GNU 10.5.0
[1.242s] -- Detecting C compiler ABI info
[1.887s] -- Detecting C compiler ABI info - done
[1.940s] -- Check for working C compiler: /usr/bin/cc - skipped
[1.940s] -- Detecting C compile features
[1.941s] -- Detecting C compile features - done
[1.970s] -- Detecting CXX compiler ABI info
[2.522s] -- Detecting CXX compiler ABI info - done
[2.571s] -- Check for working CXX compiler: /usr/bin/c++ - skipped
[2.571s] -- Detecting CXX compile features
[2.571s] -- Detecting CXX compile features - done
[2.608s] [31mCMake Error at CMakeLists.txt:9 (find_package):
[2.608s]   By not providing "Findament_cmake.cmake" in CMAKE_MODULE_PATH this project
[2.609s]   has asked CMake to find a package configuration file provided by
[2.609s]   "ament_cmake", but CMake did not find one.
[2.609s] 
[2.609s]   Could not find a package configuration file provided by "ament_cmake" with
[2.609s]   any of the following names:
[2.609s] 
[2.609s]     ament_cmakeConfig.cmake
[2.609s]     ament_cmake-config.cmake
[2.609s] 
[2.609s]   Add the installation prefix of "ament_cmake" to CMAKE_PREFIX_PATH or set
[2.609s]   "ament_cmake_DIR" to a directory containing one of the above files.  If
[2.609s]   "ament_cmake" provides a separate development package or SDK, be sure it
[2.609s]   has been installed.
[2.609s] 
[2.609s] [0m
[2.610s] -- Configuring incomplete, errors occurred!
[2.610s] See also "/home/usuario/GitHub/IR2134/TASK3y4_NAT/rmf_ws/src/project/build/project_maps/CMakeFiles/CMakeOutput.log".
