[0.092s] Invoking command in '/home/usuario/rmf_ws/build/rmf_demos_assets': CMAKE_PREFIX_PATH=/rmf_demos_ws/install/rmf_workcell_msgs:/rmf_demos_ws/install/rmf_reservation_node:/rmf_demos_ws/install/rmf_demos_gz:/rmf_demos_ws/install/rmf_demos:/rmf_demos_ws/install/rmf_fleet_adapter_python:/rmf_demos_ws/install/rmf_fleet_adapter:/rmf_demos_ws/install/rmf_task_ros2:/rmf_demos_ws/install/rmf_websocket:/rmf_demos_ws/install/rmf_visualization:/rmf_demos_ws/install/rmf_visualization_schedule:/rmf_demos_ws/install/rmf_visualization_rviz2_plugins:/rmf_demos_ws/install/rmf_visualization_obstacles:/rmf_demos_ws/install/rmf_visualization_navgraphs:/rmf_demos_ws/install/rmf_visualization_floorplans:/rmf_demos_ws/install/rmf_visualization_fleet_states:/rmf_demos_ws/install/rmf_visualization_msgs:/rmf_demos_ws/install/rmf_traffic_ros2:/rmf_demos_ws/install/rmf_task_sequence:/rmf_demos_ws/install/rmf_task:/rmf_demos_ws/install/rmf_battery:/rmf_demos_ws/install/rmf_traffic:/rmf_demos_ws/install/rmf_utils:/rmf_demos_ws/install/rmf_traffic_msgs:/rmf_demos_ws/install/rmf_traffic_editor_test_maps:/rmf_demos_ws/install/rmf_traffic_editor_assets:/rmf_demos_ws/install/rmf_traffic_editor:/rmf_demos_ws/install/rmf_task_msgs:/rmf_demos_ws/install/rmf_site_map_msgs:/rmf_demos_ws/install/rmf_scheduler_msgs:/rmf_demos_ws/install/rmf_robot_sim_gz_plugins:/rmf_demos_ws/install/rmf_robot_sim_common:/rmf_demos_ws/install/rmf_reservation_msgs:/rmf_demos_ws/install/rmf_obstacle_msgs:/rmf_demos_ws/install/rmf_building_sim_gz_plugins:/rmf_demos_ws/install/rmf_lift_msgs:/rmf_demos_ws/install/rmf_ingestor_msgs:/rmf_demos_ws/install/rmf_fleet_msgs:/rmf_demos_ws/install/rmf_door_msgs:/rmf_demos_ws/install/rmf_dispenser_msgs:/rmf_demos_ws/install/rmf_demos_maps:/rmf_demos_ws/install/rmf_demos_assets:/rmf_demos_ws/install/rmf_charger_msgs:/rmf_demos_ws/install/rmf_building_map_msgs:/rmf_demos_ws/install/rmf_api_msgs:/rmf_demos_ws/install/pybind11_json_vendor:/rmf_demos_ws/install/nlohmann_json_schema_validator_vendor:/rmf_demos_ws/install/rmf_demos_fleet_adapter:/rmf_demos_ws/install/rmf_visualization_building_systems:/rmf_demos_ws/install/rmf_traffic_examples:/rmf_demos_ws/install/rmf_demos_bridges:/rmf_demos_ws/install/rmf_demos_tasks:/rmf_demos_ws/install/rmf_building_map_tools:/rmf_demos_ws/install/rmf_charging_schedule:/opt/ros/jazzy:/rmf_demos_ws/install/menge_vendor:/rmf_demos_ws/install/ament_cmake_catch2:/opt/ros/jazzy/opt/gz_sim_vendor:/opt/ros/jazzy/opt/gz_sensors_vendor:/opt/ros/jazzy/opt/gz_physics_vendor:/opt/ros/jazzy/opt/sdformat_vendor:/opt/ros/jazzy/opt/gz_gui_vendor:/opt/ros/jazzy/opt/gz_transport_vendor:/opt/ros/jazzy/opt/gz_rendering_vendor:/opt/ros/jazzy/opt/gz_plugin_vendor:/opt/ros/jazzy/opt/gz_fuel_tools_vendor:/opt/ros/jazzy/opt/gz_msgs_vendor:/opt/ros/jazzy/opt/gz_common_vendor:/opt/ros/jazzy/opt/gz_math_vendor:/opt/ros/jazzy/opt/gz_utils_vendor:/opt/ros/jazzy/opt/gz_tools_vendor:/opt/ros/jazzy/opt/gz_ogre_next_vendor:/opt/ros/jazzy/opt/gz_dartsim_vendor:/opt/ros/jazzy/opt/gz_cmake_vendor /usr/bin/cmake /home/usuario/rmf_ws/src/rmf_demos_assets -DCMAKE_INSTALL_PREFIX=/home/usuario/rmf_ws/install/rmf_demos_assets
[0.316s] -- The C compiler identification is GNU 13.3.0
[0.482s] -- The CXX compiler identification is GNU 13.3.0
[0.530s] -- Detecting C compiler ABI info
[0.950s] -- Detecting C compiler ABI info - done
[0.958s] -- Check for working C compiler: /usr/bin/cc - skipped
[0.958s] -- Detecting C compile features
[0.959s] -- Detecting C compile features - done
[1.032s] -- Detecting CXX compiler ABI info
[1.564s] -- Detecting CXX compiler ABI info - done
[1.573s] -- Check for working CXX compiler: /usr/bin/c++ - skipped
[1.573s] -- Detecting CXX compile features
[1.573s] -- Detecting CXX compile features - done
[1.602s] -- Found ament_cmake: 2.5.3 (/opt/ros/jazzy/share/ament_cmake/cmake)
[2.157s] -- Found Python3: /usr/bin/python3 (found version "3.12.3") found components: Interpreter 
[2.794s] -- Configuring done (2.7s)
[2.801s] -- Generating done (0.0s)
[2.805s] -- Build files have been written to: /home/usuario/rmf_ws/build/rmf_demos_assets
[2.898s] Invoked command in '/home/usuario/rmf_ws/build/rmf_demos_assets' returned '0': CMAKE_PREFIX_PATH=/rmf_demos_ws/install/rmf_workcell_msgs:/rmf_demos_ws/install/rmf_reservation_node:/rmf_demos_ws/install/rmf_demos_gz:/rmf_demos_ws/install/rmf_demos:/rmf_demos_ws/install/rmf_fleet_adapter_python:/rmf_demos_ws/install/rmf_fleet_adapter:/rmf_demos_ws/install/rmf_task_ros2:/rmf_demos_ws/install/rmf_websocket:/rmf_demos_ws/install/rmf_visualization:/rmf_demos_ws/install/rmf_visualization_schedule:/rmf_demos_ws/install/rmf_visualization_rviz2_plugins:/rmf_demos_ws/install/rmf_visualization_obstacles:/rmf_demos_ws/install/rmf_visualization_navgraphs:/rmf_demos_ws/install/rmf_visualization_floorplans:/rmf_demos_ws/install/rmf_visualization_fleet_states:/rmf_demos_ws/install/rmf_visualization_msgs:/rmf_demos_ws/install/rmf_traffic_ros2:/rmf_demos_ws/install/rmf_task_sequence:/rmf_demos_ws/install/rmf_task:/rmf_demos_ws/install/rmf_battery:/rmf_demos_ws/install/rmf_traffic:/rmf_demos_ws/install/rmf_utils:/rmf_demos_ws/install/rmf_traffic_msgs:/rmf_demos_ws/install/rmf_traffic_editor_test_maps:/rmf_demos_ws/install/rmf_traffic_editor_assets:/rmf_demos_ws/install/rmf_traffic_editor:/rmf_demos_ws/install/rmf_task_msgs:/rmf_demos_ws/install/rmf_site_map_msgs:/rmf_demos_ws/install/rmf_scheduler_msgs:/rmf_demos_ws/install/rmf_robot_sim_gz_plugins:/rmf_demos_ws/install/rmf_robot_sim_common:/rmf_demos_ws/install/rmf_reservation_msgs:/rmf_demos_ws/install/rmf_obstacle_msgs:/rmf_demos_ws/install/rmf_building_sim_gz_plugins:/rmf_demos_ws/install/rmf_lift_msgs:/rmf_demos_ws/install/rmf_ingestor_msgs:/rmf_demos_ws/install/rmf_fleet_msgs:/rmf_demos_ws/install/rmf_door_msgs:/rmf_demos_ws/install/rmf_dispenser_msgs:/rmf_demos_ws/install/rmf_demos_maps:/rmf_demos_ws/install/rmf_demos_assets:/rmf_demos_ws/install/rmf_charger_msgs:/rmf_demos_ws/install/rmf_building_map_msgs:/rmf_demos_ws/install/rmf_api_msgs:/rmf_demos_ws/install/pybind11_json_vendor:/rmf_demos_ws/install/nlohmann_json_schema_validator_vendor:/rmf_demos_ws/install/rmf_demos_fleet_adapter:/rmf_demos_ws/install/rmf_visualization_building_systems:/rmf_demos_ws/install/rmf_traffic_examples:/rmf_demos_ws/install/rmf_demos_bridges:/rmf_demos_ws/install/rmf_demos_tasks:/rmf_demos_ws/install/rmf_building_map_tools:/rmf_demos_ws/install/rmf_charging_schedule:/opt/ros/jazzy:/rmf_demos_ws/install/menge_vendor:/rmf_demos_ws/install/ament_cmake_catch2:/opt/ros/jazzy/opt/gz_sim_vendor:/opt/ros/jazzy/opt/gz_sensors_vendor:/opt/ros/jazzy/opt/gz_physics_vendor:/opt/ros/jazzy/opt/sdformat_vendor:/opt/ros/jazzy/opt/gz_gui_vendor:/opt/ros/jazzy/opt/gz_transport_vendor:/opt/ros/jazzy/opt/gz_rendering_vendor:/opt/ros/jazzy/opt/gz_plugin_vendor:/opt/ros/jazzy/opt/gz_fuel_tools_vendor:/opt/ros/jazzy/opt/gz_msgs_vendor:/opt/ros/jazzy/opt/gz_common_vendor:/opt/ros/jazzy/opt/gz_math_vendor:/opt/ros/jazzy/opt/gz_utils_vendor:/opt/ros/jazzy/opt/gz_tools_vendor:/opt/ros/jazzy/opt/gz_ogre_next_vendor:/opt/ros/jazzy/opt/gz_dartsim_vendor:/opt/ros/jazzy/opt/gz_cmake_vendor /usr/bin/cmake /home/usuario/rmf_ws/src/rmf_demos_assets -DCMAKE_INSTALL_PREFIX=/home/usuario/rmf_ws/install/rmf_demos_assets
[2.899s] Invoking command in '/home/usuario/rmf_ws/build/rmf_demos_assets': CMAKE_PREFIX_PATH=/rmf_demos_ws/install/rmf_workcell_msgs:/rmf_demos_ws/install/rmf_reservation_node:/rmf_demos_ws/install/rmf_demos_gz:/rmf_demos_ws/install/rmf_demos:/rmf_demos_ws/install/rmf_fleet_adapter_python:/rmf_demos_ws/install/rmf_fleet_adapter:/rmf_demos_ws/install/rmf_task_ros2:/rmf_demos_ws/install/rmf_websocket:/rmf_demos_ws/install/rmf_visualization:/rmf_demos_ws/install/rmf_visualization_schedule:/rmf_demos_ws/install/rmf_visualization_rviz2_plugins:/rmf_demos_ws/install/rmf_visualization_obstacles:/rmf_demos_ws/install/rmf_visualization_navgraphs:/rmf_demos_ws/install/rmf_visualization_floorplans:/rmf_demos_ws/install/rmf_visualization_fleet_states:/rmf_demos_ws/install/rmf_visualization_msgs:/rmf_demos_ws/install/rmf_traffic_ros2:/rmf_demos_ws/install/rmf_task_sequence:/rmf_demos_ws/install/rmf_task:/rmf_demos_ws/install/rmf_battery:/rmf_demos_ws/install/rmf_traffic:/rmf_demos_ws/install/rmf_utils:/rmf_demos_ws/install/rmf_traffic_msgs:/rmf_demos_ws/install/rmf_traffic_editor_test_maps:/rmf_demos_ws/install/rmf_traffic_editor_assets:/rmf_demos_ws/install/rmf_traffic_editor:/rmf_demos_ws/install/rmf_task_msgs:/rmf_demos_ws/install/rmf_site_map_msgs:/rmf_demos_ws/install/rmf_scheduler_msgs:/rmf_demos_ws/install/rmf_robot_sim_gz_plugins:/rmf_demos_ws/install/rmf_robot_sim_common:/rmf_demos_ws/install/rmf_reservation_msgs:/rmf_demos_ws/install/rmf_obstacle_msgs:/rmf_demos_ws/install/rmf_building_sim_gz_plugins:/rmf_demos_ws/install/rmf_lift_msgs:/rmf_demos_ws/install/rmf_ingestor_msgs:/rmf_demos_ws/install/rmf_fleet_msgs:/rmf_demos_ws/install/rmf_door_msgs:/rmf_demos_ws/install/rmf_dispenser_msgs:/rmf_demos_ws/install/rmf_demos_maps:/rmf_demos_ws/install/rmf_demos_assets:/rmf_demos_ws/install/rmf_charger_msgs:/rmf_demos_ws/install/rmf_building_map_msgs:/rmf_demos_ws/install/rmf_api_msgs:/rmf_demos_ws/install/pybind11_json_vendor:/rmf_demos_ws/install/nlohmann_json_schema_validator_vendor:/rmf_demos_ws/install/rmf_demos_fleet_adapter:/rmf_demos_ws/install/rmf_visualization_building_systems:/rmf_demos_ws/install/rmf_traffic_examples:/rmf_demos_ws/install/rmf_demos_bridges:/rmf_demos_ws/install/rmf_demos_tasks:/rmf_demos_ws/install/rmf_building_map_tools:/rmf_demos_ws/install/rmf_charging_schedule:/opt/ros/jazzy:/rmf_demos_ws/install/menge_vendor:/rmf_demos_ws/install/ament_cmake_catch2:/opt/ros/jazzy/opt/gz_sim_vendor:/opt/ros/jazzy/opt/gz_sensors_vendor:/opt/ros/jazzy/opt/gz_physics_vendor:/opt/ros/jazzy/opt/sdformat_vendor:/opt/ros/jazzy/opt/gz_gui_vendor:/opt/ros/jazzy/opt/gz_transport_vendor:/opt/ros/jazzy/opt/gz_rendering_vendor:/opt/ros/jazzy/opt/gz_plugin_vendor:/opt/ros/jazzy/opt/gz_fuel_tools_vendor:/opt/ros/jazzy/opt/gz_msgs_vendor:/opt/ros/jazzy/opt/gz_common_vendor:/opt/ros/jazzy/opt/gz_math_vendor:/opt/ros/jazzy/opt/gz_utils_vendor:/opt/ros/jazzy/opt/gz_tools_vendor:/opt/ros/jazzy/opt/gz_ogre_next_vendor:/opt/ros/jazzy/opt/gz_dartsim_vendor:/opt/ros/jazzy/opt/gz_cmake_vendor /usr/bin/cmake --build /home/usuario/rmf_ws/build/rmf_demos_assets -- -j6 -l6
[3.092s] Invoked command in '/home/usuario/rmf_ws/build/rmf_demos_assets' returned '0': CMAKE_PREFIX_PATH=/rmf_demos_ws/install/rmf_workcell_msgs:/rmf_demos_ws/install/rmf_reservation_node:/rmf_demos_ws/install/rmf_demos_gz:/rmf_demos_ws/install/rmf_demos:/rmf_demos_ws/install/rmf_fleet_adapter_python:/rmf_demos_ws/install/rmf_fleet_adapter:/rmf_demos_ws/install/rmf_task_ros2:/rmf_demos_ws/install/rmf_websocket:/rmf_demos_ws/install/rmf_visualization:/rmf_demos_ws/install/rmf_visualization_schedule:/rmf_demos_ws/install/rmf_visualization_rviz2_plugins:/rmf_demos_ws/install/rmf_visualization_obstacles:/rmf_demos_ws/install/rmf_visualization_navgraphs:/rmf_demos_ws/install/rmf_visualization_floorplans:/rmf_demos_ws/install/rmf_visualization_fleet_states:/rmf_demos_ws/install/rmf_visualization_msgs:/rmf_demos_ws/install/rmf_traffic_ros2:/rmf_demos_ws/install/rmf_task_sequence:/rmf_demos_ws/install/rmf_task:/rmf_demos_ws/install/rmf_battery:/rmf_demos_ws/install/rmf_traffic:/rmf_demos_ws/install/rmf_utils:/rmf_demos_ws/install/rmf_traffic_msgs:/rmf_demos_ws/install/rmf_traffic_editor_test_maps:/rmf_demos_ws/install/rmf_traffic_editor_assets:/rmf_demos_ws/install/rmf_traffic_editor:/rmf_demos_ws/install/rmf_task_msgs:/rmf_demos_ws/install/rmf_site_map_msgs:/rmf_demos_ws/install/rmf_scheduler_msgs:/rmf_demos_ws/install/rmf_robot_sim_gz_plugins:/rmf_demos_ws/install/rmf_robot_sim_common:/rmf_demos_ws/install/rmf_reservation_msgs:/rmf_demos_ws/install/rmf_obstacle_msgs:/rmf_demos_ws/install/rmf_building_sim_gz_plugins:/rmf_demos_ws/install/rmf_lift_msgs:/rmf_demos_ws/install/rmf_ingestor_msgs:/rmf_demos_ws/install/rmf_fleet_msgs:/rmf_demos_ws/install/rmf_door_msgs:/rmf_demos_ws/install/rmf_dispenser_msgs:/rmf_demos_ws/install/rmf_demos_maps:/rmf_demos_ws/install/rmf_demos_assets:/rmf_demos_ws/install/rmf_charger_msgs:/rmf_demos_ws/install/rmf_building_map_msgs:/rmf_demos_ws/install/rmf_api_msgs:/rmf_demos_ws/install/pybind11_json_vendor:/rmf_demos_ws/install/nlohmann_json_schema_validator_vendor:/rmf_demos_ws/install/rmf_demos_fleet_adapter:/rmf_demos_ws/install/rmf_visualization_building_systems:/rmf_demos_ws/install/rmf_traffic_examples:/rmf_demos_ws/install/rmf_demos_bridges:/rmf_demos_ws/install/rmf_demos_tasks:/rmf_demos_ws/install/rmf_building_map_tools:/rmf_demos_ws/install/rmf_charging_schedule:/opt/ros/jazzy:/rmf_demos_ws/install/menge_vendor:/rmf_demos_ws/install/ament_cmake_catch2:/opt/ros/jazzy/opt/gz_sim_vendor:/opt/ros/jazzy/opt/gz_sensors_vendor:/opt/ros/jazzy/opt/gz_physics_vendor:/opt/ros/jazzy/opt/sdformat_vendor:/opt/ros/jazzy/opt/gz_gui_vendor:/opt/ros/jazzy/opt/gz_transport_vendor:/opt/ros/jazzy/opt/gz_rendering_vendor:/opt/ros/jazzy/opt/gz_plugin_vendor:/opt/ros/jazzy/opt/gz_fuel_tools_vendor:/opt/ros/jazzy/opt/gz_msgs_vendor:/opt/ros/jazzy/opt/gz_common_vendor:/opt/ros/jazzy/opt/gz_math_vendor:/opt/ros/jazzy/opt/gz_utils_vendor:/opt/ros/jazzy/opt/gz_tools_vendor:/opt/ros/jazzy/opt/gz_ogre_next_vendor:/opt/ros/jazzy/opt/gz_dartsim_vendor:/opt/ros/jazzy/opt/gz_cmake_vendor /usr/bin/cmake --build /home/usuario/rmf_ws/build/rmf_demos_assets -- -j6 -l6
[3.094s] Invoking command in '/home/usuario/rmf_ws/build/rmf_demos_assets': CMAKE_PREFIX_PATH=/rmf_demos_ws/install/rmf_workcell_msgs:/rmf_demos_ws/install/rmf_reservation_node:/rmf_demos_ws/install/rmf_demos_gz:/rmf_demos_ws/install/rmf_demos:/rmf_demos_ws/install/rmf_fleet_adapter_python:/rmf_demos_ws/install/rmf_fleet_adapter:/rmf_demos_ws/install/rmf_task_ros2:/rmf_demos_ws/install/rmf_websocket:/rmf_demos_ws/install/rmf_visualization:/rmf_demos_ws/install/rmf_visualization_schedule:/rmf_demos_ws/install/rmf_visualization_rviz2_plugins:/rmf_demos_ws/install/rmf_visualization_obstacles:/rmf_demos_ws/install/rmf_visualization_navgraphs:/rmf_demos_ws/install/rmf_visualization_floorplans:/rmf_demos_ws/install/rmf_visualization_fleet_states:/rmf_demos_ws/install/rmf_visualization_msgs:/rmf_demos_ws/install/rmf_traffic_ros2:/rmf_demos_ws/install/rmf_task_sequence:/rmf_demos_ws/install/rmf_task:/rmf_demos_ws/install/rmf_battery:/rmf_demos_ws/install/rmf_traffic:/rmf_demos_ws/install/rmf_utils:/rmf_demos_ws/install/rmf_traffic_msgs:/rmf_demos_ws/install/rmf_traffic_editor_test_maps:/rmf_demos_ws/install/rmf_traffic_editor_assets:/rmf_demos_ws/install/rmf_traffic_editor:/rmf_demos_ws/install/rmf_task_msgs:/rmf_demos_ws/install/rmf_site_map_msgs:/rmf_demos_ws/install/rmf_scheduler_msgs:/rmf_demos_ws/install/rmf_robot_sim_gz_plugins:/rmf_demos_ws/install/rmf_robot_sim_common:/rmf_demos_ws/install/rmf_reservation_msgs:/rmf_demos_ws/install/rmf_obstacle_msgs:/rmf_demos_ws/install/rmf_building_sim_gz_plugins:/rmf_demos_ws/install/rmf_lift_msgs:/rmf_demos_ws/install/rmf_ingestor_msgs:/rmf_demos_ws/install/rmf_fleet_msgs:/rmf_demos_ws/install/rmf_door_msgs:/rmf_demos_ws/install/rmf_dispenser_msgs:/rmf_demos_ws/install/rmf_demos_maps:/rmf_demos_ws/install/rmf_demos_assets:/rmf_demos_ws/install/rmf_charger_msgs:/rmf_demos_ws/install/rmf_building_map_msgs:/rmf_demos_ws/install/rmf_api_msgs:/rmf_demos_ws/install/pybind11_json_vendor:/rmf_demos_ws/install/nlohmann_json_schema_validator_vendor:/rmf_demos_ws/install/rmf_demos_fleet_adapter:/rmf_demos_ws/install/rmf_visualization_building_systems:/rmf_demos_ws/install/rmf_traffic_examples:/rmf_demos_ws/install/rmf_demos_bridges:/rmf_demos_ws/install/rmf_demos_tasks:/rmf_demos_ws/install/rmf_building_map_tools:/rmf_demos_ws/install/rmf_charging_schedule:/opt/ros/jazzy:/rmf_demos_ws/install/menge_vendor:/rmf_demos_ws/install/ament_cmake_catch2:/opt/ros/jazzy/opt/gz_sim_vendor:/opt/ros/jazzy/opt/gz_sensors_vendor:/opt/ros/jazzy/opt/gz_physics_vendor:/opt/ros/jazzy/opt/sdformat_vendor:/opt/ros/jazzy/opt/gz_gui_vendor:/opt/ros/jazzy/opt/gz_transport_vendor:/opt/ros/jazzy/opt/gz_rendering_vendor:/opt/ros/jazzy/opt/gz_plugin_vendor:/opt/ros/jazzy/opt/gz_fuel_tools_vendor:/opt/ros/jazzy/opt/gz_msgs_vendor:/opt/ros/jazzy/opt/gz_common_vendor:/opt/ros/jazzy/opt/gz_math_vendor:/opt/ros/jazzy/opt/gz_utils_vendor:/opt/ros/jazzy/opt/gz_tools_vendor:/opt/ros/jazzy/opt/gz_ogre_next_vendor:/opt/ros/jazzy/opt/gz_dartsim_vendor:/opt/ros/jazzy/opt/gz_cmake_vendor /usr/bin/cmake --install /home/usuario/rmf_ws/build/rmf_demos_assets
[3.128s] -- Install configuration: ""
[3.130s] -- Installing: /home/usuario/rmf_ws/install/rmf_demos_assets/share/rmf_demos_assets/environment/rmf_demos_assets.dsv
[3.130s] -- Installing: /home/usuario/rmf_ws/install/rmf_demos_assets/share/rmf_demos_assets/models
[3.131s] -- Installing: /home/usuario/rmf_ws/install/rmf_demos_assets/share/rmf_demos_assets/models/HospitalRobot
[3.131s] -- Installing: /home/usuario/rmf_ws/install/rmf_demos_assets/share/rmf_demos_assets/models/HospitalRobot/meshes
[3.131s] -- Installing: /home/usuario/rmf_ws/install/rmf_demos_assets/share/rmf_demos_assets/models/HospitalRobot/meshes/FatWheel.mtl
[3.132s] -- Installing: /home/usuario/rmf_ws/install/rmf_demos_assets/share/rmf_demos_assets/models/HospitalRobot/meshes/HospitalRobot.obj
[3.152s] -- Installing: /home/usuario/rmf_ws/install/rmf_demos_assets/share/rmf_demos_assets/models/HospitalRobot/meshes/FatWheel.obj
[3.153s] -- Installing: /home/usuario/rmf_ws/install/rmf_demos_assets/share/rmf_demos_assets/models/HospitalRobot/meshes/HospitalRobot.mtl
[3.154s] -- Installing: /home/usuario/rmf_ws/install/rmf_demos_assets/share/rmf_demos_assets/models/HospitalRobot/meshes/SmallWheel.obj
[3.154s] -- Installing: /home/usuario/rmf_ws/install/rmf_demos_assets/share/rmf_demos_assets/models/HospitalRobot/meshes/SmallWheel.mtl
[3.155s] -- Installing: /home/usuario/rmf_ws/install/rmf_demos_assets/share/rmf_demos_assets/models/HospitalRobot/meshes/HospitalRobot_Diffuse.png
[3.167s] -- Installing: /home/usuario/rmf_ws/install/rmf_demos_assets/share/rmf_demos_assets/models/HospitalRobot/model.config
[3.168s] -- Installing: /home/usuario/rmf_ws/install/rmf_demos_assets/share/rmf_demos_assets/models/HospitalRobot/model.sdf
[3.168s] -- Installing: /home/usuario/rmf_ws/install/rmf_demos_assets/share/rmf_demos_assets/models/HospitalRobot/thumbnails
[3.168s] -- Installing: /home/usuario/rmf_ws/install/rmf_demos_assets/share/rmf_demos_assets/models/HospitalRobot/thumbnails/4.png
[3.169s] -- Installing: /home/usuario/rmf_ws/install/rmf_demos_assets/share/rmf_demos_assets/models/HospitalRobot/thumbnails/1.png
[3.170s] -- Installing: /home/usuario/rmf_ws/install/rmf_demos_assets/share/rmf_demos_assets/models/HospitalRobot/thumbnails/3.png
[3.171s] -- Installing: /home/usuario/rmf_ws/install/rmf_demos_assets/share/rmf_demos_assets/models/HospitalRobot/thumbnails/2.png
[3.172s] -- Installing: /home/usuario/rmf_ws/install/rmf_demos_assets/share/rmf_demos_assets/models/HospitalRobot/thumbnails/5.png
[3.172s] -- Installing: /home/usuario/rmf_ws/install/rmf_demos_assets/share/rmf_demos_assets/models/TeleportIngestor
[3.173s] -- Installing: /home/usuario/rmf_ws/install/rmf_demos_assets/share/rmf_demos_assets/models/TeleportIngestor/model.config
[3.173s] -- Installing: /home/usuario/rmf_ws/install/rmf_demos_assets/share/rmf_demos_assets/models/TeleportIngestor/model.sdf
[3.174s] -- Installing: /home/usuario/rmf_ws/install/rmf_demos_assets/share/rmf_demos_assets/models/DeliveryRobot
[3.174s] -- Installing: /home/usuario/rmf_ws/install/rmf_demos_assets/share/rmf_demos_assets/models/DeliveryRobot/meshes
[3.174s] -- Installing: /home/usuario/rmf_ws/install/rmf_demos_assets/share/rmf_demos_assets/models/DeliveryRobot/meshes/WheelMain.mtl
[3.174s] -- Installing: /home/usuario/rmf_ws/install/rmf_demos_assets/share/rmf_demos_assets/models/DeliveryRobot/meshes/body.obj
[3.175s] -- Installing: /home/usuario/rmf_ws/install/rmf_demos_assets/share/rmf_demos_assets/models/DeliveryRobot/meshes/body.mtl
[3.176s] -- Installing: /home/usuario/rmf_ws/install/rmf_demos_assets/share/rmf_demos_assets/models/DeliveryRobot/meshes/DeliveryRobot_Diffuse.png
[3.186s] -- Installing: /home/usuario/rmf_ws/install/rmf_demos_assets/share/rmf_demos_assets/models/DeliveryRobot/meshes/WheelSide.mtl
[3.189s] -- Installing: /home/usuario/rmf_ws/install/rmf_demos_assets/share/rmf_demos_assets/models/DeliveryRobot/meshes/WheelSide.obj
[3.189s] -- Installing: /home/usuario/rmf_ws/install/rmf_demos_assets/share/rmf_demos_assets/models/DeliveryRobot/meshes/WheelMain.obj
[3.189s] -- Installing: /home/usuario/rmf_ws/install/rmf_demos_assets/share/rmf_demos_assets/models/DeliveryRobot/model.config
[3.189s] -- Installing: /home/usuario/rmf_ws/install/rmf_demos_assets/share/rmf_demos_assets/models/DeliveryRobot/model.sdf
[3.190s] -- Installing: /home/usuario/rmf_ws/install/rmf_demos_assets/share/rmf_demos_assets/models/CleanerBotA
[3.190s] -- Installing: /home/usuario/rmf_ws/install/rmf_demos_assets/share/rmf_demos_assets/models/CleanerBotA/meshes
[3.190s] -- Installing: /home/usuario/rmf_ws/install/rmf_demos_assets/share/rmf_demos_assets/models/CleanerBotA/meshes/CleanerBotA.mtl
[3.191s] -- Installing: /home/usuario/rmf_ws/install/rmf_demos_assets/share/rmf_demos_assets/models/CleanerBotA/meshes/CleanerBotA_WheelFront.mtl
[3.192s] -- Installing: /home/usuario/rmf_ws/install/rmf_demos_assets/share/rmf_demos_assets/models/CleanerBotA/meshes/CleanerBotA_WheelBack.obj
[3.193s] -- Installing: /home/usuario/rmf_ws/install/rmf_demos_assets/share/rmf_demos_assets/models/CleanerBotA/meshes/CleanerBotA_WheelBack.mtl
[3.193s] -- Installing: /home/usuario/rmf_ws/install/rmf_demos_assets/share/rmf_demos_assets/models/CleanerBotA/meshes/CleanerBotA.obj
[3.198s] -- Installing: /home/usuario/rmf_ws/install/rmf_demos_assets/share/rmf_demos_assets/models/CleanerBotA/meshes/CleanerBotA_WheelFront.obj
[3.198s] -- Installing: /home/usuario/rmf_ws/install/rmf_demos_assets/share/rmf_demos_assets/models/CleanerBotA/meshes/CleanerBotA_Diffuse.png
[3.208s] -- Installing: /home/usuario/rmf_ws/install/rmf_demos_assets/share/rmf_demos_assets/models/CleanerBotA/model.config
[3.209s] -- Installing: /home/usuario/rmf_ws/install/rmf_demos_assets/share/rmf_demos_assets/models/CleanerBotA/model.sdf
[3.210s] -- Installing: /home/usuario/rmf_ws/install/rmf_demos_assets/share/rmf_demos_assets/models/Caddy
[3.210s] -- Installing: /home/usuario/rmf_ws/install/rmf_demos_assets/share/rmf_demos_assets/models/Caddy/meshes
[3.210s] -- Installing: /home/usuario/rmf_ws/install/rmf_demos_assets/share/rmf_demos_assets/models/Caddy/meshes/polaris.dae
[3.229s] -- Installing: /home/usuario/rmf_ws/install/rmf_demos_assets/share/rmf_demos_assets/models/Caddy/materials
[3.229s] -- Installing: /home/usuario/rmf_ws/install/rmf_demos_assets/share/rmf_demos_assets/models/Caddy/materials/textures
[3.229s] -- Installing: /home/usuario/rmf_ws/install/rmf_demos_assets/share/rmf_demos_assets/models/Caddy/materials/textures/Ranger_Diffuse.png
[3.250s] -- Installing: /home/usuario/rmf_ws/install/rmf_demos_assets/share/rmf_demos_assets/models/Caddy/materials/textures/FNR_switch_R.png
[3.250s] -- Installing: /home/usuario/rmf_ws/install/rmf_demos_assets/share/rmf_demos_assets/models/Caddy/materials/textures/FNR_switch_F.png
[3.251s] -- Installing: /home/usuario/rmf_ws/install/rmf_demos_assets/share/rmf_demos_assets/models/Caddy/materials/textures/Ranger_Spec.png
[3.273s] -- Installing: /home/usuario/rmf_ws/install/rmf_demos_assets/share/rmf_demos_assets/models/Caddy/materials/scripts
[3.273s] -- Installing: /home/usuario/rmf_ws/install/rmf_demos_assets/share/rmf_demos_assets/models/Caddy/materials/scripts/polaris.material
[3.275s] -- Installing: /home/usuario/rmf_ws/install/rmf_demos_assets/share/rmf_demos_assets/models/Caddy/model-1_3.sdf
[3.276s] -- Installing: /home/usuario/rmf_ws/install/rmf_demos_assets/share/rmf_demos_assets/models/Caddy/model.config
[3.277s] -- Installing: /home/usuario/rmf_ws/install/rmf_demos_assets/share/rmf_demos_assets/models/Caddy/model.sdf
[3.278s] -- Installing: /home/usuario/rmf_ws/install/rmf_demos_assets/share/rmf_demos_assets/models/Caddy/model-1_4.sdf
[3.279s] -- Installing: /home/usuario/rmf_ws/install/rmf_demos_assets/share/rmf_demos_assets/models/TeleportDispenser
[3.279s] -- Installing: /home/usuario/rmf_ws/install/rmf_demos_assets/share/rmf_demos_assets/models/TeleportDispenser/model.config
[3.280s] -- Installing: /home/usuario/rmf_ws/install/rmf_demos_assets/share/rmf_demos_assets/models/TeleportDispenser/model.sdf
[3.280s] -- Installing: /home/usuario/rmf_ws/install/rmf_demos_assets/share/rmf_demos_assets/models/TinyRobot
[3.280s] -- Installing: /home/usuario/rmf_ws/install/rmf_demos_assets/share/rmf_demos_assets/models/TinyRobot/meshes
[3.281s] -- Installing: /home/usuario/rmf_ws/install/rmf_demos_assets/share/rmf_demos_assets/models/TinyRobot/meshes/tinyRobot_body.dae
[3.285s] -- Installing: /home/usuario/rmf_ws/install/rmf_demos_assets/share/rmf_demos_assets/models/TinyRobot/meshes/caster_wheel.dae
[3.289s] -- Installing: /home/usuario/rmf_ws/install/rmf_demos_assets/share/rmf_demos_assets/models/TinyRobot/meshes/front_wheel.dae
[3.294s] -- Installing: /home/usuario/rmf_ws/install/rmf_demos_assets/share/rmf_demos_assets/models/TinyRobot/meshes/sensors
[3.294s] -- Installing: /home/usuario/rmf_ws/install/rmf_demos_assets/share/rmf_demos_assets/models/TinyRobot/meshes/sensors/sonar_hc-sr04.dae
[3.296s] -- Installing: /home/usuario/rmf_ws/install/rmf_demos_assets/share/rmf_demos_assets/models/TinyRobot/meshes/sensors/raspi_camera.dae
[3.298s] -- Installing: /home/usuario/rmf_ws/install/rmf_demos_assets/share/rmf_demos_assets/models/TinyRobot/model.config
[3.299s] -- Installing: /home/usuario/rmf_ws/install/rmf_demos_assets/share/rmf_demos_assets/models/TinyRobot/model.sdf
[3.300s] -- Installing: /home/usuario/rmf_ws/install/rmf_demos_assets/share/rmf_demos_assets/models/RobotPlaceholder
[3.300s] -- Installing: /home/usuario/rmf_ws/install/rmf_demos_assets/share/rmf_demos_assets/models/RobotPlaceholder/model.config
[3.302s] -- Installing: /home/usuario/rmf_ws/install/rmf_demos_assets/share/rmf_demos_assets/models/RobotPlaceholder/model.sdf
[3.303s] -- Installing: /home/usuario/rmf_ws/install/rmf_demos_assets/share/rmf_demos_assets/models/CleanerBotE
[3.303s] -- Installing: /home/usuario/rmf_ws/install/rmf_demos_assets/share/rmf_demos_assets/models/CleanerBotE/meshes
[3.304s] -- Installing: /home/usuario/rmf_ws/install/rmf_demos_assets/share/rmf_demos_assets/models/CleanerBotE/meshes/CleanerBotE_Wheel.obj
[3.305s] -- Installing: /home/usuario/rmf_ws/install/rmf_demos_assets/share/rmf_demos_assets/models/CleanerBotE/meshes/CleanerBotE.obj
[3.310s] -- Installing: /home/usuario/rmf_ws/install/rmf_demos_assets/share/rmf_demos_assets/models/CleanerBotE/meshes/CleanerBotE_Col.mtl
[3.312s] -- Installing: /home/usuario/rmf_ws/install/rmf_demos_assets/share/rmf_demos_assets/models/CleanerBotE/meshes/CleanerBotE_Wheel.mtl
[3.313s] -- Installing: /home/usuario/rmf_ws/install/rmf_demos_assets/share/rmf_demos_assets/models/CleanerBotE/meshes/CleanerBotE_Col.obj
[3.314s] -- Installing: /home/usuario/rmf_ws/install/rmf_demos_assets/share/rmf_demos_assets/models/CleanerBotE/meshes/CleanerBotE.mtl
[3.316s] -- Installing: /home/usuario/rmf_ws/install/rmf_demos_assets/share/rmf_demos_assets/models/CleanerBotE/meshes/CleanerBotE_Diffuse.png
[3.328s] -- Installing: /home/usuario/rmf_ws/install/rmf_demos_assets/share/rmf_demos_assets/models/CleanerBotE/model.config
[3.329s] -- Installing: /home/usuario/rmf_ws/install/rmf_demos_assets/share/rmf_demos_assets/models/CleanerBotE/model.sdf
[3.331s] -- Installing: /home/usuario/rmf_ws/install/rmf_demos_assets/share/ament_index/resource_index/package_run_dependencies/rmf_demos_assets
[3.333s] -- Installing: /home/usuario/rmf_ws/install/rmf_demos_assets/share/ament_index/resource_index/parent_prefix_path/rmf_demos_assets
[3.334s] -- Installing: /home/usuario/rmf_ws/install/rmf_demos_assets/share/rmf_demos_assets/environment/ament_prefix_path.sh
[3.335s] -- Installing: /home/usuario/rmf_ws/install/rmf_demos_assets/share/rmf_demos_assets/environment/ament_prefix_path.dsv
[3.337s] -- Installing: /home/usuario/rmf_ws/install/rmf_demos_assets/share/rmf_demos_assets/environment/path.sh
[3.338s] -- Installing: /home/usuario/rmf_ws/install/rmf_demos_assets/share/rmf_demos_assets/environment/path.dsv
[3.339s] -- Installing: /home/usuario/rmf_ws/install/rmf_demos_assets/share/rmf_demos_assets/local_setup.bash
[3.340s] -- Installing: /home/usuario/rmf_ws/install/rmf_demos_assets/share/rmf_demos_assets/local_setup.sh
[3.342s] -- Installing: /home/usuario/rmf_ws/install/rmf_demos_assets/share/rmf_demos_assets/local_setup.zsh
[3.343s] -- Installing: /home/usuario/rmf_ws/install/rmf_demos_assets/share/rmf_demos_assets/local_setup.dsv
[3.344s] -- Installing: /home/usuario/rmf_ws/install/rmf_demos_assets/share/rmf_demos_assets/package.dsv
[3.346s] -- Installing: /home/usuario/rmf_ws/install/rmf_demos_assets/share/ament_index/resource_index/packages/rmf_demos_assets
[3.348s] -- Installing: /home/usuario/rmf_ws/install/rmf_demos_assets/share/rmf_demos_assets/cmake/rmf_demos_assetsConfig.cmake
[3.349s] -- Installing: /home/usuario/rmf_ws/install/rmf_demos_assets/share/rmf_demos_assets/cmake/rmf_demos_assetsConfig-version.cmake
[3.350s] -- Installing: /home/usuario/rmf_ws/install/rmf_demos_assets/share/rmf_demos_assets/package.xml
[3.358s] Invoked command in '/home/usuario/rmf_ws/build/rmf_demos_assets' returned '0': CMAKE_PREFIX_PATH=/rmf_demos_ws/install/rmf_workcell_msgs:/rmf_demos_ws/install/rmf_reservation_node:/rmf_demos_ws/install/rmf_demos_gz:/rmf_demos_ws/install/rmf_demos:/rmf_demos_ws/install/rmf_fleet_adapter_python:/rmf_demos_ws/install/rmf_fleet_adapter:/rmf_demos_ws/install/rmf_task_ros2:/rmf_demos_ws/install/rmf_websocket:/rmf_demos_ws/install/rmf_visualization:/rmf_demos_ws/install/rmf_visualization_schedule:/rmf_demos_ws/install/rmf_visualization_rviz2_plugins:/rmf_demos_ws/install/rmf_visualization_obstacles:/rmf_demos_ws/install/rmf_visualization_navgraphs:/rmf_demos_ws/install/rmf_visualization_floorplans:/rmf_demos_ws/install/rmf_visualization_fleet_states:/rmf_demos_ws/install/rmf_visualization_msgs:/rmf_demos_ws/install/rmf_traffic_ros2:/rmf_demos_ws/install/rmf_task_sequence:/rmf_demos_ws/install/rmf_task:/rmf_demos_ws/install/rmf_battery:/rmf_demos_ws/install/rmf_traffic:/rmf_demos_ws/install/rmf_utils:/rmf_demos_ws/install/rmf_traffic_msgs:/rmf_demos_ws/install/rmf_traffic_editor_test_maps:/rmf_demos_ws/install/rmf_traffic_editor_assets:/rmf_demos_ws/install/rmf_traffic_editor:/rmf_demos_ws/install/rmf_task_msgs:/rmf_demos_ws/install/rmf_site_map_msgs:/rmf_demos_ws/install/rmf_scheduler_msgs:/rmf_demos_ws/install/rmf_robot_sim_gz_plugins:/rmf_demos_ws/install/rmf_robot_sim_common:/rmf_demos_ws/install/rmf_reservation_msgs:/rmf_demos_ws/install/rmf_obstacle_msgs:/rmf_demos_ws/install/rmf_building_sim_gz_plugins:/rmf_demos_ws/install/rmf_lift_msgs:/rmf_demos_ws/install/rmf_ingestor_msgs:/rmf_demos_ws/install/rmf_fleet_msgs:/rmf_demos_ws/install/rmf_door_msgs:/rmf_demos_ws/install/rmf_dispenser_msgs:/rmf_demos_ws/install/rmf_demos_maps:/rmf_demos_ws/install/rmf_demos_assets:/rmf_demos_ws/install/rmf_charger_msgs:/rmf_demos_ws/install/rmf_building_map_msgs:/rmf_demos_ws/install/rmf_api_msgs:/rmf_demos_ws/install/pybind11_json_vendor:/rmf_demos_ws/install/nlohmann_json_schema_validator_vendor:/rmf_demos_ws/install/rmf_demos_fleet_adapter:/rmf_demos_ws/install/rmf_visualization_building_systems:/rmf_demos_ws/install/rmf_traffic_examples:/rmf_demos_ws/install/rmf_demos_bridges:/rmf_demos_ws/install/rmf_demos_tasks:/rmf_demos_ws/install/rmf_building_map_tools:/rmf_demos_ws/install/rmf_charging_schedule:/opt/ros/jazzy:/rmf_demos_ws/install/menge_vendor:/rmf_demos_ws/install/ament_cmake_catch2:/opt/ros/jazzy/opt/gz_sim_vendor:/opt/ros/jazzy/opt/gz_sensors_vendor:/opt/ros/jazzy/opt/gz_physics_vendor:/opt/ros/jazzy/opt/sdformat_vendor:/opt/ros/jazzy/opt/gz_gui_vendor:/opt/ros/jazzy/opt/gz_transport_vendor:/opt/ros/jazzy/opt/gz_rendering_vendor:/opt/ros/jazzy/opt/gz_plugin_vendor:/opt/ros/jazzy/opt/gz_fuel_tools_vendor:/opt/ros/jazzy/opt/gz_msgs_vendor:/opt/ros/jazzy/opt/gz_common_vendor:/opt/ros/jazzy/opt/gz_math_vendor:/opt/ros/jazzy/opt/gz_utils_vendor:/opt/ros/jazzy/opt/gz_tools_vendor:/opt/ros/jazzy/opt/gz_ogre_next_vendor:/opt/ros/jazzy/opt/gz_dartsim_vendor:/opt/ros/jazzy/opt/gz_cmake_vendor /usr/bin/cmake --install /home/usuario/rmf_ws/build/rmf_demos_assets
