running egg_info
creating ../build/project_fleet_adapter/project_fleet_adapter.egg-info
writing ../build/project_fleet_adapter/project_fleet_adapter.egg-info/PKG-INFO
writing dependency_links to ../build/project_fleet_adapter/project_fleet_adapter.egg-info/dependency_links.txt
writing entry points to ../build/project_fleet_adapter/project_fleet_adapter.egg-info/entry_points.txt
writing requirements to ../build/project_fleet_adapter/project_fleet_adapter.egg-info/requires.txt
writing top-level names to ../build/project_fleet_adapter/project_fleet_adapter.egg-info/top_level.txt
writing manifest file '../build/project_fleet_adapter/project_fleet_adapter.egg-info/SOURCES.txt'
reading manifest file '../build/project_fleet_adapter/project_fleet_adapter.egg-info/SOURCES.txt'
writing manifest file '../build/project_fleet_adapter/project_fleet_adapter.egg-info/SOURCES.txt'
running build
running build_py
creating /home/usuario/Documentos/GitHub/IR2134/TASK3y4_NAT/rmf_ws/src/project/build/project_fleet_adapter/build
creating /home/usuario/Documentos/GitHub/IR2134/TASK3y4_NAT/rmf_ws/src/project/build/project_fleet_adapter/build/lib
creating /home/usuario/Documentos/GitHub/IR2134/TASK3y4_NAT/rmf_ws/src/project/build/project_fleet_adapter/build/lib/project_fleet_adapter
copying project_fleet_adapter/fleet_adapter.py -> /home/usuario/Documentos/GitHub/IR2134/TASK3y4_NAT/rmf_ws/src/project/build/project_fleet_adapter/build/lib/project_fleet_adapter
copying project_fleet_adapter/manage_lane.py -> /home/usuario/Documentos/GitHub/IR2134/TASK3y4_NAT/rmf_ws/src/project/build/project_fleet_adapter/build/lib/project_fleet_adapter
copying project_fleet_adapter/fleet_manager.py -> /home/usuario/Documentos/GitHub/IR2134/TASK3y4_NAT/rmf_ws/src/project/build/project_fleet_adapter/build/lib/project_fleet_adapter
copying project_fleet_adapter/RobotClientAPI.py -> /home/usuario/Documentos/GitHub/IR2134/TASK3y4_NAT/rmf_ws/src/project/build/project_fleet_adapter/build/lib/project_fleet_adapter
copying project_fleet_adapter/__init__.py -> /home/usuario/Documentos/GitHub/IR2134/TASK3y4_NAT/rmf_ws/src/project/build/project_fleet_adapter/build/lib/project_fleet_adapter
creating /home/usuario/Documentos/GitHub/IR2134/TASK3y4_NAT/rmf_ws/src/project/build/project_fleet_adapter/build/lib/test
copying test/test_copyright.py -> /home/usuario/Documentos/GitHub/IR2134/TASK3y4_NAT/rmf_ws/src/project/build/project_fleet_adapter/build/lib/test
copying test/test_flake8.py -> /home/usuario/Documentos/GitHub/IR2134/TASK3y4_NAT/rmf_ws/src/project/build/project_fleet_adapter/build/lib/test
copying test/test_pep257.py -> /home/usuario/Documentos/GitHub/IR2134/TASK3y4_NAT/rmf_ws/src/project/build/project_fleet_adapter/build/lib/test
copying test/__init__.py -> /home/usuario/Documentos/GitHub/IR2134/TASK3y4_NAT/rmf_ws/src/project/build/project_fleet_adapter/build/lib/test
running install
running install_lib
running install_data
running install_egg_info
removing '/home/usuario/Documentos/GitHub/IR2134/TASK3y4_NAT/rmf_ws/src/project/install/project_fleet_adapter/lib/python3.10/site-packages/project_fleet_adapter-2.5.0-py3.10.egg-info' (and everything under it)
Copying ../build/project_fleet_adapter/project_fleet_adapter.egg-info to /home/usuario/Documentos/GitHub/IR2134/TASK3y4_NAT/rmf_ws/src/project/install/project_fleet_adapter/lib/python3.10/site-packages/project_fleet_adapter-2.5.0-py3.10.egg-info
running install_scripts
Installing fleet_adapter script to /home/usuario/Documentos/GitHub/IR2134/TASK3y4_NAT/rmf_ws/src/project/install/project_fleet_adapter/lib/project_fleet_adapter
Installing fleet_manager script to /home/usuario/Documentos/GitHub/IR2134/TASK3y4_NAT/rmf_ws/src/project/install/project_fleet_adapter/lib/project_fleet_adapter
Installing manage_lane script to /home/usuario/Documentos/GitHub/IR2134/TASK3y4_NAT/rmf_ws/src/project/install/project_fleet_adapter/lib/project_fleet_adapter
writing list of installed files to '/home/usuario/Documentos/GitHub/IR2134/TASK3y4_NAT/rmf_ws/src/project/build/project_fleet_adapter/install.log'
