[0.298s] DEBUG:colcon:Command line arguments: ['/usr/bin/colcon', 'build']
[0.299s] DEBUG:colcon:Parsed command line arguments: Namespace(log_base=None, log_level=None, verb_name='build', build_base='build', install_base='install', merge_install=False, symlink_install=False, test_result_base=None, continue_on_error=False, executor='parallel', parallel_workers=4, event_handlers=None, ignore_user_meta=False, metas=['./colcon.meta'], base_paths=['.'], packages_ignore=None, packages_ignore_regex=None, paths=None, packages_up_to=None, packages_up_to_regex=None, packages_above=None, packages_above_and_dependencies=None, packages_above_depth=None, packages_select_by_dep=None, packages_skip_by_dep=None, packages_skip_up_to=None, packages_select_build_failed=False, packages_skip_build_finished=False, packages_select_test_failures=False, packages_skip_test_passed=False, packages_select=None, packages_skip=None, packages_select_regex=None, packages_skip_regex=None, packages_start=None, packages_end=None, allow_overriding=[], cmake_args=None, cmake_target=None, cmake_target_skip_unavailable=False, cmake_clean_cache=False, cmake_clean_first=False, cmake_force_configure=False, ament_cmake_args=None, catkin_cmake_args=None, catkin_skip_building_tests=False, mixin_files=None, mixin=None, verb_parser=<colcon_mixin.mixin.mixin_argument.MixinArgumentDecorator object at 0x742b9997c790>, verb_extension=<colcon_core.verb.build.BuildVerb object at 0x742b9997c160>, main=<bound method BuildVerb.main of <colcon_core.verb.build.BuildVerb object at 0x742b9997c160>>, mixin_verb=('build',))
[0.575s] Level 1:colcon.colcon_core.package_discovery:discover_packages(colcon_meta) check parameters
[0.576s] Level 1:colcon.colcon_core.package_discovery:discover_packages(recursive) check parameters
[0.576s] Level 1:colcon.colcon_core.package_discovery:discover_packages(ignore) check parameters
[0.576s] Level 1:colcon.colcon_core.package_discovery:discover_packages(path) check parameters
[0.576s] Level 1:colcon.colcon_core.package_discovery:discover_packages(colcon_meta) discover
[0.576s] Level 1:colcon.colcon_core.package_discovery:discover_packages(recursive) discover
[0.576s] INFO:colcon.colcon_core.package_discovery:Crawling recursively for packages in '/home/usuario/GitHub/IR2134/TASK3y4_NAT/rmf_ws/src/project'
[0.576s] Level 1:colcon.colcon_core.package_identification:_identify(.) by extensions ['ignore', 'ignore_ament_install']
[0.576s] Level 1:colcon.colcon_core.package_identification:_identify(.) by extension 'ignore'
[0.576s] Level 1:colcon.colcon_core.package_identification:_identify(.) by extension 'ignore_ament_install'
[0.576s] Level 1:colcon.colcon_core.package_identification:_identify(.) by extensions ['colcon_pkg']
[0.576s] Level 1:colcon.colcon_core.package_identification:_identify(.) by extension 'colcon_pkg'
[0.576s] Level 1:colcon.colcon_core.package_identification:_identify(.) by extensions ['colcon_meta']
[0.576s] Level 1:colcon.colcon_core.package_identification:_identify(.) by extension 'colcon_meta'
[0.576s] Level 1:colcon.colcon_core.package_identification:_identify(.) by extensions ['ros']
[0.576s] Level 1:colcon.colcon_core.package_identification:_identify(.) by extension 'ros'
[0.595s] Level 1:colcon.colcon_core.package_identification:_identify(.) by extensions ['cmake', 'python']
[0.595s] Level 1:colcon.colcon_core.package_identification:_identify(.) by extension 'cmake'
[0.595s] Level 1:colcon.colcon_core.package_identification:_identify(.) by extension 'python'
[0.595s] Level 1:colcon.colcon_core.package_identification:_identify(.) by extensions ['python_setup_py']
[0.595s] Level 1:colcon.colcon_core.package_identification:_identify(.) by extension 'python_setup_py'
[0.595s] Level 1:colcon.colcon_core.package_identification:_identify(build) by extensions ['ignore', 'ignore_ament_install']
[0.595s] Level 1:colcon.colcon_core.package_identification:_identify(build) by extension 'ignore'
[0.595s] Level 1:colcon.colcon_core.package_identification:_identify(build) ignored
[0.595s] Level 1:colcon.colcon_core.package_identification:_identify(install) by extensions ['ignore', 'ignore_ament_install']
[0.595s] Level 1:colcon.colcon_core.package_identification:_identify(install) by extension 'ignore'
[0.595s] Level 1:colcon.colcon_core.package_identification:_identify(install) ignored
[0.595s] Level 1:colcon.colcon_core.package_identification:_identify(log) by extensions ['ignore', 'ignore_ament_install']
[0.595s] Level 1:colcon.colcon_core.package_identification:_identify(log) by extension 'ignore'
[0.595s] Level 1:colcon.colcon_core.package_identification:_identify(log) ignored
[0.596s] Level 1:colcon.colcon_core.package_identification:_identify(project_assets) by extensions ['ignore', 'ignore_ament_install']
[0.596s] Level 1:colcon.colcon_core.package_identification:_identify(project_assets) by extension 'ignore'
[0.596s] Level 1:colcon.colcon_core.package_identification:_identify(project_assets) by extension 'ignore_ament_install'
[0.596s] Level 1:colcon.colcon_core.package_identification:_identify(project_assets) by extensions ['colcon_pkg']
[0.596s] Level 1:colcon.colcon_core.package_identification:_identify(project_assets) by extension 'colcon_pkg'
[0.596s] Level 1:colcon.colcon_core.package_identification:_identify(project_assets) by extensions ['colcon_meta']
[0.596s] Level 1:colcon.colcon_core.package_identification:_identify(project_assets) by extension 'colcon_meta'
[0.596s] Level 1:colcon.colcon_core.package_identification:_identify(project_assets) by extensions ['ros']
[0.596s] Level 1:colcon.colcon_core.package_identification:_identify(project_assets) by extension 'ros'
[0.604s] DEBUG:colcon.colcon_core.package_identification:Package 'project_assets' with type 'ros.ament_cmake' and name 'project_assets'
[0.604s] Level 1:colcon.colcon_core.package_identification:_identify(project_config) by extensions ['ignore', 'ignore_ament_install']
[0.604s] Level 1:colcon.colcon_core.package_identification:_identify(project_config) by extension 'ignore'
[0.604s] Level 1:colcon.colcon_core.package_identification:_identify(project_config) by extension 'ignore_ament_install'
[0.604s] Level 1:colcon.colcon_core.package_identification:_identify(project_config) by extensions ['colcon_pkg']
[0.604s] Level 1:colcon.colcon_core.package_identification:_identify(project_config) by extension 'colcon_pkg'
[0.604s] Level 1:colcon.colcon_core.package_identification:_identify(project_config) by extensions ['colcon_meta']
[0.604s] Level 1:colcon.colcon_core.package_identification:_identify(project_config) by extension 'colcon_meta'
[0.604s] Level 1:colcon.colcon_core.package_identification:_identify(project_config) by extensions ['ros']
[0.604s] Level 1:colcon.colcon_core.package_identification:_identify(project_config) by extension 'ros'
[0.608s] DEBUG:colcon.colcon_core.package_identification:Package 'project_config' with type 'ros.ament_cmake' and name 'project_config'
[0.609s] Level 1:colcon.colcon_core.package_identification:_identify(project_fleet_adapter) by extensions ['ignore', 'ignore_ament_install']
[0.609s] Level 1:colcon.colcon_core.package_identification:_identify(project_fleet_adapter) by extension 'ignore'
[0.609s] Level 1:colcon.colcon_core.package_identification:_identify(project_fleet_adapter) by extension 'ignore_ament_install'
[0.609s] Level 1:colcon.colcon_core.package_identification:_identify(project_fleet_adapter) by extensions ['colcon_pkg']
[0.609s] Level 1:colcon.colcon_core.package_identification:_identify(project_fleet_adapter) by extension 'colcon_pkg'
[0.609s] Level 1:colcon.colcon_core.package_identification:_identify(project_fleet_adapter) by extensions ['colcon_meta']
[0.609s] Level 1:colcon.colcon_core.package_identification:_identify(project_fleet_adapter) by extension 'colcon_meta'
[0.609s] Level 1:colcon.colcon_core.package_identification:_identify(project_fleet_adapter) by extensions ['ros']
[0.609s] Level 1:colcon.colcon_core.package_identification:_identify(project_fleet_adapter) by extension 'ros'
[0.613s] DEBUG:colcon.colcon_core.package_identification:Package 'project_fleet_adapter' with type 'ros.ament_python' and name 'project_fleet_adapter'
[0.613s] Level 1:colcon.colcon_core.package_identification:_identify(project_maps) by extensions ['ignore', 'ignore_ament_install']
[0.613s] Level 1:colcon.colcon_core.package_identification:_identify(project_maps) by extension 'ignore'
[0.614s] Level 1:colcon.colcon_core.package_identification:_identify(project_maps) by extension 'ignore_ament_install'
[0.614s] Level 1:colcon.colcon_core.package_identification:_identify(project_maps) by extensions ['colcon_pkg']
[0.614s] Level 1:colcon.colcon_core.package_identification:_identify(project_maps) by extension 'colcon_pkg'
[0.614s] Level 1:colcon.colcon_core.package_identification:_identify(project_maps) by extensions ['colcon_meta']
[0.614s] Level 1:colcon.colcon_core.package_identification:_identify(project_maps) by extension 'colcon_meta'
[0.614s] Level 1:colcon.colcon_core.package_identification:_identify(project_maps) by extensions ['ros']
[0.614s] Level 1:colcon.colcon_core.package_identification:_identify(project_maps) by extension 'ros'
[0.618s] DEBUG:colcon.colcon_core.package_identification:Package 'project_maps' with type 'ros.ament_cmake' and name 'project_maps'
[0.618s] Level 1:colcon.colcon_core.package_identification:_identify(project_simulation) by extensions ['ignore', 'ignore_ament_install']
[0.618s] Level 1:colcon.colcon_core.package_identification:_identify(project_simulation) by extension 'ignore'
[0.618s] Level 1:colcon.colcon_core.package_identification:_identify(project_simulation) by extension 'ignore_ament_install'
[0.618s] Level 1:colcon.colcon_core.package_identification:_identify(project_simulation) by extensions ['colcon_pkg']
[0.618s] Level 1:colcon.colcon_core.package_identification:_identify(project_simulation) by extension 'colcon_pkg'
[0.618s] Level 1:colcon.colcon_core.package_identification:_identify(project_simulation) by extensions ['colcon_meta']
[0.618s] Level 1:colcon.colcon_core.package_identification:_identify(project_simulation) by extension 'colcon_meta'
[0.618s] Level 1:colcon.colcon_core.package_identification:_identify(project_simulation) by extensions ['ros']
[0.618s] Level 1:colcon.colcon_core.package_identification:_identify(project_simulation) by extension 'ros'
[0.622s] DEBUG:colcon.colcon_core.package_identification:Package 'project_simulation' with type 'ros.ament_cmake' and name 'project_simulation'
[0.623s] Level 1:colcon.colcon_core.package_discovery:discover_packages(recursive) using defaults
[0.623s] Level 1:colcon.colcon_core.package_discovery:discover_packages(ignore) discover
[0.623s] Level 1:colcon.colcon_core.package_discovery:discover_packages(ignore) using defaults
[0.623s] Level 1:colcon.colcon_core.package_discovery:discover_packages(path) discover
[0.623s] Level 1:colcon.colcon_core.package_discovery:discover_packages(path) using defaults
[0.699s] Level 1:colcon.colcon_core.package_discovery:discover_packages(prefix_path) check parameters
[0.699s] Level 1:colcon.colcon_core.package_discovery:discover_packages(prefix_path) discover
[0.701s] Level 1:colcon.colcon_core.package_discovery:discover_packages(prefix_path) using defaults
[0.703s] Level 5:colcon.colcon_core.verb:set package 'project_assets' build argument 'cmake_args' from command line to 'None'
[0.703s] Level 5:colcon.colcon_core.verb:set package 'project_assets' build argument 'cmake_target' from command line to 'None'
[0.703s] Level 5:colcon.colcon_core.verb:set package 'project_assets' build argument 'cmake_target_skip_unavailable' from command line to 'False'
[0.703s] Level 5:colcon.colcon_core.verb:set package 'project_assets' build argument 'cmake_clean_cache' from command line to 'False'
[0.703s] Level 5:colcon.colcon_core.verb:set package 'project_assets' build argument 'cmake_clean_first' from command line to 'False'
[0.703s] Level 5:colcon.colcon_core.verb:set package 'project_assets' build argument 'cmake_force_configure' from command line to 'False'
[0.703s] Level 5:colcon.colcon_core.verb:set package 'project_assets' build argument 'ament_cmake_args' from command line to 'None'
[0.703s] Level 5:colcon.colcon_core.verb:set package 'project_assets' build argument 'catkin_cmake_args' from command line to 'None'
[0.703s] Level 5:colcon.colcon_core.verb:set package 'project_assets' build argument 'catkin_skip_building_tests' from command line to 'False'
[0.703s] DEBUG:colcon.colcon_core.verb:Building package 'project_assets' with the following arguments: {'ament_cmake_args': None, 'build_base': '/home/usuario/GitHub/IR2134/TASK3y4_NAT/rmf_ws/src/project/build/project_assets', 'catkin_cmake_args': None, 'catkin_skip_building_tests': False, 'cmake_args': None, 'cmake_clean_cache': False, 'cmake_clean_first': False, 'cmake_force_configure': False, 'cmake_target': None, 'cmake_target_skip_unavailable': False, 'install_base': '/home/usuario/GitHub/IR2134/TASK3y4_NAT/rmf_ws/src/project/install/project_assets', 'merge_install': False, 'path': '/home/usuario/GitHub/IR2134/TASK3y4_NAT/rmf_ws/src/project/project_assets', 'symlink_install': False, 'test_result_base': None}
[0.704s] Level 5:colcon.colcon_core.verb:set package 'project_fleet_adapter' build argument 'cmake_args' from command line to 'None'
[0.704s] Level 5:colcon.colcon_core.verb:set package 'project_fleet_adapter' build argument 'cmake_target' from command line to 'None'
[0.704s] Level 5:colcon.colcon_core.verb:set package 'project_fleet_adapter' build argument 'cmake_target_skip_unavailable' from command line to 'False'
[0.704s] Level 5:colcon.colcon_core.verb:set package 'project_fleet_adapter' build argument 'cmake_clean_cache' from command line to 'False'
[0.704s] Level 5:colcon.colcon_core.verb:set package 'project_fleet_adapter' build argument 'cmake_clean_first' from command line to 'False'
[0.704s] Level 5:colcon.colcon_core.verb:set package 'project_fleet_adapter' build argument 'cmake_force_configure' from command line to 'False'
[0.704s] Level 5:colcon.colcon_core.verb:set package 'project_fleet_adapter' build argument 'ament_cmake_args' from command line to 'None'
[0.704s] Level 5:colcon.colcon_core.verb:set package 'project_fleet_adapter' build argument 'catkin_cmake_args' from command line to 'None'
[0.704s] Level 5:colcon.colcon_core.verb:set package 'project_fleet_adapter' build argument 'catkin_skip_building_tests' from command line to 'False'
[0.704s] DEBUG:colcon.colcon_core.verb:Building package 'project_fleet_adapter' with the following arguments: {'ament_cmake_args': None, 'build_base': '/home/usuario/GitHub/IR2134/TASK3y4_NAT/rmf_ws/src/project/build/project_fleet_adapter', 'catkin_cmake_args': None, 'catkin_skip_building_tests': False, 'cmake_args': None, 'cmake_clean_cache': False, 'cmake_clean_first': False, 'cmake_force_configure': False, 'cmake_target': None, 'cmake_target_skip_unavailable': False, 'install_base': '/home/usuario/GitHub/IR2134/TASK3y4_NAT/rmf_ws/src/project/install/project_fleet_adapter', 'merge_install': False, 'path': '/home/usuario/GitHub/IR2134/TASK3y4_NAT/rmf_ws/src/project/project_fleet_adapter', 'symlink_install': False, 'test_result_base': None}
[0.704s] Level 5:colcon.colcon_core.verb:set package 'project_maps' build argument 'cmake_args' from command line to 'None'
[0.704s] Level 5:colcon.colcon_core.verb:set package 'project_maps' build argument 'cmake_target' from command line to 'None'
[0.704s] Level 5:colcon.colcon_core.verb:set package 'project_maps' build argument 'cmake_target_skip_unavailable' from command line to 'False'
[0.704s] Level 5:colcon.colcon_core.verb:set package 'project_maps' build argument 'cmake_clean_cache' from command line to 'False'
[0.704s] Level 5:colcon.colcon_core.verb:set package 'project_maps' build argument 'cmake_clean_first' from command line to 'False'
[0.704s] Level 5:colcon.colcon_core.verb:set package 'project_maps' build argument 'cmake_force_configure' from command line to 'False'
[0.704s] Level 5:colcon.colcon_core.verb:set package 'project_maps' build argument 'ament_cmake_args' from command line to 'None'
[0.704s] Level 5:colcon.colcon_core.verb:set package 'project_maps' build argument 'catkin_cmake_args' from command line to 'None'
[0.704s] Level 5:colcon.colcon_core.verb:set package 'project_maps' build argument 'catkin_skip_building_tests' from command line to 'False'
[0.704s] DEBUG:colcon.colcon_core.verb:Building package 'project_maps' with the following arguments: {'ament_cmake_args': None, 'build_base': '/home/usuario/GitHub/IR2134/TASK3y4_NAT/rmf_ws/src/project/build/project_maps', 'catkin_cmake_args': None, 'catkin_skip_building_tests': False, 'cmake_args': None, 'cmake_clean_cache': False, 'cmake_clean_first': False, 'cmake_force_configure': False, 'cmake_target': None, 'cmake_target_skip_unavailable': False, 'install_base': '/home/usuario/GitHub/IR2134/TASK3y4_NAT/rmf_ws/src/project/install/project_maps', 'merge_install': False, 'path': '/home/usuario/GitHub/IR2134/TASK3y4_NAT/rmf_ws/src/project/project_maps', 'symlink_install': False, 'test_result_base': None}
[0.705s] Level 5:colcon.colcon_core.verb:set package 'project_simulation' build argument 'cmake_args' from command line to 'None'
[0.705s] Level 5:colcon.colcon_core.verb:set package 'project_simulation' build argument 'cmake_target' from command line to 'None'
[0.705s] Level 5:colcon.colcon_core.verb:set package 'project_simulation' build argument 'cmake_target_skip_unavailable' from command line to 'False'
[0.705s] Level 5:colcon.colcon_core.verb:set package 'project_simulation' build argument 'cmake_clean_cache' from command line to 'False'
[0.705s] Level 5:colcon.colcon_core.verb:set package 'project_simulation' build argument 'cmake_clean_first' from command line to 'False'
[0.705s] Level 5:colcon.colcon_core.verb:set package 'project_simulation' build argument 'cmake_force_configure' from command line to 'False'
[0.705s] Level 5:colcon.colcon_core.verb:set package 'project_simulation' build argument 'ament_cmake_args' from command line to 'None'
[0.705s] Level 5:colcon.colcon_core.verb:set package 'project_simulation' build argument 'catkin_cmake_args' from command line to 'None'
[0.705s] Level 5:colcon.colcon_core.verb:set package 'project_simulation' build argument 'catkin_skip_building_tests' from command line to 'False'
[0.705s] DEBUG:colcon.colcon_core.verb:Building package 'project_simulation' with the following arguments: {'ament_cmake_args': None, 'build_base': '/home/usuario/GitHub/IR2134/TASK3y4_NAT/rmf_ws/src/project/build/project_simulation', 'catkin_cmake_args': None, 'catkin_skip_building_tests': False, 'cmake_args': None, 'cmake_clean_cache': False, 'cmake_clean_first': False, 'cmake_force_configure': False, 'cmake_target': None, 'cmake_target_skip_unavailable': False, 'install_base': '/home/usuario/GitHub/IR2134/TASK3y4_NAT/rmf_ws/src/project/install/project_simulation', 'merge_install': False, 'path': '/home/usuario/GitHub/IR2134/TASK3y4_NAT/rmf_ws/src/project/project_simulation', 'symlink_install': False, 'test_result_base': None}
[0.706s] Level 5:colcon.colcon_core.verb:set package 'project_config' build argument 'cmake_args' from command line to 'None'
[0.706s] Level 5:colcon.colcon_core.verb:set package 'project_config' build argument 'cmake_target' from command line to 'None'
[0.706s] Level 5:colcon.colcon_core.verb:set package 'project_config' build argument 'cmake_target_skip_unavailable' from command line to 'False'
[0.706s] Level 5:colcon.colcon_core.verb:set package 'project_config' build argument 'cmake_clean_cache' from command line to 'False'
[0.706s] Level 5:colcon.colcon_core.verb:set package 'project_config' build argument 'cmake_clean_first' from command line to 'False'
[0.706s] Level 5:colcon.colcon_core.verb:set package 'project_config' build argument 'cmake_force_configure' from command line to 'False'
[0.706s] Level 5:colcon.colcon_core.verb:set package 'project_config' build argument 'ament_cmake_args' from command line to 'None'
[0.706s] Level 5:colcon.colcon_core.verb:set package 'project_config' build argument 'catkin_cmake_args' from command line to 'None'
[0.706s] Level 5:colcon.colcon_core.verb:set package 'project_config' build argument 'catkin_skip_building_tests' from command line to 'False'
[0.706s] DEBUG:colcon.colcon_core.verb:Building package 'project_config' with the following arguments: {'ament_cmake_args': None, 'build_base': '/home/usuario/GitHub/IR2134/TASK3y4_NAT/rmf_ws/src/project/build/project_config', 'catkin_cmake_args': None, 'catkin_skip_building_tests': False, 'cmake_args': None, 'cmake_clean_cache': False, 'cmake_clean_first': False, 'cmake_force_configure': False, 'cmake_target': None, 'cmake_target_skip_unavailable': False, 'install_base': '/home/usuario/GitHub/IR2134/TASK3y4_NAT/rmf_ws/src/project/install/project_config', 'merge_install': False, 'path': '/home/usuario/GitHub/IR2134/TASK3y4_NAT/rmf_ws/src/project/project_config', 'symlink_install': False, 'test_result_base': None}
[0.706s] INFO:colcon.colcon_core.executor:Executing jobs using 'parallel' executor
[0.707s] DEBUG:colcon.colcon_parallel_executor.executor.parallel:run_until_complete
[0.707s] INFO:colcon.colcon_ros.task.ament_cmake.build:Building ROS package in '/home/usuario/GitHub/IR2134/TASK3y4_NAT/rmf_ws/src/project/project_assets' with build type 'ament_cmake'
[0.707s] INFO:colcon.colcon_cmake.task.cmake.build:Building CMake package in '/home/usuario/GitHub/IR2134/TASK3y4_NAT/rmf_ws/src/project/project_assets'
[0.713s] INFO:colcon.colcon_core.plugin_system:Skipping extension 'colcon_core.shell.bat': Not used on non-Windows systems
[0.713s] INFO:colcon.colcon_core.shell:Skip shell extension 'powershell' for command environment: Not usable outside of PowerShell
[0.713s] DEBUG:colcon.colcon_core.shell:Skip shell extension 'dsv' for command environment
[0.715s] INFO:colcon.colcon_ros.task.ament_python.build:Building ROS package in '/home/usuario/GitHub/IR2134/TASK3y4_NAT/rmf_ws/src/project/project_fleet_adapter' with build type 'ament_python'
[0.715s] Level 1:colcon.colcon_core.shell:create_environment_hook('project_fleet_adapter', 'ament_prefix_path')
[0.715s] INFO:colcon.colcon_core.shell:Creating environment hook '/home/usuario/GitHub/IR2134/TASK3y4_NAT/rmf_ws/src/project/install/project_fleet_adapter/share/project_fleet_adapter/hook/ament_prefix_path.ps1'
[0.716s] INFO:colcon.colcon_core.shell:Creating environment descriptor '/home/usuario/GitHub/IR2134/TASK3y4_NAT/rmf_ws/src/project/install/project_fleet_adapter/share/project_fleet_adapter/hook/ament_prefix_path.dsv'
[0.721s] INFO:colcon.colcon_core.shell:Creating environment hook '/home/usuario/GitHub/IR2134/TASK3y4_NAT/rmf_ws/src/project/install/project_fleet_adapter/share/project_fleet_adapter/hook/ament_prefix_path.sh'
[0.724s] INFO:colcon.colcon_core.shell:Skip shell extension 'powershell' for command environment: Not usable outside of PowerShell
[0.724s] DEBUG:colcon.colcon_core.shell:Skip shell extension 'dsv' for command environment
[0.725s] INFO:colcon.colcon_ros.task.ament_cmake.build:Building ROS package in '/home/usuario/GitHub/IR2134/TASK3y4_NAT/rmf_ws/src/project/project_maps' with build type 'ament_cmake'
[0.725s] INFO:colcon.colcon_cmake.task.cmake.build:Building CMake package in '/home/usuario/GitHub/IR2134/TASK3y4_NAT/rmf_ws/src/project/project_maps'
[0.726s] INFO:colcon.colcon_core.shell:Skip shell extension 'powershell' for command environment: Not usable outside of PowerShell
[0.726s] DEBUG:colcon.colcon_core.shell:Skip shell extension 'dsv' for command environment
[0.727s] INFO:colcon.colcon_ros.task.ament_cmake.build:Building ROS package in '/home/usuario/GitHub/IR2134/TASK3y4_NAT/rmf_ws/src/project/project_simulation' with build type 'ament_cmake'
[0.727s] INFO:colcon.colcon_cmake.task.cmake.build:Building CMake package in '/home/usuario/GitHub/IR2134/TASK3y4_NAT/rmf_ws/src/project/project_simulation'
[0.727s] INFO:colcon.colcon_core.shell:Skip shell extension 'powershell' for command environment: Not usable outside of PowerShell
[0.728s] DEBUG:colcon.colcon_core.shell:Skip shell extension 'dsv' for command environment
[0.737s] DEBUG:colcon.colcon_core.event_handler.log_command:Invoking command in '/home/usuario/GitHub/IR2134/TASK3y4_NAT/rmf_ws/src/project/build/project_assets': /usr/bin/cmake /home/usuario/GitHub/IR2134/TASK3y4_NAT/rmf_ws/src/project/project_assets -DCMAKE_INSTALL_PREFIX=/home/usuario/GitHub/IR2134/TASK3y4_NAT/rmf_ws/src/project/install/project_assets
[1.251s] INFO:colcon.colcon_core.task.python.build:Building Python package in '/home/usuario/GitHub/IR2134/TASK3y4_NAT/rmf_ws/src/project/project_fleet_adapter'
[1.252s] INFO:colcon.colcon_core.shell:Skip shell extension 'powershell' for command environment: Not usable outside of PowerShell
[1.252s] DEBUG:colcon.colcon_core.shell:Skip shell extension 'dsv' for command environment
[1.260s] DEBUG:colcon.colcon_core.event_handler.log_command:Invoking command in '/home/usuario/GitHub/IR2134/TASK3y4_NAT/rmf_ws/src/project/build/project_maps': /usr/bin/cmake /home/usuario/GitHub/IR2134/TASK3y4_NAT/rmf_ws/src/project/project_maps -DCMAKE_INSTALL_PREFIX=/home/usuario/GitHub/IR2134/TASK3y4_NAT/rmf_ws/src/project/install/project_maps
[1.269s] DEBUG:colcon.colcon_core.event_handler.log_command:Invoking command in '/home/usuario/GitHub/IR2134/TASK3y4_NAT/rmf_ws/src/project/build/project_simulation': /usr/bin/cmake /home/usuario/GitHub/IR2134/TASK3y4_NAT/rmf_ws/src/project/project_simulation -DCMAKE_INSTALL_PREFIX=/home/usuario/GitHub/IR2134/TASK3y4_NAT/rmf_ws/src/project/install/project_simulation
[2.165s] DEBUG:colcon.colcon_core.event_handler.log_command:Invoking command in '/home/usuario/GitHub/IR2134/TASK3y4_NAT/rmf_ws/src/project/project_fleet_adapter': PYTHONPATH=/home/usuario/GitHub/IR2134/TASK3y4_NAT/rmf_ws/src/project/build/project_fleet_adapter/prefix_override:/usr/lib/python3/dist-packages/colcon_core/task/python/colcon_distutils_commands:/home/usuario/GitHub/IR2134/TASK3y4_NAT/rmf_ws/src/project/install/project_fleet_adapter/lib/python3.10/site-packages: /usr/bin/python3 -W ignore:setup.py install is deprecated -W ignore:easy_install command is deprecated setup.py egg_info --egg-base ../build/project_fleet_adapter build --build-base /home/usuario/GitHub/IR2134/TASK3y4_NAT/rmf_ws/src/project/build/project_fleet_adapter/build install --record /home/usuario/GitHub/IR2134/TASK3y4_NAT/rmf_ws/src/project/build/project_fleet_adapter/install.log --single-version-externally-managed install_data
[3.093s] DEBUG:colcon.colcon_core.event_handler.log_command:Invoked command in '/home/usuario/GitHub/IR2134/TASK3y4_NAT/rmf_ws/src/project/build/project_assets' returned '1': /usr/bin/cmake /home/usuario/GitHub/IR2134/TASK3y4_NAT/rmf_ws/src/project/project_assets -DCMAKE_INSTALL_PREFIX=/home/usuario/GitHub/IR2134/TASK3y4_NAT/rmf_ws/src/project/install/project_assets
[3.139s] Level 1:colcon.colcon_core.environment:create_environment_scripts_only(project_assets)
[3.146s] Level 1:colcon.colcon_core.environment:checking '/home/usuario/GitHub/IR2134/TASK3y4_NAT/rmf_ws/src/project/install/project_assets' for CMake module files
[3.146s] Level 1:colcon.colcon_core.environment:checking '/home/usuario/GitHub/IR2134/TASK3y4_NAT/rmf_ws/src/project/install/project_assets' for CMake config files
[3.147s] Level 1:colcon.colcon_core.environment:checking '/home/usuario/GitHub/IR2134/TASK3y4_NAT/rmf_ws/src/project/install/project_assets/bin'
[3.147s] Level 1:colcon.colcon_core.environment:checking '/home/usuario/GitHub/IR2134/TASK3y4_NAT/rmf_ws/src/project/install/project_assets/lib/pkgconfig/project_assets.pc'
[3.147s] Level 1:colcon.colcon_core.environment:checking '/home/usuario/GitHub/IR2134/TASK3y4_NAT/rmf_ws/src/project/install/project_assets/lib/python3.10/site-packages'
[3.147s] Level 1:colcon.colcon_core.environment:checking '/home/usuario/GitHub/IR2134/TASK3y4_NAT/rmf_ws/src/project/install/project_assets/bin'
[3.147s] INFO:colcon.colcon_core.shell:Creating package script '/home/usuario/GitHub/IR2134/TASK3y4_NAT/rmf_ws/src/project/install/project_assets/share/project_assets/package.ps1'
[3.149s] INFO:colcon.colcon_core.shell:Creating package descriptor '/home/usuario/GitHub/IR2134/TASK3y4_NAT/rmf_ws/src/project/install/project_assets/share/project_assets/package.dsv'
[3.151s] INFO:colcon.colcon_core.shell:Creating package script '/home/usuario/GitHub/IR2134/TASK3y4_NAT/rmf_ws/src/project/install/project_assets/share/project_assets/package.sh'
[3.153s] INFO:colcon.colcon_core.shell:Creating package script '/home/usuario/GitHub/IR2134/TASK3y4_NAT/rmf_ws/src/project/install/project_assets/share/project_assets/package.bash'
[3.157s] INFO:colcon.colcon_core.shell:Creating package script '/home/usuario/GitHub/IR2134/TASK3y4_NAT/rmf_ws/src/project/install/project_assets/share/project_assets/package.zsh'
[3.161s] Level 1:colcon.colcon_core.environment:create_file_with_runtime_dependencies(/home/usuario/GitHub/IR2134/TASK3y4_NAT/rmf_ws/src/project/install/project_assets/share/colcon-core/packages/project_assets)
[3.380s] DEBUG:colcon.colcon_parallel_executor.executor.parallel:closing loop
[3.380s] DEBUG:colcon.colcon_parallel_executor.executor.parallel:loop closed
[3.381s] DEBUG:colcon.colcon_parallel_executor.executor.parallel:run_until_complete finished with '1'
[3.381s] DEBUG:colcon.colcon_core.event_reactor:joining thread
[3.388s] INFO:colcon.colcon_core.plugin_system:Skipping extension 'colcon_notification.desktop_notification.terminal_notifier': Not used on non-Darwin systems
[3.388s] INFO:colcon.colcon_core.plugin_system:Skipping extension 'colcon_notification.desktop_notification.win32': Not used on non-Windows systems
[3.389s] INFO:colcon.colcon_notification.desktop_notification:Sending desktop notification using 'notify2'
[3.400s] DEBUG:colcon.colcon_core.event_reactor:joined thread
[3.400s] INFO:colcon.colcon_core.shell:Creating prefix script '/home/usuario/GitHub/IR2134/TASK3y4_NAT/rmf_ws/src/project/install/local_setup.ps1'
[3.402s] INFO:colcon.colcon_core.shell:Creating prefix util module '/home/usuario/GitHub/IR2134/TASK3y4_NAT/rmf_ws/src/project/install/_local_setup_util_ps1.py'
[3.404s] INFO:colcon.colcon_core.shell:Creating prefix chain script '/home/usuario/GitHub/IR2134/TASK3y4_NAT/rmf_ws/src/project/install/setup.ps1'
[3.405s] INFO:colcon.colcon_core.shell:Creating prefix script '/home/usuario/GitHub/IR2134/TASK3y4_NAT/rmf_ws/src/project/install/local_setup.sh'
[3.406s] INFO:colcon.colcon_core.shell:Creating prefix util module '/home/usuario/GitHub/IR2134/TASK3y4_NAT/rmf_ws/src/project/install/_local_setup_util_sh.py'
[3.407s] INFO:colcon.colcon_core.shell:Creating prefix chain script '/home/usuario/GitHub/IR2134/TASK3y4_NAT/rmf_ws/src/project/install/setup.sh'
[3.409s] INFO:colcon.colcon_core.shell:Creating prefix script '/home/usuario/GitHub/IR2134/TASK3y4_NAT/rmf_ws/src/project/install/local_setup.bash'
[3.410s] INFO:colcon.colcon_core.shell:Creating prefix chain script '/home/usuario/GitHub/IR2134/TASK3y4_NAT/rmf_ws/src/project/install/setup.bash'
[3.411s] INFO:colcon.colcon_core.shell:Creating prefix script '/home/usuario/GitHub/IR2134/TASK3y4_NAT/rmf_ws/src/project/install/local_setup.zsh'
[3.412s] INFO:colcon.colcon_core.shell:Creating prefix chain script '/home/usuario/GitHub/IR2134/TASK3y4_NAT/rmf_ws/src/project/install/setup.zsh'
