[0.464s] Invoking command in '/home/usuario/Documentos/GitHub/IR2134/TASK3y4_NAT/build/project_simulation': CMAKE_PREFIX_PATH=${CMAKE_PREFIX_PATH}:/home/usuario/Documentos/GitHub/IR2134/TASK3y4_NAT/rmf_ws/src/project/install/project_fleet_adapter:/opt/ros/humble /usr/bin/cmake /home/usuario/Documentos/GitHub/IR2134/TASK3y4_NAT/rmf_ws/src/project/project_simulation -DCMAKE_INSTALL_PREFIX=/home/usuario/Documentos/GitHub/IR2134/TASK3y4_NAT/install/project_simulation
[0.532s] -- The C compiler identification is GNU 10.5.0
[0.588s] -- The CXX compiler identification is GNU 10.5.0
[0.595s] -- Detecting C compiler ABI info
[0.664s] -- Detecting C compiler ABI info - done
[0.671s] -- Check for working C compiler: /usr/bin/cc - skipped
[0.671s] -- Detecting C compile features
[0.688s] -- Detecting C compile features - done
[0.691s] -- Detecting CXX compiler ABI info
[0.798s] -- Detecting CXX compiler ABI info - done
[0.806s] -- Check for working CXX compiler: /usr/bin/c++ - skipped
[0.807s] -- Detecting CXX compile features
[0.807s] -- Detecting CXX compile features - done
[0.810s] -- Found ament_cmake: 1.3.11 (/opt/ros/humble/share/ament_cmake/cmake)
[0.983s] -- Found Python3: /usr/bin/python3 (found version "3.10.12") found components: Interpreter 
[1.100s] -- Found ament_lint_auto: 0.12.11 (/opt/ros/humble/share/ament_lint_auto/cmake)
[1.222s] -- Added test 'lint_cmake' to check CMake code style
[1.224s] -- Added test 'xmllint' to check XML markup files
[1.226s] -- Configuring done
[1.229s] -- Generating done
[1.231s] -- Build files have been written to: /home/usuario/Documentos/GitHub/IR2134/TASK3y4_NAT/build/project_simulation
[1.237s] Invoked command in '/home/usuario/Documentos/GitHub/IR2134/TASK3y4_NAT/build/project_simulation' returned '0': CMAKE_PREFIX_PATH=${CMAKE_PREFIX_PATH}:/home/usuario/Documentos/GitHub/IR2134/TASK3y4_NAT/rmf_ws/src/project/install/project_fleet_adapter:/opt/ros/humble /usr/bin/cmake /home/usuario/Documentos/GitHub/IR2134/TASK3y4_NAT/rmf_ws/src/project/project_simulation -DCMAKE_INSTALL_PREFIX=/home/usuario/Documentos/GitHub/IR2134/TASK3y4_NAT/install/project_simulation
[1.237s] Invoking command in '/home/usuario/Documentos/GitHub/IR2134/TASK3y4_NAT/build/project_simulation': CMAKE_PREFIX_PATH=${CMAKE_PREFIX_PATH}:/home/usuario/Documentos/GitHub/IR2134/TASK3y4_NAT/rmf_ws/src/project/install/project_fleet_adapter:/opt/ros/humble /usr/bin/cmake --build /home/usuario/Documentos/GitHub/IR2134/TASK3y4_NAT/build/project_simulation -- -j4 -l4
[1.284s] Invoked command in '/home/usuario/Documentos/GitHub/IR2134/TASK3y4_NAT/build/project_simulation' returned '0': CMAKE_PREFIX_PATH=${CMAKE_PREFIX_PATH}:/home/usuario/Documentos/GitHub/IR2134/TASK3y4_NAT/rmf_ws/src/project/install/project_fleet_adapter:/opt/ros/humble /usr/bin/cmake --build /home/usuario/Documentos/GitHub/IR2134/TASK3y4_NAT/build/project_simulation -- -j4 -l4
[1.284s] Invoking command in '/home/usuario/Documentos/GitHub/IR2134/TASK3y4_NAT/build/project_simulation': CMAKE_PREFIX_PATH=${CMAKE_PREFIX_PATH}:/home/usuario/Documentos/GitHub/IR2134/TASK3y4_NAT/rmf_ws/src/project/install/project_fleet_adapter:/opt/ros/humble /usr/bin/cmake --install /home/usuario/Documentos/GitHub/IR2134/TASK3y4_NAT/build/project_simulation
[1.292s] -- Install configuration: ""
[1.293s] -- Installing: /home/usuario/Documentos/GitHub/IR2134/TASK3y4_NAT/install/project_simulation/share/ament_index/resource_index/package_run_dependencies/project_simulation
[1.293s] -- Installing: /home/usuario/Documentos/GitHub/IR2134/TASK3y4_NAT/install/project_simulation/share/ament_index/resource_index/parent_prefix_path/project_simulation
[1.293s] -- Installing: /home/usuario/Documentos/GitHub/IR2134/TASK3y4_NAT/install/project_simulation/share/project_simulation/environment/ament_prefix_path.sh
[1.293s] -- Installing: /home/usuario/Documentos/GitHub/IR2134/TASK3y4_NAT/install/project_simulation/share/project_simulation/environment/ament_prefix_path.dsv
[1.293s] -- Installing: /home/usuario/Documentos/GitHub/IR2134/TASK3y4_NAT/install/project_simulation/share/project_simulation/environment/path.sh
[1.294s] -- Installing: /home/usuario/Documentos/GitHub/IR2134/TASK3y4_NAT/install/project_simulation/share/project_simulation/environment/path.dsv
[1.294s] -- Installing: /home/usuario/Documentos/GitHub/IR2134/TASK3y4_NAT/install/project_simulation/share/project_simulation/local_setup.bash
[1.294s] -- Installing: /home/usuario/Documentos/GitHub/IR2134/TASK3y4_NAT/install/project_simulation/share/project_simulation/local_setup.sh
[1.294s] -- Installing: /home/usuario/Documentos/GitHub/IR2134/TASK3y4_NAT/install/project_simulation/share/project_simulation/local_setup.zsh
[1.295s] -- Installing: /home/usuario/Documentos/GitHub/IR2134/TASK3y4_NAT/install/project_simulation/share/project_simulation/local_setup.dsv
[1.295s] -- Installing: /home/usuario/Documentos/GitHub/IR2134/TASK3y4_NAT/install/project_simulation/share/project_simulation/package.dsv
[1.295s] -- Installing: /home/usuario/Documentos/GitHub/IR2134/TASK3y4_NAT/install/project_simulation/share/ament_index/resource_index/packages/project_simulation
[1.296s] -- Installing: /home/usuario/Documentos/GitHub/IR2134/TASK3y4_NAT/install/project_simulation/share/project_simulation/cmake/project_simulationConfig.cmake
[1.296s] -- Installing: /home/usuario/Documentos/GitHub/IR2134/TASK3y4_NAT/install/project_simulation/share/project_simulation/cmake/project_simulationConfig-version.cmake
[1.296s] -- Installing: /home/usuario/Documentos/GitHub/IR2134/TASK3y4_NAT/install/project_simulation/share/project_simulation/package.xml
[1.322s] Invoked command in '/home/usuario/Documentos/GitHub/IR2134/TASK3y4_NAT/build/project_simulation' returned '0': CMAKE_PREFIX_PATH=${CMAKE_PREFIX_PATH}:/home/usuario/Documentos/GitHub/IR2134/TASK3y4_NAT/rmf_ws/src/project/install/project_fleet_adapter:/opt/ros/humble /usr/bin/cmake --install /home/usuario/Documentos/GitHub/IR2134/TASK3y4_NAT/build/project_simulation
