[0.024s] Invoking command in '/home/usuario/Documentos/GitHub/IR2134/TASK3y4_NAT/rmf_ws/build/rmf_demos_assets': /usr/bin/cmake /home/usuario/Documentos/GitHub/IR2134/TASK3y4_NAT/rmf_ws/src/rmf_demos_assets -DCMAKE_INSTALL_PREFIX=/home/usuario/Documentos/GitHub/IR2134/TASK3y4_NAT/rmf_ws/install/rmf_demos_assets
[0.818s] -- The C compiler identification is GNU 10.5.0
[0.818s] -- The CXX compiler identification is GNU 10.5.0
[0.818s] -- Detecting C compiler ABI info
[1.142s] -- Detecting C compiler ABI info - done
[1.181s] -- Check for working C compiler: /usr/bin/cc - skipped
[1.181s] -- Detecting C compile features
[1.181s] -- Detecting C compile features - done
[1.203s] -- Detecting CXX compiler ABI info
[1.602s] -- Detecting CXX compiler ABI info - done
[1.655s] -- Check for working CXX compiler: /usr/bin/c++ - skipped
[1.655s] -- Detecting CXX compile features
[1.655s] -- Detecting CXX compile features - done
[1.713s] [31mCMake Error at CMakeLists.txt:5 (find_package):
[1.713s]   By not providing "Findament_cmake.cmake" in CMAKE_MODULE_PATH this project
[1.713s]   has asked CMake to find a package configuration file provided by
[1.713s]   "ament_cmake", but CMake did not find one.
[1.713s] 
[1.713s]   Could not find a package configuration file provided by "ament_cmake" with
[1.713s]   any of the following names:
[1.713s] 
[1.713s]     ament_cmakeConfig.cmake
[1.713s]     ament_cmake-config.cmake
[1.713s] 
[1.713s]   Add the installation prefix of "ament_cmake" to CMAKE_PREFIX_PATH or set
[1.713s]   "ament_cmake_DIR" to a directory containing one of the above files.  If
[1.713s]   "ament_cmake" provides a separate development package or SDK, be sure it
[1.713s]   has been installed.
[1.713s] 
[1.713s] [0m
[1.713s] -- Configuring incomplete, errors occurred!
[1.714s] See also "/home/usuario/Documentos/GitHub/IR2134/TASK3y4_NAT/rmf_ws/build/rmf_demos_assets/CMakeFiles/CMakeOutput.log".
[1.716s] Invoked command in '/home/usuario/Documentos/GitHub/IR2134/TASK3y4_NAT/rmf_ws/build/rmf_demos_assets' returned '1': /usr/bin/cmake /home/usuario/Documentos/GitHub/IR2134/TASK3y4_NAT/rmf_ws/src/rmf_demos_assets -DCMAKE_INSTALL_PREFIX=/home/usuario/Documentos/GitHub/IR2134/TASK3y4_NAT/rmf_ws/install/rmf_demos_assets
