[0.019s] Invoking command in '/home/usuario/rmf_ws/build/rmf_demos_assets': CMAKE_PREFIX_PATH=/home/usuario/rmf_ws/install/rmf_demos_gz:/home/usuario/rmf_ws/install/rmf_demos:/home/usuario/rmf_ws/install/rmf_visualization:/home/usuario/rmf_ws/install/rmf_visualization_rviz2_plugins:/home/usuario/rmf_ws/install/rmf_visualization_obstacles:/home/usuario/rmf_ws/install/rmf_visualization_navgraphs:/home/usuario/rmf_ws/install/rmf_visualization_floorplans:/home/usuario/rmf_ws/install/rmf_visualization_fleet_states:/home/usuario/rmf_ws/install/rmf_demos_maps:/home/usuario/rmf_ws/install/rmf_demos_assets:/rmf_demos_ws/install/rmf_workcell_msgs:/rmf_demos_ws/install/rmf_reservation_node:/rmf_demos_ws/install/rmf_demos_gz:/rmf_demos_ws/install/rmf_demos:/rmf_demos_ws/install/rmf_fleet_adapter_python:/rmf_demos_ws/install/rmf_fleet_adapter:/rmf_demos_ws/install/rmf_task_ros2:/rmf_demos_ws/install/rmf_websocket:/rmf_demos_ws/install/rmf_visualization:/rmf_demos_ws/install/rmf_visualization_schedule:/rmf_demos_ws/install/rmf_visualization_rviz2_plugins:/rmf_demos_ws/install/rmf_visualization_obstacles:/rmf_demos_ws/install/rmf_visualization_navgraphs:/rmf_demos_ws/install/rmf_visualization_floorplans:/rmf_demos_ws/install/rmf_visualization_fleet_states:/rmf_demos_ws/install/rmf_visualization_msgs:/rmf_demos_ws/install/rmf_traffic_ros2:/rmf_demos_ws/install/rmf_task_sequence:/rmf_demos_ws/install/rmf_task:/rmf_demos_ws/install/rmf_battery:/rmf_demos_ws/install/rmf_traffic:/rmf_demos_ws/install/rmf_utils:/rmf_demos_ws/install/rmf_traffic_msgs:/rmf_demos_ws/install/rmf_traffic_editor_test_maps:/rmf_demos_ws/install/rmf_traffic_editor_assets:/rmf_demos_ws/install/rmf_traffic_editor:/rmf_demos_ws/install/rmf_task_msgs:/rmf_demos_ws/install/rmf_site_map_msgs:/rmf_demos_ws/install/rmf_scheduler_msgs:/rmf_demos_ws/install/rmf_robot_sim_gz_plugins:/rmf_demos_ws/install/rmf_robot_sim_common:/rmf_demos_ws/install/rmf_reservation_msgs:/rmf_demos_ws/install/rmf_obstacle_msgs:/rmf_demos_ws/install/rmf_building_sim_gz_plugins:/rmf_demos_ws/install/rmf_lift_msgs:/rmf_demos_ws/install/rmf_ingestor_msgs:/rmf_demos_ws/install/rmf_fleet_msgs:/rmf_demos_ws/install/rmf_door_msgs:/rmf_demos_ws/install/rmf_dispenser_msgs:/rmf_demos_ws/install/rmf_demos_maps:/rmf_demos_ws/install/rmf_demos_assets:/rmf_demos_ws/install/rmf_charger_msgs:/rmf_demos_ws/install/rmf_building_map_msgs:/rmf_demos_ws/install/rmf_api_msgs:/rmf_demos_ws/install/pybind11_json_vendor:/rmf_demos_ws/install/nlohmann_json_schema_validator_vendor:/home/usuario/rmf_ws/install/rmf_visualization_building_systems:/home/usuario/rmf_ws/install/rmf_demos_tasks:/home/usuario/rmf_ws/install/rmf_demos_fleet_adapter:/home/usuario/rmf_ws/install/rmf_demos_bridges:/rmf_demos_ws/install/rmf_demos_fleet_adapter:/rmf_demos_ws/install/rmf_visualization_building_systems:/rmf_demos_ws/install/rmf_traffic_examples:/rmf_demos_ws/install/rmf_demos_bridges:/rmf_demos_ws/install/rmf_demos_tasks:/rmf_demos_ws/install/rmf_building_map_tools:/rmf_demos_ws/install/rmf_charging_schedule:/opt/ros/jazzy:/rmf_demos_ws/install/menge_vendor:/rmf_demos_ws/install/ament_cmake_catch2:/opt/ros/jazzy/opt/gz_sim_vendor:/opt/ros/jazzy/opt/gz_sensors_vendor:/opt/ros/jazzy/opt/gz_physics_vendor:/opt/ros/jazzy/opt/sdformat_vendor:/opt/ros/jazzy/opt/gz_gui_vendor:/opt/ros/jazzy/opt/gz_transport_vendor:/opt/ros/jazzy/opt/gz_rendering_vendor:/opt/ros/jazzy/opt/gz_plugin_vendor:/opt/ros/jazzy/opt/gz_fuel_tools_vendor:/opt/ros/jazzy/opt/gz_msgs_vendor:/opt/ros/jazzy/opt/gz_common_vendor:/opt/ros/jazzy/opt/gz_math_vendor:/opt/ros/jazzy/opt/gz_utils_vendor:/opt/ros/jazzy/opt/gz_tools_vendor:/opt/ros/jazzy/opt/gz_ogre_next_vendor:/opt/ros/jazzy/opt/gz_dartsim_vendor:/opt/ros/jazzy/opt/gz_cmake_vendor /usr/bin/cmake /home/usuario/rmf_ws/src/rmf_demos_assets -DCMAKE_INSTALL_PREFIX=/home/usuario/rmf_ws/install/rmf_demos_assets
[0.132s] -- The C compiler identification is GNU 13.3.0
[0.247s] -- The CXX compiler identification is GNU 13.3.0
[0.327s] -- Detecting C compiler ABI info
[0.629s] -- Detecting C compiler ABI info - done
[0.641s] -- Check for working C compiler: /usr/bin/cc - skipped
[0.642s] -- Detecting C compile features
[0.643s] -- Detecting C compile features - done
[0.700s] -- Detecting CXX compiler ABI info
[1.118s] -- Detecting CXX compiler ABI info - done
[1.129s] -- Check for working CXX compiler: /usr/bin/c++ - skipped
[1.129s] -- Detecting CXX compile features
[1.129s] -- Detecting CXX compile features - done
[1.148s] -- Found ament_cmake: 2.5.3 (/opt/ros/jazzy/share/ament_cmake/cmake)
[1.527s] -- Found Python3: /usr/bin/python3 (found version "3.12.3") found components: Interpreter 
[2.132s] -- Configuring done (2.1s)
[2.139s] -- Generating done (0.0s)
[2.142s] -- Build files have been written to: /home/usuario/rmf_ws/build/rmf_demos_assets
[2.155s] Invoked command in '/home/usuario/rmf_ws/build/rmf_demos_assets' returned '0': CMAKE_PREFIX_PATH=/home/usuario/rmf_ws/install/rmf_demos_gz:/home/usuario/rmf_ws/install/rmf_demos:/home/usuario/rmf_ws/install/rmf_visualization:/home/usuario/rmf_ws/install/rmf_visualization_rviz2_plugins:/home/usuario/rmf_ws/install/rmf_visualization_obstacles:/home/usuario/rmf_ws/install/rmf_visualization_navgraphs:/home/usuario/rmf_ws/install/rmf_visualization_floorplans:/home/usuario/rmf_ws/install/rmf_visualization_fleet_states:/home/usuario/rmf_ws/install/rmf_demos_maps:/home/usuario/rmf_ws/install/rmf_demos_assets:/rmf_demos_ws/install/rmf_workcell_msgs:/rmf_demos_ws/install/rmf_reservation_node:/rmf_demos_ws/install/rmf_demos_gz:/rmf_demos_ws/install/rmf_demos:/rmf_demos_ws/install/rmf_fleet_adapter_python:/rmf_demos_ws/install/rmf_fleet_adapter:/rmf_demos_ws/install/rmf_task_ros2:/rmf_demos_ws/install/rmf_websocket:/rmf_demos_ws/install/rmf_visualization:/rmf_demos_ws/install/rmf_visualization_schedule:/rmf_demos_ws/install/rmf_visualization_rviz2_plugins:/rmf_demos_ws/install/rmf_visualization_obstacles:/rmf_demos_ws/install/rmf_visualization_navgraphs:/rmf_demos_ws/install/rmf_visualization_floorplans:/rmf_demos_ws/install/rmf_visualization_fleet_states:/rmf_demos_ws/install/rmf_visualization_msgs:/rmf_demos_ws/install/rmf_traffic_ros2:/rmf_demos_ws/install/rmf_task_sequence:/rmf_demos_ws/install/rmf_task:/rmf_demos_ws/install/rmf_battery:/rmf_demos_ws/install/rmf_traffic:/rmf_demos_ws/install/rmf_utils:/rmf_demos_ws/install/rmf_traffic_msgs:/rmf_demos_ws/install/rmf_traffic_editor_test_maps:/rmf_demos_ws/install/rmf_traffic_editor_assets:/rmf_demos_ws/install/rmf_traffic_editor:/rmf_demos_ws/install/rmf_task_msgs:/rmf_demos_ws/install/rmf_site_map_msgs:/rmf_demos_ws/install/rmf_scheduler_msgs:/rmf_demos_ws/install/rmf_robot_sim_gz_plugins:/rmf_demos_ws/install/rmf_robot_sim_common:/rmf_demos_ws/install/rmf_reservation_msgs:/rmf_demos_ws/install/rmf_obstacle_msgs:/rmf_demos_ws/install/rmf_building_sim_gz_plugins:/rmf_demos_ws/install/rmf_lift_msgs:/rmf_demos_ws/install/rmf_ingestor_msgs:/rmf_demos_ws/install/rmf_fleet_msgs:/rmf_demos_ws/install/rmf_door_msgs:/rmf_demos_ws/install/rmf_dispenser_msgs:/rmf_demos_ws/install/rmf_demos_maps:/rmf_demos_ws/install/rmf_demos_assets:/rmf_demos_ws/install/rmf_charger_msgs:/rmf_demos_ws/install/rmf_building_map_msgs:/rmf_demos_ws/install/rmf_api_msgs:/rmf_demos_ws/install/pybind11_json_vendor:/rmf_demos_ws/install/nlohmann_json_schema_validator_vendor:/home/usuario/rmf_ws/install/rmf_visualization_building_systems:/home/usuario/rmf_ws/install/rmf_demos_tasks:/home/usuario/rmf_ws/install/rmf_demos_fleet_adapter:/home/usuario/rmf_ws/install/rmf_demos_bridges:/rmf_demos_ws/install/rmf_demos_fleet_adapter:/rmf_demos_ws/install/rmf_visualization_building_systems:/rmf_demos_ws/install/rmf_traffic_examples:/rmf_demos_ws/install/rmf_demos_bridges:/rmf_demos_ws/install/rmf_demos_tasks:/rmf_demos_ws/install/rmf_building_map_tools:/rmf_demos_ws/install/rmf_charging_schedule:/opt/ros/jazzy:/rmf_demos_ws/install/menge_vendor:/rmf_demos_ws/install/ament_cmake_catch2:/opt/ros/jazzy/opt/gz_sim_vendor:/opt/ros/jazzy/opt/gz_sensors_vendor:/opt/ros/jazzy/opt/gz_physics_vendor:/opt/ros/jazzy/opt/sdformat_vendor:/opt/ros/jazzy/opt/gz_gui_vendor:/opt/ros/jazzy/opt/gz_transport_vendor:/opt/ros/jazzy/opt/gz_rendering_vendor:/opt/ros/jazzy/opt/gz_plugin_vendor:/opt/ros/jazzy/opt/gz_fuel_tools_vendor:/opt/ros/jazzy/opt/gz_msgs_vendor:/opt/ros/jazzy/opt/gz_common_vendor:/opt/ros/jazzy/opt/gz_math_vendor:/opt/ros/jazzy/opt/gz_utils_vendor:/opt/ros/jazzy/opt/gz_tools_vendor:/opt/ros/jazzy/opt/gz_ogre_next_vendor:/opt/ros/jazzy/opt/gz_dartsim_vendor:/opt/ros/jazzy/opt/gz_cmake_vendor /usr/bin/cmake /home/usuario/rmf_ws/src/rmf_demos_assets -DCMAKE_INSTALL_PREFIX=/home/usuario/rmf_ws/install/rmf_demos_assets
[2.156s] Invoking command in '/home/usuario/rmf_ws/build/rmf_demos_assets': CMAKE_PREFIX_PATH=/home/usuario/rmf_ws/install/rmf_demos_gz:/home/usuario/rmf_ws/install/rmf_demos:/home/usuario/rmf_ws/install/rmf_visualization:/home/usuario/rmf_ws/install/rmf_visualization_rviz2_plugins:/home/usuario/rmf_ws/install/rmf_visualization_obstacles:/home/usuario/rmf_ws/install/rmf_visualization_navgraphs:/home/usuario/rmf_ws/install/rmf_visualization_floorplans:/home/usuario/rmf_ws/install/rmf_visualization_fleet_states:/home/usuario/rmf_ws/install/rmf_demos_maps:/home/usuario/rmf_ws/install/rmf_demos_assets:/rmf_demos_ws/install/rmf_workcell_msgs:/rmf_demos_ws/install/rmf_reservation_node:/rmf_demos_ws/install/rmf_demos_gz:/rmf_demos_ws/install/rmf_demos:/rmf_demos_ws/install/rmf_fleet_adapter_python:/rmf_demos_ws/install/rmf_fleet_adapter:/rmf_demos_ws/install/rmf_task_ros2:/rmf_demos_ws/install/rmf_websocket:/rmf_demos_ws/install/rmf_visualization:/rmf_demos_ws/install/rmf_visualization_schedule:/rmf_demos_ws/install/rmf_visualization_rviz2_plugins:/rmf_demos_ws/install/rmf_visualization_obstacles:/rmf_demos_ws/install/rmf_visualization_navgraphs:/rmf_demos_ws/install/rmf_visualization_floorplans:/rmf_demos_ws/install/rmf_visualization_fleet_states:/rmf_demos_ws/install/rmf_visualization_msgs:/rmf_demos_ws/install/rmf_traffic_ros2:/rmf_demos_ws/install/rmf_task_sequence:/rmf_demos_ws/install/rmf_task:/rmf_demos_ws/install/rmf_battery:/rmf_demos_ws/install/rmf_traffic:/rmf_demos_ws/install/rmf_utils:/rmf_demos_ws/install/rmf_traffic_msgs:/rmf_demos_ws/install/rmf_traffic_editor_test_maps:/rmf_demos_ws/install/rmf_traffic_editor_assets:/rmf_demos_ws/install/rmf_traffic_editor:/rmf_demos_ws/install/rmf_task_msgs:/rmf_demos_ws/install/rmf_site_map_msgs:/rmf_demos_ws/install/rmf_scheduler_msgs:/rmf_demos_ws/install/rmf_robot_sim_gz_plugins:/rmf_demos_ws/install/rmf_robot_sim_common:/rmf_demos_ws/install/rmf_reservation_msgs:/rmf_demos_ws/install/rmf_obstacle_msgs:/rmf_demos_ws/install/rmf_building_sim_gz_plugins:/rmf_demos_ws/install/rmf_lift_msgs:/rmf_demos_ws/install/rmf_ingestor_msgs:/rmf_demos_ws/install/rmf_fleet_msgs:/rmf_demos_ws/install/rmf_door_msgs:/rmf_demos_ws/install/rmf_dispenser_msgs:/rmf_demos_ws/install/rmf_demos_maps:/rmf_demos_ws/install/rmf_demos_assets:/rmf_demos_ws/install/rmf_charger_msgs:/rmf_demos_ws/install/rmf_building_map_msgs:/rmf_demos_ws/install/rmf_api_msgs:/rmf_demos_ws/install/pybind11_json_vendor:/rmf_demos_ws/install/nlohmann_json_schema_validator_vendor:/home/usuario/rmf_ws/install/rmf_visualization_building_systems:/home/usuario/rmf_ws/install/rmf_demos_tasks:/home/usuario/rmf_ws/install/rmf_demos_fleet_adapter:/home/usuario/rmf_ws/install/rmf_demos_bridges:/rmf_demos_ws/install/rmf_demos_fleet_adapter:/rmf_demos_ws/install/rmf_visualization_building_systems:/rmf_demos_ws/install/rmf_traffic_examples:/rmf_demos_ws/install/rmf_demos_bridges:/rmf_demos_ws/install/rmf_demos_tasks:/rmf_demos_ws/install/rmf_building_map_tools:/rmf_demos_ws/install/rmf_charging_schedule:/opt/ros/jazzy:/rmf_demos_ws/install/menge_vendor:/rmf_demos_ws/install/ament_cmake_catch2:/opt/ros/jazzy/opt/gz_sim_vendor:/opt/ros/jazzy/opt/gz_sensors_vendor:/opt/ros/jazzy/opt/gz_physics_vendor:/opt/ros/jazzy/opt/sdformat_vendor:/opt/ros/jazzy/opt/gz_gui_vendor:/opt/ros/jazzy/opt/gz_transport_vendor:/opt/ros/jazzy/opt/gz_rendering_vendor:/opt/ros/jazzy/opt/gz_plugin_vendor:/opt/ros/jazzy/opt/gz_fuel_tools_vendor:/opt/ros/jazzy/opt/gz_msgs_vendor:/opt/ros/jazzy/opt/gz_common_vendor:/opt/ros/jazzy/opt/gz_math_vendor:/opt/ros/jazzy/opt/gz_utils_vendor:/opt/ros/jazzy/opt/gz_tools_vendor:/opt/ros/jazzy/opt/gz_ogre_next_vendor:/opt/ros/jazzy/opt/gz_dartsim_vendor:/opt/ros/jazzy/opt/gz_cmake_vendor /usr/bin/cmake --build /home/usuario/rmf_ws/build/rmf_demos_assets -- -j6 -l6
[5.344s] Invoked command in '/home/usuario/rmf_ws/build/rmf_demos_assets' returned '0': CMAKE_PREFIX_PATH=/home/usuario/rmf_ws/install/rmf_demos_gz:/home/usuario/rmf_ws/install/rmf_demos:/home/usuario/rmf_ws/install/rmf_visualization:/home/usuario/rmf_ws/install/rmf_visualization_rviz2_plugins:/home/usuario/rmf_ws/install/rmf_visualization_obstacles:/home/usuario/rmf_ws/install/rmf_visualization_navgraphs:/home/usuario/rmf_ws/install/rmf_visualization_floorplans:/home/usuario/rmf_ws/install/rmf_visualization_fleet_states:/home/usuario/rmf_ws/install/rmf_demos_maps:/home/usuario/rmf_ws/install/rmf_demos_assets:/rmf_demos_ws/install/rmf_workcell_msgs:/rmf_demos_ws/install/rmf_reservation_node:/rmf_demos_ws/install/rmf_demos_gz:/rmf_demos_ws/install/rmf_demos:/rmf_demos_ws/install/rmf_fleet_adapter_python:/rmf_demos_ws/install/rmf_fleet_adapter:/rmf_demos_ws/install/rmf_task_ros2:/rmf_demos_ws/install/rmf_websocket:/rmf_demos_ws/install/rmf_visualization:/rmf_demos_ws/install/rmf_visualization_schedule:/rmf_demos_ws/install/rmf_visualization_rviz2_plugins:/rmf_demos_ws/install/rmf_visualization_obstacles:/rmf_demos_ws/install/rmf_visualization_navgraphs:/rmf_demos_ws/install/rmf_visualization_floorplans:/rmf_demos_ws/install/rmf_visualization_fleet_states:/rmf_demos_ws/install/rmf_visualization_msgs:/rmf_demos_ws/install/rmf_traffic_ros2:/rmf_demos_ws/install/rmf_task_sequence:/rmf_demos_ws/install/rmf_task:/rmf_demos_ws/install/rmf_battery:/rmf_demos_ws/install/rmf_traffic:/rmf_demos_ws/install/rmf_utils:/rmf_demos_ws/install/rmf_traffic_msgs:/rmf_demos_ws/install/rmf_traffic_editor_test_maps:/rmf_demos_ws/install/rmf_traffic_editor_assets:/rmf_demos_ws/install/rmf_traffic_editor:/rmf_demos_ws/install/rmf_task_msgs:/rmf_demos_ws/install/rmf_site_map_msgs:/rmf_demos_ws/install/rmf_scheduler_msgs:/rmf_demos_ws/install/rmf_robot_sim_gz_plugins:/rmf_demos_ws/install/rmf_robot_sim_common:/rmf_demos_ws/install/rmf_reservation_msgs:/rmf_demos_ws/install/rmf_obstacle_msgs:/rmf_demos_ws/install/rmf_building_sim_gz_plugins:/rmf_demos_ws/install/rmf_lift_msgs:/rmf_demos_ws/install/rmf_ingestor_msgs:/rmf_demos_ws/install/rmf_fleet_msgs:/rmf_demos_ws/install/rmf_door_msgs:/rmf_demos_ws/install/rmf_dispenser_msgs:/rmf_demos_ws/install/rmf_demos_maps:/rmf_demos_ws/install/rmf_demos_assets:/rmf_demos_ws/install/rmf_charger_msgs:/rmf_demos_ws/install/rmf_building_map_msgs:/rmf_demos_ws/install/rmf_api_msgs:/rmf_demos_ws/install/pybind11_json_vendor:/rmf_demos_ws/install/nlohmann_json_schema_validator_vendor:/home/usuario/rmf_ws/install/rmf_visualization_building_systems:/home/usuario/rmf_ws/install/rmf_demos_tasks:/home/usuario/rmf_ws/install/rmf_demos_fleet_adapter:/home/usuario/rmf_ws/install/rmf_demos_bridges:/rmf_demos_ws/install/rmf_demos_fleet_adapter:/rmf_demos_ws/install/rmf_visualization_building_systems:/rmf_demos_ws/install/rmf_traffic_examples:/rmf_demos_ws/install/rmf_demos_bridges:/rmf_demos_ws/install/rmf_demos_tasks:/rmf_demos_ws/install/rmf_building_map_tools:/rmf_demos_ws/install/rmf_charging_schedule:/opt/ros/jazzy:/rmf_demos_ws/install/menge_vendor:/rmf_demos_ws/install/ament_cmake_catch2:/opt/ros/jazzy/opt/gz_sim_vendor:/opt/ros/jazzy/opt/gz_sensors_vendor:/opt/ros/jazzy/opt/gz_physics_vendor:/opt/ros/jazzy/opt/sdformat_vendor:/opt/ros/jazzy/opt/gz_gui_vendor:/opt/ros/jazzy/opt/gz_transport_vendor:/opt/ros/jazzy/opt/gz_rendering_vendor:/opt/ros/jazzy/opt/gz_plugin_vendor:/opt/ros/jazzy/opt/gz_fuel_tools_vendor:/opt/ros/jazzy/opt/gz_msgs_vendor:/opt/ros/jazzy/opt/gz_common_vendor:/opt/ros/jazzy/opt/gz_math_vendor:/opt/ros/jazzy/opt/gz_utils_vendor:/opt/ros/jazzy/opt/gz_tools_vendor:/opt/ros/jazzy/opt/gz_ogre_next_vendor:/opt/ros/jazzy/opt/gz_dartsim_vendor:/opt/ros/jazzy/opt/gz_cmake_vendor /usr/bin/cmake --build /home/usuario/rmf_ws/build/rmf_demos_assets -- -j6 -l6
[5.391s] Invoking command in '/home/usuario/rmf_ws/build/rmf_demos_assets': CMAKE_PREFIX_PATH=/home/usuario/rmf_ws/install/rmf_demos_gz:/home/usuario/rmf_ws/install/rmf_demos:/home/usuario/rmf_ws/install/rmf_visualization:/home/usuario/rmf_ws/install/rmf_visualization_rviz2_plugins:/home/usuario/rmf_ws/install/rmf_visualization_obstacles:/home/usuario/rmf_ws/install/rmf_visualization_navgraphs:/home/usuario/rmf_ws/install/rmf_visualization_floorplans:/home/usuario/rmf_ws/install/rmf_visualization_fleet_states:/home/usuario/rmf_ws/install/rmf_demos_maps:/home/usuario/rmf_ws/install/rmf_demos_assets:/rmf_demos_ws/install/rmf_workcell_msgs:/rmf_demos_ws/install/rmf_reservation_node:/rmf_demos_ws/install/rmf_demos_gz:/rmf_demos_ws/install/rmf_demos:/rmf_demos_ws/install/rmf_fleet_adapter_python:/rmf_demos_ws/install/rmf_fleet_adapter:/rmf_demos_ws/install/rmf_task_ros2:/rmf_demos_ws/install/rmf_websocket:/rmf_demos_ws/install/rmf_visualization:/rmf_demos_ws/install/rmf_visualization_schedule:/rmf_demos_ws/install/rmf_visualization_rviz2_plugins:/rmf_demos_ws/install/rmf_visualization_obstacles:/rmf_demos_ws/install/rmf_visualization_navgraphs:/rmf_demos_ws/install/rmf_visualization_floorplans:/rmf_demos_ws/install/rmf_visualization_fleet_states:/rmf_demos_ws/install/rmf_visualization_msgs:/rmf_demos_ws/install/rmf_traffic_ros2:/rmf_demos_ws/install/rmf_task_sequence:/rmf_demos_ws/install/rmf_task:/rmf_demos_ws/install/rmf_battery:/rmf_demos_ws/install/rmf_traffic:/rmf_demos_ws/install/rmf_utils:/rmf_demos_ws/install/rmf_traffic_msgs:/rmf_demos_ws/install/rmf_traffic_editor_test_maps:/rmf_demos_ws/install/rmf_traffic_editor_assets:/rmf_demos_ws/install/rmf_traffic_editor:/rmf_demos_ws/install/rmf_task_msgs:/rmf_demos_ws/install/rmf_site_map_msgs:/rmf_demos_ws/install/rmf_scheduler_msgs:/rmf_demos_ws/install/rmf_robot_sim_gz_plugins:/rmf_demos_ws/install/rmf_robot_sim_common:/rmf_demos_ws/install/rmf_reservation_msgs:/rmf_demos_ws/install/rmf_obstacle_msgs:/rmf_demos_ws/install/rmf_building_sim_gz_plugins:/rmf_demos_ws/install/rmf_lift_msgs:/rmf_demos_ws/install/rmf_ingestor_msgs:/rmf_demos_ws/install/rmf_fleet_msgs:/rmf_demos_ws/install/rmf_door_msgs:/rmf_demos_ws/install/rmf_dispenser_msgs:/rmf_demos_ws/install/rmf_demos_maps:/rmf_demos_ws/install/rmf_demos_assets:/rmf_demos_ws/install/rmf_charger_msgs:/rmf_demos_ws/install/rmf_building_map_msgs:/rmf_demos_ws/install/rmf_api_msgs:/rmf_demos_ws/install/pybind11_json_vendor:/rmf_demos_ws/install/nlohmann_json_schema_validator_vendor:/home/usuario/rmf_ws/install/rmf_visualization_building_systems:/home/usuario/rmf_ws/install/rmf_demos_tasks:/home/usuario/rmf_ws/install/rmf_demos_fleet_adapter:/home/usuario/rmf_ws/install/rmf_demos_bridges:/rmf_demos_ws/install/rmf_demos_fleet_adapter:/rmf_demos_ws/install/rmf_visualization_building_systems:/rmf_demos_ws/install/rmf_traffic_examples:/rmf_demos_ws/install/rmf_demos_bridges:/rmf_demos_ws/install/rmf_demos_tasks:/rmf_demos_ws/install/rmf_building_map_tools:/rmf_demos_ws/install/rmf_charging_schedule:/opt/ros/jazzy:/rmf_demos_ws/install/menge_vendor:/rmf_demos_ws/install/ament_cmake_catch2:/opt/ros/jazzy/opt/gz_sim_vendor:/opt/ros/jazzy/opt/gz_sensors_vendor:/opt/ros/jazzy/opt/gz_physics_vendor:/opt/ros/jazzy/opt/sdformat_vendor:/opt/ros/jazzy/opt/gz_gui_vendor:/opt/ros/jazzy/opt/gz_transport_vendor:/opt/ros/jazzy/opt/gz_rendering_vendor:/opt/ros/jazzy/opt/gz_plugin_vendor:/opt/ros/jazzy/opt/gz_fuel_tools_vendor:/opt/ros/jazzy/opt/gz_msgs_vendor:/opt/ros/jazzy/opt/gz_common_vendor:/opt/ros/jazzy/opt/gz_math_vendor:/opt/ros/jazzy/opt/gz_utils_vendor:/opt/ros/jazzy/opt/gz_tools_vendor:/opt/ros/jazzy/opt/gz_ogre_next_vendor:/opt/ros/jazzy/opt/gz_dartsim_vendor:/opt/ros/jazzy/opt/gz_cmake_vendor /usr/bin/cmake --install /home/usuario/rmf_ws/build/rmf_demos_assets
[15.248s] -- Install configuration: ""
[15.248s] -- Installing: /home/usuario/rmf_ws/install/rmf_demos_assets/share/rmf_demos_assets/environment/rmf_demos_assets.dsv
[15.248s] -- Installing: /home/usuario/rmf_ws/install/rmf_demos_assets/share/rmf_demos_assets/models
[15.248s] -- Installing: /home/usuario/rmf_ws/install/rmf_demos_assets/share/rmf_demos_assets/models/HospitalRobot
[15.248s] -- Installing: /home/usuario/rmf_ws/install/rmf_demos_assets/share/rmf_demos_assets/models/HospitalRobot/meshes
[15.248s] -- Installing: /home/usuario/rmf_ws/install/rmf_demos_assets/share/rmf_demos_assets/models/HospitalRobot/meshes/FatWheel.mtl
[15.248s] -- Installing: /home/usuario/rmf_ws/install/rmf_demos_assets/share/rmf_demos_assets/models/HospitalRobot/meshes/HospitalRobot.obj
[15.248s] -- Installing: /home/usuario/rmf_ws/install/rmf_demos_assets/share/rmf_demos_assets/models/HospitalRobot/meshes/FatWheel.obj
[15.249s] -- Installing: /home/usuario/rmf_ws/install/rmf_demos_assets/share/rmf_demos_assets/models/HospitalRobot/meshes/HospitalRobot.mtl
[15.249s] -- Installing: /home/usuario/rmf_ws/install/rmf_demos_assets/share/rmf_demos_assets/models/HospitalRobot/meshes/SmallWheel.obj
[15.249s] -- Installing: /home/usuario/rmf_ws/install/rmf_demos_assets/share/rmf_demos_assets/models/HospitalRobot/meshes/SmallWheel.mtl
[15.249s] -- Installing: /home/usuario/rmf_ws/install/rmf_demos_assets/share/rmf_demos_assets/models/HospitalRobot/meshes/HospitalRobot_Diffuse.png
[15.249s] -- Installing: /home/usuario/rmf_ws/install/rmf_demos_assets/share/rmf_demos_assets/models/HospitalRobot/model.config
[15.249s] -- Installing: /home/usuario/rmf_ws/install/rmf_demos_assets/share/rmf_demos_assets/models/HospitalRobot/model.sdf
[15.250s] -- Installing: /home/usuario/rmf_ws/install/rmf_demos_assets/share/rmf_demos_assets/models/HospitalRobot/thumbnails
[15.250s] -- Installing: /home/usuario/rmf_ws/install/rmf_demos_assets/share/rmf_demos_assets/models/HospitalRobot/thumbnails/4.png
[15.250s] -- Installing: /home/usuario/rmf_ws/install/rmf_demos_assets/share/rmf_demos_assets/models/HospitalRobot/thumbnails/1.png
[15.250s] -- Installing: /home/usuario/rmf_ws/install/rmf_demos_assets/share/rmf_demos_assets/models/HospitalRobot/thumbnails/3.png
[15.251s] -- Installing: /home/usuario/rmf_ws/install/rmf_demos_assets/share/rmf_demos_assets/models/HospitalRobot/thumbnails/2.png
[15.251s] -- Installing: /home/usuario/rmf_ws/install/rmf_demos_assets/share/rmf_demos_assets/models/HospitalRobot/thumbnails/5.png
[15.251s] -- Installing: /home/usuario/rmf_ws/install/rmf_demos_assets/share/rmf_demos_assets/models/TeleportIngestor
[15.251s] -- Installing: /home/usuario/rmf_ws/install/rmf_demos_assets/share/rmf_demos_assets/models/TeleportIngestor/model.config
[15.251s] -- Installing: /home/usuario/rmf_ws/install/rmf_demos_assets/share/rmf_demos_assets/models/TeleportIngestor/model.sdf
[15.251s] -- Installing: /home/usuario/rmf_ws/install/rmf_demos_assets/share/rmf_demos_assets/models/DeliveryRobot
[15.251s] -- Installing: /home/usuario/rmf_ws/install/rmf_demos_assets/share/rmf_demos_assets/models/DeliveryRobot/meshes
[15.251s] -- Installing: /home/usuario/rmf_ws/install/rmf_demos_assets/share/rmf_demos_assets/models/DeliveryRobot/meshes/WheelMain.mtl
[15.251s] -- Installing: /home/usuario/rmf_ws/install/rmf_demos_assets/share/rmf_demos_assets/models/DeliveryRobot/meshes/body.obj
[15.251s] -- Installing: /home/usuario/rmf_ws/install/rmf_demos_assets/share/rmf_demos_assets/models/DeliveryRobot/meshes/body.mtl
[15.251s] -- Installing: /home/usuario/rmf_ws/install/rmf_demos_assets/share/rmf_demos_assets/models/DeliveryRobot/meshes/DeliveryRobot_Diffuse.png
[15.252s] -- Installing: /home/usuario/rmf_ws/install/rmf_demos_assets/share/rmf_demos_assets/models/DeliveryRobot/meshes/WheelSide.mtl
[15.252s] -- Installing: /home/usuario/rmf_ws/install/rmf_demos_assets/share/rmf_demos_assets/models/DeliveryRobot/meshes/WheelSide.obj
[15.252s] -- Installing: /home/usuario/rmf_ws/install/rmf_demos_assets/share/rmf_demos_assets/models/DeliveryRobot/meshes/WheelMain.obj
[15.252s] -- Installing: /home/usuario/rmf_ws/install/rmf_demos_assets/share/rmf_demos_assets/models/DeliveryRobot/model.config
[15.252s] -- Installing: /home/usuario/rmf_ws/install/rmf_demos_assets/share/rmf_demos_assets/models/DeliveryRobot/model.sdf
[15.252s] -- Installing: /home/usuario/rmf_ws/install/rmf_demos_assets/share/rmf_demos_assets/models/CleanerBotA
[15.252s] -- Installing: /home/usuario/rmf_ws/install/rmf_demos_assets/share/rmf_demos_assets/models/CleanerBotA/meshes
[15.252s] -- Installing: /home/usuario/rmf_ws/install/rmf_demos_assets/share/rmf_demos_assets/models/CleanerBotA/meshes/CleanerBotA.mtl
[15.252s] -- Installing: /home/usuario/rmf_ws/install/rmf_demos_assets/share/rmf_demos_assets/models/CleanerBotA/meshes/CleanerBotA_WheelFront.mtl
[15.253s] -- Installing: /home/usuario/rmf_ws/install/rmf_demos_assets/share/rmf_demos_assets/models/CleanerBotA/meshes/CleanerBotA_WheelBack.obj
[15.253s] -- Installing: /home/usuario/rmf_ws/install/rmf_demos_assets/share/rmf_demos_assets/models/CleanerBotA/meshes/CleanerBotA_WheelBack.mtl
[15.253s] -- Installing: /home/usuario/rmf_ws/install/rmf_demos_assets/share/rmf_demos_assets/models/CleanerBotA/meshes/CleanerBotA.obj
[15.253s] -- Installing: /home/usuario/rmf_ws/install/rmf_demos_assets/share/rmf_demos_assets/models/CleanerBotA/meshes/CleanerBotA_WheelFront.obj
[15.253s] -- Installing: /home/usuario/rmf_ws/install/rmf_demos_assets/share/rmf_demos_assets/models/CleanerBotA/meshes/CleanerBotA_Diffuse.png
[15.253s] -- Installing: /home/usuario/rmf_ws/install/rmf_demos_assets/share/rmf_demos_assets/models/CleanerBotA/model.config
[15.253s] -- Installing: /home/usuario/rmf_ws/install/rmf_demos_assets/share/rmf_demos_assets/models/CleanerBotA/model.sdf
[15.254s] -- Installing: /home/usuario/rmf_ws/install/rmf_demos_assets/share/rmf_demos_assets/models/Caddy
[15.254s] -- Installing: /home/usuario/rmf_ws/install/rmf_demos_assets/share/rmf_demos_assets/models/Caddy/meshes
[15.254s] -- Installing: /home/usuario/rmf_ws/install/rmf_demos_assets/share/rmf_demos_assets/models/Caddy/meshes/polaris.dae
[15.254s] -- Installing: /home/usuario/rmf_ws/install/rmf_demos_assets/share/rmf_demos_assets/models/Caddy/materials
[15.255s] -- Installing: /home/usuario/rmf_ws/install/rmf_demos_assets/share/rmf_demos_assets/models/Caddy/materials/textures
[15.255s] -- Installing: /home/usuario/rmf_ws/install/rmf_demos_assets/share/rmf_demos_assets/models/Caddy/materials/textures/Ranger_Diffuse.png
[15.255s] -- Installing: /home/usuario/rmf_ws/install/rmf_demos_assets/share/rmf_demos_assets/models/Caddy/materials/textures/FNR_switch_R.png
[15.255s] -- Installing: /home/usuario/rmf_ws/install/rmf_demos_assets/share/rmf_demos_assets/models/Caddy/materials/textures/FNR_switch_F.png
[15.255s] -- Installing: /home/usuario/rmf_ws/install/rmf_demos_assets/share/rmf_demos_assets/models/Caddy/materials/textures/Ranger_Spec.png
[15.255s] -- Installing: /home/usuario/rmf_ws/install/rmf_demos_assets/share/rmf_demos_assets/models/Caddy/materials/scripts
[15.255s] -- Installing: /home/usuario/rmf_ws/install/rmf_demos_assets/share/rmf_demos_assets/models/Caddy/materials/scripts/polaris.material
[15.255s] -- Installing: /home/usuario/rmf_ws/install/rmf_demos_assets/share/rmf_demos_assets/models/Caddy/model-1_3.sdf
[15.255s] -- Installing: /home/usuario/rmf_ws/install/rmf_demos_assets/share/rmf_demos_assets/models/Caddy/model.config
[15.255s] -- Installing: /home/usuario/rmf_ws/install/rmf_demos_assets/share/rmf_demos_assets/models/Caddy/model.sdf
[15.255s] -- Installing: /home/usuario/rmf_ws/install/rmf_demos_assets/share/rmf_demos_assets/models/Caddy/model-1_4.sdf
[15.256s] -- Installing: /home/usuario/rmf_ws/install/rmf_demos_assets/share/rmf_demos_assets/models/TeleportDispenser
[15.256s] -- Installing: /home/usuario/rmf_ws/install/rmf_demos_assets/share/rmf_demos_assets/models/TeleportDispenser/model.config
[15.256s] -- Installing: /home/usuario/rmf_ws/install/rmf_demos_assets/share/rmf_demos_assets/models/TeleportDispenser/model.sdf
[15.256s] -- Installing: /home/usuario/rmf_ws/install/rmf_demos_assets/share/rmf_demos_assets/models/TinyRobot
[15.256s] -- Installing: /home/usuario/rmf_ws/install/rmf_demos_assets/share/rmf_demos_assets/models/TinyRobot/meshes
[15.256s] -- Installing: /home/usuario/rmf_ws/install/rmf_demos_assets/share/rmf_demos_assets/models/TinyRobot/meshes/tinyRobot_body.dae
[15.256s] -- Installing: /home/usuario/rmf_ws/install/rmf_demos_assets/share/rmf_demos_assets/models/TinyRobot/meshes/caster_wheel.dae
[15.256s] -- Installing: /home/usuario/rmf_ws/install/rmf_demos_assets/share/rmf_demos_assets/models/TinyRobot/meshes/front_wheel.dae
[15.256s] -- Installing: /home/usuario/rmf_ws/install/rmf_demos_assets/share/rmf_demos_assets/models/TinyRobot/meshes/sensors
[15.256s] -- Installing: /home/usuario/rmf_ws/install/rmf_demos_assets/share/rmf_demos_assets/models/TinyRobot/meshes/sensors/sonar_hc-sr04.dae
[15.256s] -- Installing: /home/usuario/rmf_ws/install/rmf_demos_assets/share/rmf_demos_assets/models/TinyRobot/meshes/sensors/raspi_camera.dae
[15.256s] -- Installing: /home/usuario/rmf_ws/install/rmf_demos_assets/share/rmf_demos_assets/models/TinyRobot/model.config
[15.257s] -- Installing: /home/usuario/rmf_ws/install/rmf_demos_assets/share/rmf_demos_assets/models/TinyRobot/model.sdf
[15.257s] -- Installing: /home/usuario/rmf_ws/install/rmf_demos_assets/share/rmf_demos_assets/models/RobotPlaceholder
[15.257s] -- Installing: /home/usuario/rmf_ws/install/rmf_demos_assets/share/rmf_demos_assets/models/RobotPlaceholder/model.config
[15.257s] -- Installing: /home/usuario/rmf_ws/install/rmf_demos_assets/share/rmf_demos_assets/models/RobotPlaceholder/model.sdf
[15.257s] -- Installing: /home/usuario/rmf_ws/install/rmf_demos_assets/share/rmf_demos_assets/models/CleanerBotE
[15.257s] -- Installing: /home/usuario/rmf_ws/install/rmf_demos_assets/share/rmf_demos_assets/models/CleanerBotE/meshes
[15.257s] -- Installing: /home/usuario/rmf_ws/install/rmf_demos_assets/share/rmf_demos_assets/models/CleanerBotE/meshes/CleanerBotE_Wheel.obj
[15.257s] -- Installing: /home/usuario/rmf_ws/install/rmf_demos_assets/share/rmf_demos_assets/models/CleanerBotE/meshes/CleanerBotE.obj
[15.257s] -- Installing: /home/usuario/rmf_ws/install/rmf_demos_assets/share/rmf_demos_assets/models/CleanerBotE/meshes/CleanerBotE_Col.mtl
[15.257s] -- Installing: /home/usuario/rmf_ws/install/rmf_demos_assets/share/rmf_demos_assets/models/CleanerBotE/meshes/CleanerBotE_Wheel.mtl
[15.258s] -- Installing: /home/usuario/rmf_ws/install/rmf_demos_assets/share/rmf_demos_assets/models/CleanerBotE/meshes/CleanerBotE_Col.obj
[15.258s] -- Installing: /home/usuario/rmf_ws/install/rmf_demos_assets/share/rmf_demos_assets/models/CleanerBotE/meshes/CleanerBotE.mtl
[15.258s] -- Installing: /home/usuario/rmf_ws/install/rmf_demos_assets/share/rmf_demos_assets/models/CleanerBotE/meshes/CleanerBotE_Diffuse.png
[15.258s] -- Installing: /home/usuario/rmf_ws/install/rmf_demos_assets/share/rmf_demos_assets/models/CleanerBotE/model.config
[15.258s] -- Installing: /home/usuario/rmf_ws/install/rmf_demos_assets/share/rmf_demos_assets/models/CleanerBotE/model.sdf
[15.258s] -- Installing: /home/usuario/rmf_ws/install/rmf_demos_assets/share/ament_index/resource_index/package_run_dependencies/rmf_demos_assets
[15.258s] -- Installing: /home/usuario/rmf_ws/install/rmf_demos_assets/share/ament_index/resource_index/parent_prefix_path/rmf_demos_assets
[15.258s] -- Installing: /home/usuario/rmf_ws/install/rmf_demos_assets/share/rmf_demos_assets/environment/ament_prefix_path.sh
[15.258s] -- Installing: /home/usuario/rmf_ws/install/rmf_demos_assets/share/rmf_demos_assets/environment/ament_prefix_path.dsv
[15.259s] -- Installing: /home/usuario/rmf_ws/install/rmf_demos_assets/share/rmf_demos_assets/environment/path.sh
[15.259s] -- Installing: /home/usuario/rmf_ws/install/rmf_demos_assets/share/rmf_demos_assets/environment/path.dsv
[15.259s] -- Installing: /home/usuario/rmf_ws/install/rmf_demos_assets/share/rmf_demos_assets/local_setup.bash
[15.259s] -- Installing: /home/usuario/rmf_ws/install/rmf_demos_assets/share/rmf_demos_assets/local_setup.sh
[15.259s] -- Installing: /home/usuario/rmf_ws/install/rmf_demos_assets/share/rmf_demos_assets/local_setup.zsh
[15.259s] -- Installing: /home/usuario/rmf_ws/install/rmf_demos_assets/share/rmf_demos_assets/local_setup.dsv
[15.259s] -- Installing: /home/usuario/rmf_ws/install/rmf_demos_assets/share/rmf_demos_assets/package.dsv
[15.259s] -- Installing: /home/usuario/rmf_ws/install/rmf_demos_assets/share/ament_index/resource_index/packages/rmf_demos_assets
[15.259s] -- Installing: /home/usuario/rmf_ws/install/rmf_demos_assets/share/rmf_demos_assets/cmake/rmf_demos_assetsConfig.cmake
[15.262s] -- Installing: /home/usuario/rmf_ws/install/rmf_demos_assets/share/rmf_demos_assets/cmake/rmf_demos_assetsConfig-version.cmake
[15.262s] -- Installing: /home/usuario/rmf_ws/install/rmf_demos_assets/share/rmf_demos_assets/package.xml
[15.269s] Invoked command in '/home/usuario/rmf_ws/build/rmf_demos_assets' returned '0': CMAKE_PREFIX_PATH=/home/usuario/rmf_ws/install/rmf_demos_gz:/home/usuario/rmf_ws/install/rmf_demos:/home/usuario/rmf_ws/install/rmf_visualization:/home/usuario/rmf_ws/install/rmf_visualization_rviz2_plugins:/home/usuario/rmf_ws/install/rmf_visualization_obstacles:/home/usuario/rmf_ws/install/rmf_visualization_navgraphs:/home/usuario/rmf_ws/install/rmf_visualization_floorplans:/home/usuario/rmf_ws/install/rmf_visualization_fleet_states:/home/usuario/rmf_ws/install/rmf_demos_maps:/home/usuario/rmf_ws/install/rmf_demos_assets:/rmf_demos_ws/install/rmf_workcell_msgs:/rmf_demos_ws/install/rmf_reservation_node:/rmf_demos_ws/install/rmf_demos_gz:/rmf_demos_ws/install/rmf_demos:/rmf_demos_ws/install/rmf_fleet_adapter_python:/rmf_demos_ws/install/rmf_fleet_adapter:/rmf_demos_ws/install/rmf_task_ros2:/rmf_demos_ws/install/rmf_websocket:/rmf_demos_ws/install/rmf_visualization:/rmf_demos_ws/install/rmf_visualization_schedule:/rmf_demos_ws/install/rmf_visualization_rviz2_plugins:/rmf_demos_ws/install/rmf_visualization_obstacles:/rmf_demos_ws/install/rmf_visualization_navgraphs:/rmf_demos_ws/install/rmf_visualization_floorplans:/rmf_demos_ws/install/rmf_visualization_fleet_states:/rmf_demos_ws/install/rmf_visualization_msgs:/rmf_demos_ws/install/rmf_traffic_ros2:/rmf_demos_ws/install/rmf_task_sequence:/rmf_demos_ws/install/rmf_task:/rmf_demos_ws/install/rmf_battery:/rmf_demos_ws/install/rmf_traffic:/rmf_demos_ws/install/rmf_utils:/rmf_demos_ws/install/rmf_traffic_msgs:/rmf_demos_ws/install/rmf_traffic_editor_test_maps:/rmf_demos_ws/install/rmf_traffic_editor_assets:/rmf_demos_ws/install/rmf_traffic_editor:/rmf_demos_ws/install/rmf_task_msgs:/rmf_demos_ws/install/rmf_site_map_msgs:/rmf_demos_ws/install/rmf_scheduler_msgs:/rmf_demos_ws/install/rmf_robot_sim_gz_plugins:/rmf_demos_ws/install/rmf_robot_sim_common:/rmf_demos_ws/install/rmf_reservation_msgs:/rmf_demos_ws/install/rmf_obstacle_msgs:/rmf_demos_ws/install/rmf_building_sim_gz_plugins:/rmf_demos_ws/install/rmf_lift_msgs:/rmf_demos_ws/install/rmf_ingestor_msgs:/rmf_demos_ws/install/rmf_fleet_msgs:/rmf_demos_ws/install/rmf_door_msgs:/rmf_demos_ws/install/rmf_dispenser_msgs:/rmf_demos_ws/install/rmf_demos_maps:/rmf_demos_ws/install/rmf_demos_assets:/rmf_demos_ws/install/rmf_charger_msgs:/rmf_demos_ws/install/rmf_building_map_msgs:/rmf_demos_ws/install/rmf_api_msgs:/rmf_demos_ws/install/pybind11_json_vendor:/rmf_demos_ws/install/nlohmann_json_schema_validator_vendor:/home/usuario/rmf_ws/install/rmf_visualization_building_systems:/home/usuario/rmf_ws/install/rmf_demos_tasks:/home/usuario/rmf_ws/install/rmf_demos_fleet_adapter:/home/usuario/rmf_ws/install/rmf_demos_bridges:/rmf_demos_ws/install/rmf_demos_fleet_adapter:/rmf_demos_ws/install/rmf_visualization_building_systems:/rmf_demos_ws/install/rmf_traffic_examples:/rmf_demos_ws/install/rmf_demos_bridges:/rmf_demos_ws/install/rmf_demos_tasks:/rmf_demos_ws/install/rmf_building_map_tools:/rmf_demos_ws/install/rmf_charging_schedule:/opt/ros/jazzy:/rmf_demos_ws/install/menge_vendor:/rmf_demos_ws/install/ament_cmake_catch2:/opt/ros/jazzy/opt/gz_sim_vendor:/opt/ros/jazzy/opt/gz_sensors_vendor:/opt/ros/jazzy/opt/gz_physics_vendor:/opt/ros/jazzy/opt/sdformat_vendor:/opt/ros/jazzy/opt/gz_gui_vendor:/opt/ros/jazzy/opt/gz_transport_vendor:/opt/ros/jazzy/opt/gz_rendering_vendor:/opt/ros/jazzy/opt/gz_plugin_vendor:/opt/ros/jazzy/opt/gz_fuel_tools_vendor:/opt/ros/jazzy/opt/gz_msgs_vendor:/opt/ros/jazzy/opt/gz_common_vendor:/opt/ros/jazzy/opt/gz_math_vendor:/opt/ros/jazzy/opt/gz_utils_vendor:/opt/ros/jazzy/opt/gz_tools_vendor:/opt/ros/jazzy/opt/gz_ogre_next_vendor:/opt/ros/jazzy/opt/gz_dartsim_vendor:/opt/ros/jazzy/opt/gz_cmake_vendor /usr/bin/cmake --install /home/usuario/rmf_ws/build/rmf_demos_assets
