[0.229s] Invoking command in '/home/usuario/rmf_ws/build/rmf_visualization_obstacles': CMAKE_PREFIX_PATH=${CMAKE_PREFIX_PATH}:/home/usuario/install/rmf_visualization_building_systems:/opt/ros/jazzy /usr/bin/cmake --build /home/usuario/rmf_ws/build/rmf_visualization_obstacles -- -j6 -l6
[0.433s] [ 50%] Built target obstacle_visualizer_node
[0.448s] [100%] Built target obstacle_visualizer
[0.481s] Invoked command in '/home/usuario/rmf_ws/build/rmf_visualization_obstacles' returned '0': CMAKE_PREFIX_PATH=${CMAKE_PREFIX_PATH}:/home/usuario/install/rmf_visualization_building_systems:/opt/ros/jazzy /usr/bin/cmake --build /home/usuario/rmf_ws/build/rmf_visualization_obstacles -- -j6 -l6
[0.483s] Invoking command in '/home/usuario/rmf_ws/build/rmf_visualization_obstacles': CMAKE_PREFIX_PATH=${CMAKE_PREFIX_PATH}:/home/usuario/install/rmf_visualization_building_systems:/opt/ros/jazzy /usr/bin/cmake --install /home/usuario/rmf_ws/build/rmf_visualization_obstacles
[0.515s] -- Install configuration: ""
[0.527s] -- Up-to-date: /home/usuario/rmf_ws/install/rmf_visualization_obstacles/lib/rmf_visualization_obstacles/obstacle_visualizer_node
[0.536s] -- Up-to-date: /home/usuario/rmf_ws/install/rmf_visualization_obstacles/lib/libobstacle_visualizer.so
[0.537s] -- Up-to-date: /home/usuario/rmf_ws/install/rmf_visualization_obstacles/share/ament_index/resource_index/package_run_dependencies/rmf_visualization_obstacles
[0.537s] -- Up-to-date: /home/usuario/rmf_ws/install/rmf_visualization_obstacles/share/ament_index/resource_index/parent_prefix_path/rmf_visualization_obstacles
[0.537s] -- Up-to-date: /home/usuario/rmf_ws/install/rmf_visualization_obstacles/share/rmf_visualization_obstacles/environment/ament_prefix_path.sh
[0.538s] -- Up-to-date: /home/usuario/rmf_ws/install/rmf_visualization_obstacles/share/rmf_visualization_obstacles/environment/ament_prefix_path.dsv
[0.538s] -- Up-to-date: /home/usuario/rmf_ws/install/rmf_visualization_obstacles/share/rmf_visualization_obstacles/environment/path.sh
[0.538s] -- Up-to-date: /home/usuario/rmf_ws/install/rmf_visualization_obstacles/share/rmf_visualization_obstacles/environment/path.dsv
[0.539s] -- Up-to-date: /home/usuario/rmf_ws/install/rmf_visualization_obstacles/share/rmf_visualization_obstacles/local_setup.bash
[0.539s] -- Up-to-date: /home/usuario/rmf_ws/install/rmf_visualization_obstacles/share/rmf_visualization_obstacles/local_setup.sh
[0.539s] -- Up-to-date: /home/usuario/rmf_ws/install/rmf_visualization_obstacles/share/rmf_visualization_obstacles/local_setup.zsh
[0.540s] -- Up-to-date: /home/usuario/rmf_ws/install/rmf_visualization_obstacles/share/rmf_visualization_obstacles/local_setup.dsv
[0.540s] -- Installing: /home/usuario/rmf_ws/install/rmf_visualization_obstacles/share/rmf_visualization_obstacles/package.dsv
[0.544s] -- Up-to-date: /home/usuario/rmf_ws/install/rmf_visualization_obstacles/share/ament_index/resource_index/packages/rmf_visualization_obstacles
[0.544s] -- Up-to-date: /home/usuario/rmf_ws/install/rmf_visualization_obstacles/share/ament_index/resource_index/rclcpp_components/rmf_visualization_obstacles
[0.545s] -- Up-to-date: /home/usuario/rmf_ws/install/rmf_visualization_obstacles/share/rmf_visualization_obstacles/cmake/rmf_visualization_obstaclesConfig.cmake
[0.545s] -- Up-to-date: /home/usuario/rmf_ws/install/rmf_visualization_obstacles/share/rmf_visualization_obstacles/cmake/rmf_visualization_obstaclesConfig-version.cmake
[0.545s] -- Up-to-date: /home/usuario/rmf_ws/install/rmf_visualization_obstacles/share/rmf_visualization_obstacles/package.xml
[0.570s] Invoked command in '/home/usuario/rmf_ws/build/rmf_visualization_obstacles' returned '0': CMAKE_PREFIX_PATH=${CMAKE_PREFIX_PATH}:/home/usuario/install/rmf_visualization_building_systems:/opt/ros/jazzy /usr/bin/cmake --install /home/usuario/rmf_ws/build/rmf_visualization_obstacles
