[1.703s] Invoking command in '/home/usuario/Documentos/GitHub/IR2134/TASK3y4_NAT/rmf_ws/src/rmf_demos_tasks': PYTHONPATH=/home/usuario/Documentos/GitHub/IR2134/TASK3y4_NAT/rmf_ws/build/rmf_demos_tasks/prefix_override:/usr/lib/python3/dist-packages/colcon_core/task/python/colcon_distutils_commands:/home/usuario/Documentos/GitHub/IR2134/TASK3y4_NAT/rmf_ws/install/rmf_demos_tasks/lib/python3.10/site-packages:${PYTHONPATH} /usr/bin/python3 -W ignore:setup.py install is deprecated -W ignore:easy_install command is deprecated setup.py egg_info --egg-base ../../build/rmf_demos_tasks build --build-base /home/usuario/Documentos/GitHub/IR2134/TASK3y4_NAT/rmf_ws/build/rmf_demos_tasks/build install --record /home/usuario/Documentos/GitHub/IR2134/TASK3y4_NAT/rmf_ws/build/rmf_demos_tasks/install.log --single-version-externally-managed install_data
[2.255s] running egg_info
[2.256s] creating ../../build/rmf_demos_tasks/rmf_demos_tasks.egg-info
[2.256s] writing ../../build/rmf_demos_tasks/rmf_demos_tasks.egg-info/PKG-INFO
[2.261s] writing dependency_links to ../../build/rmf_demos_tasks/rmf_demos_tasks.egg-info/dependency_links.txt
[2.265s] writing entry points to ../../build/rmf_demos_tasks/rmf_demos_tasks.egg-info/entry_points.txt
[2.268s] writing requirements to ../../build/rmf_demos_tasks/rmf_demos_tasks.egg-info/requires.txt
[2.272s] writing top-level names to ../../build/rmf_demos_tasks/rmf_demos_tasks.egg-info/top_level.txt
[2.275s] writing manifest file '../../build/rmf_demos_tasks/rmf_demos_tasks.egg-info/SOURCES.txt'
[2.280s] reading manifest file '../../build/rmf_demos_tasks/rmf_demos_tasks.egg-info/SOURCES.txt'
[2.285s] writing manifest file '../../build/rmf_demos_tasks/rmf_demos_tasks.egg-info/SOURCES.txt'
[2.287s] running build
[2.287s] running build_py
[2.288s] creating /home/usuario/Documentos/GitHub/IR2134/TASK3y4_NAT/rmf_ws/build/rmf_demos_tasks/build
[2.288s] creating /home/usuario/Documentos/GitHub/IR2134/TASK3y4_NAT/rmf_ws/build/rmf_demos_tasks/build/lib
[2.288s] creating /home/usuario/Documentos/GitHub/IR2134/TASK3y4_NAT/rmf_ws/build/rmf_demos_tasks/build/lib/rmf_demos_tasks
[2.288s] copying rmf_demos_tasks/dispatch_action.py -> /home/usuario/Documentos/GitHub/IR2134/TASK3y4_NAT/rmf_ws/build/rmf_demos_tasks/build/lib/rmf_demos_tasks
[2.303s] copying rmf_demos_tasks/request_lift.py -> /home/usuario/Documentos/GitHub/IR2134/TASK3y4_NAT/rmf_ws/build/rmf_demos_tasks/build/lib/rmf_demos_tasks
[2.322s] copying rmf_demos_tasks/wait_for_task_complete.py -> /home/usuario/Documentos/GitHub/IR2134/TASK3y4_NAT/rmf_ws/build/rmf_demos_tasks/build/lib/rmf_demos_tasks
[2.341s] copying rmf_demos_tasks/dispatch_patrol.py -> /home/usuario/Documentos/GitHub/IR2134/TASK3y4_NAT/rmf_ws/build/rmf_demos_tasks/build/lib/rmf_demos_tasks
[2.358s] copying rmf_demos_tasks/dispatch_go_to_place.py -> /home/usuario/Documentos/GitHub/IR2134/TASK3y4_NAT/rmf_ws/build/rmf_demos_tasks/build/lib/rmf_demos_tasks
[2.375s] copying rmf_demos_tasks/dispatch_delivery.py -> /home/usuario/Documentos/GitHub/IR2134/TASK3y4_NAT/rmf_ws/build/rmf_demos_tasks/build/lib/rmf_demos_tasks
[2.391s] copying rmf_demos_tasks/cancel_task.py -> /home/usuario/Documentos/GitHub/IR2134/TASK3y4_NAT/rmf_ws/build/rmf_demos_tasks/build/lib/rmf_demos_tasks
[2.406s] copying rmf_demos_tasks/api_request.py -> /home/usuario/Documentos/GitHub/IR2134/TASK3y4_NAT/rmf_ws/build/rmf_demos_tasks/build/lib/rmf_demos_tasks
[2.422s] copying rmf_demos_tasks/dispatch_loop.py -> /home/usuario/Documentos/GitHub/IR2134/TASK3y4_NAT/rmf_ws/build/rmf_demos_tasks/build/lib/rmf_demos_tasks
[2.434s] copying rmf_demos_tasks/mock_docker.py -> /home/usuario/Documentos/GitHub/IR2134/TASK3y4_NAT/rmf_ws/build/rmf_demos_tasks/build/lib/rmf_demos_tasks
[2.442s] copying rmf_demos_tasks/teleop_robot.py -> /home/usuario/Documentos/GitHub/IR2134/TASK3y4_NAT/rmf_ws/build/rmf_demos_tasks/build/lib/rmf_demos_tasks
[2.451s] copying rmf_demos_tasks/dispatch_cart_delivery.py -> /home/usuario/Documentos/GitHub/IR2134/TASK3y4_NAT/rmf_ws/build/rmf_demos_tasks/build/lib/rmf_demos_tasks
[2.459s] copying rmf_demos_tasks/dispatch_json.py -> /home/usuario/Documentos/GitHub/IR2134/TASK3y4_NAT/rmf_ws/build/rmf_demos_tasks/build/lib/rmf_demos_tasks
[2.468s] copying rmf_demos_tasks/__init__.py -> /home/usuario/Documentos/GitHub/IR2134/TASK3y4_NAT/rmf_ws/build/rmf_demos_tasks/build/lib/rmf_demos_tasks
[2.481s] copying rmf_demos_tasks/dispatch_teleop.py -> /home/usuario/Documentos/GitHub/IR2134/TASK3y4_NAT/rmf_ws/build/rmf_demos_tasks/build/lib/rmf_demos_tasks
[2.491s] copying rmf_demos_tasks/request_loop.py -> /home/usuario/Documentos/GitHub/IR2134/TASK3y4_NAT/rmf_ws/build/rmf_demos_tasks/build/lib/rmf_demos_tasks
[2.503s] copying rmf_demos_tasks/dispatch_clean.py -> /home/usuario/Documentos/GitHub/IR2134/TASK3y4_NAT/rmf_ws/build/rmf_demos_tasks/build/lib/rmf_demos_tasks
[2.512s] copying rmf_demos_tasks/get_robot_location.py -> /home/usuario/Documentos/GitHub/IR2134/TASK3y4_NAT/rmf_ws/build/rmf_demos_tasks/build/lib/rmf_demos_tasks
[2.522s] running install
[2.522s] running install_lib
[2.523s] creating /home/usuario/Documentos/GitHub/IR2134/TASK3y4_NAT/rmf_ws/install/rmf_demos_tasks/lib/python3.10/site-packages/rmf_demos_tasks
[2.523s] copying /home/usuario/Documentos/GitHub/IR2134/TASK3y4_NAT/rmf_ws/build/rmf_demos_tasks/build/lib/rmf_demos_tasks/dispatch_action.py -> /home/usuario/Documentos/GitHub/IR2134/TASK3y4_NAT/rmf_ws/install/rmf_demos_tasks/lib/python3.10/site-packages/rmf_demos_tasks
[2.534s] copying /home/usuario/Documentos/GitHub/IR2134/TASK3y4_NAT/rmf_ws/build/rmf_demos_tasks/build/lib/rmf_demos_tasks/request_lift.py -> /home/usuario/Documentos/GitHub/IR2134/TASK3y4_NAT/rmf_ws/install/rmf_demos_tasks/lib/python3.10/site-packages/rmf_demos_tasks
[2.543s] copying /home/usuario/Documentos/GitHub/IR2134/TASK3y4_NAT/rmf_ws/build/rmf_demos_tasks/build/lib/rmf_demos_tasks/wait_for_task_complete.py -> /home/usuario/Documentos/GitHub/IR2134/TASK3y4_NAT/rmf_ws/install/rmf_demos_tasks/lib/python3.10/site-packages/rmf_demos_tasks
[2.552s] copying /home/usuario/Documentos/GitHub/IR2134/TASK3y4_NAT/rmf_ws/build/rmf_demos_tasks/build/lib/rmf_demos_tasks/dispatch_patrol.py -> /home/usuario/Documentos/GitHub/IR2134/TASK3y4_NAT/rmf_ws/install/rmf_demos_tasks/lib/python3.10/site-packages/rmf_demos_tasks
[2.563s] copying /home/usuario/Documentos/GitHub/IR2134/TASK3y4_NAT/rmf_ws/build/rmf_demos_tasks/build/lib/rmf_demos_tasks/dispatch_go_to_place.py -> /home/usuario/Documentos/GitHub/IR2134/TASK3y4_NAT/rmf_ws/install/rmf_demos_tasks/lib/python3.10/site-packages/rmf_demos_tasks
[2.575s] copying /home/usuario/Documentos/GitHub/IR2134/TASK3y4_NAT/rmf_ws/build/rmf_demos_tasks/build/lib/rmf_demos_tasks/dispatch_delivery.py -> /home/usuario/Documentos/GitHub/IR2134/TASK3y4_NAT/rmf_ws/install/rmf_demos_tasks/lib/python3.10/site-packages/rmf_demos_tasks
[2.586s] copying /home/usuario/Documentos/GitHub/IR2134/TASK3y4_NAT/rmf_ws/build/rmf_demos_tasks/build/lib/rmf_demos_tasks/cancel_task.py -> /home/usuario/Documentos/GitHub/IR2134/TASK3y4_NAT/rmf_ws/install/rmf_demos_tasks/lib/python3.10/site-packages/rmf_demos_tasks
[2.598s] copying /home/usuario/Documentos/GitHub/IR2134/TASK3y4_NAT/rmf_ws/build/rmf_demos_tasks/build/lib/rmf_demos_tasks/api_request.py -> /home/usuario/Documentos/GitHub/IR2134/TASK3y4_NAT/rmf_ws/install/rmf_demos_tasks/lib/python3.10/site-packages/rmf_demos_tasks
[2.607s] copying /home/usuario/Documentos/GitHub/IR2134/TASK3y4_NAT/rmf_ws/build/rmf_demos_tasks/build/lib/rmf_demos_tasks/dispatch_loop.py -> /home/usuario/Documentos/GitHub/IR2134/TASK3y4_NAT/rmf_ws/install/rmf_demos_tasks/lib/python3.10/site-packages/rmf_demos_tasks
[2.617s] copying /home/usuario/Documentos/GitHub/IR2134/TASK3y4_NAT/rmf_ws/build/rmf_demos_tasks/build/lib/rmf_demos_tasks/mock_docker.py -> /home/usuario/Documentos/GitHub/IR2134/TASK3y4_NAT/rmf_ws/install/rmf_demos_tasks/lib/python3.10/site-packages/rmf_demos_tasks
[2.627s] copying /home/usuario/Documentos/GitHub/IR2134/TASK3y4_NAT/rmf_ws/build/rmf_demos_tasks/build/lib/rmf_demos_tasks/teleop_robot.py -> /home/usuario/Documentos/GitHub/IR2134/TASK3y4_NAT/rmf_ws/install/rmf_demos_tasks/lib/python3.10/site-packages/rmf_demos_tasks
[2.633s] copying /home/usuario/Documentos/GitHub/IR2134/TASK3y4_NAT/rmf_ws/build/rmf_demos_tasks/build/lib/rmf_demos_tasks/dispatch_cart_delivery.py -> /home/usuario/Documentos/GitHub/IR2134/TASK3y4_NAT/rmf_ws/install/rmf_demos_tasks/lib/python3.10/site-packages/rmf_demos_tasks
[2.643s] copying /home/usuario/Documentos/GitHub/IR2134/TASK3y4_NAT/rmf_ws/build/rmf_demos_tasks/build/lib/rmf_demos_tasks/dispatch_json.py -> /home/usuario/Documentos/GitHub/IR2134/TASK3y4_NAT/rmf_ws/install/rmf_demos_tasks/lib/python3.10/site-packages/rmf_demos_tasks
[2.654s] copying /home/usuario/Documentos/GitHub/IR2134/TASK3y4_NAT/rmf_ws/build/rmf_demos_tasks/build/lib/rmf_demos_tasks/__init__.py -> /home/usuario/Documentos/GitHub/IR2134/TASK3y4_NAT/rmf_ws/install/rmf_demos_tasks/lib/python3.10/site-packages/rmf_demos_tasks
[2.668s] copying /home/usuario/Documentos/GitHub/IR2134/TASK3y4_NAT/rmf_ws/build/rmf_demos_tasks/build/lib/rmf_demos_tasks/dispatch_teleop.py -> /home/usuario/Documentos/GitHub/IR2134/TASK3y4_NAT/rmf_ws/install/rmf_demos_tasks/lib/python3.10/site-packages/rmf_demos_tasks
[2.686s] copying /home/usuario/Documentos/GitHub/IR2134/TASK3y4_NAT/rmf_ws/build/rmf_demos_tasks/build/lib/rmf_demos_tasks/request_loop.py -> /home/usuario/Documentos/GitHub/IR2134/TASK3y4_NAT/rmf_ws/install/rmf_demos_tasks/lib/python3.10/site-packages/rmf_demos_tasks
[2.700s] copying /home/usuario/Documentos/GitHub/IR2134/TASK3y4_NAT/rmf_ws/build/rmf_demos_tasks/build/lib/rmf_demos_tasks/dispatch_clean.py -> /home/usuario/Documentos/GitHub/IR2134/TASK3y4_NAT/rmf_ws/install/rmf_demos_tasks/lib/python3.10/site-packages/rmf_demos_tasks
[2.718s] copying /home/usuario/Documentos/GitHub/IR2134/TASK3y4_NAT/rmf_ws/build/rmf_demos_tasks/build/lib/rmf_demos_tasks/get_robot_location.py -> /home/usuario/Documentos/GitHub/IR2134/TASK3y4_NAT/rmf_ws/install/rmf_demos_tasks/lib/python3.10/site-packages/rmf_demos_tasks
[2.733s] byte-compiling /home/usuario/Documentos/GitHub/IR2134/TASK3y4_NAT/rmf_ws/install/rmf_demos_tasks/lib/python3.10/site-packages/rmf_demos_tasks/dispatch_action.py to dispatch_action.cpython-310.pyc
[2.743s] byte-compiling /home/usuario/Documentos/GitHub/IR2134/TASK3y4_NAT/rmf_ws/install/rmf_demos_tasks/lib/python3.10/site-packages/rmf_demos_tasks/request_lift.py to request_lift.cpython-310.pyc
[2.756s] byte-compiling /home/usuario/Documentos/GitHub/IR2134/TASK3y4_NAT/rmf_ws/install/rmf_demos_tasks/lib/python3.10/site-packages/rmf_demos_tasks/wait_for_task_complete.py to wait_for_task_complete.cpython-310.pyc
[2.766s] byte-compiling /home/usuario/Documentos/GitHub/IR2134/TASK3y4_NAT/rmf_ws/install/rmf_demos_tasks/lib/python3.10/site-packages/rmf_demos_tasks/dispatch_patrol.py to dispatch_patrol.cpython-310.pyc
[2.776s] byte-compiling /home/usuario/Documentos/GitHub/IR2134/TASK3y4_NAT/rmf_ws/install/rmf_demos_tasks/lib/python3.10/site-packages/rmf_demos_tasks/dispatch_go_to_place.py to dispatch_go_to_place.cpython-310.pyc
[2.787s] byte-compiling /home/usuario/Documentos/GitHub/IR2134/TASK3y4_NAT/rmf_ws/install/rmf_demos_tasks/lib/python3.10/site-packages/rmf_demos_tasks/dispatch_delivery.py to dispatch_delivery.cpython-310.pyc
[2.796s] byte-compiling /home/usuario/Documentos/GitHub/IR2134/TASK3y4_NAT/rmf_ws/install/rmf_demos_tasks/lib/python3.10/site-packages/rmf_demos_tasks/cancel_task.py to cancel_task.cpython-310.pyc
[2.807s] byte-compiling /home/usuario/Documentos/GitHub/IR2134/TASK3y4_NAT/rmf_ws/install/rmf_demos_tasks/lib/python3.10/site-packages/rmf_demos_tasks/api_request.py to api_request.cpython-310.pyc
[2.817s] byte-compiling /home/usuario/Documentos/GitHub/IR2134/TASK3y4_NAT/rmf_ws/install/rmf_demos_tasks/lib/python3.10/site-packages/rmf_demos_tasks/dispatch_loop.py to dispatch_loop.cpython-310.pyc
[2.827s] byte-compiling /home/usuario/Documentos/GitHub/IR2134/TASK3y4_NAT/rmf_ws/install/rmf_demos_tasks/lib/python3.10/site-packages/rmf_demos_tasks/mock_docker.py to mock_docker.cpython-310.pyc
[2.837s] byte-compiling /home/usuario/Documentos/GitHub/IR2134/TASK3y4_NAT/rmf_ws/install/rmf_demos_tasks/lib/python3.10/site-packages/rmf_demos_tasks/teleop_robot.py to teleop_robot.cpython-310.pyc
[2.847s] byte-compiling /home/usuario/Documentos/GitHub/IR2134/TASK3y4_NAT/rmf_ws/install/rmf_demos_tasks/lib/python3.10/site-packages/rmf_demos_tasks/dispatch_cart_delivery.py to dispatch_cart_delivery.cpython-310.pyc
[2.856s] byte-compiling /home/usuario/Documentos/GitHub/IR2134/TASK3y4_NAT/rmf_ws/install/rmf_demos_tasks/lib/python3.10/site-packages/rmf_demos_tasks/dispatch_json.py to dispatch_json.cpython-310.pyc
[2.866s] byte-compiling /home/usuario/Documentos/GitHub/IR2134/TASK3y4_NAT/rmf_ws/install/rmf_demos_tasks/lib/python3.10/site-packages/rmf_demos_tasks/__init__.py to __init__.cpython-310.pyc
[2.875s] byte-compiling /home/usuario/Documentos/GitHub/IR2134/TASK3y4_NAT/rmf_ws/install/rmf_demos_tasks/lib/python3.10/site-packages/rmf_demos_tasks/dispatch_teleop.py to dispatch_teleop.cpython-310.pyc
[2.884s] byte-compiling /home/usuario/Documentos/GitHub/IR2134/TASK3y4_NAT/rmf_ws/install/rmf_demos_tasks/lib/python3.10/site-packages/rmf_demos_tasks/request_loop.py to request_loop.cpython-310.pyc
[2.893s] byte-compiling /home/usuario/Documentos/GitHub/IR2134/TASK3y4_NAT/rmf_ws/install/rmf_demos_tasks/lib/python3.10/site-packages/rmf_demos_tasks/dispatch_clean.py to dispatch_clean.cpython-310.pyc
[2.902s] byte-compiling /home/usuario/Documentos/GitHub/IR2134/TASK3y4_NAT/rmf_ws/install/rmf_demos_tasks/lib/python3.10/site-packages/rmf_demos_tasks/get_robot_location.py to get_robot_location.cpython-310.pyc
[2.905s] running install_data
[2.905s] creating /home/usuario/Documentos/GitHub/IR2134/TASK3y4_NAT/rmf_ws/install/rmf_demos_tasks/share/ament_index
[2.905s] creating /home/usuario/Documentos/GitHub/IR2134/TASK3y4_NAT/rmf_ws/install/rmf_demos_tasks/share/ament_index/resource_index
[2.905s] creating /home/usuario/Documentos/GitHub/IR2134/TASK3y4_NAT/rmf_ws/install/rmf_demos_tasks/share/ament_index/resource_index/packages
[2.905s] copying resource/rmf_demos_tasks -> /home/usuario/Documentos/GitHub/IR2134/TASK3y4_NAT/rmf_ws/install/rmf_demos_tasks/share/ament_index/resource_index/packages
[2.907s] copying package.xml -> /home/usuario/Documentos/GitHub/IR2134/TASK3y4_NAT/rmf_ws/install/rmf_demos_tasks/share/rmf_demos_tasks
[2.914s] running install_egg_info
[2.916s] Copying ../../build/rmf_demos_tasks/rmf_demos_tasks.egg-info to /home/usuario/Documentos/GitHub/IR2134/TASK3y4_NAT/rmf_ws/install/rmf_demos_tasks/lib/python3.10/site-packages/rmf_demos_tasks-2.5.0-py3.10.egg-info
[3.090s] running install_scripts
[3.114s] Installing api_request script to /home/usuario/Documentos/GitHub/IR2134/TASK3y4_NAT/rmf_ws/install/rmf_demos_tasks/lib/rmf_demos_tasks
[3.114s] Installing cancel_task script to /home/usuario/Documentos/GitHub/IR2134/TASK3y4_NAT/rmf_ws/install/rmf_demos_tasks/lib/rmf_demos_tasks
[3.117s] Installing dispatch_action script to /home/usuario/Documentos/GitHub/IR2134/TASK3y4_NAT/rmf_ws/install/rmf_demos_tasks/lib/rmf_demos_tasks
[3.121s] Installing dispatch_cart_delivery script to /home/usuario/Documentos/GitHub/IR2134/TASK3y4_NAT/rmf_ws/install/rmf_demos_tasks/lib/rmf_demos_tasks
[3.124s] Installing dispatch_clean script to /home/usuario/Documentos/GitHub/IR2134/TASK3y4_NAT/rmf_ws/install/rmf_demos_tasks/lib/rmf_demos_tasks
[3.127s] Installing dispatch_delivery script to /home/usuario/Documentos/GitHub/IR2134/TASK3y4_NAT/rmf_ws/install/rmf_demos_tasks/lib/rmf_demos_tasks
[3.130s] Installing dispatch_go_to_place script to /home/usuario/Documentos/GitHub/IR2134/TASK3y4_NAT/rmf_ws/install/rmf_demos_tasks/lib/rmf_demos_tasks
[3.133s] Installing dispatch_json script to /home/usuario/Documentos/GitHub/IR2134/TASK3y4_NAT/rmf_ws/install/rmf_demos_tasks/lib/rmf_demos_tasks
[3.136s] Installing dispatch_loop script to /home/usuario/Documentos/GitHub/IR2134/TASK3y4_NAT/rmf_ws/install/rmf_demos_tasks/lib/rmf_demos_tasks
[3.139s] Installing dispatch_patrol script to /home/usuario/Documentos/GitHub/IR2134/TASK3y4_NAT/rmf_ws/install/rmf_demos_tasks/lib/rmf_demos_tasks
[3.143s] Installing dispatch_teleop script to /home/usuario/Documentos/GitHub/IR2134/TASK3y4_NAT/rmf_ws/install/rmf_demos_tasks/lib/rmf_demos_tasks
[3.146s] Installing get_robot_location script to /home/usuario/Documentos/GitHub/IR2134/TASK3y4_NAT/rmf_ws/install/rmf_demos_tasks/lib/rmf_demos_tasks
[3.149s] Installing mock_docker script to /home/usuario/Documentos/GitHub/IR2134/TASK3y4_NAT/rmf_ws/install/rmf_demos_tasks/lib/rmf_demos_tasks
[3.152s] Installing request_lift script to /home/usuario/Documentos/GitHub/IR2134/TASK3y4_NAT/rmf_ws/install/rmf_demos_tasks/lib/rmf_demos_tasks
[3.155s] Installing request_loop script to /home/usuario/Documentos/GitHub/IR2134/TASK3y4_NAT/rmf_ws/install/rmf_demos_tasks/lib/rmf_demos_tasks
[3.159s] Installing teleop_robot script to /home/usuario/Documentos/GitHub/IR2134/TASK3y4_NAT/rmf_ws/install/rmf_demos_tasks/lib/rmf_demos_tasks
[3.162s] Installing wait_for_task_complete script to /home/usuario/Documentos/GitHub/IR2134/TASK3y4_NAT/rmf_ws/install/rmf_demos_tasks/lib/rmf_demos_tasks
[3.165s] writing list of installed files to '/home/usuario/Documentos/GitHub/IR2134/TASK3y4_NAT/rmf_ws/build/rmf_demos_tasks/install.log'
