[1.455s] Invoking command in '/home/usuario/rmf_ws/src/rmf_demos_fleet_adapter': PYTHONPATH=/home/usuario/rmf_ws/build/rmf_demos_fleet_adapter/prefix_override:/usr/lib/python3/dist-packages/colcon_core/task/python/colcon_distutils_commands:/home/usuario/rmf_ws/install/rmf_demos_fleet_adapter/lib/python3.12/site-packages:${PYTHONPATH} /usr/bin/python3 -W ignore:setup.py install is deprecated -W ignore:easy_install command is deprecated setup.py egg_info --egg-base ../../build/rmf_demos_fleet_adapter build --build-base /home/usuario/rmf_ws/build/rmf_demos_fleet_adapter/build install --record /home/usuario/rmf_ws/build/rmf_demos_fleet_adapter/install.log --single-version-externally-managed install_data
[1.783s] running egg_info
[1.788s] creating ../../build/rmf_demos_fleet_adapter/rmf_demos_fleet_adapter.egg-info
[1.812s] writing ../../build/rmf_demos_fleet_adapter/rmf_demos_fleet_adapter.egg-info/PKG-INFO
[1.813s] writing dependency_links to ../../build/rmf_demos_fleet_adapter/rmf_demos_fleet_adapter.egg-info/dependency_links.txt
[1.813s] writing entry points to ../../build/rmf_demos_fleet_adapter/rmf_demos_fleet_adapter.egg-info/entry_points.txt
[1.814s] writing requirements to ../../build/rmf_demos_fleet_adapter/rmf_demos_fleet_adapter.egg-info/requires.txt
[1.814s] writing top-level names to ../../build/rmf_demos_fleet_adapter/rmf_demos_fleet_adapter.egg-info/top_level.txt
[1.815s] writing manifest file '../../build/rmf_demos_fleet_adapter/rmf_demos_fleet_adapter.egg-info/SOURCES.txt'
[1.864s] reading manifest file '../../build/rmf_demos_fleet_adapter/rmf_demos_fleet_adapter.egg-info/SOURCES.txt'
[1.865s] writing manifest file '../../build/rmf_demos_fleet_adapter/rmf_demos_fleet_adapter.egg-info/SOURCES.txt'
[1.866s] running build
[1.866s] running build_py
[1.866s] creating /home/usuario/rmf_ws/build/rmf_demos_fleet_adapter/build
[1.866s] creating /home/usuario/rmf_ws/build/rmf_demos_fleet_adapter/build/lib
[1.866s] creating /home/usuario/rmf_ws/build/rmf_demos_fleet_adapter/build/lib/rmf_demos_fleet_adapter
[1.866s] copying rmf_demos_fleet_adapter/fleet_adapter.py -> /home/usuario/rmf_ws/build/rmf_demos_fleet_adapter/build/lib/rmf_demos_fleet_adapter
[1.904s] copying rmf_demos_fleet_adapter/manage_lane.py -> /home/usuario/rmf_ws/build/rmf_demos_fleet_adapter/build/lib/rmf_demos_fleet_adapter
[1.905s] copying rmf_demos_fleet_adapter/fleet_manager.py -> /home/usuario/rmf_ws/build/rmf_demos_fleet_adapter/build/lib/rmf_demos_fleet_adapter
[1.916s] copying rmf_demos_fleet_adapter/RobotClientAPI.py -> /home/usuario/rmf_ws/build/rmf_demos_fleet_adapter/build/lib/rmf_demos_fleet_adapter
[1.916s] copying rmf_demos_fleet_adapter/__init__.py -> /home/usuario/rmf_ws/build/rmf_demos_fleet_adapter/build/lib/rmf_demos_fleet_adapter
[1.917s] creating /home/usuario/rmf_ws/build/rmf_demos_fleet_adapter/build/lib/test
[1.917s] copying test/test_copyright.py -> /home/usuario/rmf_ws/build/rmf_demos_fleet_adapter/build/lib/test
[1.918s] copying test/test_flake8.py -> /home/usuario/rmf_ws/build/rmf_demos_fleet_adapter/build/lib/test
[1.918s] copying test/test_pep257.py -> /home/usuario/rmf_ws/build/rmf_demos_fleet_adapter/build/lib/test
[1.923s] copying test/__init__.py -> /home/usuario/rmf_ws/build/rmf_demos_fleet_adapter/build/lib/test
[1.923s] running install
[1.930s] running install_lib
[1.966s] creating /home/usuario/rmf_ws/install/rmf_demos_fleet_adapter/lib/python3.12/site-packages/rmf_demos_fleet_adapter
[1.966s] copying /home/usuario/rmf_ws/build/rmf_demos_fleet_adapter/build/lib/rmf_demos_fleet_adapter/fleet_adapter.py -> /home/usuario/rmf_ws/install/rmf_demos_fleet_adapter/lib/python3.12/site-packages/rmf_demos_fleet_adapter
[1.966s] copying /home/usuario/rmf_ws/build/rmf_demos_fleet_adapter/build/lib/rmf_demos_fleet_adapter/manage_lane.py -> /home/usuario/rmf_ws/install/rmf_demos_fleet_adapter/lib/python3.12/site-packages/rmf_demos_fleet_adapter
[1.966s] copying /home/usuario/rmf_ws/build/rmf_demos_fleet_adapter/build/lib/rmf_demos_fleet_adapter/fleet_manager.py -> /home/usuario/rmf_ws/install/rmf_demos_fleet_adapter/lib/python3.12/site-packages/rmf_demos_fleet_adapter
[1.966s] copying /home/usuario/rmf_ws/build/rmf_demos_fleet_adapter/build/lib/rmf_demos_fleet_adapter/RobotClientAPI.py -> /home/usuario/rmf_ws/install/rmf_demos_fleet_adapter/lib/python3.12/site-packages/rmf_demos_fleet_adapter
[1.966s] copying /home/usuario/rmf_ws/build/rmf_demos_fleet_adapter/build/lib/rmf_demos_fleet_adapter/__init__.py -> /home/usuario/rmf_ws/install/rmf_demos_fleet_adapter/lib/python3.12/site-packages/rmf_demos_fleet_adapter
[1.966s] creating /home/usuario/rmf_ws/install/rmf_demos_fleet_adapter/lib/python3.12/site-packages/test
[1.966s] copying /home/usuario/rmf_ws/build/rmf_demos_fleet_adapter/build/lib/test/test_copyright.py -> /home/usuario/rmf_ws/install/rmf_demos_fleet_adapter/lib/python3.12/site-packages/test
[1.966s] copying /home/usuario/rmf_ws/build/rmf_demos_fleet_adapter/build/lib/test/test_flake8.py -> /home/usuario/rmf_ws/install/rmf_demos_fleet_adapter/lib/python3.12/site-packages/test
[1.966s] copying /home/usuario/rmf_ws/build/rmf_demos_fleet_adapter/build/lib/test/test_pep257.py -> /home/usuario/rmf_ws/install/rmf_demos_fleet_adapter/lib/python3.12/site-packages/test
[1.966s] copying /home/usuario/rmf_ws/build/rmf_demos_fleet_adapter/build/lib/test/__init__.py -> /home/usuario/rmf_ws/install/rmf_demos_fleet_adapter/lib/python3.12/site-packages/test
[1.966s] byte-compiling /home/usuario/rmf_ws/install/rmf_demos_fleet_adapter/lib/python3.12/site-packages/rmf_demos_fleet_adapter/fleet_adapter.py to fleet_adapter.cpython-312.pyc
[1.971s] byte-compiling /home/usuario/rmf_ws/install/rmf_demos_fleet_adapter/lib/python3.12/site-packages/rmf_demos_fleet_adapter/manage_lane.py to manage_lane.cpython-312.pyc
[1.971s] byte-compiling /home/usuario/rmf_ws/install/rmf_demos_fleet_adapter/lib/python3.12/site-packages/rmf_demos_fleet_adapter/fleet_manager.py to fleet_manager.cpython-312.pyc
[1.973s] byte-compiling /home/usuario/rmf_ws/install/rmf_demos_fleet_adapter/lib/python3.12/site-packages/rmf_demos_fleet_adapter/RobotClientAPI.py to RobotClientAPI.cpython-312.pyc
[1.975s] byte-compiling /home/usuario/rmf_ws/install/rmf_demos_fleet_adapter/lib/python3.12/site-packages/rmf_demos_fleet_adapter/__init__.py to __init__.cpython-312.pyc
[1.975s] byte-compiling /home/usuario/rmf_ws/install/rmf_demos_fleet_adapter/lib/python3.12/site-packages/test/test_copyright.py to test_copyright.cpython-312.pyc
[1.976s] byte-compiling /home/usuario/rmf_ws/install/rmf_demos_fleet_adapter/lib/python3.12/site-packages/test/test_flake8.py to test_flake8.cpython-312.pyc
[1.976s] byte-compiling /home/usuario/rmf_ws/install/rmf_demos_fleet_adapter/lib/python3.12/site-packages/test/test_pep257.py to test_pep257.cpython-312.pyc
[1.977s] byte-compiling /home/usuario/rmf_ws/install/rmf_demos_fleet_adapter/lib/python3.12/site-packages/test/__init__.py to __init__.cpython-312.pyc
[1.977s] running install_data
[1.978s] creating /home/usuario/rmf_ws/install/rmf_demos_fleet_adapter/share/ament_index
[1.978s] creating /home/usuario/rmf_ws/install/rmf_demos_fleet_adapter/share/ament_index/resource_index
[1.978s] creating /home/usuario/rmf_ws/install/rmf_demos_fleet_adapter/share/ament_index/resource_index/packages
[1.978s] copying resource/rmf_demos_fleet_adapter -> /home/usuario/rmf_ws/install/rmf_demos_fleet_adapter/share/ament_index/resource_index/packages
[1.978s] copying package.xml -> /home/usuario/rmf_ws/install/rmf_demos_fleet_adapter/share/rmf_demos_fleet_adapter
[1.979s] copying config.yaml -> /home/usuario/rmf_ws/install/rmf_demos_fleet_adapter/share/rmf_demos_fleet_adapter
[1.980s] creating /home/usuario/rmf_ws/install/rmf_demos_fleet_adapter/share/rmf_demos_fleet_adapter/launch
[1.980s] copying launch/fleet_adapter.launch.xml -> /home/usuario/rmf_ws/install/rmf_demos_fleet_adapter/share/rmf_demos_fleet_adapter/launch
[1.981s] running install_egg_info
[2.002s] Copying ../../build/rmf_demos_fleet_adapter/rmf_demos_fleet_adapter.egg-info to /home/usuario/rmf_ws/install/rmf_demos_fleet_adapter/lib/python3.12/site-packages/rmf_demos_fleet_adapter-2.5.0-py3.12.egg-info
[2.006s] running install_scripts
[2.171s] Installing fleet_adapter script to /home/usuario/rmf_ws/install/rmf_demos_fleet_adapter/lib/rmf_demos_fleet_adapter
[2.172s] Installing fleet_manager script to /home/usuario/rmf_ws/install/rmf_demos_fleet_adapter/lib/rmf_demos_fleet_adapter
[2.172s] Installing manage_lane script to /home/usuario/rmf_ws/install/rmf_demos_fleet_adapter/lib/rmf_demos_fleet_adapter
[2.172s] writing list of installed files to '/home/usuario/rmf_ws/build/rmf_demos_fleet_adapter/install.log'
[2.458s] Invoked command in '/home/usuario/rmf_ws/src/rmf_demos_fleet_adapter' returned '0': PYTHONPATH=/home/usuario/rmf_ws/build/rmf_demos_fleet_adapter/prefix_override:/usr/lib/python3/dist-packages/colcon_core/task/python/colcon_distutils_commands:/home/usuario/rmf_ws/install/rmf_demos_fleet_adapter/lib/python3.12/site-packages:${PYTHONPATH} /usr/bin/python3 -W ignore:setup.py install is deprecated -W ignore:easy_install command is deprecated setup.py egg_info --egg-base ../../build/rmf_demos_fleet_adapter build --build-base /home/usuario/rmf_ws/build/rmf_demos_fleet_adapter/build install --record /home/usuario/rmf_ws/build/rmf_demos_fleet_adapter/install.log --single-version-externally-managed install_data
