[ 50%] Built target fleetstates_visualizer_node
[100%] Built target fleetstates_visualizer
-- Install configuration: ""
-- Up-to-date: /home/usuario/rmf_ws/install/rmf_visualization_fleet_states/lib/rmf_visualization_fleet_states/fleetstates_visualizer_node
-- Up-to-date: /home/usuario/rmf_ws/install/rmf_visualization_fleet_states/lib/libfleetstates_visualizer.so
-- Up-to-date: /home/usuario/rmf_ws/install/rmf_visualization_fleet_states/share/ament_index/resource_index/package_run_dependencies/rmf_visualization_fleet_states
-- Up-to-date: /home/usuario/rmf_ws/install/rmf_visualization_fleet_states/share/ament_index/resource_index/parent_prefix_path/rmf_visualization_fleet_states
-- Up-to-date: /home/usuario/rmf_ws/install/rmf_visualization_fleet_states/share/rmf_visualization_fleet_states/environment/ament_prefix_path.sh
-- Up-to-date: /home/usuario/rmf_ws/install/rmf_visualization_fleet_states/share/rmf_visualization_fleet_states/environment/ament_prefix_path.dsv
-- Up-to-date: /home/usuario/rmf_ws/install/rmf_visualization_fleet_states/share/rmf_visualization_fleet_states/environment/path.sh
-- Up-to-date: /home/usuario/rmf_ws/install/rmf_visualization_fleet_states/share/rmf_visualization_fleet_states/environment/path.dsv
-- Up-to-date: /home/usuario/rmf_ws/install/rmf_visualization_fleet_states/share/rmf_visualization_fleet_states/local_setup.bash
-- Up-to-date: /home/usuario/rmf_ws/install/rmf_visualization_fleet_states/share/rmf_visualization_fleet_states/local_setup.sh
-- Up-to-date: /home/usuario/rmf_ws/install/rmf_visualization_fleet_states/share/rmf_visualization_fleet_states/local_setup.zsh
-- Up-to-date: /home/usuario/rmf_ws/install/rmf_visualization_fleet_states/share/rmf_visualization_fleet_states/local_setup.dsv
-- Installing: /home/usuario/rmf_ws/install/rmf_visualization_fleet_states/share/rmf_visualization_fleet_states/package.dsv
-- Up-to-date: /home/usuario/rmf_ws/install/rmf_visualization_fleet_states/share/ament_index/resource_index/packages/rmf_visualization_fleet_states
-- Up-to-date: /home/usuario/rmf_ws/install/rmf_visualization_fleet_states/share/ament_index/resource_index/rclcpp_components/rmf_visualization_fleet_states
-- Up-to-date: /home/usuario/rmf_ws/install/rmf_visualization_fleet_states/share/rmf_visualization_fleet_states/cmake/rmf_visualization_fleet_statesConfig.cmake
-- Up-to-date: /home/usuario/rmf_ws/install/rmf_visualization_fleet_states/share/rmf_visualization_fleet_states/cmake/rmf_visualization_fleet_statesConfig-version.cmake
-- Up-to-date: /home/usuario/rmf_ws/install/rmf_visualization_fleet_states/share/rmf_visualization_fleet_states/package.xml
