[1.497s] Invoking command in '/home/usuario/rmf_ws/src/rmf_demos_tasks': PYTHONPATH=/home/usuario/rmf_ws/build/rmf_demos_tasks/prefix_override:/usr/lib/python3/dist-packages/colcon_core/task/python/colcon_distutils_commands:/home/usuario/rmf_ws/install/rmf_demos_tasks/lib/python3.12/site-packages:${PYTHONPATH} /usr/bin/python3 -W ignore:setup.py install is deprecated -W ignore:easy_install command is deprecated setup.py egg_info --egg-base ../../build/rmf_demos_tasks build --build-base /home/usuario/rmf_ws/build/rmf_demos_tasks/build install --record /home/usuario/rmf_ws/build/rmf_demos_tasks/install.log --single-version-externally-managed install_data
[1.998s] running egg_info
[1.999s] creating ../../build/rmf_demos_tasks/rmf_demos_tasks.egg-info
[2.023s] writing ../../build/rmf_demos_tasks/rmf_demos_tasks.egg-info/PKG-INFO
[2.023s] writing dependency_links to ../../build/rmf_demos_tasks/rmf_demos_tasks.egg-info/dependency_links.txt
[2.024s] writing entry points to ../../build/rmf_demos_tasks/rmf_demos_tasks.egg-info/entry_points.txt
[2.024s] writing requirements to ../../build/rmf_demos_tasks/rmf_demos_tasks.egg-info/requires.txt
[2.024s] writing top-level names to ../../build/rmf_demos_tasks/rmf_demos_tasks.egg-info/top_level.txt
[2.025s] writing manifest file '../../build/rmf_demos_tasks/rmf_demos_tasks.egg-info/SOURCES.txt'
[2.075s] reading manifest file '../../build/rmf_demos_tasks/rmf_demos_tasks.egg-info/SOURCES.txt'
[2.080s] writing manifest file '../../build/rmf_demos_tasks/rmf_demos_tasks.egg-info/SOURCES.txt'
[2.081s] running build
[2.082s] running build_py
[2.082s] creating /home/usuario/rmf_ws/build/rmf_demos_tasks/build
[2.082s] creating /home/usuario/rmf_ws/build/rmf_demos_tasks/build/lib
[2.082s] creating /home/usuario/rmf_ws/build/rmf_demos_tasks/build/lib/rmf_demos_tasks
[2.082s] copying rmf_demos_tasks/dispatch_action.py -> /home/usuario/rmf_ws/build/rmf_demos_tasks/build/lib/rmf_demos_tasks
[2.091s] copying rmf_demos_tasks/request_lift.py -> /home/usuario/rmf_ws/build/rmf_demos_tasks/build/lib/rmf_demos_tasks
[2.091s] copying rmf_demos_tasks/wait_for_task_complete.py -> /home/usuario/rmf_ws/build/rmf_demos_tasks/build/lib/rmf_demos_tasks
[2.091s] copying rmf_demos_tasks/dispatch_patrol.py -> /home/usuario/rmf_ws/build/rmf_demos_tasks/build/lib/rmf_demos_tasks
[2.092s] copying rmf_demos_tasks/dispatch_go_to_place.py -> /home/usuario/rmf_ws/build/rmf_demos_tasks/build/lib/rmf_demos_tasks
[2.092s] copying rmf_demos_tasks/dispatch_delivery.py -> /home/usuario/rmf_ws/build/rmf_demos_tasks/build/lib/rmf_demos_tasks
[2.093s] copying rmf_demos_tasks/cancel_task.py -> /home/usuario/rmf_ws/build/rmf_demos_tasks/build/lib/rmf_demos_tasks
[2.093s] copying rmf_demos_tasks/api_request.py -> /home/usuario/rmf_ws/build/rmf_demos_tasks/build/lib/rmf_demos_tasks
[2.094s] copying rmf_demos_tasks/dispatch_loop.py -> /home/usuario/rmf_ws/build/rmf_demos_tasks/build/lib/rmf_demos_tasks
[2.094s] copying rmf_demos_tasks/mock_docker.py -> /home/usuario/rmf_ws/build/rmf_demos_tasks/build/lib/rmf_demos_tasks
[2.094s] copying rmf_demos_tasks/teleop_robot.py -> /home/usuario/rmf_ws/build/rmf_demos_tasks/build/lib/rmf_demos_tasks
[2.095s] copying rmf_demos_tasks/dispatch_cart_delivery.py -> /home/usuario/rmf_ws/build/rmf_demos_tasks/build/lib/rmf_demos_tasks
[2.096s] copying rmf_demos_tasks/dispatch_json.py -> /home/usuario/rmf_ws/build/rmf_demos_tasks/build/lib/rmf_demos_tasks
[2.096s] copying rmf_demos_tasks/__init__.py -> /home/usuario/rmf_ws/build/rmf_demos_tasks/build/lib/rmf_demos_tasks
[2.096s] copying rmf_demos_tasks/dispatch_teleop.py -> /home/usuario/rmf_ws/build/rmf_demos_tasks/build/lib/rmf_demos_tasks
[2.097s] copying rmf_demos_tasks/request_loop.py -> /home/usuario/rmf_ws/build/rmf_demos_tasks/build/lib/rmf_demos_tasks
[2.097s] copying rmf_demos_tasks/dispatch_clean.py -> /home/usuario/rmf_ws/build/rmf_demos_tasks/build/lib/rmf_demos_tasks
[2.098s] copying rmf_demos_tasks/get_robot_location.py -> /home/usuario/rmf_ws/build/rmf_demos_tasks/build/lib/rmf_demos_tasks
[2.098s] running install
[2.104s] running install_lib
[2.144s] creating /home/usuario/rmf_ws/install/rmf_demos_tasks/lib/python3.12/site-packages/rmf_demos_tasks
[2.144s] copying /home/usuario/rmf_ws/build/rmf_demos_tasks/build/lib/rmf_demos_tasks/dispatch_action.py -> /home/usuario/rmf_ws/install/rmf_demos_tasks/lib/python3.12/site-packages/rmf_demos_tasks
[2.145s] copying /home/usuario/rmf_ws/build/rmf_demos_tasks/build/lib/rmf_demos_tasks/request_lift.py -> /home/usuario/rmf_ws/install/rmf_demos_tasks/lib/python3.12/site-packages/rmf_demos_tasks
[2.145s] copying /home/usuario/rmf_ws/build/rmf_demos_tasks/build/lib/rmf_demos_tasks/wait_for_task_complete.py -> /home/usuario/rmf_ws/install/rmf_demos_tasks/lib/python3.12/site-packages/rmf_demos_tasks
[2.145s] copying /home/usuario/rmf_ws/build/rmf_demos_tasks/build/lib/rmf_demos_tasks/dispatch_patrol.py -> /home/usuario/rmf_ws/install/rmf_demos_tasks/lib/python3.12/site-packages/rmf_demos_tasks
[2.150s] copying /home/usuario/rmf_ws/build/rmf_demos_tasks/build/lib/rmf_demos_tasks/dispatch_go_to_place.py -> /home/usuario/rmf_ws/install/rmf_demos_tasks/lib/python3.12/site-packages/rmf_demos_tasks
[2.151s] copying /home/usuario/rmf_ws/build/rmf_demos_tasks/build/lib/rmf_demos_tasks/dispatch_delivery.py -> /home/usuario/rmf_ws/install/rmf_demos_tasks/lib/python3.12/site-packages/rmf_demos_tasks
[2.151s] copying /home/usuario/rmf_ws/build/rmf_demos_tasks/build/lib/rmf_demos_tasks/cancel_task.py -> /home/usuario/rmf_ws/install/rmf_demos_tasks/lib/python3.12/site-packages/rmf_demos_tasks
[2.152s] copying /home/usuario/rmf_ws/build/rmf_demos_tasks/build/lib/rmf_demos_tasks/api_request.py -> /home/usuario/rmf_ws/install/rmf_demos_tasks/lib/python3.12/site-packages/rmf_demos_tasks
[2.152s] copying /home/usuario/rmf_ws/build/rmf_demos_tasks/build/lib/rmf_demos_tasks/dispatch_loop.py -> /home/usuario/rmf_ws/install/rmf_demos_tasks/lib/python3.12/site-packages/rmf_demos_tasks
[2.152s] copying /home/usuario/rmf_ws/build/rmf_demos_tasks/build/lib/rmf_demos_tasks/mock_docker.py -> /home/usuario/rmf_ws/install/rmf_demos_tasks/lib/python3.12/site-packages/rmf_demos_tasks
[2.153s] copying /home/usuario/rmf_ws/build/rmf_demos_tasks/build/lib/rmf_demos_tasks/teleop_robot.py -> /home/usuario/rmf_ws/install/rmf_demos_tasks/lib/python3.12/site-packages/rmf_demos_tasks
[2.153s] copying /home/usuario/rmf_ws/build/rmf_demos_tasks/build/lib/rmf_demos_tasks/dispatch_cart_delivery.py -> /home/usuario/rmf_ws/install/rmf_demos_tasks/lib/python3.12/site-packages/rmf_demos_tasks
[2.154s] copying /home/usuario/rmf_ws/build/rmf_demos_tasks/build/lib/rmf_demos_tasks/dispatch_json.py -> /home/usuario/rmf_ws/install/rmf_demos_tasks/lib/python3.12/site-packages/rmf_demos_tasks
[2.154s] copying /home/usuario/rmf_ws/build/rmf_demos_tasks/build/lib/rmf_demos_tasks/__init__.py -> /home/usuario/rmf_ws/install/rmf_demos_tasks/lib/python3.12/site-packages/rmf_demos_tasks
[2.154s] copying /home/usuario/rmf_ws/build/rmf_demos_tasks/build/lib/rmf_demos_tasks/dispatch_teleop.py -> /home/usuario/rmf_ws/install/rmf_demos_tasks/lib/python3.12/site-packages/rmf_demos_tasks
[2.155s] copying /home/usuario/rmf_ws/build/rmf_demos_tasks/build/lib/rmf_demos_tasks/request_loop.py -> /home/usuario/rmf_ws/install/rmf_demos_tasks/lib/python3.12/site-packages/rmf_demos_tasks
[2.155s] copying /home/usuario/rmf_ws/build/rmf_demos_tasks/build/lib/rmf_demos_tasks/dispatch_clean.py -> /home/usuario/rmf_ws/install/rmf_demos_tasks/lib/python3.12/site-packages/rmf_demos_tasks
[2.155s] copying /home/usuario/rmf_ws/build/rmf_demos_tasks/build/lib/rmf_demos_tasks/get_robot_location.py -> /home/usuario/rmf_ws/install/rmf_demos_tasks/lib/python3.12/site-packages/rmf_demos_tasks
[2.157s] byte-compiling /home/usuario/rmf_ws/install/rmf_demos_tasks/lib/python3.12/site-packages/rmf_demos_tasks/dispatch_action.py to dispatch_action.cpython-312.pyc
[2.162s] byte-compiling /home/usuario/rmf_ws/install/rmf_demos_tasks/lib/python3.12/site-packages/rmf_demos_tasks/request_lift.py to request_lift.cpython-312.pyc
[2.163s] byte-compiling /home/usuario/rmf_ws/install/rmf_demos_tasks/lib/python3.12/site-packages/rmf_demos_tasks/wait_for_task_complete.py to wait_for_task_complete.cpython-312.pyc
[2.164s] byte-compiling /home/usuario/rmf_ws/install/rmf_demos_tasks/lib/python3.12/site-packages/rmf_demos_tasks/dispatch_patrol.py to dispatch_patrol.cpython-312.pyc
[2.165s] byte-compiling /home/usuario/rmf_ws/install/rmf_demos_tasks/lib/python3.12/site-packages/rmf_demos_tasks/dispatch_go_to_place.py to dispatch_go_to_place.cpython-312.pyc
[2.166s] byte-compiling /home/usuario/rmf_ws/install/rmf_demos_tasks/lib/python3.12/site-packages/rmf_demos_tasks/dispatch_delivery.py to dispatch_delivery.cpython-312.pyc
[2.176s] byte-compiling /home/usuario/rmf_ws/install/rmf_demos_tasks/lib/python3.12/site-packages/rmf_demos_tasks/cancel_task.py to cancel_task.cpython-312.pyc
[2.176s] byte-compiling /home/usuario/rmf_ws/install/rmf_demos_tasks/lib/python3.12/site-packages/rmf_demos_tasks/api_request.py to api_request.cpython-312.pyc
[2.177s] byte-compiling /home/usuario/rmf_ws/install/rmf_demos_tasks/lib/python3.12/site-packages/rmf_demos_tasks/dispatch_loop.py to dispatch_loop.cpython-312.pyc
[2.182s] byte-compiling /home/usuario/rmf_ws/install/rmf_demos_tasks/lib/python3.12/site-packages/rmf_demos_tasks/mock_docker.py to mock_docker.cpython-312.pyc
[2.183s] byte-compiling /home/usuario/rmf_ws/install/rmf_demos_tasks/lib/python3.12/site-packages/rmf_demos_tasks/teleop_robot.py to teleop_robot.cpython-312.pyc
[2.184s] byte-compiling /home/usuario/rmf_ws/install/rmf_demos_tasks/lib/python3.12/site-packages/rmf_demos_tasks/dispatch_cart_delivery.py to dispatch_cart_delivery.cpython-312.pyc
[2.185s] byte-compiling /home/usuario/rmf_ws/install/rmf_demos_tasks/lib/python3.12/site-packages/rmf_demos_tasks/dispatch_json.py to dispatch_json.cpython-312.pyc
[2.186s] byte-compiling /home/usuario/rmf_ws/install/rmf_demos_tasks/lib/python3.12/site-packages/rmf_demos_tasks/__init__.py to __init__.cpython-312.pyc
[2.186s] byte-compiling /home/usuario/rmf_ws/install/rmf_demos_tasks/lib/python3.12/site-packages/rmf_demos_tasks/dispatch_teleop.py to dispatch_teleop.cpython-312.pyc
[2.187s] byte-compiling /home/usuario/rmf_ws/install/rmf_demos_tasks/lib/python3.12/site-packages/rmf_demos_tasks/request_loop.py to request_loop.cpython-312.pyc
[2.188s] byte-compiling /home/usuario/rmf_ws/install/rmf_demos_tasks/lib/python3.12/site-packages/rmf_demos_tasks/dispatch_clean.py to dispatch_clean.cpython-312.pyc
[2.190s] byte-compiling /home/usuario/rmf_ws/install/rmf_demos_tasks/lib/python3.12/site-packages/rmf_demos_tasks/get_robot_location.py to get_robot_location.cpython-312.pyc
[2.194s] running install_data
[2.194s] creating /home/usuario/rmf_ws/install/rmf_demos_tasks/share/ament_index
[2.194s] creating /home/usuario/rmf_ws/install/rmf_demos_tasks/share/ament_index/resource_index
[2.194s] creating /home/usuario/rmf_ws/install/rmf_demos_tasks/share/ament_index/resource_index/packages
[2.195s] copying resource/rmf_demos_tasks -> /home/usuario/rmf_ws/install/rmf_demos_tasks/share/ament_index/resource_index/packages
[2.195s] copying package.xml -> /home/usuario/rmf_ws/install/rmf_demos_tasks/share/rmf_demos_tasks
[2.195s] running install_egg_info
[2.227s] Copying ../../build/rmf_demos_tasks/rmf_demos_tasks.egg-info to /home/usuario/rmf_ws/install/rmf_demos_tasks/lib/python3.12/site-packages/rmf_demos_tasks-2.5.0-py3.12.egg-info
[2.242s] running install_scripts
[2.387s] Installing api_request script to /home/usuario/rmf_ws/install/rmf_demos_tasks/lib/rmf_demos_tasks
[2.387s] Installing cancel_task script to /home/usuario/rmf_ws/install/rmf_demos_tasks/lib/rmf_demos_tasks
[2.388s] Installing dispatch_action script to /home/usuario/rmf_ws/install/rmf_demos_tasks/lib/rmf_demos_tasks
[2.388s] Installing dispatch_cart_delivery script to /home/usuario/rmf_ws/install/rmf_demos_tasks/lib/rmf_demos_tasks
[2.388s] Installing dispatch_clean script to /home/usuario/rmf_ws/install/rmf_demos_tasks/lib/rmf_demos_tasks
[2.388s] Installing dispatch_delivery script to /home/usuario/rmf_ws/install/rmf_demos_tasks/lib/rmf_demos_tasks
[2.389s] Installing dispatch_go_to_place script to /home/usuario/rmf_ws/install/rmf_demos_tasks/lib/rmf_demos_tasks
[2.389s] Installing dispatch_json script to /home/usuario/rmf_ws/install/rmf_demos_tasks/lib/rmf_demos_tasks
[2.389s] Installing dispatch_loop script to /home/usuario/rmf_ws/install/rmf_demos_tasks/lib/rmf_demos_tasks
[2.389s] Installing dispatch_patrol script to /home/usuario/rmf_ws/install/rmf_demos_tasks/lib/rmf_demos_tasks
[2.390s] Installing dispatch_teleop script to /home/usuario/rmf_ws/install/rmf_demos_tasks/lib/rmf_demos_tasks
[2.390s] Installing get_robot_location script to /home/usuario/rmf_ws/install/rmf_demos_tasks/lib/rmf_demos_tasks
[2.390s] Installing mock_docker script to /home/usuario/rmf_ws/install/rmf_demos_tasks/lib/rmf_demos_tasks
[2.391s] Installing request_lift script to /home/usuario/rmf_ws/install/rmf_demos_tasks/lib/rmf_demos_tasks
[2.391s] Installing request_loop script to /home/usuario/rmf_ws/install/rmf_demos_tasks/lib/rmf_demos_tasks
[2.391s] Installing teleop_robot script to /home/usuario/rmf_ws/install/rmf_demos_tasks/lib/rmf_demos_tasks
[2.391s] Installing wait_for_task_complete script to /home/usuario/rmf_ws/install/rmf_demos_tasks/lib/rmf_demos_tasks
[2.392s] writing list of installed files to '/home/usuario/rmf_ws/build/rmf_demos_tasks/install.log'
[2.490s] Invoked command in '/home/usuario/rmf_ws/src/rmf_demos_tasks' returned '0': PYTHONPATH=/home/usuario/rmf_ws/build/rmf_demos_tasks/prefix_override:/usr/lib/python3/dist-packages/colcon_core/task/python/colcon_distutils_commands:/home/usuario/rmf_ws/install/rmf_demos_tasks/lib/python3.12/site-packages:${PYTHONPATH} /usr/bin/python3 -W ignore:setup.py install is deprecated -W ignore:easy_install command is deprecated setup.py egg_info --egg-base ../../build/rmf_demos_tasks build --build-base /home/usuario/rmf_ws/build/rmf_demos_tasks/build install --record /home/usuario/rmf_ws/build/rmf_demos_tasks/install.log --single-version-externally-managed install_data
