[ 50%] Built target navgraph_visualizer
[100%] Built target navgraph_visualizer_node
-- Install configuration: ""
-- Up-to-date: /home/usuario/rmf_ws/install/rmf_visualization_navgraphs/lib/rmf_visualization_navgraphs/navgraph_visualizer_node
-- Up-to-date: /home/usuario/rmf_ws/install/rmf_visualization_navgraphs/lib/libnavgraph_visualizer.so
-- Up-to-date: /home/usuario/rmf_ws/install/rmf_visualization_navgraphs/share/ament_index/resource_index/package_run_dependencies/rmf_visualization_navgraphs
-- Up-to-date: /home/usuario/rmf_ws/install/rmf_visualization_navgraphs/share/ament_index/resource_index/parent_prefix_path/rmf_visualization_navgraphs
-- Up-to-date: /home/usuario/rmf_ws/install/rmf_visualization_navgraphs/share/rmf_visualization_navgraphs/environment/ament_prefix_path.sh
-- Up-to-date: /home/usuario/rmf_ws/install/rmf_visualization_navgraphs/share/rmf_visualization_navgraphs/environment/ament_prefix_path.dsv
-- Up-to-date: /home/usuario/rmf_ws/install/rmf_visualization_navgraphs/share/rmf_visualization_navgraphs/environment/path.sh
-- Up-to-date: /home/usuario/rmf_ws/install/rmf_visualization_navgraphs/share/rmf_visualization_navgraphs/environment/path.dsv
-- Up-to-date: /home/usuario/rmf_ws/install/rmf_visualization_navgraphs/share/rmf_visualization_navgraphs/local_setup.bash
-- Up-to-date: /home/usuario/rmf_ws/install/rmf_visualization_navgraphs/share/rmf_visualization_navgraphs/local_setup.sh
-- Up-to-date: /home/usuario/rmf_ws/install/rmf_visualization_navgraphs/share/rmf_visualization_navgraphs/local_setup.zsh
-- Up-to-date: /home/usuario/rmf_ws/install/rmf_visualization_navgraphs/share/rmf_visualization_navgraphs/local_setup.dsv
-- Installing: /home/usuario/rmf_ws/install/rmf_visualization_navgraphs/share/rmf_visualization_navgraphs/package.dsv
-- Up-to-date: /home/usuario/rmf_ws/install/rmf_visualization_navgraphs/share/ament_index/resource_index/packages/rmf_visualization_navgraphs
-- Up-to-date: /home/usuario/rmf_ws/install/rmf_visualization_navgraphs/share/ament_index/resource_index/rclcpp_components/rmf_visualization_navgraphs
-- Up-to-date: /home/usuario/rmf_ws/install/rmf_visualization_navgraphs/share/rmf_visualization_navgraphs/cmake/rmf_visualization_navgraphsConfig.cmake
-- Up-to-date: /home/usuario/rmf_ws/install/rmf_visualization_navgraphs/share/rmf_visualization_navgraphs/cmake/rmf_visualization_navgraphsConfig-version.cmake
-- Up-to-date: /home/usuario/rmf_ws/install/rmf_visualization_navgraphs/share/rmf_visualization_navgraphs/package.xml
