[1.218s] Invoking command in '/home/usuario/rmf_ws/src/rmf_visualization_building_systems': PYTHONPATH=/home/usuario/rmf_ws/build/rmf_visualization_building_systems/prefix_override:/usr/lib/python3/dist-packages/colcon_core/task/python/colcon_distutils_commands:/home/usuario/rmf_ws/install/rmf_visualization_building_systems/lib/python3.12/site-packages:${PYTHONPATH} /usr/bin/python3 -W ignore:setup.py install is deprecated -W ignore:easy_install command is deprecated setup.py egg_info --egg-base ../../build/rmf_visualization_building_systems build --build-base /home/usuario/rmf_ws/build/rmf_visualization_building_systems/build install --record /home/usuario/rmf_ws/build/rmf_visualization_building_systems/install.log --single-version-externally-managed install_data
[3.261s] running egg_info
[3.261s] creating ../../build/rmf_visualization_building_systems/rmf_visualization_building_systems.egg-info
[3.261s] writing ../../build/rmf_visualization_building_systems/rmf_visualization_building_systems.egg-info/PKG-INFO
[3.261s] writing dependency_links to ../../build/rmf_visualization_building_systems/rmf_visualization_building_systems.egg-info/dependency_links.txt
[3.262s] writing entry points to ../../build/rmf_visualization_building_systems/rmf_visualization_building_systems.egg-info/entry_points.txt
[3.262s] writing requirements to ../../build/rmf_visualization_building_systems/rmf_visualization_building_systems.egg-info/requires.txt
[3.262s] writing top-level names to ../../build/rmf_visualization_building_systems/rmf_visualization_building_systems.egg-info/top_level.txt
[3.262s] writing manifest file '../../build/rmf_visualization_building_systems/rmf_visualization_building_systems.egg-info/SOURCES.txt'
[3.262s] reading manifest file '../../build/rmf_visualization_building_systems/rmf_visualization_building_systems.egg-info/SOURCES.txt'
[3.262s] writing manifest file '../../build/rmf_visualization_building_systems/rmf_visualization_building_systems.egg-info/SOURCES.txt'
[3.262s] running build
[3.262s] running build_py
[3.262s] creating /home/usuario/rmf_ws/build/rmf_visualization_building_systems/build
[3.262s] creating /home/usuario/rmf_ws/build/rmf_visualization_building_systems/build/lib
[3.262s] creating /home/usuario/rmf_ws/build/rmf_visualization_building_systems/build/lib/rmf_visualization_building_systems
[3.262s] copying rmf_visualization_building_systems/rmf_visualization_building_systems.py -> /home/usuario/rmf_ws/build/rmf_visualization_building_systems/build/lib/rmf_visualization_building_systems
[3.263s] copying rmf_visualization_building_systems/__init__.py -> /home/usuario/rmf_ws/build/rmf_visualization_building_systems/build/lib/rmf_visualization_building_systems
[3.263s] running install
[3.263s] running install_lib
[3.263s] creating /home/usuario/rmf_ws/install/rmf_visualization_building_systems/lib/python3.12/site-packages/rmf_visualization_building_systems
[3.263s] copying /home/usuario/rmf_ws/build/rmf_visualization_building_systems/build/lib/rmf_visualization_building_systems/rmf_visualization_building_systems.py -> /home/usuario/rmf_ws/install/rmf_visualization_building_systems/lib/python3.12/site-packages/rmf_visualization_building_systems
[3.263s] copying /home/usuario/rmf_ws/build/rmf_visualization_building_systems/build/lib/rmf_visualization_building_systems/__init__.py -> /home/usuario/rmf_ws/install/rmf_visualization_building_systems/lib/python3.12/site-packages/rmf_visualization_building_systems
[3.263s] byte-compiling /home/usuario/rmf_ws/install/rmf_visualization_building_systems/lib/python3.12/site-packages/rmf_visualization_building_systems/rmf_visualization_building_systems.py to rmf_visualization_building_systems.cpython-312.pyc
[3.263s] byte-compiling /home/usuario/rmf_ws/install/rmf_visualization_building_systems/lib/python3.12/site-packages/rmf_visualization_building_systems/__init__.py to __init__.cpython-312.pyc
[3.263s] running install_data
[3.263s] creating /home/usuario/rmf_ws/install/rmf_visualization_building_systems/share/ament_index
[3.263s] creating /home/usuario/rmf_ws/install/rmf_visualization_building_systems/share/ament_index/resource_index
[3.263s] creating /home/usuario/rmf_ws/install/rmf_visualization_building_systems/share/ament_index/resource_index/packages
[3.263s] copying resource/rmf_visualization_building_systems -> /home/usuario/rmf_ws/install/rmf_visualization_building_systems/share/ament_index/resource_index/packages
[3.264s] copying package.xml -> /home/usuario/rmf_ws/install/rmf_visualization_building_systems/share/rmf_visualization_building_systems
[3.264s] running install_egg_info
[3.264s] Copying ../../build/rmf_visualization_building_systems/rmf_visualization_building_systems.egg-info to /home/usuario/rmf_ws/install/rmf_visualization_building_systems/lib/python3.12/site-packages/rmf_visualization_building_systems-2.4.1-py3.12.egg-info
[3.264s] running install_scripts
[3.264s] Installing rmf_visualization_building_systems script to /home/usuario/rmf_ws/install/rmf_visualization_building_systems/lib/rmf_visualization_building_systems
[3.264s] writing list of installed files to '/home/usuario/rmf_ws/build/rmf_visualization_building_systems/install.log'
[3.269s] Invoked command in '/home/usuario/rmf_ws/src/rmf_visualization_building_systems' returned '0': PYTHONPATH=/home/usuario/rmf_ws/build/rmf_visualization_building_systems/prefix_override:/usr/lib/python3/dist-packages/colcon_core/task/python/colcon_distutils_commands:/home/usuario/rmf_ws/install/rmf_visualization_building_systems/lib/python3.12/site-packages:${PYTHONPATH} /usr/bin/python3 -W ignore:setup.py install is deprecated -W ignore:easy_install command is deprecated setup.py egg_info --egg-base ../../build/rmf_visualization_building_systems build --build-base /home/usuario/rmf_ws/build/rmf_visualization_building_systems/build install --record /home/usuario/rmf_ws/build/rmf_visualization_building_systems/install.log --single-version-externally-managed install_data
