[0.029s] Invoking command in '/home/usuario/GitHub/IR2134/TASK3y4_NAT/rmf_ws/src/project/build/project_assets': /usr/bin/cmake /home/usuario/GitHub/IR2134/TASK3y4_NAT/rmf_ws/src/project/project_assets -DCMAKE_INSTALL_PREFIX=/home/usuario/GitHub/IR2134/TASK3y4_NAT/rmf_ws/src/project/install/project_assets
[0.459s] -- The C compiler identification is GNU 10.5.0
[0.911s] -- The CXX compiler identification is GNU 10.5.0
[0.953s] -- Detecting C compiler ABI info
[1.585s] -- Detecting C compiler ABI info - done
[1.620s] -- Check for working C compiler: /usr/bin/cc - skipped
[1.621s] -- Detecting C compile features
[1.622s] -- Detecting C compile features - done
[1.651s] -- Detecting CXX compiler ABI info
[2.266s] -- Detecting CXX compiler ABI info - done
[2.317s] -- Check for working CXX compiler: /usr/bin/c++ - skipped
[2.317s] -- Detecting CXX compile features
[2.318s] -- Detecting CXX compile features - done
[2.377s] [31mCMake Error at CMakeLists.txt:5 (find_package):
[2.377s]   By not providing "Findament_cmake.cmake" in CMAKE_MODULE_PATH this project
[2.377s]   has asked CMake to find a package configuration file provided by
[2.377s]   "ament_cmake", but CMake did not find one.
[2.377s] 
[2.377s]   Could not find a package configuration file provided by "ament_cmake" with
[2.377s]   any of the following names:
[2.378s] 
[2.378s]     ament_cmakeConfig.cmake
[2.378s]     ament_cmake-config.cmake
[2.378s] 
[2.378s]   Add the installation prefix of "ament_cmake" to CMAKE_PREFIX_PATH or set
[2.378s]   "ament_cmake_DIR" to a directory containing one of the above files.  If
[2.378s]   "ament_cmake" provides a separate development package or SDK, be sure it
[2.378s]   has been installed.
[2.378s] 
[2.378s] [0m
[2.378s] -- Configuring incomplete, errors occurred!
[2.378s] See also "/home/usuario/GitHub/IR2134/TASK3y4_NAT/rmf_ws/src/project/build/project_assets/CMakeFiles/CMakeOutput.log".
[2.385s] Invoked command in '/home/usuario/GitHub/IR2134/TASK3y4_NAT/rmf_ws/src/project/build/project_assets' returned '1': /usr/bin/cmake /home/usuario/GitHub/IR2134/TASK3y4_NAT/rmf_ws/src/project/project_assets -DCMAKE_INSTALL_PREFIX=/home/usuario/GitHub/IR2134/TASK3y4_NAT/rmf_ws/src/project/install/project_assets
