-- The C compiler identification is GNU 10.5.0
-- The CXX compiler identification is GNU 10.5.0
-- Detecting C compiler ABI info
-- Detecting C compiler ABI info - done
-- Check for working C compiler: /usr/bin/cc - skipped
-- Detecting C compile features
-- Detecting C compile features - done
-- Detecting CXX compiler ABI info
-- Detecting CXX compiler ABI info - done
-- Check for working CXX compiler: /usr/bin/c++ - skipped
-- Detecting CXX compile features
-- Detecting CXX compile features - done
-- Found ament_cmake: 1.3.11 (/opt/ros/humble/share/ament_cmake/cmake)
-- Found Python3: /usr/bin/python3 (found version "3.10.12") found components: Interpreter 
-- Found ament_lint_auto: 0.12.11 (/opt/ros/humble/share/ament_lint_auto/cmake)
-- Added test 'lint_cmake' to check CMake code style
-- Added test 'xmllint' to check XML markup files
-- Configuring done
-- Generating done
-- Build files have been written to: /home/usuario/Documentos/GitHub/IR2134/TASK3y4_NAT/build/project_maps
-- Install configuration: ""
-- Installing: /home/usuario/Documentos/GitHub/IR2134/TASK3y4_NAT/install/project_maps/share/ament_index/resource_index/package_run_dependencies/project_maps
-- Installing: /home/usuario/Documentos/GitHub/IR2134/TASK3y4_NAT/install/project_maps/share/ament_index/resource_index/parent_prefix_path/project_maps
-- Installing: /home/usuario/Documentos/GitHub/IR2134/TASK3y4_NAT/install/project_maps/share/project_maps/environment/ament_prefix_path.sh
-- Installing: /home/usuario/Documentos/GitHub/IR2134/TASK3y4_NAT/install/project_maps/share/project_maps/environment/ament_prefix_path.dsv
-- Installing: /home/usuario/Documentos/GitHub/IR2134/TASK3y4_NAT/install/project_maps/share/project_maps/environment/path.sh
-- Installing: /home/usuario/Documentos/GitHub/IR2134/TASK3y4_NAT/install/project_maps/share/project_maps/environment/path.dsv
-- Installing: /home/usuario/Documentos/GitHub/IR2134/TASK3y4_NAT/install/project_maps/share/project_maps/local_setup.bash
-- Installing: /home/usuario/Documentos/GitHub/IR2134/TASK3y4_NAT/install/project_maps/share/project_maps/local_setup.sh
-- Installing: /home/usuario/Documentos/GitHub/IR2134/TASK3y4_NAT/install/project_maps/share/project_maps/local_setup.zsh
-- Installing: /home/usuario/Documentos/GitHub/IR2134/TASK3y4_NAT/install/project_maps/share/project_maps/local_setup.dsv
-- Installing: /home/usuario/Documentos/GitHub/IR2134/TASK3y4_NAT/install/project_maps/share/project_maps/package.dsv
-- Installing: /home/usuario/Documentos/GitHub/IR2134/TASK3y4_NAT/install/project_maps/share/ament_index/resource_index/packages/project_maps
-- Installing: /home/usuario/Documentos/GitHub/IR2134/TASK3y4_NAT/install/project_maps/share/project_maps/cmake/project_mapsConfig.cmake
-- Installing: /home/usuario/Documentos/GitHub/IR2134/TASK3y4_NAT/install/project_maps/share/project_maps/cmake/project_mapsConfig-version.cmake
-- Installing: /home/usuario/Documentos/GitHub/IR2134/TASK3y4_NAT/install/project_maps/share/project_maps/package.xml
