[0.479s] Invoking command in '/home/usuario/Documentos/GitHub/IR2134/TASK3y4_NAT/build/project_maps': CMAKE_PREFIX_PATH=${CMAKE_PREFIX_PATH}:/home/usuario/Documentos/GitHub/IR2134/TASK3y4_NAT/rmf_ws/src/project/install/project_fleet_adapter:/opt/ros/humble /usr/bin/cmake /home/usuario/Documentos/GitHub/IR2134/TASK3y4_NAT/rmf_ws/src/project/project_maps -DCMAKE_INSTALL_PREFIX=/home/usuario/Documentos/GitHub/IR2134/TASK3y4_NAT/install/project_maps
[0.552s] -- The C compiler identification is GNU 10.5.0
[0.609s] -- The CXX compiler identification is GNU 10.5.0
[0.615s] -- Detecting C compiler ABI info
[0.693s] -- Detecting C compiler ABI info - done
[0.702s] -- Check for working C compiler: /usr/bin/cc - skipped
[0.703s] -- Detecting C compile features
[0.703s] -- Detecting C compile features - done
[0.705s] -- Detecting CXX compiler ABI info
[0.804s] -- Detecting CXX compiler ABI info - done
[0.810s] -- Check for working CXX compiler: /usr/bin/c++ - skipped
[0.811s] -- Detecting CXX compile features
[0.812s] -- Detecting CXX compile features - done
[0.815s] -- Found ament_cmake: 1.3.11 (/opt/ros/humble/share/ament_cmake/cmake)
[0.992s] -- Found Python3: /usr/bin/python3 (found version "3.10.12") found components: Interpreter 
[1.095s] -- Found ament_lint_auto: 0.12.11 (/opt/ros/humble/share/ament_lint_auto/cmake)
[1.227s] -- Added test 'lint_cmake' to check CMake code style
[1.228s] -- Added test 'xmllint' to check XML markup files
[1.230s] -- Configuring done
[1.233s] -- Generating done
[1.236s] -- Build files have been written to: /home/usuario/Documentos/GitHub/IR2134/TASK3y4_NAT/build/project_maps
[1.241s] Invoked command in '/home/usuario/Documentos/GitHub/IR2134/TASK3y4_NAT/build/project_maps' returned '0': CMAKE_PREFIX_PATH=${CMAKE_PREFIX_PATH}:/home/usuario/Documentos/GitHub/IR2134/TASK3y4_NAT/rmf_ws/src/project/install/project_fleet_adapter:/opt/ros/humble /usr/bin/cmake /home/usuario/Documentos/GitHub/IR2134/TASK3y4_NAT/rmf_ws/src/project/project_maps -DCMAKE_INSTALL_PREFIX=/home/usuario/Documentos/GitHub/IR2134/TASK3y4_NAT/install/project_maps
[1.242s] Invoking command in '/home/usuario/Documentos/GitHub/IR2134/TASK3y4_NAT/build/project_maps': CMAKE_PREFIX_PATH=${CMAKE_PREFIX_PATH}:/home/usuario/Documentos/GitHub/IR2134/TASK3y4_NAT/rmf_ws/src/project/install/project_fleet_adapter:/opt/ros/humble /usr/bin/cmake --build /home/usuario/Documentos/GitHub/IR2134/TASK3y4_NAT/build/project_maps -- -j4 -l4
[1.290s] Invoked command in '/home/usuario/Documentos/GitHub/IR2134/TASK3y4_NAT/build/project_maps' returned '0': CMAKE_PREFIX_PATH=${CMAKE_PREFIX_PATH}:/home/usuario/Documentos/GitHub/IR2134/TASK3y4_NAT/rmf_ws/src/project/install/project_fleet_adapter:/opt/ros/humble /usr/bin/cmake --build /home/usuario/Documentos/GitHub/IR2134/TASK3y4_NAT/build/project_maps -- -j4 -l4
[1.291s] Invoking command in '/home/usuario/Documentos/GitHub/IR2134/TASK3y4_NAT/build/project_maps': CMAKE_PREFIX_PATH=${CMAKE_PREFIX_PATH}:/home/usuario/Documentos/GitHub/IR2134/TASK3y4_NAT/rmf_ws/src/project/install/project_fleet_adapter:/opt/ros/humble /usr/bin/cmake --install /home/usuario/Documentos/GitHub/IR2134/TASK3y4_NAT/build/project_maps
[1.300s] -- Install configuration: ""
[1.300s] -- Installing: /home/usuario/Documentos/GitHub/IR2134/TASK3y4_NAT/install/project_maps/share/ament_index/resource_index/package_run_dependencies/project_maps
[1.301s] -- Installing: /home/usuario/Documentos/GitHub/IR2134/TASK3y4_NAT/install/project_maps/share/ament_index/resource_index/parent_prefix_path/project_maps
[1.301s] -- Installing: /home/usuario/Documentos/GitHub/IR2134/TASK3y4_NAT/install/project_maps/share/project_maps/environment/ament_prefix_path.sh
[1.302s] -- Installing: /home/usuario/Documentos/GitHub/IR2134/TASK3y4_NAT/install/project_maps/share/project_maps/environment/ament_prefix_path.dsv
[1.302s] -- Installing: /home/usuario/Documentos/GitHub/IR2134/TASK3y4_NAT/install/project_maps/share/project_maps/environment/path.sh
[1.302s] -- Installing: /home/usuario/Documentos/GitHub/IR2134/TASK3y4_NAT/install/project_maps/share/project_maps/environment/path.dsv
[1.302s] -- Installing: /home/usuario/Documentos/GitHub/IR2134/TASK3y4_NAT/install/project_maps/share/project_maps/local_setup.bash
[1.303s] -- Installing: /home/usuario/Documentos/GitHub/IR2134/TASK3y4_NAT/install/project_maps/share/project_maps/local_setup.sh
[1.303s] -- Installing: /home/usuario/Documentos/GitHub/IR2134/TASK3y4_NAT/install/project_maps/share/project_maps/local_setup.zsh
[1.305s] -- Installing: /home/usuario/Documentos/GitHub/IR2134/TASK3y4_NAT/install/project_maps/share/project_maps/local_setup.dsv
[1.306s] -- Installing: /home/usuario/Documentos/GitHub/IR2134/TASK3y4_NAT/install/project_maps/share/project_maps/package.dsv
[1.307s] -- Installing: /home/usuario/Documentos/GitHub/IR2134/TASK3y4_NAT/install/project_maps/share/ament_index/resource_index/packages/project_maps
[1.307s] -- Installing: /home/usuario/Documentos/GitHub/IR2134/TASK3y4_NAT/install/project_maps/share/project_maps/cmake/project_mapsConfig.cmake
[1.307s] -- Installing: /home/usuario/Documentos/GitHub/IR2134/TASK3y4_NAT/install/project_maps/share/project_maps/cmake/project_mapsConfig-version.cmake
[1.308s] -- Installing: /home/usuario/Documentos/GitHub/IR2134/TASK3y4_NAT/install/project_maps/share/project_maps/package.xml
[1.319s] Invoked command in '/home/usuario/Documentos/GitHub/IR2134/TASK3y4_NAT/build/project_maps' returned '0': CMAKE_PREFIX_PATH=${CMAKE_PREFIX_PATH}:/home/usuario/Documentos/GitHub/IR2134/TASK3y4_NAT/rmf_ws/src/project/install/project_fleet_adapter:/opt/ros/humble /usr/bin/cmake --install /home/usuario/Documentos/GitHub/IR2134/TASK3y4_NAT/build/project_maps
