[0.947s] Invoking command in '/home/usuario/rmf_ws/src/rmf_demos_bridges': PYTHONPATH=/home/usuario/rmf_ws/build/rmf_demos_bridges/prefix_override:/usr/lib/python3/dist-packages/colcon_core/task/python/colcon_distutils_commands:/home/usuario/rmf_ws/install/rmf_demos_bridges/lib/python3.12/site-packages:${PYTHONPATH} /usr/bin/python3 -W ignore:setup.py install is deprecated -W ignore:easy_install command is deprecated setup.py egg_info --egg-base ../../build/rmf_demos_bridges build --build-base /home/usuario/rmf_ws/build/rmf_demos_bridges/build install --record /home/usuario/rmf_ws/build/rmf_demos_bridges/install.log --single-version-externally-managed install_data
[1.638s] running egg_info
[1.639s] creating ../../build/rmf_demos_bridges/rmf_demos_bridges.egg-info
[1.660s] writing ../../build/rmf_demos_bridges/rmf_demos_bridges.egg-info/PKG-INFO
[1.660s] writing dependency_links to ../../build/rmf_demos_bridges/rmf_demos_bridges.egg-info/dependency_links.txt
[1.660s] writing entry points to ../../build/rmf_demos_bridges/rmf_demos_bridges.egg-info/entry_points.txt
[1.662s] writing requirements to ../../build/rmf_demos_bridges/rmf_demos_bridges.egg-info/requires.txt
[1.662s] writing top-level names to ../../build/rmf_demos_bridges/rmf_demos_bridges.egg-info/top_level.txt
[1.662s] writing manifest file '../../build/rmf_demos_bridges/rmf_demos_bridges.egg-info/SOURCES.txt'
[1.701s] reading manifest file '../../build/rmf_demos_bridges/rmf_demos_bridges.egg-info/SOURCES.txt'
[1.710s] writing manifest file '../../build/rmf_demos_bridges/rmf_demos_bridges.egg-info/SOURCES.txt'
[1.710s] running build
[1.711s] running build_py
[1.711s] creating /home/usuario/rmf_ws/build/rmf_demos_bridges/build
[1.711s] creating /home/usuario/rmf_ws/build/rmf_demos_bridges/build/lib
[1.711s] creating /home/usuario/rmf_ws/build/rmf_demos_bridges/build/lib/rmf_demos_bridges
[1.711s] copying rmf_demos_bridges/fleet_socketio_bridge.py -> /home/usuario/rmf_ws/build/rmf_demos_bridges/build/lib/rmf_demos_bridges
[1.712s] copying rmf_demos_bridges/__init__.py -> /home/usuario/rmf_ws/build/rmf_demos_bridges/build/lib/rmf_demos_bridges
[1.712s] copying rmf_demos_bridges/fleet_robotmanager_mqtt_bridge.py -> /home/usuario/rmf_ws/build/rmf_demos_bridges/build/lib/rmf_demos_bridges
[1.713s] running install
[1.719s] running install_lib
[1.748s] creating /home/usuario/rmf_ws/install/rmf_demos_bridges/lib/python3.12/site-packages/rmf_demos_bridges
[1.749s] copying /home/usuario/rmf_ws/build/rmf_demos_bridges/build/lib/rmf_demos_bridges/fleet_socketio_bridge.py -> /home/usuario/rmf_ws/install/rmf_demos_bridges/lib/python3.12/site-packages/rmf_demos_bridges
[1.751s] copying /home/usuario/rmf_ws/build/rmf_demos_bridges/build/lib/rmf_demos_bridges/__init__.py -> /home/usuario/rmf_ws/install/rmf_demos_bridges/lib/python3.12/site-packages/rmf_demos_bridges
[1.752s] copying /home/usuario/rmf_ws/build/rmf_demos_bridges/build/lib/rmf_demos_bridges/fleet_robotmanager_mqtt_bridge.py -> /home/usuario/rmf_ws/install/rmf_demos_bridges/lib/python3.12/site-packages/rmf_demos_bridges
[1.753s] byte-compiling /home/usuario/rmf_ws/install/rmf_demos_bridges/lib/python3.12/site-packages/rmf_demos_bridges/fleet_socketio_bridge.py to fleet_socketio_bridge.cpython-312.pyc
[1.763s] byte-compiling /home/usuario/rmf_ws/install/rmf_demos_bridges/lib/python3.12/site-packages/rmf_demos_bridges/__init__.py to __init__.cpython-312.pyc
[1.764s] byte-compiling /home/usuario/rmf_ws/install/rmf_demos_bridges/lib/python3.12/site-packages/rmf_demos_bridges/fleet_robotmanager_mqtt_bridge.py to fleet_robotmanager_mqtt_bridge.cpython-312.pyc
[1.765s] running install_data
[1.766s] creating /home/usuario/rmf_ws/install/rmf_demos_bridges/share/ament_index
[1.766s] creating /home/usuario/rmf_ws/install/rmf_demos_bridges/share/ament_index/resource_index
[1.766s] creating /home/usuario/rmf_ws/install/rmf_demos_bridges/share/ament_index/resource_index/packages
[1.766s] copying resource/rmf_demos_bridges -> /home/usuario/rmf_ws/install/rmf_demos_bridges/share/ament_index/resource_index/packages
[1.766s] copying package.xml -> /home/usuario/rmf_ws/install/rmf_demos_bridges/share/rmf_demos_bridges
[1.767s] running install_egg_info
[1.787s] Copying ../../build/rmf_demos_bridges/rmf_demos_bridges.egg-info to /home/usuario/rmf_ws/install/rmf_demos_bridges/lib/python3.12/site-packages/rmf_demos_bridges-2.5.0-py3.12.egg-info
[1.801s] running install_scripts
[2.098s] Installing fleet_robotmanager_mqtt_bridge script to /home/usuario/rmf_ws/install/rmf_demos_bridges/lib/rmf_demos_bridges
[2.099s] Installing fleet_socketio_bridge script to /home/usuario/rmf_ws/install/rmf_demos_bridges/lib/rmf_demos_bridges
[2.099s] writing list of installed files to '/home/usuario/rmf_ws/build/rmf_demos_bridges/install.log'
[2.241s] Invoked command in '/home/usuario/rmf_ws/src/rmf_demos_bridges' returned '0': PYTHONPATH=/home/usuario/rmf_ws/build/rmf_demos_bridges/prefix_override:/usr/lib/python3/dist-packages/colcon_core/task/python/colcon_distutils_commands:/home/usuario/rmf_ws/install/rmf_demos_bridges/lib/python3.12/site-packages:${PYTHONPATH} /usr/bin/python3 -W ignore:setup.py install is deprecated -W ignore:easy_install command is deprecated setup.py egg_info --egg-base ../../build/rmf_demos_bridges build --build-base /home/usuario/rmf_ws/build/rmf_demos_bridges/build install --record /home/usuario/rmf_ws/build/rmf_demos_bridges/install.log --single-version-externally-managed install_data
