[1.883s] Invoking command in '/home/usuario/rmf_ws/src/rmf_demos_tasks': PYTHONPATH=/home/usuario/rmf_ws/build/rmf_demos_tasks/prefix_override:/usr/lib/python3/dist-packages/colcon_core/task/python/colcon_distutils_commands:/home/usuario/rmf_ws/install/rmf_demos_tasks/lib/python3.12/site-packages:${PYTHONPATH} /usr/bin/python3 -W ignore:setup.py install is deprecated -W ignore:easy_install command is deprecated setup.py egg_info --egg-base ../../build/rmf_demos_tasks build --build-base /home/usuario/rmf_ws/build/rmf_demos_tasks/build install --record /home/usuario/rmf_ws/build/rmf_demos_tasks/install.log --single-version-externally-managed install_data
[2.484s] running egg_info
[2.522s] writing ../../build/rmf_demos_tasks/rmf_demos_tasks.egg-info/PKG-INFO
[2.523s] writing dependency_links to ../../build/rmf_demos_tasks/rmf_demos_tasks.egg-info/dependency_links.txt
[2.523s] writing entry points to ../../build/rmf_demos_tasks/rmf_demos_tasks.egg-info/entry_points.txt
[2.526s] writing requirements to ../../build/rmf_demos_tasks/rmf_demos_tasks.egg-info/requires.txt
[2.527s] writing top-level names to ../../build/rmf_demos_tasks/rmf_demos_tasks.egg-info/top_level.txt
[2.593s] reading manifest file '../../build/rmf_demos_tasks/rmf_demos_tasks.egg-info/SOURCES.txt'
[2.596s] writing manifest file '../../build/rmf_demos_tasks/rmf_demos_tasks.egg-info/SOURCES.txt'
[2.596s] running build
[2.596s] running build_py
[2.597s] running install
[2.608s] running install_lib
[2.647s] running install_data
[2.647s] running install_egg_info
[2.676s] removing '/home/usuario/rmf_ws/install/rmf_demos_tasks/lib/python3.12/site-packages/rmf_demos_tasks-2.5.0-py3.12.egg-info' (and everything under it)
[2.683s] Copying ../../build/rmf_demos_tasks/rmf_demos_tasks.egg-info to /home/usuario/rmf_ws/install/rmf_demos_tasks/lib/python3.12/site-packages/rmf_demos_tasks-2.5.0-py3.12.egg-info
[2.695s] running install_scripts
[3.012s] Installing api_request script to /home/usuario/rmf_ws/install/rmf_demos_tasks/lib/rmf_demos_tasks
[3.013s] Installing cancel_task script to /home/usuario/rmf_ws/install/rmf_demos_tasks/lib/rmf_demos_tasks
[3.013s] Installing dispatch_action script to /home/usuario/rmf_ws/install/rmf_demos_tasks/lib/rmf_demos_tasks
[3.013s] Installing dispatch_cart_delivery script to /home/usuario/rmf_ws/install/rmf_demos_tasks/lib/rmf_demos_tasks
[3.013s] Installing dispatch_clean script to /home/usuario/rmf_ws/install/rmf_demos_tasks/lib/rmf_demos_tasks
[3.013s] Installing dispatch_delivery script to /home/usuario/rmf_ws/install/rmf_demos_tasks/lib/rmf_demos_tasks
[3.013s] Installing dispatch_go_to_place script to /home/usuario/rmf_ws/install/rmf_demos_tasks/lib/rmf_demos_tasks
[3.013s] Installing dispatch_json script to /home/usuario/rmf_ws/install/rmf_demos_tasks/lib/rmf_demos_tasks
[3.013s] Installing dispatch_loop script to /home/usuario/rmf_ws/install/rmf_demos_tasks/lib/rmf_demos_tasks
[3.013s] Installing dispatch_patrol script to /home/usuario/rmf_ws/install/rmf_demos_tasks/lib/rmf_demos_tasks
[3.013s] Installing dispatch_teleop script to /home/usuario/rmf_ws/install/rmf_demos_tasks/lib/rmf_demos_tasks
[3.014s] Installing get_robot_location script to /home/usuario/rmf_ws/install/rmf_demos_tasks/lib/rmf_demos_tasks
[3.014s] Installing mock_docker script to /home/usuario/rmf_ws/install/rmf_demos_tasks/lib/rmf_demos_tasks
[3.014s] Installing request_lift script to /home/usuario/rmf_ws/install/rmf_demos_tasks/lib/rmf_demos_tasks
[3.014s] Installing request_loop script to /home/usuario/rmf_ws/install/rmf_demos_tasks/lib/rmf_demos_tasks
[3.014s] Installing teleop_robot script to /home/usuario/rmf_ws/install/rmf_demos_tasks/lib/rmf_demos_tasks
[3.014s] Installing wait_for_task_complete script to /home/usuario/rmf_ws/install/rmf_demos_tasks/lib/rmf_demos_tasks
[3.014s] writing list of installed files to '/home/usuario/rmf_ws/build/rmf_demos_tasks/install.log'
[3.075s] Invoked command in '/home/usuario/rmf_ws/src/rmf_demos_tasks' returned '0': PYTHONPATH=/home/usuario/rmf_ws/build/rmf_demos_tasks/prefix_override:/usr/lib/python3/dist-packages/colcon_core/task/python/colcon_distutils_commands:/home/usuario/rmf_ws/install/rmf_demos_tasks/lib/python3.12/site-packages:${PYTHONPATH} /usr/bin/python3 -W ignore:setup.py install is deprecated -W ignore:easy_install command is deprecated setup.py egg_info --egg-base ../../build/rmf_demos_tasks build --build-base /home/usuario/rmf_ws/build/rmf_demos_tasks/build install --record /home/usuario/rmf_ws/build/rmf_demos_tasks/install.log --single-version-externally-managed install_data
