[1.461s] Invoking command in '/home/usuario/Documentos/GitHub/IR2134/TASK3y4_NAT/src/rmf_demos_tasks': PYTHONPATH=/home/usuario/Documentos/GitHub/IR2134/TASK3y4_NAT/src/build/rmf_demos_tasks/prefix_override:/usr/lib/python3/dist-packages/colcon_core/task/python/colcon_distutils_commands:/home/usuario/Documentos/GitHub/IR2134/TASK3y4_NAT/src/install/rmf_demos_tasks/lib/python3.12/site-packages:${PYTHONPATH} /usr/bin/python3 -W ignore:setup.py install is deprecated -W ignore:easy_install command is deprecated setup.py egg_info --egg-base ../build/rmf_demos_tasks build --build-base /home/usuario/Documentos/GitHub/IR2134/TASK3y4_NAT/src/build/rmf_demos_tasks/build install --record /home/usuario/Documentos/GitHub/IR2134/TASK3y4_NAT/src/build/rmf_demos_tasks/install.log --single-version-externally-managed install_data
[1.888s] running egg_info
[1.889s] creating ../build/rmf_demos_tasks/rmf_demos_tasks.egg-info
[1.926s] writing ../build/rmf_demos_tasks/rmf_demos_tasks.egg-info/PKG-INFO
[1.926s] writing dependency_links to ../build/rmf_demos_tasks/rmf_demos_tasks.egg-info/dependency_links.txt
[1.929s] writing entry points to ../build/rmf_demos_tasks/rmf_demos_tasks.egg-info/entry_points.txt
[1.929s] writing requirements to ../build/rmf_demos_tasks/rmf_demos_tasks.egg-info/requires.txt
[1.930s] writing top-level names to ../build/rmf_demos_tasks/rmf_demos_tasks.egg-info/top_level.txt
[1.930s] writing manifest file '../build/rmf_demos_tasks/rmf_demos_tasks.egg-info/SOURCES.txt'
[2.019s] reading manifest file '../build/rmf_demos_tasks/rmf_demos_tasks.egg-info/SOURCES.txt'
[2.026s] writing manifest file '../build/rmf_demos_tasks/rmf_demos_tasks.egg-info/SOURCES.txt'
[2.027s] running build
[2.027s] running build_py
[2.027s] creating /home/usuario/Documentos/GitHub/IR2134/TASK3y4_NAT/src/build/rmf_demos_tasks/build
[2.028s] creating /home/usuario/Documentos/GitHub/IR2134/TASK3y4_NAT/src/build/rmf_demos_tasks/build/lib
[2.028s] creating /home/usuario/Documentos/GitHub/IR2134/TASK3y4_NAT/src/build/rmf_demos_tasks/build/lib/rmf_demos_tasks
[2.028s] copying rmf_demos_tasks/dispatch_action.py -> /home/usuario/Documentos/GitHub/IR2134/TASK3y4_NAT/src/build/rmf_demos_tasks/build/lib/rmf_demos_tasks
[2.029s] copying rmf_demos_tasks/request_lift.py -> /home/usuario/Documentos/GitHub/IR2134/TASK3y4_NAT/src/build/rmf_demos_tasks/build/lib/rmf_demos_tasks
[2.030s] copying rmf_demos_tasks/wait_for_task_complete.py -> /home/usuario/Documentos/GitHub/IR2134/TASK3y4_NAT/src/build/rmf_demos_tasks/build/lib/rmf_demos_tasks
[2.031s] copying rmf_demos_tasks/dispatch_patrol.py -> /home/usuario/Documentos/GitHub/IR2134/TASK3y4_NAT/src/build/rmf_demos_tasks/build/lib/rmf_demos_tasks
[2.031s] copying rmf_demos_tasks/dispatch_go_to_place.py -> /home/usuario/Documentos/GitHub/IR2134/TASK3y4_NAT/src/build/rmf_demos_tasks/build/lib/rmf_demos_tasks
[2.032s] copying rmf_demos_tasks/dispatch_delivery.py -> /home/usuario/Documentos/GitHub/IR2134/TASK3y4_NAT/src/build/rmf_demos_tasks/build/lib/rmf_demos_tasks
[2.032s] copying rmf_demos_tasks/cancel_task.py -> /home/usuario/Documentos/GitHub/IR2134/TASK3y4_NAT/src/build/rmf_demos_tasks/build/lib/rmf_demos_tasks
[2.033s] copying rmf_demos_tasks/api_request.py -> /home/usuario/Documentos/GitHub/IR2134/TASK3y4_NAT/src/build/rmf_demos_tasks/build/lib/rmf_demos_tasks
[2.042s] copying rmf_demos_tasks/dispatch_loop.py -> /home/usuario/Documentos/GitHub/IR2134/TASK3y4_NAT/src/build/rmf_demos_tasks/build/lib/rmf_demos_tasks
[2.043s] copying rmf_demos_tasks/mock_docker.py -> /home/usuario/Documentos/GitHub/IR2134/TASK3y4_NAT/src/build/rmf_demos_tasks/build/lib/rmf_demos_tasks
[2.043s] copying rmf_demos_tasks/teleop_robot.py -> /home/usuario/Documentos/GitHub/IR2134/TASK3y4_NAT/src/build/rmf_demos_tasks/build/lib/rmf_demos_tasks
[2.044s] copying rmf_demos_tasks/dispatch_cart_delivery.py -> /home/usuario/Documentos/GitHub/IR2134/TASK3y4_NAT/src/build/rmf_demos_tasks/build/lib/rmf_demos_tasks
[2.045s] copying rmf_demos_tasks/dispatch_json.py -> /home/usuario/Documentos/GitHub/IR2134/TASK3y4_NAT/src/build/rmf_demos_tasks/build/lib/rmf_demos_tasks
[2.045s] copying rmf_demos_tasks/__init__.py -> /home/usuario/Documentos/GitHub/IR2134/TASK3y4_NAT/src/build/rmf_demos_tasks/build/lib/rmf_demos_tasks
[2.046s] copying rmf_demos_tasks/dispatch_teleop.py -> /home/usuario/Documentos/GitHub/IR2134/TASK3y4_NAT/src/build/rmf_demos_tasks/build/lib/rmf_demos_tasks
[2.047s] copying rmf_demos_tasks/request_loop.py -> /home/usuario/Documentos/GitHub/IR2134/TASK3y4_NAT/src/build/rmf_demos_tasks/build/lib/rmf_demos_tasks
[2.047s] copying rmf_demos_tasks/dispatch_clean.py -> /home/usuario/Documentos/GitHub/IR2134/TASK3y4_NAT/src/build/rmf_demos_tasks/build/lib/rmf_demos_tasks
[2.048s] copying rmf_demos_tasks/get_robot_location.py -> /home/usuario/Documentos/GitHub/IR2134/TASK3y4_NAT/src/build/rmf_demos_tasks/build/lib/rmf_demos_tasks
[2.049s] running install
[2.057s] running install_lib
[2.100s] creating /home/usuario/Documentos/GitHub/IR2134/TASK3y4_NAT/src/install/rmf_demos_tasks/lib/python3.12/site-packages/rmf_demos_tasks
[2.100s] copying /home/usuario/Documentos/GitHub/IR2134/TASK3y4_NAT/src/build/rmf_demos_tasks/build/lib/rmf_demos_tasks/dispatch_action.py -> /home/usuario/Documentos/GitHub/IR2134/TASK3y4_NAT/src/install/rmf_demos_tasks/lib/python3.12/site-packages/rmf_demos_tasks
[2.106s] copying /home/usuario/Documentos/GitHub/IR2134/TASK3y4_NAT/src/build/rmf_demos_tasks/build/lib/rmf_demos_tasks/request_lift.py -> /home/usuario/Documentos/GitHub/IR2134/TASK3y4_NAT/src/install/rmf_demos_tasks/lib/python3.12/site-packages/rmf_demos_tasks
[2.111s] copying /home/usuario/Documentos/GitHub/IR2134/TASK3y4_NAT/src/build/rmf_demos_tasks/build/lib/rmf_demos_tasks/wait_for_task_complete.py -> /home/usuario/Documentos/GitHub/IR2134/TASK3y4_NAT/src/install/rmf_demos_tasks/lib/python3.12/site-packages/rmf_demos_tasks
[2.112s] copying /home/usuario/Documentos/GitHub/IR2134/TASK3y4_NAT/src/build/rmf_demos_tasks/build/lib/rmf_demos_tasks/dispatch_patrol.py -> /home/usuario/Documentos/GitHub/IR2134/TASK3y4_NAT/src/install/rmf_demos_tasks/lib/python3.12/site-packages/rmf_demos_tasks
[2.112s] copying /home/usuario/Documentos/GitHub/IR2134/TASK3y4_NAT/src/build/rmf_demos_tasks/build/lib/rmf_demos_tasks/dispatch_go_to_place.py -> /home/usuario/Documentos/GitHub/IR2134/TASK3y4_NAT/src/install/rmf_demos_tasks/lib/python3.12/site-packages/rmf_demos_tasks
[2.113s] copying /home/usuario/Documentos/GitHub/IR2134/TASK3y4_NAT/src/build/rmf_demos_tasks/build/lib/rmf_demos_tasks/dispatch_delivery.py -> /home/usuario/Documentos/GitHub/IR2134/TASK3y4_NAT/src/install/rmf_demos_tasks/lib/python3.12/site-packages/rmf_demos_tasks
[2.113s] copying /home/usuario/Documentos/GitHub/IR2134/TASK3y4_NAT/src/build/rmf_demos_tasks/build/lib/rmf_demos_tasks/cancel_task.py -> /home/usuario/Documentos/GitHub/IR2134/TASK3y4_NAT/src/install/rmf_demos_tasks/lib/python3.12/site-packages/rmf_demos_tasks
[2.114s] copying /home/usuario/Documentos/GitHub/IR2134/TASK3y4_NAT/src/build/rmf_demos_tasks/build/lib/rmf_demos_tasks/api_request.py -> /home/usuario/Documentos/GitHub/IR2134/TASK3y4_NAT/src/install/rmf_demos_tasks/lib/python3.12/site-packages/rmf_demos_tasks
[2.115s] copying /home/usuario/Documentos/GitHub/IR2134/TASK3y4_NAT/src/build/rmf_demos_tasks/build/lib/rmf_demos_tasks/dispatch_loop.py -> /home/usuario/Documentos/GitHub/IR2134/TASK3y4_NAT/src/install/rmf_demos_tasks/lib/python3.12/site-packages/rmf_demos_tasks
[2.115s] copying /home/usuario/Documentos/GitHub/IR2134/TASK3y4_NAT/src/build/rmf_demos_tasks/build/lib/rmf_demos_tasks/mock_docker.py -> /home/usuario/Documentos/GitHub/IR2134/TASK3y4_NAT/src/install/rmf_demos_tasks/lib/python3.12/site-packages/rmf_demos_tasks
[2.116s] copying /home/usuario/Documentos/GitHub/IR2134/TASK3y4_NAT/src/build/rmf_demos_tasks/build/lib/rmf_demos_tasks/teleop_robot.py -> /home/usuario/Documentos/GitHub/IR2134/TASK3y4_NAT/src/install/rmf_demos_tasks/lib/python3.12/site-packages/rmf_demos_tasks
[2.117s] copying /home/usuario/Documentos/GitHub/IR2134/TASK3y4_NAT/src/build/rmf_demos_tasks/build/lib/rmf_demos_tasks/dispatch_cart_delivery.py -> /home/usuario/Documentos/GitHub/IR2134/TASK3y4_NAT/src/install/rmf_demos_tasks/lib/python3.12/site-packages/rmf_demos_tasks
[2.118s] copying /home/usuario/Documentos/GitHub/IR2134/TASK3y4_NAT/src/build/rmf_demos_tasks/build/lib/rmf_demos_tasks/dispatch_json.py -> /home/usuario/Documentos/GitHub/IR2134/TASK3y4_NAT/src/install/rmf_demos_tasks/lib/python3.12/site-packages/rmf_demos_tasks
[2.118s] copying /home/usuario/Documentos/GitHub/IR2134/TASK3y4_NAT/src/build/rmf_demos_tasks/build/lib/rmf_demos_tasks/__init__.py -> /home/usuario/Documentos/GitHub/IR2134/TASK3y4_NAT/src/install/rmf_demos_tasks/lib/python3.12/site-packages/rmf_demos_tasks
[2.119s] copying /home/usuario/Documentos/GitHub/IR2134/TASK3y4_NAT/src/build/rmf_demos_tasks/build/lib/rmf_demos_tasks/dispatch_teleop.py -> /home/usuario/Documentos/GitHub/IR2134/TASK3y4_NAT/src/install/rmf_demos_tasks/lib/python3.12/site-packages/rmf_demos_tasks
[2.120s] copying /home/usuario/Documentos/GitHub/IR2134/TASK3y4_NAT/src/build/rmf_demos_tasks/build/lib/rmf_demos_tasks/request_loop.py -> /home/usuario/Documentos/GitHub/IR2134/TASK3y4_NAT/src/install/rmf_demos_tasks/lib/python3.12/site-packages/rmf_demos_tasks
[2.120s] copying /home/usuario/Documentos/GitHub/IR2134/TASK3y4_NAT/src/build/rmf_demos_tasks/build/lib/rmf_demos_tasks/dispatch_clean.py -> /home/usuario/Documentos/GitHub/IR2134/TASK3y4_NAT/src/install/rmf_demos_tasks/lib/python3.12/site-packages/rmf_demos_tasks
[2.121s] copying /home/usuario/Documentos/GitHub/IR2134/TASK3y4_NAT/src/build/rmf_demos_tasks/build/lib/rmf_demos_tasks/get_robot_location.py -> /home/usuario/Documentos/GitHub/IR2134/TASK3y4_NAT/src/install/rmf_demos_tasks/lib/python3.12/site-packages/rmf_demos_tasks
[2.122s] byte-compiling /home/usuario/Documentos/GitHub/IR2134/TASK3y4_NAT/src/install/rmf_demos_tasks/lib/python3.12/site-packages/rmf_demos_tasks/dispatch_action.py to dispatch_action.cpython-312.pyc
[2.125s] byte-compiling /home/usuario/Documentos/GitHub/IR2134/TASK3y4_NAT/src/install/rmf_demos_tasks/lib/python3.12/site-packages/rmf_demos_tasks/request_lift.py to request_lift.cpython-312.pyc
[2.134s] byte-compiling /home/usuario/Documentos/GitHub/IR2134/TASK3y4_NAT/src/install/rmf_demos_tasks/lib/python3.12/site-packages/rmf_demos_tasks/wait_for_task_complete.py to wait_for_task_complete.cpython-312.pyc
[2.135s] byte-compiling /home/usuario/Documentos/GitHub/IR2134/TASK3y4_NAT/src/install/rmf_demos_tasks/lib/python3.12/site-packages/rmf_demos_tasks/dispatch_patrol.py to dispatch_patrol.cpython-312.pyc
[2.137s] byte-compiling /home/usuario/Documentos/GitHub/IR2134/TASK3y4_NAT/src/install/rmf_demos_tasks/lib/python3.12/site-packages/rmf_demos_tasks/dispatch_go_to_place.py to dispatch_go_to_place.cpython-312.pyc
[2.139s] byte-compiling /home/usuario/Documentos/GitHub/IR2134/TASK3y4_NAT/src/install/rmf_demos_tasks/lib/python3.12/site-packages/rmf_demos_tasks/dispatch_delivery.py to dispatch_delivery.cpython-312.pyc
[2.141s] byte-compiling /home/usuario/Documentos/GitHub/IR2134/TASK3y4_NAT/src/install/rmf_demos_tasks/lib/python3.12/site-packages/rmf_demos_tasks/cancel_task.py to cancel_task.cpython-312.pyc
[2.142s] byte-compiling /home/usuario/Documentos/GitHub/IR2134/TASK3y4_NAT/src/install/rmf_demos_tasks/lib/python3.12/site-packages/rmf_demos_tasks/api_request.py to api_request.cpython-312.pyc
[2.151s] byte-compiling /home/usuario/Documentos/GitHub/IR2134/TASK3y4_NAT/src/install/rmf_demos_tasks/lib/python3.12/site-packages/rmf_demos_tasks/dispatch_loop.py to dispatch_loop.cpython-312.pyc
[2.152s] byte-compiling /home/usuario/Documentos/GitHub/IR2134/TASK3y4_NAT/src/install/rmf_demos_tasks/lib/python3.12/site-packages/rmf_demos_tasks/mock_docker.py to mock_docker.cpython-312.pyc
[2.155s] byte-compiling /home/usuario/Documentos/GitHub/IR2134/TASK3y4_NAT/src/install/rmf_demos_tasks/lib/python3.12/site-packages/rmf_demos_tasks/teleop_robot.py to teleop_robot.cpython-312.pyc
[2.156s] byte-compiling /home/usuario/Documentos/GitHub/IR2134/TASK3y4_NAT/src/install/rmf_demos_tasks/lib/python3.12/site-packages/rmf_demos_tasks/dispatch_cart_delivery.py to dispatch_cart_delivery.cpython-312.pyc
[2.157s] byte-compiling /home/usuario/Documentos/GitHub/IR2134/TASK3y4_NAT/src/install/rmf_demos_tasks/lib/python3.12/site-packages/rmf_demos_tasks/dispatch_json.py to dispatch_json.cpython-312.pyc
[2.159s] byte-compiling /home/usuario/Documentos/GitHub/IR2134/TASK3y4_NAT/src/install/rmf_demos_tasks/lib/python3.12/site-packages/rmf_demos_tasks/__init__.py to __init__.cpython-312.pyc
[2.159s] byte-compiling /home/usuario/Documentos/GitHub/IR2134/TASK3y4_NAT/src/install/rmf_demos_tasks/lib/python3.12/site-packages/rmf_demos_tasks/dispatch_teleop.py to dispatch_teleop.cpython-312.pyc
[2.161s] byte-compiling /home/usuario/Documentos/GitHub/IR2134/TASK3y4_NAT/src/install/rmf_demos_tasks/lib/python3.12/site-packages/rmf_demos_tasks/request_loop.py to request_loop.cpython-312.pyc
[2.162s] byte-compiling /home/usuario/Documentos/GitHub/IR2134/TASK3y4_NAT/src/install/rmf_demos_tasks/lib/python3.12/site-packages/rmf_demos_tasks/dispatch_clean.py to dispatch_clean.cpython-312.pyc
[2.163s] byte-compiling /home/usuario/Documentos/GitHub/IR2134/TASK3y4_NAT/src/install/rmf_demos_tasks/lib/python3.12/site-packages/rmf_demos_tasks/get_robot_location.py to get_robot_location.cpython-312.pyc
[2.165s] running install_data
[2.165s] creating /home/usuario/Documentos/GitHub/IR2134/TASK3y4_NAT/src/install/rmf_demos_tasks/share/ament_index
[2.165s] creating /home/usuario/Documentos/GitHub/IR2134/TASK3y4_NAT/src/install/rmf_demos_tasks/share/ament_index/resource_index
[2.165s] creating /home/usuario/Documentos/GitHub/IR2134/TASK3y4_NAT/src/install/rmf_demos_tasks/share/ament_index/resource_index/packages
[2.165s] copying resource/rmf_demos_tasks -> /home/usuario/Documentos/GitHub/IR2134/TASK3y4_NAT/src/install/rmf_demos_tasks/share/ament_index/resource_index/packages
[2.166s] copying package.xml -> /home/usuario/Documentos/GitHub/IR2134/TASK3y4_NAT/src/install/rmf_demos_tasks/share/rmf_demos_tasks
[2.166s] running install_egg_info
[2.214s] Copying ../build/rmf_demos_tasks/rmf_demos_tasks.egg-info to /home/usuario/Documentos/GitHub/IR2134/TASK3y4_NAT/src/install/rmf_demos_tasks/lib/python3.12/site-packages/rmf_demos_tasks-2.5.0-py3.12.egg-info
[2.221s] running install_scripts
[2.567s] Installing api_request script to /home/usuario/Documentos/GitHub/IR2134/TASK3y4_NAT/src/install/rmf_demos_tasks/lib/rmf_demos_tasks
[2.568s] Installing cancel_task script to /home/usuario/Documentos/GitHub/IR2134/TASK3y4_NAT/src/install/rmf_demos_tasks/lib/rmf_demos_tasks
[2.569s] Installing dispatch_action script to /home/usuario/Documentos/GitHub/IR2134/TASK3y4_NAT/src/install/rmf_demos_tasks/lib/rmf_demos_tasks
[2.570s] Installing dispatch_cart_delivery script to /home/usuario/Documentos/GitHub/IR2134/TASK3y4_NAT/src/install/rmf_demos_tasks/lib/rmf_demos_tasks
[2.570s] Installing dispatch_clean script to /home/usuario/Documentos/GitHub/IR2134/TASK3y4_NAT/src/install/rmf_demos_tasks/lib/rmf_demos_tasks
[2.570s] Installing dispatch_delivery script to /home/usuario/Documentos/GitHub/IR2134/TASK3y4_NAT/src/install/rmf_demos_tasks/lib/rmf_demos_tasks
[2.578s] Installing dispatch_go_to_place script to /home/usuario/Documentos/GitHub/IR2134/TASK3y4_NAT/src/install/rmf_demos_tasks/lib/rmf_demos_tasks
[2.578s] Installing dispatch_json script to /home/usuario/Documentos/GitHub/IR2134/TASK3y4_NAT/src/install/rmf_demos_tasks/lib/rmf_demos_tasks
[2.579s] Installing dispatch_loop script to /home/usuario/Documentos/GitHub/IR2134/TASK3y4_NAT/src/install/rmf_demos_tasks/lib/rmf_demos_tasks
[2.579s] Installing dispatch_patrol script to /home/usuario/Documentos/GitHub/IR2134/TASK3y4_NAT/src/install/rmf_demos_tasks/lib/rmf_demos_tasks
[2.580s] Installing dispatch_teleop script to /home/usuario/Documentos/GitHub/IR2134/TASK3y4_NAT/src/install/rmf_demos_tasks/lib/rmf_demos_tasks
[2.580s] Installing get_robot_location script to /home/usuario/Documentos/GitHub/IR2134/TASK3y4_NAT/src/install/rmf_demos_tasks/lib/rmf_demos_tasks
[2.580s] Installing mock_docker script to /home/usuario/Documentos/GitHub/IR2134/TASK3y4_NAT/src/install/rmf_demos_tasks/lib/rmf_demos_tasks
[2.581s] Installing request_lift script to /home/usuario/Documentos/GitHub/IR2134/TASK3y4_NAT/src/install/rmf_demos_tasks/lib/rmf_demos_tasks
[2.581s] Installing request_loop script to /home/usuario/Documentos/GitHub/IR2134/TASK3y4_NAT/src/install/rmf_demos_tasks/lib/rmf_demos_tasks
[2.582s] Installing teleop_robot script to /home/usuario/Documentos/GitHub/IR2134/TASK3y4_NAT/src/install/rmf_demos_tasks/lib/rmf_demos_tasks
[2.582s] Installing wait_for_task_complete script to /home/usuario/Documentos/GitHub/IR2134/TASK3y4_NAT/src/install/rmf_demos_tasks/lib/rmf_demos_tasks
[2.583s] writing list of installed files to '/home/usuario/Documentos/GitHub/IR2134/TASK3y4_NAT/src/build/rmf_demos_tasks/install.log'
[2.655s] Invoked command in '/home/usuario/Documentos/GitHub/IR2134/TASK3y4_NAT/src/rmf_demos_tasks' returned '0': PYTHONPATH=/home/usuario/Documentos/GitHub/IR2134/TASK3y4_NAT/src/build/rmf_demos_tasks/prefix_override:/usr/lib/python3/dist-packages/colcon_core/task/python/colcon_distutils_commands:/home/usuario/Documentos/GitHub/IR2134/TASK3y4_NAT/src/install/rmf_demos_tasks/lib/python3.12/site-packages:${PYTHONPATH} /usr/bin/python3 -W ignore:setup.py install is deprecated -W ignore:easy_install command is deprecated setup.py egg_info --egg-base ../build/rmf_demos_tasks build --build-base /home/usuario/Documentos/GitHub/IR2134/TASK3y4_NAT/src/build/rmf_demos_tasks/build install --record /home/usuario/Documentos/GitHub/IR2134/TASK3y4_NAT/src/build/rmf_demos_tasks/install.log --single-version-externally-managed install_data
