[0.251s] Invoking command in '/home/usuario/rmf_ws/build/rmf_visualization_rviz2_plugins': CMAKE_PREFIX_PATH=${CMAKE_PREFIX_PATH}:/home/usuario/install/rmf_visualization_building_systems:/opt/ros/jazzy /usr/bin/cmake --build /home/usuario/rmf_ws/build/rmf_visualization_rviz2_plugins -- -j6 -l6
[0.409s] [  0%] Built target rmf_visualization_rviz2_plugins_autogen_timestamp_deps
[0.543s] [ 12%] Built target rmf_visualization_rviz2_plugins_autogen
[0.736s] [100%] Built target rmf_visualization_rviz2_plugins
[1.294s] Invoked command in '/home/usuario/rmf_ws/build/rmf_visualization_rviz2_plugins' returned '0': CMAKE_PREFIX_PATH=${CMAKE_PREFIX_PATH}:/home/usuario/install/rmf_visualization_building_systems:/opt/ros/jazzy /usr/bin/cmake --build /home/usuario/rmf_ws/build/rmf_visualization_rviz2_plugins -- -j6 -l6
[1.299s] Invoking command in '/home/usuario/rmf_ws/build/rmf_visualization_rviz2_plugins': CMAKE_PREFIX_PATH=${CMAKE_PREFIX_PATH}:/home/usuario/install/rmf_visualization_building_systems:/opt/ros/jazzy /usr/bin/cmake --install /home/usuario/rmf_ws/build/rmf_visualization_rviz2_plugins
[1.348s] -- Install configuration: ""
[1.348s] -- Up-to-date: /home/usuario/rmf_ws/install/rmf_visualization_rviz2_plugins/share/rmf_visualization_rviz2_plugins/plugin_description.xml
[1.348s] -- Up-to-date: /home/usuario/rmf_ws/install/rmf_visualization_rviz2_plugins/share/rmf_visualization_rviz2_plugins/environment/library_path.sh
[1.349s] -- Up-to-date: /home/usuario/rmf_ws/install/rmf_visualization_rviz2_plugins/share/rmf_visualization_rviz2_plugins/environment/library_path.dsv
[1.357s] -- Up-to-date: /home/usuario/rmf_ws/install/rmf_visualization_rviz2_plugins/lib/librmf_visualization_rviz2_plugins.so
[1.363s] -- Up-to-date: /home/usuario/rmf_ws/install/rmf_visualization_rviz2_plugins/share/ament_index/resource_index/package_run_dependencies/rmf_visualization_rviz2_plugins
[1.364s] -- Up-to-date: /home/usuario/rmf_ws/install/rmf_visualization_rviz2_plugins/share/ament_index/resource_index/parent_prefix_path/rmf_visualization_rviz2_plugins
[1.364s] -- Up-to-date: /home/usuario/rmf_ws/install/rmf_visualization_rviz2_plugins/share/rmf_visualization_rviz2_plugins/environment/ament_prefix_path.sh
[1.364s] -- Up-to-date: /home/usuario/rmf_ws/install/rmf_visualization_rviz2_plugins/share/rmf_visualization_rviz2_plugins/environment/ament_prefix_path.dsv
[1.364s] -- Up-to-date: /home/usuario/rmf_ws/install/rmf_visualization_rviz2_plugins/share/rmf_visualization_rviz2_plugins/environment/path.sh
[1.364s] -- Up-to-date: /home/usuario/rmf_ws/install/rmf_visualization_rviz2_plugins/share/rmf_visualization_rviz2_plugins/environment/path.dsv
[1.365s] -- Up-to-date: /home/usuario/rmf_ws/install/rmf_visualization_rviz2_plugins/share/rmf_visualization_rviz2_plugins/local_setup.bash
[1.365s] -- Up-to-date: /home/usuario/rmf_ws/install/rmf_visualization_rviz2_plugins/share/rmf_visualization_rviz2_plugins/local_setup.sh
[1.365s] -- Up-to-date: /home/usuario/rmf_ws/install/rmf_visualization_rviz2_plugins/share/rmf_visualization_rviz2_plugins/local_setup.zsh
[1.365s] -- Up-to-date: /home/usuario/rmf_ws/install/rmf_visualization_rviz2_plugins/share/rmf_visualization_rviz2_plugins/local_setup.dsv
[1.366s] -- Installing: /home/usuario/rmf_ws/install/rmf_visualization_rviz2_plugins/share/rmf_visualization_rviz2_plugins/package.dsv
[1.366s] -- Up-to-date: /home/usuario/rmf_ws/install/rmf_visualization_rviz2_plugins/share/ament_index/resource_index/packages/rmf_visualization_rviz2_plugins
[1.366s] -- Up-to-date: /home/usuario/rmf_ws/install/rmf_visualization_rviz2_plugins/share/ament_index/resource_index/rviz_common__pluginlib__plugin/rmf_visualization_rviz2_plugins
[1.374s] -- Up-to-date: /home/usuario/rmf_ws/install/rmf_visualization_rviz2_plugins/share/rmf_visualization_rviz2_plugins/cmake/rmf_visualization_rviz2_pluginsExport.cmake
[1.374s] -- Up-to-date: /home/usuario/rmf_ws/install/rmf_visualization_rviz2_plugins/share/rmf_visualization_rviz2_plugins/cmake/rmf_visualization_rviz2_pluginsExport-noconfig.cmake
[1.374s] -- Up-to-date: /home/usuario/rmf_ws/install/rmf_visualization_rviz2_plugins/share/rmf_visualization_rviz2_plugins/cmake/ament_cmake_export_include_directories-extras.cmake
[1.375s] -- Up-to-date: /home/usuario/rmf_ws/install/rmf_visualization_rviz2_plugins/share/rmf_visualization_rviz2_plugins/cmake/ament_cmake_export_targets-extras.cmake
[1.375s] -- Up-to-date: /home/usuario/rmf_ws/install/rmf_visualization_rviz2_plugins/share/rmf_visualization_rviz2_plugins/cmake/ament_cmake_export_dependencies-extras.cmake
[1.375s] -- Up-to-date: /home/usuario/rmf_ws/install/rmf_visualization_rviz2_plugins/share/rmf_visualization_rviz2_plugins/cmake/rmf_visualization_rviz2_pluginsConfig.cmake
[1.376s] -- Up-to-date: /home/usuario/rmf_ws/install/rmf_visualization_rviz2_plugins/share/rmf_visualization_rviz2_plugins/cmake/rmf_visualization_rviz2_pluginsConfig-version.cmake
[1.376s] -- Up-to-date: /home/usuario/rmf_ws/install/rmf_visualization_rviz2_plugins/share/rmf_visualization_rviz2_plugins/package.xml
[1.384s] Invoked command in '/home/usuario/rmf_ws/build/rmf_visualization_rviz2_plugins' returned '0': CMAKE_PREFIX_PATH=${CMAKE_PREFIX_PATH}:/home/usuario/install/rmf_visualization_building_systems:/opt/ros/jazzy /usr/bin/cmake --install /home/usuario/rmf_ws/build/rmf_visualization_rviz2_plugins
