-- The C compiler identification is GNU 13.3.0
-- The CXX compiler identification is GNU 13.3.0
-- Detecting C compiler ABI info
-- Detecting C compiler ABI info - done
-- Check for working C compiler: /usr/bin/cc - skipped
-- Detecting C compile features
-- Detecting C compile features - done
-- Detecting CXX compiler ABI info
-- Detecting CXX compiler ABI info - done
-- Check for working CXX compiler: /usr/bin/c++ - skipped
-- Detecting CXX compile features
-- Detecting CXX compile features - done
-- Found eigen3_cmake_module: 0.3.0 (/opt/ros/jazzy/share/eigen3_cmake_module/cmake)
-- Found rclcpp: 28.1.6 (/opt/ros/jazzy/share/rclcpp/cmake)
-- Found Python3: /usr/bin/python3 (found version "3.12.3") found components: Interpreter 
-- Found rosidl_generator_c: 4.6.5 (/opt/ros/jazzy/share/rosidl_generator_c/cmake)
-- Found rosidl_generator_cpp: 4.6.5 (/opt/ros/jazzy/share/rosidl_generator_cpp/cmake)
-- Using all available rosidl_typesupport_c: rosidl_typesupport_fastrtps_c;rosidl_typesupport_introspection_c
-- Using all available rosidl_typesupport_cpp: rosidl_typesupport_fastrtps_cpp;rosidl_typesupport_introspection_cpp
-- Found rmw_implementation_cmake: 7.3.1 (/opt/ros/jazzy/share/rmw_implementation_cmake/cmake)
-- Found rmw_fastrtps_cpp: 8.4.1 (/opt/ros/jazzy/share/rmw_fastrtps_cpp/cmake)
-- Found OpenSSL: /usr/lib/x86_64-linux-gnu/libcrypto.so (found version "3.0.13")  
-- Found FastRTPS: /opt/ros/jazzy/include (Required is at least version "2.13") 
-- Using RMW implementation 'rmw_fastrtps_cpp' as default
-- Found rclcpp_components: 28.1.6 (/opt/ros/jazzy/share/rclcpp_components/cmake)
-- Found OpenCV: /usr (found version "4.6.0") 
-- Found Eigen3: TRUE (found version "3.4.0") 
-- Found rmf_building_map_msgs: 1.5.0 (/rmf_demos_ws/install/rmf_building_map_msgs/share/rmf_building_map_msgs/cmake)
-- Found rmf_visualization_msgs: 1.5.0 (/rmf_demos_ws/install/rmf_visualization_msgs/share/rmf_visualization_msgs/cmake)
-- Found nav_msgs: 5.3.5 (/opt/ros/jazzy/share/nav_msgs/cmake)
-- Found ament_cmake_uncrustify: 0.17.1 (/opt/ros/jazzy/share/ament_cmake_uncrustify/cmake)
-- Configuring done (2.5s)
-- Generating done (0.0s)
-- Build files have been written to: /home/usuario/rmf_ws/build/rmf_visualization_floorplans
[ 25%] [32mBuilding CXX object CMakeFiles/floorplan_visualizer.dir/src/FloorplanVisualizer.cpp.o[0m
[ 50%] [32mBuilding CXX object CMakeFiles/floorplan_visualizer_node.dir/rclcpp_components/node_main_floorplan_visualizer_node.cpp.o[0m
gmake[2]: *** [CMakeFiles/floorplan_visualizer.dir/build.make:76: CMakeFiles/floorplan_visualizer.dir/src/FloorplanVisualizer.cpp.o] Interrupt
gmake[1]: *** [CMakeFiles/Makefile2:139: CMakeFiles/floorplan_visualizer.dir/all] Interrupt
gmake[2]: *** [CMakeFiles/floorplan_visualizer_node.dir/build.make:76: CMakeFiles/floorplan_visualizer_node.dir/rclcpp_components/node_main_floorplan_visualizer_node.cpp.o] Interrupt
gmake[1]: *** [CMakeFiles/Makefile2:165: CMakeFiles/floorplan_visualizer_node.dir/all] Interrupt
gmake: *** [Makefile:146: all] Interrupt
