[1.164s] Invoking command in '/home/usuario/Documentos/GitHub/IR2134/TASK3y4_NAT/rmf_ws/src/project/project_fleet_adapter': PYTHONPATH=/home/usuario/Documentos/GitHub/IR2134/TASK3y4_NAT/build/project_fleet_adapter/prefix_override:/usr/lib/python3/dist-packages/colcon_core/task/python/colcon_distutils_commands:/home/usuario/Documentos/GitHub/IR2134/TASK3y4_NAT/install/project_fleet_adapter/lib/python3.10/site-packages:${PYTHONPATH} /usr/bin/python3 -W ignore:setup.py install is deprecated -W ignore:easy_install command is deprecated setup.py egg_info --egg-base ../../../../build/project_fleet_adapter build --build-base /home/usuario/Documentos/GitHub/IR2134/TASK3y4_NAT/build/project_fleet_adapter/build install --record /home/usuario/Documentos/GitHub/IR2134/TASK3y4_NAT/build/project_fleet_adapter/install.log --single-version-externally-managed install_data
[1.730s] running egg_info
[1.730s] creating ../../../../build/project_fleet_adapter/project_fleet_adapter.egg-info
[1.730s] writing ../../../../build/project_fleet_adapter/project_fleet_adapter.egg-info/PKG-INFO
[1.731s] writing dependency_links to ../../../../build/project_fleet_adapter/project_fleet_adapter.egg-info/dependency_links.txt
[1.731s] writing entry points to ../../../../build/project_fleet_adapter/project_fleet_adapter.egg-info/entry_points.txt
[1.731s] writing requirements to ../../../../build/project_fleet_adapter/project_fleet_adapter.egg-info/requires.txt
[1.731s] writing top-level names to ../../../../build/project_fleet_adapter/project_fleet_adapter.egg-info/top_level.txt
[1.732s] writing manifest file '../../../../build/project_fleet_adapter/project_fleet_adapter.egg-info/SOURCES.txt'
[1.733s] reading manifest file '../../../../build/project_fleet_adapter/project_fleet_adapter.egg-info/SOURCES.txt'
[1.735s] writing manifest file '../../../../build/project_fleet_adapter/project_fleet_adapter.egg-info/SOURCES.txt'
[1.735s] running build
[1.735s] running build_py
[1.735s] creating /home/usuario/Documentos/GitHub/IR2134/TASK3y4_NAT/build/project_fleet_adapter/build
[1.735s] creating /home/usuario/Documentos/GitHub/IR2134/TASK3y4_NAT/build/project_fleet_adapter/build/lib
[1.735s] creating /home/usuario/Documentos/GitHub/IR2134/TASK3y4_NAT/build/project_fleet_adapter/build/lib/project_fleet_adapter
[1.735s] copying project_fleet_adapter/fleet_adapter.py -> /home/usuario/Documentos/GitHub/IR2134/TASK3y4_NAT/build/project_fleet_adapter/build/lib/project_fleet_adapter
[1.759s] copying project_fleet_adapter/manage_lane.py -> /home/usuario/Documentos/GitHub/IR2134/TASK3y4_NAT/build/project_fleet_adapter/build/lib/project_fleet_adapter
[1.779s] copying project_fleet_adapter/fleet_manager.py -> /home/usuario/Documentos/GitHub/IR2134/TASK3y4_NAT/build/project_fleet_adapter/build/lib/project_fleet_adapter
[1.804s] copying project_fleet_adapter/RobotClientAPI.py -> /home/usuario/Documentos/GitHub/IR2134/TASK3y4_NAT/build/project_fleet_adapter/build/lib/project_fleet_adapter
[1.824s] copying project_fleet_adapter/__init__.py -> /home/usuario/Documentos/GitHub/IR2134/TASK3y4_NAT/build/project_fleet_adapter/build/lib/project_fleet_adapter
[1.833s] creating /home/usuario/Documentos/GitHub/IR2134/TASK3y4_NAT/build/project_fleet_adapter/build/lib/test
[1.833s] copying test/test_copyright.py -> /home/usuario/Documentos/GitHub/IR2134/TASK3y4_NAT/build/project_fleet_adapter/build/lib/test
[1.852s] copying test/test_flake8.py -> /home/usuario/Documentos/GitHub/IR2134/TASK3y4_NAT/build/project_fleet_adapter/build/lib/test
[1.871s] copying test/test_pep257.py -> /home/usuario/Documentos/GitHub/IR2134/TASK3y4_NAT/build/project_fleet_adapter/build/lib/test
[1.891s] copying test/__init__.py -> /home/usuario/Documentos/GitHub/IR2134/TASK3y4_NAT/build/project_fleet_adapter/build/lib/test
[1.899s] running install
[1.899s] running install_lib
[1.900s] creating /home/usuario/Documentos/GitHub/IR2134/TASK3y4_NAT/install/project_fleet_adapter/lib/python3.10/site-packages/project_fleet_adapter
[1.900s] copying /home/usuario/Documentos/GitHub/IR2134/TASK3y4_NAT/build/project_fleet_adapter/build/lib/project_fleet_adapter/fleet_adapter.py -> /home/usuario/Documentos/GitHub/IR2134/TASK3y4_NAT/install/project_fleet_adapter/lib/python3.10/site-packages/project_fleet_adapter
[1.900s] copying /home/usuario/Documentos/GitHub/IR2134/TASK3y4_NAT/build/project_fleet_adapter/build/lib/project_fleet_adapter/manage_lane.py -> /home/usuario/Documentos/GitHub/IR2134/TASK3y4_NAT/install/project_fleet_adapter/lib/python3.10/site-packages/project_fleet_adapter
[1.901s] copying /home/usuario/Documentos/GitHub/IR2134/TASK3y4_NAT/build/project_fleet_adapter/build/lib/project_fleet_adapter/fleet_manager.py -> /home/usuario/Documentos/GitHub/IR2134/TASK3y4_NAT/install/project_fleet_adapter/lib/python3.10/site-packages/project_fleet_adapter
[1.901s] copying /home/usuario/Documentos/GitHub/IR2134/TASK3y4_NAT/build/project_fleet_adapter/build/lib/project_fleet_adapter/RobotClientAPI.py -> /home/usuario/Documentos/GitHub/IR2134/TASK3y4_NAT/install/project_fleet_adapter/lib/python3.10/site-packages/project_fleet_adapter
[1.901s] copying /home/usuario/Documentos/GitHub/IR2134/TASK3y4_NAT/build/project_fleet_adapter/build/lib/project_fleet_adapter/__init__.py -> /home/usuario/Documentos/GitHub/IR2134/TASK3y4_NAT/install/project_fleet_adapter/lib/python3.10/site-packages/project_fleet_adapter
[1.901s] creating /home/usuario/Documentos/GitHub/IR2134/TASK3y4_NAT/install/project_fleet_adapter/lib/python3.10/site-packages/test
[1.901s] copying /home/usuario/Documentos/GitHub/IR2134/TASK3y4_NAT/build/project_fleet_adapter/build/lib/test/test_copyright.py -> /home/usuario/Documentos/GitHub/IR2134/TASK3y4_NAT/install/project_fleet_adapter/lib/python3.10/site-packages/test
[1.901s] copying /home/usuario/Documentos/GitHub/IR2134/TASK3y4_NAT/build/project_fleet_adapter/build/lib/test/test_flake8.py -> /home/usuario/Documentos/GitHub/IR2134/TASK3y4_NAT/install/project_fleet_adapter/lib/python3.10/site-packages/test
[1.901s] copying /home/usuario/Documentos/GitHub/IR2134/TASK3y4_NAT/build/project_fleet_adapter/build/lib/test/test_pep257.py -> /home/usuario/Documentos/GitHub/IR2134/TASK3y4_NAT/install/project_fleet_adapter/lib/python3.10/site-packages/test
[1.901s] copying /home/usuario/Documentos/GitHub/IR2134/TASK3y4_NAT/build/project_fleet_adapter/build/lib/test/__init__.py -> /home/usuario/Documentos/GitHub/IR2134/TASK3y4_NAT/install/project_fleet_adapter/lib/python3.10/site-packages/test
[1.902s] byte-compiling /home/usuario/Documentos/GitHub/IR2134/TASK3y4_NAT/install/project_fleet_adapter/lib/python3.10/site-packages/project_fleet_adapter/fleet_adapter.py to fleet_adapter.cpython-310.pyc
[1.906s] byte-compiling /home/usuario/Documentos/GitHub/IR2134/TASK3y4_NAT/install/project_fleet_adapter/lib/python3.10/site-packages/project_fleet_adapter/manage_lane.py to manage_lane.cpython-310.pyc
[1.906s] byte-compiling /home/usuario/Documentos/GitHub/IR2134/TASK3y4_NAT/install/project_fleet_adapter/lib/python3.10/site-packages/project_fleet_adapter/fleet_manager.py to fleet_manager.cpython-310.pyc
[1.908s] byte-compiling /home/usuario/Documentos/GitHub/IR2134/TASK3y4_NAT/install/project_fleet_adapter/lib/python3.10/site-packages/project_fleet_adapter/RobotClientAPI.py to RobotClientAPI.cpython-310.pyc
[1.909s] byte-compiling /home/usuario/Documentos/GitHub/IR2134/TASK3y4_NAT/install/project_fleet_adapter/lib/python3.10/site-packages/project_fleet_adapter/__init__.py to __init__.cpython-310.pyc
[1.909s] byte-compiling /home/usuario/Documentos/GitHub/IR2134/TASK3y4_NAT/install/project_fleet_adapter/lib/python3.10/site-packages/test/test_copyright.py to test_copyright.cpython-310.pyc
[1.910s] byte-compiling /home/usuario/Documentos/GitHub/IR2134/TASK3y4_NAT/install/project_fleet_adapter/lib/python3.10/site-packages/test/test_flake8.py to test_flake8.cpython-310.pyc
[1.910s] byte-compiling /home/usuario/Documentos/GitHub/IR2134/TASK3y4_NAT/install/project_fleet_adapter/lib/python3.10/site-packages/test/test_pep257.py to test_pep257.cpython-310.pyc
[1.910s] byte-compiling /home/usuario/Documentos/GitHub/IR2134/TASK3y4_NAT/install/project_fleet_adapter/lib/python3.10/site-packages/test/__init__.py to __init__.cpython-310.pyc
[1.910s] running install_data
[1.910s] creating /home/usuario/Documentos/GitHub/IR2134/TASK3y4_NAT/install/project_fleet_adapter/share/ament_index
[1.910s] creating /home/usuario/Documentos/GitHub/IR2134/TASK3y4_NAT/install/project_fleet_adapter/share/ament_index/resource_index
[1.910s] creating /home/usuario/Documentos/GitHub/IR2134/TASK3y4_NAT/install/project_fleet_adapter/share/ament_index/resource_index/packages
[1.911s] copying resource/project_fleet_adapter -> /home/usuario/Documentos/GitHub/IR2134/TASK3y4_NAT/install/project_fleet_adapter/share/ament_index/resource_index/packages
[1.919s] copying package.xml -> /home/usuario/Documentos/GitHub/IR2134/TASK3y4_NAT/install/project_fleet_adapter/share/project_fleet_adapter
[1.938s] copying config.yaml -> /home/usuario/Documentos/GitHub/IR2134/TASK3y4_NAT/install/project_fleet_adapter/share/project_fleet_adapter
[1.956s] creating /home/usuario/Documentos/GitHub/IR2134/TASK3y4_NAT/install/project_fleet_adapter/share/project_fleet_adapter/launch
[1.956s] copying launch/fleet_adapter.launch.xml -> /home/usuario/Documentos/GitHub/IR2134/TASK3y4_NAT/install/project_fleet_adapter/share/project_fleet_adapter/launch
[1.975s] running install_egg_info
[1.977s] Copying ../../../../build/project_fleet_adapter/project_fleet_adapter.egg-info to /home/usuario/Documentos/GitHub/IR2134/TASK3y4_NAT/install/project_fleet_adapter/lib/python3.10/site-packages/project_fleet_adapter-2.5.0-py3.10.egg-info
[1.978s] running install_scripts
[1.999s] Installing fleet_adapter script to /home/usuario/Documentos/GitHub/IR2134/TASK3y4_NAT/install/project_fleet_adapter/lib/project_fleet_adapter
[1.999s] Installing fleet_manager script to /home/usuario/Documentos/GitHub/IR2134/TASK3y4_NAT/install/project_fleet_adapter/lib/project_fleet_adapter
[1.999s] Installing manage_lane script to /home/usuario/Documentos/GitHub/IR2134/TASK3y4_NAT/install/project_fleet_adapter/lib/project_fleet_adapter
[2.000s] writing list of installed files to '/home/usuario/Documentos/GitHub/IR2134/TASK3y4_NAT/build/project_fleet_adapter/install.log'
[2.027s] Invoked command in '/home/usuario/Documentos/GitHub/IR2134/TASK3y4_NAT/rmf_ws/src/project/project_fleet_adapter' returned '0': PYTHONPATH=/home/usuario/Documentos/GitHub/IR2134/TASK3y4_NAT/build/project_fleet_adapter/prefix_override:/usr/lib/python3/dist-packages/colcon_core/task/python/colcon_distutils_commands:/home/usuario/Documentos/GitHub/IR2134/TASK3y4_NAT/install/project_fleet_adapter/lib/python3.10/site-packages:${PYTHONPATH} /usr/bin/python3 -W ignore:setup.py install is deprecated -W ignore:easy_install command is deprecated setup.py egg_info --egg-base ../../../../build/project_fleet_adapter build --build-base /home/usuario/Documentos/GitHub/IR2134/TASK3y4_NAT/build/project_fleet_adapter/build install --record /home/usuario/Documentos/GitHub/IR2134/TASK3y4_NAT/build/project_fleet_adapter/install.log --single-version-externally-managed install_data
