[ 50%] Built target obstacle_visualizer
[100%] Built target obstacle_visualizer_node
-- Install configuration: ""
-- Up-to-date: /home/usuario/rmf_ws/install/rmf_visualization_obstacles/lib/rmf_visualization_obstacles/obstacle_visualizer_node
-- Up-to-date: /home/usuario/rmf_ws/install/rmf_visualization_obstacles/lib/libobstacle_visualizer.so
-- Up-to-date: /home/usuario/rmf_ws/install/rmf_visualization_obstacles/share/ament_index/resource_index/package_run_dependencies/rmf_visualization_obstacles
-- Up-to-date: /home/usuario/rmf_ws/install/rmf_visualization_obstacles/share/ament_index/resource_index/parent_prefix_path/rmf_visualization_obstacles
-- Up-to-date: /home/usuario/rmf_ws/install/rmf_visualization_obstacles/share/rmf_visualization_obstacles/environment/ament_prefix_path.sh
-- Up-to-date: /home/usuario/rmf_ws/install/rmf_visualization_obstacles/share/rmf_visualization_obstacles/environment/ament_prefix_path.dsv
-- Up-to-date: /home/usuario/rmf_ws/install/rmf_visualization_obstacles/share/rmf_visualization_obstacles/environment/path.sh
-- Up-to-date: /home/usuario/rmf_ws/install/rmf_visualization_obstacles/share/rmf_visualization_obstacles/environment/path.dsv
-- Up-to-date: /home/usuario/rmf_ws/install/rmf_visualization_obstacles/share/rmf_visualization_obstacles/local_setup.bash
-- Up-to-date: /home/usuario/rmf_ws/install/rmf_visualization_obstacles/share/rmf_visualization_obstacles/local_setup.sh
-- Up-to-date: /home/usuario/rmf_ws/install/rmf_visualization_obstacles/share/rmf_visualization_obstacles/local_setup.zsh
-- Up-to-date: /home/usuario/rmf_ws/install/rmf_visualization_obstacles/share/rmf_visualization_obstacles/local_setup.dsv
-- Installing: /home/usuario/rmf_ws/install/rmf_visualization_obstacles/share/rmf_visualization_obstacles/package.dsv
-- Up-to-date: /home/usuario/rmf_ws/install/rmf_visualization_obstacles/share/ament_index/resource_index/packages/rmf_visualization_obstacles
-- Up-to-date: /home/usuario/rmf_ws/install/rmf_visualization_obstacles/share/ament_index/resource_index/rclcpp_components/rmf_visualization_obstacles
-- Up-to-date: /home/usuario/rmf_ws/install/rmf_visualization_obstacles/share/rmf_visualization_obstacles/cmake/rmf_visualization_obstaclesConfig.cmake
-- Up-to-date: /home/usuario/rmf_ws/install/rmf_visualization_obstacles/share/rmf_visualization_obstacles/cmake/rmf_visualization_obstaclesConfig-version.cmake
-- Up-to-date: /home/usuario/rmf_ws/install/rmf_visualization_obstacles/share/rmf_visualization_obstacles/package.xml
