[1.698s] Invoking command in '/home/usuario/rmf_ws/src/rmf_demos_fleet_adapter': PYTHONPATH=/home/usuario/rmf_ws/build/rmf_demos_fleet_adapter/prefix_override:/usr/lib/python3/dist-packages/colcon_core/task/python/colcon_distutils_commands:/home/usuario/rmf_ws/install/rmf_demos_fleet_adapter/lib/python3.12/site-packages:${PYTHONPATH} /usr/bin/python3 -W ignore:setup.py install is deprecated -W ignore:easy_install command is deprecated setup.py egg_info --egg-base ../../build/rmf_demos_fleet_adapter build --build-base /home/usuario/rmf_ws/build/rmf_demos_fleet_adapter/build install --record /home/usuario/rmf_ws/build/rmf_demos_fleet_adapter/install.log --single-version-externally-managed install_data
[2.302s] running egg_info
[2.302s] creating ../../build/rmf_demos_fleet_adapter/rmf_demos_fleet_adapter.egg-info
[2.364s] writing ../../build/rmf_demos_fleet_adapter/rmf_demos_fleet_adapter.egg-info/PKG-INFO
[2.364s] writing dependency_links to ../../build/rmf_demos_fleet_adapter/rmf_demos_fleet_adapter.egg-info/dependency_links.txt
[2.365s] writing entry points to ../../build/rmf_demos_fleet_adapter/rmf_demos_fleet_adapter.egg-info/entry_points.txt
[2.365s] writing requirements to ../../build/rmf_demos_fleet_adapter/rmf_demos_fleet_adapter.egg-info/requires.txt
[2.365s] writing top-level names to ../../build/rmf_demos_fleet_adapter/rmf_demos_fleet_adapter.egg-info/top_level.txt
[2.365s] writing manifest file '../../build/rmf_demos_fleet_adapter/rmf_demos_fleet_adapter.egg-info/SOURCES.txt'
[2.435s] reading manifest file '../../build/rmf_demos_fleet_adapter/rmf_demos_fleet_adapter.egg-info/SOURCES.txt'
[2.436s] writing manifest file '../../build/rmf_demos_fleet_adapter/rmf_demos_fleet_adapter.egg-info/SOURCES.txt'
[2.437s] running build
[2.437s] running build_py
[2.437s] creating /home/usuario/rmf_ws/build/rmf_demos_fleet_adapter/build
[2.439s] creating /home/usuario/rmf_ws/build/rmf_demos_fleet_adapter/build/lib
[2.439s] creating /home/usuario/rmf_ws/build/rmf_demos_fleet_adapter/build/lib/rmf_demos_fleet_adapter
[2.439s] copying rmf_demos_fleet_adapter/fleet_adapter.py -> /home/usuario/rmf_ws/build/rmf_demos_fleet_adapter/build/lib/rmf_demos_fleet_adapter
[2.440s] copying rmf_demos_fleet_adapter/manage_lane.py -> /home/usuario/rmf_ws/build/rmf_demos_fleet_adapter/build/lib/rmf_demos_fleet_adapter
[2.440s] copying rmf_demos_fleet_adapter/fleet_manager.py -> /home/usuario/rmf_ws/build/rmf_demos_fleet_adapter/build/lib/rmf_demos_fleet_adapter
[2.441s] copying rmf_demos_fleet_adapter/RobotClientAPI.py -> /home/usuario/rmf_ws/build/rmf_demos_fleet_adapter/build/lib/rmf_demos_fleet_adapter
[2.453s] copying rmf_demos_fleet_adapter/__init__.py -> /home/usuario/rmf_ws/build/rmf_demos_fleet_adapter/build/lib/rmf_demos_fleet_adapter
[2.454s] creating /home/usuario/rmf_ws/build/rmf_demos_fleet_adapter/build/lib/test
[2.454s] copying test/test_copyright.py -> /home/usuario/rmf_ws/build/rmf_demos_fleet_adapter/build/lib/test
[2.454s] copying test/test_flake8.py -> /home/usuario/rmf_ws/build/rmf_demos_fleet_adapter/build/lib/test
[2.454s] copying test/test_pep257.py -> /home/usuario/rmf_ws/build/rmf_demos_fleet_adapter/build/lib/test
[2.455s] copying test/__init__.py -> /home/usuario/rmf_ws/build/rmf_demos_fleet_adapter/build/lib/test
[2.457s] running install
[2.464s] running install_lib
[2.506s] creating /home/usuario/rmf_ws/install/rmf_demos_fleet_adapter/lib/python3.12/site-packages/rmf_demos_fleet_adapter
[2.507s] copying /home/usuario/rmf_ws/build/rmf_demos_fleet_adapter/build/lib/rmf_demos_fleet_adapter/fleet_adapter.py -> /home/usuario/rmf_ws/install/rmf_demos_fleet_adapter/lib/python3.12/site-packages/rmf_demos_fleet_adapter
[2.507s] copying /home/usuario/rmf_ws/build/rmf_demos_fleet_adapter/build/lib/rmf_demos_fleet_adapter/manage_lane.py -> /home/usuario/rmf_ws/install/rmf_demos_fleet_adapter/lib/python3.12/site-packages/rmf_demos_fleet_adapter
[2.509s] copying /home/usuario/rmf_ws/build/rmf_demos_fleet_adapter/build/lib/rmf_demos_fleet_adapter/fleet_manager.py -> /home/usuario/rmf_ws/install/rmf_demos_fleet_adapter/lib/python3.12/site-packages/rmf_demos_fleet_adapter
[2.509s] copying /home/usuario/rmf_ws/build/rmf_demos_fleet_adapter/build/lib/rmf_demos_fleet_adapter/RobotClientAPI.py -> /home/usuario/rmf_ws/install/rmf_demos_fleet_adapter/lib/python3.12/site-packages/rmf_demos_fleet_adapter
[2.510s] copying /home/usuario/rmf_ws/build/rmf_demos_fleet_adapter/build/lib/rmf_demos_fleet_adapter/__init__.py -> /home/usuario/rmf_ws/install/rmf_demos_fleet_adapter/lib/python3.12/site-packages/rmf_demos_fleet_adapter
[2.510s] creating /home/usuario/rmf_ws/install/rmf_demos_fleet_adapter/lib/python3.12/site-packages/test
[2.510s] copying /home/usuario/rmf_ws/build/rmf_demos_fleet_adapter/build/lib/test/test_copyright.py -> /home/usuario/rmf_ws/install/rmf_demos_fleet_adapter/lib/python3.12/site-packages/test
[2.510s] copying /home/usuario/rmf_ws/build/rmf_demos_fleet_adapter/build/lib/test/test_flake8.py -> /home/usuario/rmf_ws/install/rmf_demos_fleet_adapter/lib/python3.12/site-packages/test
[2.511s] copying /home/usuario/rmf_ws/build/rmf_demos_fleet_adapter/build/lib/test/test_pep257.py -> /home/usuario/rmf_ws/install/rmf_demos_fleet_adapter/lib/python3.12/site-packages/test
[2.511s] copying /home/usuario/rmf_ws/build/rmf_demos_fleet_adapter/build/lib/test/__init__.py -> /home/usuario/rmf_ws/install/rmf_demos_fleet_adapter/lib/python3.12/site-packages/test
[2.512s] byte-compiling /home/usuario/rmf_ws/install/rmf_demos_fleet_adapter/lib/python3.12/site-packages/rmf_demos_fleet_adapter/fleet_adapter.py to fleet_adapter.cpython-312.pyc
[2.523s] byte-compiling /home/usuario/rmf_ws/install/rmf_demos_fleet_adapter/lib/python3.12/site-packages/rmf_demos_fleet_adapter/manage_lane.py to manage_lane.cpython-312.pyc
[2.524s] byte-compiling /home/usuario/rmf_ws/install/rmf_demos_fleet_adapter/lib/python3.12/site-packages/rmf_demos_fleet_adapter/fleet_manager.py to fleet_manager.cpython-312.pyc
[2.537s] byte-compiling /home/usuario/rmf_ws/install/rmf_demos_fleet_adapter/lib/python3.12/site-packages/rmf_demos_fleet_adapter/RobotClientAPI.py to RobotClientAPI.cpython-312.pyc
[2.539s] byte-compiling /home/usuario/rmf_ws/install/rmf_demos_fleet_adapter/lib/python3.12/site-packages/rmf_demos_fleet_adapter/__init__.py to __init__.cpython-312.pyc
[2.539s] byte-compiling /home/usuario/rmf_ws/install/rmf_demos_fleet_adapter/lib/python3.12/site-packages/test/test_copyright.py to test_copyright.cpython-312.pyc
[2.539s] byte-compiling /home/usuario/rmf_ws/install/rmf_demos_fleet_adapter/lib/python3.12/site-packages/test/test_flake8.py to test_flake8.cpython-312.pyc
[2.540s] byte-compiling /home/usuario/rmf_ws/install/rmf_demos_fleet_adapter/lib/python3.12/site-packages/test/test_pep257.py to test_pep257.cpython-312.pyc
[2.540s] byte-compiling /home/usuario/rmf_ws/install/rmf_demos_fleet_adapter/lib/python3.12/site-packages/test/__init__.py to __init__.cpython-312.pyc
[2.540s] running install_data
[2.540s] creating /home/usuario/rmf_ws/install/rmf_demos_fleet_adapter/share/ament_index
[2.541s] creating /home/usuario/rmf_ws/install/rmf_demos_fleet_adapter/share/ament_index/resource_index
[2.541s] creating /home/usuario/rmf_ws/install/rmf_demos_fleet_adapter/share/ament_index/resource_index/packages
[2.541s] copying resource/rmf_demos_fleet_adapter -> /home/usuario/rmf_ws/install/rmf_demos_fleet_adapter/share/ament_index/resource_index/packages
[2.541s] copying package.xml -> /home/usuario/rmf_ws/install/rmf_demos_fleet_adapter/share/rmf_demos_fleet_adapter
[2.541s] copying config.yaml -> /home/usuario/rmf_ws/install/rmf_demos_fleet_adapter/share/rmf_demos_fleet_adapter
[2.542s] creating /home/usuario/rmf_ws/install/rmf_demos_fleet_adapter/share/rmf_demos_fleet_adapter/launch
[2.542s] copying launch/fleet_adapter.launch.xml -> /home/usuario/rmf_ws/install/rmf_demos_fleet_adapter/share/rmf_demos_fleet_adapter/launch
[2.542s] running install_egg_info
[2.579s] Copying ../../build/rmf_demos_fleet_adapter/rmf_demos_fleet_adapter.egg-info to /home/usuario/rmf_ws/install/rmf_demos_fleet_adapter/lib/python3.12/site-packages/rmf_demos_fleet_adapter-2.5.0-py3.12.egg-info
[2.585s] running install_scripts
[2.769s] Installing fleet_adapter script to /home/usuario/rmf_ws/install/rmf_demos_fleet_adapter/lib/rmf_demos_fleet_adapter
[2.769s] Installing fleet_manager script to /home/usuario/rmf_ws/install/rmf_demos_fleet_adapter/lib/rmf_demos_fleet_adapter
[2.769s] Installing manage_lane script to /home/usuario/rmf_ws/install/rmf_demos_fleet_adapter/lib/rmf_demos_fleet_adapter
[2.769s] writing list of installed files to '/home/usuario/rmf_ws/build/rmf_demos_fleet_adapter/install.log'
[2.809s] Invoked command in '/home/usuario/rmf_ws/src/rmf_demos_fleet_adapter' returned '0': PYTHONPATH=/home/usuario/rmf_ws/build/rmf_demos_fleet_adapter/prefix_override:/usr/lib/python3/dist-packages/colcon_core/task/python/colcon_distutils_commands:/home/usuario/rmf_ws/install/rmf_demos_fleet_adapter/lib/python3.12/site-packages:${PYTHONPATH} /usr/bin/python3 -W ignore:setup.py install is deprecated -W ignore:easy_install command is deprecated setup.py egg_info --egg-base ../../build/rmf_demos_fleet_adapter build --build-base /home/usuario/rmf_ws/build/rmf_demos_fleet_adapter/build install --record /home/usuario/rmf_ws/build/rmf_demos_fleet_adapter/install.log --single-version-externally-managed install_data
