[0.271s] Invoking command in '/home/usuario/rmf_ws/build/rmf_demos_maps': CMAKE_PREFIX_PATH=${CMAKE_PREFIX_PATH}:/home/usuario/install/rmf_visualization_building_systems:/opt/ros/jazzy /usr/bin/cmake --build /home/usuario/rmf_ws/build/rmf_demos_maps -- -j6 -l6
[0.362s] [  3%] [34m[1mGenerating battle_royale_crowdsim[0m
[0.382s] [  7%] [34m[1mGenerating maps/battle_royale/nav_graphs/phony[0m
[0.384s] [ 11%] [34m[1mGenerating maps/airport_terminal/nav_graphs/phony[0m
[0.398s] [ 14%] [34m[1mGenerating airport_terminal_crowdsim[0m
[0.408s] [ 18%] [34m[1mGenerating maps/campus/nav_graphs/phony[0m
[0.421s] [ 22%] [34m[1mGenerating campus_crowdsim[0m
[0.597s] Package 'rmf_building_map_tools' not found
[0.628s] gmake[2]: *** [CMakeFiles/generate_battle_royale_crowdsim.dir/build.make:73: battle_royale_crowdsim] Error 1
[0.628s] gmake[1]: *** [CMakeFiles/Makefile2:223: CMakeFiles/generate_battle_royale_crowdsim.dir/all] Error 2
[0.628s] gmake[1]: *** Waiting for unfinished jobs....
[0.630s] Package 'rmf_building_map_tools' not found
[0.683s] gmake[2]: *** [CMakeFiles/generate_airport_terminal_crowdsim.dir/build.make:73: airport_terminal_crowdsim] Error 1
[0.683s] gmake[1]: *** [CMakeFiles/Makefile2:171: CMakeFiles/generate_airport_terminal_crowdsim.dir/all] Error 2
[0.752s] Package 'rmf_building_map_tools' not found
[0.771s] Package 'rmf_building_map_tools' not found
[0.782s] Package 'rmf_building_map_tools' not found
[0.805s] Package 'rmf_building_map_tools' not found
[0.832s] gmake[2]: *** [CMakeFiles/generate_airport_terminal_nav_graphs.dir/build.make:73: maps/airport_terminal/nav_graphs/phony] Error 1
[0.833s] gmake[1]: *** [CMakeFiles/Makefile2:197: CMakeFiles/generate_airport_terminal_nav_graphs.dir/all] Error 2
[0.850s] gmake[2]: *** [CMakeFiles/generate_battle_royale_nav_graphs.dir/build.make:73: maps/battle_royale/nav_graphs/phony] Error 1
[0.850s] gmake[1]: *** [CMakeFiles/Makefile2:249: CMakeFiles/generate_battle_royale_nav_graphs.dir/all] Error 2
[0.860s] gmake[2]: *** [CMakeFiles/generate_campus_crowdsim.dir/build.make:73: campus_crowdsim] Error 1
[0.860s] gmake[1]: *** [CMakeFiles/Makefile2:275: CMakeFiles/generate_campus_crowdsim.dir/all] Error 2
[0.877s] gmake[2]: *** [CMakeFiles/generate_campus_nav_graphs.dir/build.make:73: maps/campus/nav_graphs/phony] Error 1
[0.878s] gmake[1]: *** [CMakeFiles/Makefile2:301: CMakeFiles/generate_campus_nav_graphs.dir/all] Error 2
[0.879s] gmake: *** [Makefile:146: all] Error 2
[1.122s] Invoked command in '/home/usuario/rmf_ws/build/rmf_demos_maps' returned '2': CMAKE_PREFIX_PATH=${CMAKE_PREFIX_PATH}:/home/usuario/install/rmf_visualization_building_systems:/opt/ros/jazzy /usr/bin/cmake --build /home/usuario/rmf_ws/build/rmf_demos_maps -- -j6 -l6
