[1.949s] Invoking command in '/home/usuario/rmf_ws/src/rmf_demos_bridges': PYTHONPATH=/home/usuario/rmf_ws/build/rmf_demos_bridges/prefix_override:/usr/lib/python3/dist-packages/colcon_core/task/python/colcon_distutils_commands:/home/usuario/rmf_ws/install/rmf_demos_bridges/lib/python3.12/site-packages:${PYTHONPATH} /usr/bin/python3 -W ignore:setup.py install is deprecated -W ignore:easy_install command is deprecated setup.py egg_info --egg-base ../../build/rmf_demos_bridges build --build-base /home/usuario/rmf_ws/build/rmf_demos_bridges/build install --record /home/usuario/rmf_ws/build/rmf_demos_bridges/install.log --single-version-externally-managed install_data
[2.478s] running egg_info
[2.499s] writing ../../build/rmf_demos_bridges/rmf_demos_bridges.egg-info/PKG-INFO
[2.500s] writing dependency_links to ../../build/rmf_demos_bridges/rmf_demos_bridges.egg-info/dependency_links.txt
[2.503s] writing entry points to ../../build/rmf_demos_bridges/rmf_demos_bridges.egg-info/entry_points.txt
[2.504s] writing requirements to ../../build/rmf_demos_bridges/rmf_demos_bridges.egg-info/requires.txt
[2.504s] writing top-level names to ../../build/rmf_demos_bridges/rmf_demos_bridges.egg-info/top_level.txt
[2.578s] reading manifest file '../../build/rmf_demos_bridges/rmf_demos_bridges.egg-info/SOURCES.txt'
[2.583s] writing manifest file '../../build/rmf_demos_bridges/rmf_demos_bridges.egg-info/SOURCES.txt'
[2.583s] running build
[2.584s] running build_py
[2.584s] running install
[2.595s] running install_lib
[2.628s] running install_data
[2.628s] running install_egg_info
[2.664s] removing '/home/usuario/rmf_ws/install/rmf_demos_bridges/lib/python3.12/site-packages/rmf_demos_bridges-2.5.0-py3.12.egg-info' (and everything under it)
[2.671s] Copying ../../build/rmf_demos_bridges/rmf_demos_bridges.egg-info to /home/usuario/rmf_ws/install/rmf_demos_bridges/lib/python3.12/site-packages/rmf_demos_bridges-2.5.0-py3.12.egg-info
[2.675s] running install_scripts
[2.907s] Installing fleet_robotmanager_mqtt_bridge script to /home/usuario/rmf_ws/install/rmf_demos_bridges/lib/rmf_demos_bridges
[2.908s] Installing fleet_socketio_bridge script to /home/usuario/rmf_ws/install/rmf_demos_bridges/lib/rmf_demos_bridges
[2.908s] writing list of installed files to '/home/usuario/rmf_ws/build/rmf_demos_bridges/install.log'
[2.961s] Invoked command in '/home/usuario/rmf_ws/src/rmf_demos_bridges' returned '0': PYTHONPATH=/home/usuario/rmf_ws/build/rmf_demos_bridges/prefix_override:/usr/lib/python3/dist-packages/colcon_core/task/python/colcon_distutils_commands:/home/usuario/rmf_ws/install/rmf_demos_bridges/lib/python3.12/site-packages:${PYTHONPATH} /usr/bin/python3 -W ignore:setup.py install is deprecated -W ignore:easy_install command is deprecated setup.py egg_info --egg-base ../../build/rmf_demos_bridges build --build-base /home/usuario/rmf_ws/build/rmf_demos_bridges/build install --record /home/usuario/rmf_ws/build/rmf_demos_bridges/install.log --single-version-externally-managed install_data
