[1.726s] Invoking command in '/home/usuario/Documentos/GitHub/IR2134/TASK3y4_NAT/rmf_ws/src/rmf_demos_bridges': PYTHONPATH=/home/usuario/Documentos/GitHub/IR2134/TASK3y4_NAT/rmf_ws/build/rmf_demos_bridges/prefix_override:/usr/lib/python3/dist-packages/colcon_core/task/python/colcon_distutils_commands:/home/usuario/Documentos/GitHub/IR2134/TASK3y4_NAT/rmf_ws/install/rmf_demos_bridges/lib/python3.10/site-packages:${PYTHONPATH} /usr/bin/python3 -W ignore:setup.py install is deprecated -W ignore:easy_install command is deprecated setup.py egg_info --egg-base ../../build/rmf_demos_bridges build --build-base /home/usuario/Documentos/GitHub/IR2134/TASK3y4_NAT/rmf_ws/build/rmf_demos_bridges/build install --record /home/usuario/Documentos/GitHub/IR2134/TASK3y4_NAT/rmf_ws/build/rmf_demos_bridges/install.log --single-version-externally-managed install_data
[2.271s] running egg_info
[2.272s] creating ../../build/rmf_demos_bridges/rmf_demos_bridges.egg-info
[2.272s] writing ../../build/rmf_demos_bridges/rmf_demos_bridges.egg-info/PKG-INFO
[2.275s] writing dependency_links to ../../build/rmf_demos_bridges/rmf_demos_bridges.egg-info/dependency_links.txt
[2.278s] writing entry points to ../../build/rmf_demos_bridges/rmf_demos_bridges.egg-info/entry_points.txt
[2.282s] writing requirements to ../../build/rmf_demos_bridges/rmf_demos_bridges.egg-info/requires.txt
[2.285s] writing top-level names to ../../build/rmf_demos_bridges/rmf_demos_bridges.egg-info/top_level.txt
[2.288s] writing manifest file '../../build/rmf_demos_bridges/rmf_demos_bridges.egg-info/SOURCES.txt'
[2.292s] reading manifest file '../../build/rmf_demos_bridges/rmf_demos_bridges.egg-info/SOURCES.txt'
[2.298s] writing manifest file '../../build/rmf_demos_bridges/rmf_demos_bridges.egg-info/SOURCES.txt'
[2.301s] running build
[2.301s] running build_py
[2.301s] creating /home/usuario/Documentos/GitHub/IR2134/TASK3y4_NAT/rmf_ws/build/rmf_demos_bridges/build
[2.301s] creating /home/usuario/Documentos/GitHub/IR2134/TASK3y4_NAT/rmf_ws/build/rmf_demos_bridges/build/lib
[2.301s] creating /home/usuario/Documentos/GitHub/IR2134/TASK3y4_NAT/rmf_ws/build/rmf_demos_bridges/build/lib/rmf_demos_bridges
[2.301s] copying rmf_demos_bridges/fleet_socketio_bridge.py -> /home/usuario/Documentos/GitHub/IR2134/TASK3y4_NAT/rmf_ws/build/rmf_demos_bridges/build/lib/rmf_demos_bridges
[2.324s] copying rmf_demos_bridges/__init__.py -> /home/usuario/Documentos/GitHub/IR2134/TASK3y4_NAT/rmf_ws/build/rmf_demos_bridges/build/lib/rmf_demos_bridges
[2.333s] copying rmf_demos_bridges/fleet_robotmanager_mqtt_bridge.py -> /home/usuario/Documentos/GitHub/IR2134/TASK3y4_NAT/rmf_ws/build/rmf_demos_bridges/build/lib/rmf_demos_bridges
[2.352s] running install
[2.352s] running install_lib
[2.353s] creating /home/usuario/Documentos/GitHub/IR2134/TASK3y4_NAT/rmf_ws/install/rmf_demos_bridges/lib/python3.10/site-packages/rmf_demos_bridges
[2.353s] copying /home/usuario/Documentos/GitHub/IR2134/TASK3y4_NAT/rmf_ws/build/rmf_demos_bridges/build/lib/rmf_demos_bridges/fleet_socketio_bridge.py -> /home/usuario/Documentos/GitHub/IR2134/TASK3y4_NAT/rmf_ws/install/rmf_demos_bridges/lib/python3.10/site-packages/rmf_demos_bridges
[2.369s] copying /home/usuario/Documentos/GitHub/IR2134/TASK3y4_NAT/rmf_ws/build/rmf_demos_bridges/build/lib/rmf_demos_bridges/__init__.py -> /home/usuario/Documentos/GitHub/IR2134/TASK3y4_NAT/rmf_ws/install/rmf_demos_bridges/lib/python3.10/site-packages/rmf_demos_bridges
[2.378s] copying /home/usuario/Documentos/GitHub/IR2134/TASK3y4_NAT/rmf_ws/build/rmf_demos_bridges/build/lib/rmf_demos_bridges/fleet_robotmanager_mqtt_bridge.py -> /home/usuario/Documentos/GitHub/IR2134/TASK3y4_NAT/rmf_ws/install/rmf_demos_bridges/lib/python3.10/site-packages/rmf_demos_bridges
[2.393s] byte-compiling /home/usuario/Documentos/GitHub/IR2134/TASK3y4_NAT/rmf_ws/install/rmf_demos_bridges/lib/python3.10/site-packages/rmf_demos_bridges/fleet_socketio_bridge.py to fleet_socketio_bridge.cpython-310.pyc
[2.404s] byte-compiling /home/usuario/Documentos/GitHub/IR2134/TASK3y4_NAT/rmf_ws/install/rmf_demos_bridges/lib/python3.10/site-packages/rmf_demos_bridges/__init__.py to __init__.cpython-310.pyc
[2.412s] byte-compiling /home/usuario/Documentos/GitHub/IR2134/TASK3y4_NAT/rmf_ws/install/rmf_demos_bridges/lib/python3.10/site-packages/rmf_demos_bridges/fleet_robotmanager_mqtt_bridge.py to fleet_robotmanager_mqtt_bridge.cpython-310.pyc
[2.422s] running install_data
[2.423s] creating /home/usuario/Documentos/GitHub/IR2134/TASK3y4_NAT/rmf_ws/install/rmf_demos_bridges/share/ament_index
[2.423s] creating /home/usuario/Documentos/GitHub/IR2134/TASK3y4_NAT/rmf_ws/install/rmf_demos_bridges/share/ament_index/resource_index
[2.423s] creating /home/usuario/Documentos/GitHub/IR2134/TASK3y4_NAT/rmf_ws/install/rmf_demos_bridges/share/ament_index/resource_index/packages
[2.423s] copying resource/rmf_demos_bridges -> /home/usuario/Documentos/GitHub/IR2134/TASK3y4_NAT/rmf_ws/install/rmf_demos_bridges/share/ament_index/resource_index/packages
[2.427s] copying package.xml -> /home/usuario/Documentos/GitHub/IR2134/TASK3y4_NAT/rmf_ws/install/rmf_demos_bridges/share/rmf_demos_bridges
[2.435s] running install_egg_info
[2.437s] Copying ../../build/rmf_demos_bridges/rmf_demos_bridges.egg-info to /home/usuario/Documentos/GitHub/IR2134/TASK3y4_NAT/rmf_ws/install/rmf_demos_bridges/lib/python3.10/site-packages/rmf_demos_bridges-2.5.0-py3.10.egg-info
[2.537s] running install_scripts
[2.560s] Installing fleet_robotmanager_mqtt_bridge script to /home/usuario/Documentos/GitHub/IR2134/TASK3y4_NAT/rmf_ws/install/rmf_demos_bridges/lib/rmf_demos_bridges
[2.560s] Installing fleet_socketio_bridge script to /home/usuario/Documentos/GitHub/IR2134/TASK3y4_NAT/rmf_ws/install/rmf_demos_bridges/lib/rmf_demos_bridges
[2.562s] writing list of installed files to '/home/usuario/Documentos/GitHub/IR2134/TASK3y4_NAT/rmf_ws/build/rmf_demos_bridges/install.log'
