[0.231s] Invoking command in '/home/usuario/rmf_ws/build/rmf_visualization_navgraphs': CMAKE_PREFIX_PATH=${CMAKE_PREFIX_PATH}:/home/usuario/install/rmf_visualization_building_systems:/opt/ros/jazzy /usr/bin/cmake --build /home/usuario/rmf_ws/build/rmf_visualization_navgraphs -- -j6 -l6
[0.472s] [ 50%] Built target navgraph_visualizer_node
[0.474s] [100%] Built target navgraph_visualizer
[0.497s] Invoked command in '/home/usuario/rmf_ws/build/rmf_visualization_navgraphs' returned '0': CMAKE_PREFIX_PATH=${CMAKE_PREFIX_PATH}:/home/usuario/install/rmf_visualization_building_systems:/opt/ros/jazzy /usr/bin/cmake --build /home/usuario/rmf_ws/build/rmf_visualization_navgraphs -- -j6 -l6
[0.500s] Invoking command in '/home/usuario/rmf_ws/build/rmf_visualization_navgraphs': CMAKE_PREFIX_PATH=${CMAKE_PREFIX_PATH}:/home/usuario/install/rmf_visualization_building_systems:/opt/ros/jazzy /usr/bin/cmake --install /home/usuario/rmf_ws/build/rmf_visualization_navgraphs
[0.517s] -- Install configuration: ""
[0.533s] -- Up-to-date: /home/usuario/rmf_ws/install/rmf_visualization_navgraphs/lib/rmf_visualization_navgraphs/navgraph_visualizer_node
[0.551s] -- Up-to-date: /home/usuario/rmf_ws/install/rmf_visualization_navgraphs/lib/libnavgraph_visualizer.so
[0.560s] -- Up-to-date: /home/usuario/rmf_ws/install/rmf_visualization_navgraphs/share/ament_index/resource_index/package_run_dependencies/rmf_visualization_navgraphs
[0.560s] -- Up-to-date: /home/usuario/rmf_ws/install/rmf_visualization_navgraphs/share/ament_index/resource_index/parent_prefix_path/rmf_visualization_navgraphs
[0.560s] -- Up-to-date: /home/usuario/rmf_ws/install/rmf_visualization_navgraphs/share/rmf_visualization_navgraphs/environment/ament_prefix_path.sh
[0.560s] -- Up-to-date: /home/usuario/rmf_ws/install/rmf_visualization_navgraphs/share/rmf_visualization_navgraphs/environment/ament_prefix_path.dsv
[0.560s] -- Up-to-date: /home/usuario/rmf_ws/install/rmf_visualization_navgraphs/share/rmf_visualization_navgraphs/environment/path.sh
[0.561s] -- Up-to-date: /home/usuario/rmf_ws/install/rmf_visualization_navgraphs/share/rmf_visualization_navgraphs/environment/path.dsv
[0.561s] -- Up-to-date: /home/usuario/rmf_ws/install/rmf_visualization_navgraphs/share/rmf_visualization_navgraphs/local_setup.bash
[0.561s] -- Up-to-date: /home/usuario/rmf_ws/install/rmf_visualization_navgraphs/share/rmf_visualization_navgraphs/local_setup.sh
[0.561s] -- Up-to-date: /home/usuario/rmf_ws/install/rmf_visualization_navgraphs/share/rmf_visualization_navgraphs/local_setup.zsh
[0.562s] -- Up-to-date: /home/usuario/rmf_ws/install/rmf_visualization_navgraphs/share/rmf_visualization_navgraphs/local_setup.dsv
[0.562s] -- Installing: /home/usuario/rmf_ws/install/rmf_visualization_navgraphs/share/rmf_visualization_navgraphs/package.dsv
[0.563s] -- Up-to-date: /home/usuario/rmf_ws/install/rmf_visualization_navgraphs/share/ament_index/resource_index/packages/rmf_visualization_navgraphs
[0.563s] -- Up-to-date: /home/usuario/rmf_ws/install/rmf_visualization_navgraphs/share/ament_index/resource_index/rclcpp_components/rmf_visualization_navgraphs
[0.563s] -- Up-to-date: /home/usuario/rmf_ws/install/rmf_visualization_navgraphs/share/rmf_visualization_navgraphs/cmake/rmf_visualization_navgraphsConfig.cmake
[0.563s] -- Up-to-date: /home/usuario/rmf_ws/install/rmf_visualization_navgraphs/share/rmf_visualization_navgraphs/cmake/rmf_visualization_navgraphsConfig-version.cmake
[0.563s] -- Up-to-date: /home/usuario/rmf_ws/install/rmf_visualization_navgraphs/share/rmf_visualization_navgraphs/package.xml
[0.612s] Invoked command in '/home/usuario/rmf_ws/build/rmf_visualization_navgraphs' returned '0': CMAKE_PREFIX_PATH=${CMAKE_PREFIX_PATH}:/home/usuario/install/rmf_visualization_building_systems:/opt/ros/jazzy /usr/bin/cmake --install /home/usuario/rmf_ws/build/rmf_visualization_navgraphs
