[1.367s] Invoking command in '/home/usuario/rmf_ws/src/rmf_visualization_building_systems': PYTHONPATH=/home/usuario/rmf_ws/build/rmf_visualization_building_systems/prefix_override:/usr/lib/python3/dist-packages/colcon_core/task/python/colcon_distutils_commands:/home/usuario/rmf_ws/install/rmf_visualization_building_systems/lib/python3.12/site-packages:${PYTHONPATH} /usr/bin/python3 -W ignore:setup.py install is deprecated -W ignore:easy_install command is deprecated setup.py egg_info --egg-base ../../build/rmf_visualization_building_systems build --build-base /home/usuario/rmf_ws/build/rmf_visualization_building_systems/build install --record /home/usuario/rmf_ws/build/rmf_visualization_building_systems/install.log --single-version-externally-managed install_data
[2.029s] running egg_info
[2.071s] writing ../../build/rmf_visualization_building_systems/rmf_visualization_building_systems.egg-info/PKG-INFO
[2.078s] writing dependency_links to ../../build/rmf_visualization_building_systems/rmf_visualization_building_systems.egg-info/dependency_links.txt
[2.078s] writing entry points to ../../build/rmf_visualization_building_systems/rmf_visualization_building_systems.egg-info/entry_points.txt
[2.079s] writing requirements to ../../build/rmf_visualization_building_systems/rmf_visualization_building_systems.egg-info/requires.txt
[2.083s] writing top-level names to ../../build/rmf_visualization_building_systems/rmf_visualization_building_systems.egg-info/top_level.txt
[2.140s] reading manifest file '../../build/rmf_visualization_building_systems/rmf_visualization_building_systems.egg-info/SOURCES.txt'
[2.143s] writing manifest file '../../build/rmf_visualization_building_systems/rmf_visualization_building_systems.egg-info/SOURCES.txt'
[2.144s] running build
[2.144s] running build_py
[2.144s] running install
[2.153s] running install_lib
[2.188s] running install_data
[2.188s] running install_egg_info
[2.241s] removing '/home/usuario/rmf_ws/install/rmf_visualization_building_systems/lib/python3.12/site-packages/rmf_visualization_building_systems-2.4.1-py3.12.egg-info' (and everything under it)
[2.244s] Copying ../../build/rmf_visualization_building_systems/rmf_visualization_building_systems.egg-info to /home/usuario/rmf_ws/install/rmf_visualization_building_systems/lib/python3.12/site-packages/rmf_visualization_building_systems-2.4.1-py3.12.egg-info
[2.251s] running install_scripts
[2.520s] Installing rmf_visualization_building_systems script to /home/usuario/rmf_ws/install/rmf_visualization_building_systems/lib/rmf_visualization_building_systems
[2.521s] writing list of installed files to '/home/usuario/rmf_ws/build/rmf_visualization_building_systems/install.log'
[2.580s] Invoked command in '/home/usuario/rmf_ws/src/rmf_visualization_building_systems' returned '0': PYTHONPATH=/home/usuario/rmf_ws/build/rmf_visualization_building_systems/prefix_override:/usr/lib/python3/dist-packages/colcon_core/task/python/colcon_distutils_commands:/home/usuario/rmf_ws/install/rmf_visualization_building_systems/lib/python3.12/site-packages:${PYTHONPATH} /usr/bin/python3 -W ignore:setup.py install is deprecated -W ignore:easy_install command is deprecated setup.py egg_info --egg-base ../../build/rmf_visualization_building_systems build --build-base /home/usuario/rmf_ws/build/rmf_visualization_building_systems/build install --record /home/usuario/rmf_ws/build/rmf_visualization_building_systems/install.log --single-version-externally-managed install_data
