[0.230s] Invoking command in '/home/usuario/rmf_ws/build/rmf_visualization_floorplans': CMAKE_PREFIX_PATH=${CMAKE_PREFIX_PATH}:/home/usuario/install/rmf_visualization_building_systems:/opt/ros/jazzy /usr/bin/cmake --build /home/usuario/rmf_ws/build/rmf_visualization_floorplans -- -j6 -l6
[0.403s] [ 50%] Built target floorplan_visualizer
[0.431s] [100%] Built target floorplan_visualizer_node
[0.460s] Invoked command in '/home/usuario/rmf_ws/build/rmf_visualization_floorplans' returned '0': CMAKE_PREFIX_PATH=${CMAKE_PREFIX_PATH}:/home/usuario/install/rmf_visualization_building_systems:/opt/ros/jazzy /usr/bin/cmake --build /home/usuario/rmf_ws/build/rmf_visualization_floorplans -- -j6 -l6
[0.485s] Invoking command in '/home/usuario/rmf_ws/build/rmf_visualization_floorplans': CMAKE_PREFIX_PATH=${CMAKE_PREFIX_PATH}:/home/usuario/install/rmf_visualization_building_systems:/opt/ros/jazzy /usr/bin/cmake --install /home/usuario/rmf_ws/build/rmf_visualization_floorplans
[0.505s] -- Install configuration: ""
[0.510s] -- Up-to-date: /home/usuario/rmf_ws/install/rmf_visualization_floorplans/lib/rmf_visualization_floorplans/floorplan_visualizer_node
[0.547s] -- Up-to-date: /home/usuario/rmf_ws/install/rmf_visualization_floorplans/lib/libfloorplan_visualizer.so
[0.561s] -- Up-to-date: /home/usuario/rmf_ws/install/rmf_visualization_floorplans/share/ament_index/resource_index/package_run_dependencies/rmf_visualization_floorplans
[0.561s] -- Up-to-date: /home/usuario/rmf_ws/install/rmf_visualization_floorplans/share/ament_index/resource_index/parent_prefix_path/rmf_visualization_floorplans
[0.561s] -- Up-to-date: /home/usuario/rmf_ws/install/rmf_visualization_floorplans/share/rmf_visualization_floorplans/environment/ament_prefix_path.sh
[0.562s] -- Up-to-date: /home/usuario/rmf_ws/install/rmf_visualization_floorplans/share/rmf_visualization_floorplans/environment/ament_prefix_path.dsv
[0.562s] -- Up-to-date: /home/usuario/rmf_ws/install/rmf_visualization_floorplans/share/rmf_visualization_floorplans/environment/path.sh
[0.562s] -- Up-to-date: /home/usuario/rmf_ws/install/rmf_visualization_floorplans/share/rmf_visualization_floorplans/environment/path.dsv
[0.562s] -- Up-to-date: /home/usuario/rmf_ws/install/rmf_visualization_floorplans/share/rmf_visualization_floorplans/local_setup.bash
[0.562s] -- Up-to-date: /home/usuario/rmf_ws/install/rmf_visualization_floorplans/share/rmf_visualization_floorplans/local_setup.sh
[0.563s] -- Up-to-date: /home/usuario/rmf_ws/install/rmf_visualization_floorplans/share/rmf_visualization_floorplans/local_setup.zsh
[0.563s] -- Up-to-date: /home/usuario/rmf_ws/install/rmf_visualization_floorplans/share/rmf_visualization_floorplans/local_setup.dsv
[0.563s] -- Installing: /home/usuario/rmf_ws/install/rmf_visualization_floorplans/share/rmf_visualization_floorplans/package.dsv
[0.563s] -- Up-to-date: /home/usuario/rmf_ws/install/rmf_visualization_floorplans/share/ament_index/resource_index/packages/rmf_visualization_floorplans
[0.564s] -- Up-to-date: /home/usuario/rmf_ws/install/rmf_visualization_floorplans/share/ament_index/resource_index/rclcpp_components/rmf_visualization_floorplans
[0.565s] -- Up-to-date: /home/usuario/rmf_ws/install/rmf_visualization_floorplans/share/rmf_visualization_floorplans/cmake/rmf_visualization_floorplansConfig.cmake
[0.565s] -- Up-to-date: /home/usuario/rmf_ws/install/rmf_visualization_floorplans/share/rmf_visualization_floorplans/cmake/rmf_visualization_floorplansConfig-version.cmake
[0.565s] -- Up-to-date: /home/usuario/rmf_ws/install/rmf_visualization_floorplans/share/rmf_visualization_floorplans/package.xml
[0.597s] Invoked command in '/home/usuario/rmf_ws/build/rmf_visualization_floorplans' returned '0': CMAKE_PREFIX_PATH=${CMAKE_PREFIX_PATH}:/home/usuario/install/rmf_visualization_building_systems:/opt/ros/jazzy /usr/bin/cmake --install /home/usuario/rmf_ws/build/rmf_visualization_floorplans
