[0.542s] Invoking command in '/home/usuario/GitHub/IR2134/TASK3y4_NAT/rmf_ws/src/project/build/project_simulation': /usr/bin/cmake /home/usuario/GitHub/IR2134/TASK3y4_NAT/rmf_ws/src/project/project_simulation -DCMAKE_INSTALL_PREFIX=/home/usuario/GitHub/IR2134/TASK3y4_NAT/rmf_ws/src/project/install/project_simulation
[0.917s] -- The C compiler identification is GNU 10.5.0
[1.188s] -- The CXX compiler identification is GNU 10.5.0
[1.219s] -- Detecting C compiler ABI info
[1.760s] -- Detecting C compiler ABI info - done
[1.820s] -- Check for working C compiler: /usr/bin/cc - skipped
[1.821s] -- Detecting C compile features
[1.821s] -- Detecting C compile features - done
[1.851s] -- Detecting CXX compiler ABI info
[2.411s] -- Detecting CXX compiler ABI info - done
[2.461s] -- Check for working CXX compiler: /usr/bin/c++ - skipped
[2.461s] -- Detecting CXX compile features
[2.462s] -- Detecting CXX compile features - done
[2.501s] [31mCMake Error at CMakeLists.txt:9 (find_package):
[2.501s]   By not providing "Findament_cmake.cmake" in CMAKE_MODULE_PATH this project
[2.501s]   has asked CMake to find a package configuration file provided by
[2.501s]   "ament_cmake", but CMake did not find one.
[2.501s] 
[2.501s]   Could not find a package configuration file provided by "ament_cmake" with
[2.501s]   any of the following names:
[2.501s] 
[2.501s]     ament_cmakeConfig.cmake
[2.501s]     ament_cmake-config.cmake
[2.501s] 
[2.501s]   Add the installation prefix of "ament_cmake" to CMAKE_PREFIX_PATH or set
[2.501s]   "ament_cmake_DIR" to a directory containing one of the above files.  If
[2.501s]   "ament_cmake" provides a separate development package or SDK, be sure it
[2.502s]   has been installed.
[2.502s] 
[2.502s] [0m
[2.502s] -- Configuring incomplete, errors occurred!
[2.502s] See also "/home/usuario/GitHub/IR2134/TASK3y4_NAT/rmf_ws/src/project/build/project_simulation/CMakeFiles/CMakeOutput.log".
