[1.233s] Invoking command in '/home/usuario/rmf_ws/src/rmf_demos_tasks': PYTHONPATH=/home/usuario/rmf_ws/build/rmf_demos_tasks/prefix_override:/usr/lib/python3/dist-packages/colcon_core/task/python/colcon_distutils_commands:/home/usuario/rmf_ws/install/rmf_demos_tasks/lib/python3.12/site-packages:${PYTHONPATH} /usr/bin/python3 -W ignore:setup.py install is deprecated -W ignore:easy_install command is deprecated setup.py egg_info --egg-base ../../build/rmf_demos_tasks build --build-base /home/usuario/rmf_ws/build/rmf_demos_tasks/build install --record /home/usuario/rmf_ws/build/rmf_demos_tasks/install.log --single-version-externally-managed install_data
[1.514s] running egg_info
[1.514s] creating ../../build/rmf_demos_tasks/rmf_demos_tasks.egg-info
[1.531s] writing ../../build/rmf_demos_tasks/rmf_demos_tasks.egg-info/PKG-INFO
[1.532s] writing dependency_links to ../../build/rmf_demos_tasks/rmf_demos_tasks.egg-info/dependency_links.txt
[1.533s] writing entry points to ../../build/rmf_demos_tasks/rmf_demos_tasks.egg-info/entry_points.txt
[1.533s] writing requirements to ../../build/rmf_demos_tasks/rmf_demos_tasks.egg-info/requires.txt
[1.534s] writing top-level names to ../../build/rmf_demos_tasks/rmf_demos_tasks.egg-info/top_level.txt
[1.534s] writing manifest file '../../build/rmf_demos_tasks/rmf_demos_tasks.egg-info/SOURCES.txt'
[1.570s] reading manifest file '../../build/rmf_demos_tasks/rmf_demos_tasks.egg-info/SOURCES.txt'
[1.573s] writing manifest file '../../build/rmf_demos_tasks/rmf_demos_tasks.egg-info/SOURCES.txt'
[1.573s] running build
[1.573s] running build_py
[1.573s] creating /home/usuario/rmf_ws/build/rmf_demos_tasks/build
[1.574s] creating /home/usuario/rmf_ws/build/rmf_demos_tasks/build/lib
[1.574s] creating /home/usuario/rmf_ws/build/rmf_demos_tasks/build/lib/rmf_demos_tasks
[1.575s] copying rmf_demos_tasks/dispatch_action.py -> /home/usuario/rmf_ws/build/rmf_demos_tasks/build/lib/rmf_demos_tasks
[1.575s] copying rmf_demos_tasks/request_lift.py -> /home/usuario/rmf_ws/build/rmf_demos_tasks/build/lib/rmf_demos_tasks
[1.576s] copying rmf_demos_tasks/wait_for_task_complete.py -> /home/usuario/rmf_ws/build/rmf_demos_tasks/build/lib/rmf_demos_tasks
[1.577s] copying rmf_demos_tasks/dispatch_patrol.py -> /home/usuario/rmf_ws/build/rmf_demos_tasks/build/lib/rmf_demos_tasks
[1.577s] copying rmf_demos_tasks/dispatch_go_to_place.py -> /home/usuario/rmf_ws/build/rmf_demos_tasks/build/lib/rmf_demos_tasks
[1.578s] copying rmf_demos_tasks/dispatch_delivery.py -> /home/usuario/rmf_ws/build/rmf_demos_tasks/build/lib/rmf_demos_tasks
[1.578s] copying rmf_demos_tasks/cancel_task.py -> /home/usuario/rmf_ws/build/rmf_demos_tasks/build/lib/rmf_demos_tasks
[1.578s] copying rmf_demos_tasks/api_request.py -> /home/usuario/rmf_ws/build/rmf_demos_tasks/build/lib/rmf_demos_tasks
[1.579s] copying rmf_demos_tasks/dispatch_loop.py -> /home/usuario/rmf_ws/build/rmf_demos_tasks/build/lib/rmf_demos_tasks
[1.579s] copying rmf_demos_tasks/mock_docker.py -> /home/usuario/rmf_ws/build/rmf_demos_tasks/build/lib/rmf_demos_tasks
[1.580s] copying rmf_demos_tasks/teleop_robot.py -> /home/usuario/rmf_ws/build/rmf_demos_tasks/build/lib/rmf_demos_tasks
[1.580s] copying rmf_demos_tasks/dispatch_cart_delivery.py -> /home/usuario/rmf_ws/build/rmf_demos_tasks/build/lib/rmf_demos_tasks
[1.581s] copying rmf_demos_tasks/dispatch_json.py -> /home/usuario/rmf_ws/build/rmf_demos_tasks/build/lib/rmf_demos_tasks
[1.581s] copying rmf_demos_tasks/__init__.py -> /home/usuario/rmf_ws/build/rmf_demos_tasks/build/lib/rmf_demos_tasks
[1.582s] copying rmf_demos_tasks/dispatch_teleop.py -> /home/usuario/rmf_ws/build/rmf_demos_tasks/build/lib/rmf_demos_tasks
[1.582s] copying rmf_demos_tasks/request_loop.py -> /home/usuario/rmf_ws/build/rmf_demos_tasks/build/lib/rmf_demos_tasks
[1.583s] copying rmf_demos_tasks/dispatch_clean.py -> /home/usuario/rmf_ws/build/rmf_demos_tasks/build/lib/rmf_demos_tasks
[1.584s] copying rmf_demos_tasks/get_robot_location.py -> /home/usuario/rmf_ws/build/rmf_demos_tasks/build/lib/rmf_demos_tasks
[1.585s] running install
[1.590s] running install_lib
[1.609s] creating /home/usuario/rmf_ws/install/rmf_demos_tasks/lib/python3.12/site-packages/rmf_demos_tasks
[1.609s] copying /home/usuario/rmf_ws/build/rmf_demos_tasks/build/lib/rmf_demos_tasks/dispatch_action.py -> /home/usuario/rmf_ws/install/rmf_demos_tasks/lib/python3.12/site-packages/rmf_demos_tasks
[1.614s] copying /home/usuario/rmf_ws/build/rmf_demos_tasks/build/lib/rmf_demos_tasks/request_lift.py -> /home/usuario/rmf_ws/install/rmf_demos_tasks/lib/python3.12/site-packages/rmf_demos_tasks
[1.615s] copying /home/usuario/rmf_ws/build/rmf_demos_tasks/build/lib/rmf_demos_tasks/wait_for_task_complete.py -> /home/usuario/rmf_ws/install/rmf_demos_tasks/lib/python3.12/site-packages/rmf_demos_tasks
[1.616s] copying /home/usuario/rmf_ws/build/rmf_demos_tasks/build/lib/rmf_demos_tasks/dispatch_patrol.py -> /home/usuario/rmf_ws/install/rmf_demos_tasks/lib/python3.12/site-packages/rmf_demos_tasks
[1.616s] copying /home/usuario/rmf_ws/build/rmf_demos_tasks/build/lib/rmf_demos_tasks/dispatch_go_to_place.py -> /home/usuario/rmf_ws/install/rmf_demos_tasks/lib/python3.12/site-packages/rmf_demos_tasks
[1.617s] copying /home/usuario/rmf_ws/build/rmf_demos_tasks/build/lib/rmf_demos_tasks/dispatch_delivery.py -> /home/usuario/rmf_ws/install/rmf_demos_tasks/lib/python3.12/site-packages/rmf_demos_tasks
[1.617s] copying /home/usuario/rmf_ws/build/rmf_demos_tasks/build/lib/rmf_demos_tasks/cancel_task.py -> /home/usuario/rmf_ws/install/rmf_demos_tasks/lib/python3.12/site-packages/rmf_demos_tasks
[1.618s] copying /home/usuario/rmf_ws/build/rmf_demos_tasks/build/lib/rmf_demos_tasks/api_request.py -> /home/usuario/rmf_ws/install/rmf_demos_tasks/lib/python3.12/site-packages/rmf_demos_tasks
[1.621s] copying /home/usuario/rmf_ws/build/rmf_demos_tasks/build/lib/rmf_demos_tasks/dispatch_loop.py -> /home/usuario/rmf_ws/install/rmf_demos_tasks/lib/python3.12/site-packages/rmf_demos_tasks
[1.627s] copying /home/usuario/rmf_ws/build/rmf_demos_tasks/build/lib/rmf_demos_tasks/mock_docker.py -> /home/usuario/rmf_ws/install/rmf_demos_tasks/lib/python3.12/site-packages/rmf_demos_tasks
[1.629s] copying /home/usuario/rmf_ws/build/rmf_demos_tasks/build/lib/rmf_demos_tasks/teleop_robot.py -> /home/usuario/rmf_ws/install/rmf_demos_tasks/lib/python3.12/site-packages/rmf_demos_tasks
[1.630s] copying /home/usuario/rmf_ws/build/rmf_demos_tasks/build/lib/rmf_demos_tasks/dispatch_cart_delivery.py -> /home/usuario/rmf_ws/install/rmf_demos_tasks/lib/python3.12/site-packages/rmf_demos_tasks
[1.630s] copying /home/usuario/rmf_ws/build/rmf_demos_tasks/build/lib/rmf_demos_tasks/dispatch_json.py -> /home/usuario/rmf_ws/install/rmf_demos_tasks/lib/python3.12/site-packages/rmf_demos_tasks
[1.635s] copying /home/usuario/rmf_ws/build/rmf_demos_tasks/build/lib/rmf_demos_tasks/__init__.py -> /home/usuario/rmf_ws/install/rmf_demos_tasks/lib/python3.12/site-packages/rmf_demos_tasks
[1.635s] copying /home/usuario/rmf_ws/build/rmf_demos_tasks/build/lib/rmf_demos_tasks/dispatch_teleop.py -> /home/usuario/rmf_ws/install/rmf_demos_tasks/lib/python3.12/site-packages/rmf_demos_tasks
[1.636s] copying /home/usuario/rmf_ws/build/rmf_demos_tasks/build/lib/rmf_demos_tasks/request_loop.py -> /home/usuario/rmf_ws/install/rmf_demos_tasks/lib/python3.12/site-packages/rmf_demos_tasks
[1.637s] copying /home/usuario/rmf_ws/build/rmf_demos_tasks/build/lib/rmf_demos_tasks/dispatch_clean.py -> /home/usuario/rmf_ws/install/rmf_demos_tasks/lib/python3.12/site-packages/rmf_demos_tasks
[1.637s] copying /home/usuario/rmf_ws/build/rmf_demos_tasks/build/lib/rmf_demos_tasks/get_robot_location.py -> /home/usuario/rmf_ws/install/rmf_demos_tasks/lib/python3.12/site-packages/rmf_demos_tasks
[1.639s] byte-compiling /home/usuario/rmf_ws/install/rmf_demos_tasks/lib/python3.12/site-packages/rmf_demos_tasks/dispatch_action.py to dispatch_action.cpython-312.pyc
[1.640s] byte-compiling /home/usuario/rmf_ws/install/rmf_demos_tasks/lib/python3.12/site-packages/rmf_demos_tasks/request_lift.py to request_lift.cpython-312.pyc
[1.641s] byte-compiling /home/usuario/rmf_ws/install/rmf_demos_tasks/lib/python3.12/site-packages/rmf_demos_tasks/wait_for_task_complete.py to wait_for_task_complete.cpython-312.pyc
[1.642s] byte-compiling /home/usuario/rmf_ws/install/rmf_demos_tasks/lib/python3.12/site-packages/rmf_demos_tasks/dispatch_patrol.py to dispatch_patrol.cpython-312.pyc
[1.644s] byte-compiling /home/usuario/rmf_ws/install/rmf_demos_tasks/lib/python3.12/site-packages/rmf_demos_tasks/dispatch_go_to_place.py to dispatch_go_to_place.cpython-312.pyc
[1.646s] byte-compiling /home/usuario/rmf_ws/install/rmf_demos_tasks/lib/python3.12/site-packages/rmf_demos_tasks/dispatch_delivery.py to dispatch_delivery.cpython-312.pyc
[1.647s] byte-compiling /home/usuario/rmf_ws/install/rmf_demos_tasks/lib/python3.12/site-packages/rmf_demos_tasks/cancel_task.py to cancel_task.cpython-312.pyc
[1.651s] byte-compiling /home/usuario/rmf_ws/install/rmf_demos_tasks/lib/python3.12/site-packages/rmf_demos_tasks/api_request.py to api_request.cpython-312.pyc
[1.651s] byte-compiling /home/usuario/rmf_ws/install/rmf_demos_tasks/lib/python3.12/site-packages/rmf_demos_tasks/dispatch_loop.py to dispatch_loop.cpython-312.pyc
[1.652s] byte-compiling /home/usuario/rmf_ws/install/rmf_demos_tasks/lib/python3.12/site-packages/rmf_demos_tasks/mock_docker.py to mock_docker.cpython-312.pyc
[1.653s] byte-compiling /home/usuario/rmf_ws/install/rmf_demos_tasks/lib/python3.12/site-packages/rmf_demos_tasks/teleop_robot.py to teleop_robot.cpython-312.pyc
[1.654s] byte-compiling /home/usuario/rmf_ws/install/rmf_demos_tasks/lib/python3.12/site-packages/rmf_demos_tasks/dispatch_cart_delivery.py to dispatch_cart_delivery.cpython-312.pyc
[1.655s] byte-compiling /home/usuario/rmf_ws/install/rmf_demos_tasks/lib/python3.12/site-packages/rmf_demos_tasks/dispatch_json.py to dispatch_json.cpython-312.pyc
[1.656s] byte-compiling /home/usuario/rmf_ws/install/rmf_demos_tasks/lib/python3.12/site-packages/rmf_demos_tasks/__init__.py to __init__.cpython-312.pyc
[1.656s] byte-compiling /home/usuario/rmf_ws/install/rmf_demos_tasks/lib/python3.12/site-packages/rmf_demos_tasks/dispatch_teleop.py to dispatch_teleop.cpython-312.pyc
[1.657s] byte-compiling /home/usuario/rmf_ws/install/rmf_demos_tasks/lib/python3.12/site-packages/rmf_demos_tasks/request_loop.py to request_loop.cpython-312.pyc
[1.657s] byte-compiling /home/usuario/rmf_ws/install/rmf_demos_tasks/lib/python3.12/site-packages/rmf_demos_tasks/dispatch_clean.py to dispatch_clean.cpython-312.pyc
[1.658s] byte-compiling /home/usuario/rmf_ws/install/rmf_demos_tasks/lib/python3.12/site-packages/rmf_demos_tasks/get_robot_location.py to get_robot_location.cpython-312.pyc
[1.659s] running install_data
[1.659s] creating /home/usuario/rmf_ws/install/rmf_demos_tasks/share/ament_index
[1.659s] creating /home/usuario/rmf_ws/install/rmf_demos_tasks/share/ament_index/resource_index
[1.659s] creating /home/usuario/rmf_ws/install/rmf_demos_tasks/share/ament_index/resource_index/packages
[1.659s] copying resource/rmf_demos_tasks -> /home/usuario/rmf_ws/install/rmf_demos_tasks/share/ament_index/resource_index/packages
[1.659s] copying package.xml -> /home/usuario/rmf_ws/install/rmf_demos_tasks/share/rmf_demos_tasks
[1.662s] running install_egg_info
[1.685s] Copying ../../build/rmf_demos_tasks/rmf_demos_tasks.egg-info to /home/usuario/rmf_ws/install/rmf_demos_tasks/lib/python3.12/site-packages/rmf_demos_tasks-2.5.0-py3.12.egg-info
[1.689s] running install_scripts
[1.818s] Installing api_request script to /home/usuario/rmf_ws/install/rmf_demos_tasks/lib/rmf_demos_tasks
[1.819s] Installing cancel_task script to /home/usuario/rmf_ws/install/rmf_demos_tasks/lib/rmf_demos_tasks
[1.820s] Installing dispatch_action script to /home/usuario/rmf_ws/install/rmf_demos_tasks/lib/rmf_demos_tasks
[1.820s] Installing dispatch_cart_delivery script to /home/usuario/rmf_ws/install/rmf_demos_tasks/lib/rmf_demos_tasks
[1.820s] Installing dispatch_clean script to /home/usuario/rmf_ws/install/rmf_demos_tasks/lib/rmf_demos_tasks
[1.820s] Installing dispatch_delivery script to /home/usuario/rmf_ws/install/rmf_demos_tasks/lib/rmf_demos_tasks
[1.821s] Installing dispatch_go_to_place script to /home/usuario/rmf_ws/install/rmf_demos_tasks/lib/rmf_demos_tasks
[1.821s] Installing dispatch_json script to /home/usuario/rmf_ws/install/rmf_demos_tasks/lib/rmf_demos_tasks
[1.821s] Installing dispatch_loop script to /home/usuario/rmf_ws/install/rmf_demos_tasks/lib/rmf_demos_tasks
[1.821s] Installing dispatch_patrol script to /home/usuario/rmf_ws/install/rmf_demos_tasks/lib/rmf_demos_tasks
[1.821s] Installing dispatch_teleop script to /home/usuario/rmf_ws/install/rmf_demos_tasks/lib/rmf_demos_tasks
[1.821s] Installing get_robot_location script to /home/usuario/rmf_ws/install/rmf_demos_tasks/lib/rmf_demos_tasks
[1.822s] Installing mock_docker script to /home/usuario/rmf_ws/install/rmf_demos_tasks/lib/rmf_demos_tasks
[1.822s] Installing request_lift script to /home/usuario/rmf_ws/install/rmf_demos_tasks/lib/rmf_demos_tasks
[1.822s] Installing request_loop script to /home/usuario/rmf_ws/install/rmf_demos_tasks/lib/rmf_demos_tasks
[1.822s] Installing teleop_robot script to /home/usuario/rmf_ws/install/rmf_demos_tasks/lib/rmf_demos_tasks
[1.823s] Installing wait_for_task_complete script to /home/usuario/rmf_ws/install/rmf_demos_tasks/lib/rmf_demos_tasks
[1.823s] writing list of installed files to '/home/usuario/rmf_ws/build/rmf_demos_tasks/install.log'
[1.860s] Invoked command in '/home/usuario/rmf_ws/src/rmf_demos_tasks' returned '0': PYTHONPATH=/home/usuario/rmf_ws/build/rmf_demos_tasks/prefix_override:/usr/lib/python3/dist-packages/colcon_core/task/python/colcon_distutils_commands:/home/usuario/rmf_ws/install/rmf_demos_tasks/lib/python3.12/site-packages:${PYTHONPATH} /usr/bin/python3 -W ignore:setup.py install is deprecated -W ignore:easy_install command is deprecated setup.py egg_info --egg-base ../../build/rmf_demos_tasks build --build-base /home/usuario/rmf_ws/build/rmf_demos_tasks/build install --record /home/usuario/rmf_ws/build/rmf_demos_tasks/install.log --single-version-externally-managed install_data
