[0.054s] Invoking command in '/home/usuario/rmf_ws/build/rmf_demos_assets': CMAKE_PREFIX_PATH=/home/usuario/rmf_ws/install/rmf_demos_gz:/home/usuario/rmf_ws/install/rmf_demos:/home/usuario/rmf_ws/install/rmf_demos_maps:/home/usuario/rmf_ws/install/rmf_demos_assets:/rmf_demos_ws/install/rmf_workcell_msgs:/rmf_demos_ws/install/rmf_reservation_node:/rmf_demos_ws/install/rmf_demos_gz:/rmf_demos_ws/install/rmf_demos:/rmf_demos_ws/install/rmf_fleet_adapter_python:/rmf_demos_ws/install/rmf_fleet_adapter:/rmf_demos_ws/install/rmf_task_ros2:/rmf_demos_ws/install/rmf_websocket:/rmf_demos_ws/install/rmf_visualization:/rmf_demos_ws/install/rmf_visualization_schedule:/rmf_demos_ws/install/rmf_visualization_rviz2_plugins:/rmf_demos_ws/install/rmf_visualization_obstacles:/rmf_demos_ws/install/rmf_visualization_navgraphs:/rmf_demos_ws/install/rmf_visualization_floorplans:/rmf_demos_ws/install/rmf_visualization_fleet_states:/rmf_demos_ws/install/rmf_visualization_msgs:/rmf_demos_ws/install/rmf_traffic_ros2:/rmf_demos_ws/install/rmf_task_sequence:/rmf_demos_ws/install/rmf_task:/rmf_demos_ws/install/rmf_battery:/rmf_demos_ws/install/rmf_traffic:/rmf_demos_ws/install/rmf_utils:/rmf_demos_ws/install/rmf_traffic_msgs:/rmf_demos_ws/install/rmf_traffic_editor_test_maps:/rmf_demos_ws/install/rmf_traffic_editor_assets:/rmf_demos_ws/install/rmf_traffic_editor:/rmf_demos_ws/install/rmf_task_msgs:/rmf_demos_ws/install/rmf_site_map_msgs:/rmf_demos_ws/install/rmf_scheduler_msgs:/rmf_demos_ws/install/rmf_robot_sim_gz_plugins:/rmf_demos_ws/install/rmf_robot_sim_common:/rmf_demos_ws/install/rmf_reservation_msgs:/rmf_demos_ws/install/rmf_obstacle_msgs:/rmf_demos_ws/install/rmf_building_sim_gz_plugins:/rmf_demos_ws/install/rmf_lift_msgs:/rmf_demos_ws/install/rmf_ingestor_msgs:/rmf_demos_ws/install/rmf_fleet_msgs:/rmf_demos_ws/install/rmf_door_msgs:/rmf_demos_ws/install/rmf_dispenser_msgs:/rmf_demos_ws/install/rmf_demos_maps:/rmf_demos_ws/install/rmf_demos_assets:/rmf_demos_ws/install/rmf_charger_msgs:/rmf_demos_ws/install/rmf_building_map_msgs:/rmf_demos_ws/install/rmf_api_msgs:/rmf_demos_ws/install/pybind11_json_vendor:/rmf_demos_ws/install/nlohmann_json_schema_validator_vendor:/home/usuario/rmf_ws/install/rmf_demos_tasks:/home/usuario/rmf_ws/install/rmf_demos_fleet_adapter:/home/usuario/rmf_ws/install/rmf_demos_bridges:/rmf_demos_ws/install/rmf_demos_fleet_adapter:/rmf_demos_ws/install/rmf_visualization_building_systems:/rmf_demos_ws/install/rmf_traffic_examples:/rmf_demos_ws/install/rmf_demos_bridges:/rmf_demos_ws/install/rmf_demos_tasks:/rmf_demos_ws/install/rmf_building_map_tools:/rmf_demos_ws/install/rmf_charging_schedule:/opt/ros/jazzy:/rmf_demos_ws/install/menge_vendor:/rmf_demos_ws/install/ament_cmake_catch2:/opt/ros/jazzy/opt/gz_sim_vendor:/opt/ros/jazzy/opt/gz_sensors_vendor:/opt/ros/jazzy/opt/gz_physics_vendor:/opt/ros/jazzy/opt/sdformat_vendor:/opt/ros/jazzy/opt/gz_gui_vendor:/opt/ros/jazzy/opt/gz_transport_vendor:/opt/ros/jazzy/opt/gz_rendering_vendor:/opt/ros/jazzy/opt/gz_plugin_vendor:/opt/ros/jazzy/opt/gz_fuel_tools_vendor:/opt/ros/jazzy/opt/gz_msgs_vendor:/opt/ros/jazzy/opt/gz_common_vendor:/opt/ros/jazzy/opt/gz_math_vendor:/opt/ros/jazzy/opt/gz_utils_vendor:/opt/ros/jazzy/opt/gz_tools_vendor:/opt/ros/jazzy/opt/gz_ogre_next_vendor:/opt/ros/jazzy/opt/gz_dartsim_vendor:/opt/ros/jazzy/opt/gz_cmake_vendor /usr/bin/cmake /home/usuario/rmf_ws/src/rmf_demos_assets -DCMAKE_INSTALL_PREFIX=/home/usuario/rmf_ws/install/rmf_demos_assets
[0.487s] -- The C compiler identification is GNU 13.3.0
[0.487s] -- The CXX compiler identification is GNU 13.3.0
[0.487s] -- Detecting C compiler ABI info
[0.487s] -- Detecting C compiler ABI info - done
[0.487s] -- Check for working C compiler: /usr/bin/cc - skipped
[0.487s] -- Detecting C compile features
[0.487s] -- Detecting C compile features - done
[0.487s] -- Detecting CXX compiler ABI info
[0.494s] -- Detecting CXX compiler ABI info - done
[0.501s] -- Check for working CXX compiler: /usr/bin/c++ - skipped
[0.501s] -- Detecting CXX compile features
[0.502s] -- Detecting CXX compile features - done
[0.514s] -- Found ament_cmake: 2.5.3 (/opt/ros/jazzy/share/ament_cmake/cmake)
[0.749s] -- Found Python3: /usr/bin/python3 (found version "3.12.3") found components: Interpreter 
[1.073s] -- Configuring done (1.0s)
[1.080s] -- Generating done (0.0s)
[1.083s] -- Build files have been written to: /home/usuario/rmf_ws/build/rmf_demos_assets
[1.088s] Invoked command in '/home/usuario/rmf_ws/build/rmf_demos_assets' returned '0': CMAKE_PREFIX_PATH=/home/usuario/rmf_ws/install/rmf_demos_gz:/home/usuario/rmf_ws/install/rmf_demos:/home/usuario/rmf_ws/install/rmf_demos_maps:/home/usuario/rmf_ws/install/rmf_demos_assets:/rmf_demos_ws/install/rmf_workcell_msgs:/rmf_demos_ws/install/rmf_reservation_node:/rmf_demos_ws/install/rmf_demos_gz:/rmf_demos_ws/install/rmf_demos:/rmf_demos_ws/install/rmf_fleet_adapter_python:/rmf_demos_ws/install/rmf_fleet_adapter:/rmf_demos_ws/install/rmf_task_ros2:/rmf_demos_ws/install/rmf_websocket:/rmf_demos_ws/install/rmf_visualization:/rmf_demos_ws/install/rmf_visualization_schedule:/rmf_demos_ws/install/rmf_visualization_rviz2_plugins:/rmf_demos_ws/install/rmf_visualization_obstacles:/rmf_demos_ws/install/rmf_visualization_navgraphs:/rmf_demos_ws/install/rmf_visualization_floorplans:/rmf_demos_ws/install/rmf_visualization_fleet_states:/rmf_demos_ws/install/rmf_visualization_msgs:/rmf_demos_ws/install/rmf_traffic_ros2:/rmf_demos_ws/install/rmf_task_sequence:/rmf_demos_ws/install/rmf_task:/rmf_demos_ws/install/rmf_battery:/rmf_demos_ws/install/rmf_traffic:/rmf_demos_ws/install/rmf_utils:/rmf_demos_ws/install/rmf_traffic_msgs:/rmf_demos_ws/install/rmf_traffic_editor_test_maps:/rmf_demos_ws/install/rmf_traffic_editor_assets:/rmf_demos_ws/install/rmf_traffic_editor:/rmf_demos_ws/install/rmf_task_msgs:/rmf_demos_ws/install/rmf_site_map_msgs:/rmf_demos_ws/install/rmf_scheduler_msgs:/rmf_demos_ws/install/rmf_robot_sim_gz_plugins:/rmf_demos_ws/install/rmf_robot_sim_common:/rmf_demos_ws/install/rmf_reservation_msgs:/rmf_demos_ws/install/rmf_obstacle_msgs:/rmf_demos_ws/install/rmf_building_sim_gz_plugins:/rmf_demos_ws/install/rmf_lift_msgs:/rmf_demos_ws/install/rmf_ingestor_msgs:/rmf_demos_ws/install/rmf_fleet_msgs:/rmf_demos_ws/install/rmf_door_msgs:/rmf_demos_ws/install/rmf_dispenser_msgs:/rmf_demos_ws/install/rmf_demos_maps:/rmf_demos_ws/install/rmf_demos_assets:/rmf_demos_ws/install/rmf_charger_msgs:/rmf_demos_ws/install/rmf_building_map_msgs:/rmf_demos_ws/install/rmf_api_msgs:/rmf_demos_ws/install/pybind11_json_vendor:/rmf_demos_ws/install/nlohmann_json_schema_validator_vendor:/home/usuario/rmf_ws/install/rmf_demos_tasks:/home/usuario/rmf_ws/install/rmf_demos_fleet_adapter:/home/usuario/rmf_ws/install/rmf_demos_bridges:/rmf_demos_ws/install/rmf_demos_fleet_adapter:/rmf_demos_ws/install/rmf_visualization_building_systems:/rmf_demos_ws/install/rmf_traffic_examples:/rmf_demos_ws/install/rmf_demos_bridges:/rmf_demos_ws/install/rmf_demos_tasks:/rmf_demos_ws/install/rmf_building_map_tools:/rmf_demos_ws/install/rmf_charging_schedule:/opt/ros/jazzy:/rmf_demos_ws/install/menge_vendor:/rmf_demos_ws/install/ament_cmake_catch2:/opt/ros/jazzy/opt/gz_sim_vendor:/opt/ros/jazzy/opt/gz_sensors_vendor:/opt/ros/jazzy/opt/gz_physics_vendor:/opt/ros/jazzy/opt/sdformat_vendor:/opt/ros/jazzy/opt/gz_gui_vendor:/opt/ros/jazzy/opt/gz_transport_vendor:/opt/ros/jazzy/opt/gz_rendering_vendor:/opt/ros/jazzy/opt/gz_plugin_vendor:/opt/ros/jazzy/opt/gz_fuel_tools_vendor:/opt/ros/jazzy/opt/gz_msgs_vendor:/opt/ros/jazzy/opt/gz_common_vendor:/opt/ros/jazzy/opt/gz_math_vendor:/opt/ros/jazzy/opt/gz_utils_vendor:/opt/ros/jazzy/opt/gz_tools_vendor:/opt/ros/jazzy/opt/gz_ogre_next_vendor:/opt/ros/jazzy/opt/gz_dartsim_vendor:/opt/ros/jazzy/opt/gz_cmake_vendor /usr/bin/cmake /home/usuario/rmf_ws/src/rmf_demos_assets -DCMAKE_INSTALL_PREFIX=/home/usuario/rmf_ws/install/rmf_demos_assets
[1.088s] Invoking command in '/home/usuario/rmf_ws/build/rmf_demos_assets': CMAKE_PREFIX_PATH=/home/usuario/rmf_ws/install/rmf_demos_gz:/home/usuario/rmf_ws/install/rmf_demos:/home/usuario/rmf_ws/install/rmf_demos_maps:/home/usuario/rmf_ws/install/rmf_demos_assets:/rmf_demos_ws/install/rmf_workcell_msgs:/rmf_demos_ws/install/rmf_reservation_node:/rmf_demos_ws/install/rmf_demos_gz:/rmf_demos_ws/install/rmf_demos:/rmf_demos_ws/install/rmf_fleet_adapter_python:/rmf_demos_ws/install/rmf_fleet_adapter:/rmf_demos_ws/install/rmf_task_ros2:/rmf_demos_ws/install/rmf_websocket:/rmf_demos_ws/install/rmf_visualization:/rmf_demos_ws/install/rmf_visualization_schedule:/rmf_demos_ws/install/rmf_visualization_rviz2_plugins:/rmf_demos_ws/install/rmf_visualization_obstacles:/rmf_demos_ws/install/rmf_visualization_navgraphs:/rmf_demos_ws/install/rmf_visualization_floorplans:/rmf_demos_ws/install/rmf_visualization_fleet_states:/rmf_demos_ws/install/rmf_visualization_msgs:/rmf_demos_ws/install/rmf_traffic_ros2:/rmf_demos_ws/install/rmf_task_sequence:/rmf_demos_ws/install/rmf_task:/rmf_demos_ws/install/rmf_battery:/rmf_demos_ws/install/rmf_traffic:/rmf_demos_ws/install/rmf_utils:/rmf_demos_ws/install/rmf_traffic_msgs:/rmf_demos_ws/install/rmf_traffic_editor_test_maps:/rmf_demos_ws/install/rmf_traffic_editor_assets:/rmf_demos_ws/install/rmf_traffic_editor:/rmf_demos_ws/install/rmf_task_msgs:/rmf_demos_ws/install/rmf_site_map_msgs:/rmf_demos_ws/install/rmf_scheduler_msgs:/rmf_demos_ws/install/rmf_robot_sim_gz_plugins:/rmf_demos_ws/install/rmf_robot_sim_common:/rmf_demos_ws/install/rmf_reservation_msgs:/rmf_demos_ws/install/rmf_obstacle_msgs:/rmf_demos_ws/install/rmf_building_sim_gz_plugins:/rmf_demos_ws/install/rmf_lift_msgs:/rmf_demos_ws/install/rmf_ingestor_msgs:/rmf_demos_ws/install/rmf_fleet_msgs:/rmf_demos_ws/install/rmf_door_msgs:/rmf_demos_ws/install/rmf_dispenser_msgs:/rmf_demos_ws/install/rmf_demos_maps:/rmf_demos_ws/install/rmf_demos_assets:/rmf_demos_ws/install/rmf_charger_msgs:/rmf_demos_ws/install/rmf_building_map_msgs:/rmf_demos_ws/install/rmf_api_msgs:/rmf_demos_ws/install/pybind11_json_vendor:/rmf_demos_ws/install/nlohmann_json_schema_validator_vendor:/home/usuario/rmf_ws/install/rmf_demos_tasks:/home/usuario/rmf_ws/install/rmf_demos_fleet_adapter:/home/usuario/rmf_ws/install/rmf_demos_bridges:/rmf_demos_ws/install/rmf_demos_fleet_adapter:/rmf_demos_ws/install/rmf_visualization_building_systems:/rmf_demos_ws/install/rmf_traffic_examples:/rmf_demos_ws/install/rmf_demos_bridges:/rmf_demos_ws/install/rmf_demos_tasks:/rmf_demos_ws/install/rmf_building_map_tools:/rmf_demos_ws/install/rmf_charging_schedule:/opt/ros/jazzy:/rmf_demos_ws/install/menge_vendor:/rmf_demos_ws/install/ament_cmake_catch2:/opt/ros/jazzy/opt/gz_sim_vendor:/opt/ros/jazzy/opt/gz_sensors_vendor:/opt/ros/jazzy/opt/gz_physics_vendor:/opt/ros/jazzy/opt/sdformat_vendor:/opt/ros/jazzy/opt/gz_gui_vendor:/opt/ros/jazzy/opt/gz_transport_vendor:/opt/ros/jazzy/opt/gz_rendering_vendor:/opt/ros/jazzy/opt/gz_plugin_vendor:/opt/ros/jazzy/opt/gz_fuel_tools_vendor:/opt/ros/jazzy/opt/gz_msgs_vendor:/opt/ros/jazzy/opt/gz_common_vendor:/opt/ros/jazzy/opt/gz_math_vendor:/opt/ros/jazzy/opt/gz_utils_vendor:/opt/ros/jazzy/opt/gz_tools_vendor:/opt/ros/jazzy/opt/gz_ogre_next_vendor:/opt/ros/jazzy/opt/gz_dartsim_vendor:/opt/ros/jazzy/opt/gz_cmake_vendor /usr/bin/cmake --build /home/usuario/rmf_ws/build/rmf_demos_assets -- -j6 -l6
[1.159s] Invoked command in '/home/usuario/rmf_ws/build/rmf_demos_assets' returned '0': CMAKE_PREFIX_PATH=/home/usuario/rmf_ws/install/rmf_demos_gz:/home/usuario/rmf_ws/install/rmf_demos:/home/usuario/rmf_ws/install/rmf_demos_maps:/home/usuario/rmf_ws/install/rmf_demos_assets:/rmf_demos_ws/install/rmf_workcell_msgs:/rmf_demos_ws/install/rmf_reservation_node:/rmf_demos_ws/install/rmf_demos_gz:/rmf_demos_ws/install/rmf_demos:/rmf_demos_ws/install/rmf_fleet_adapter_python:/rmf_demos_ws/install/rmf_fleet_adapter:/rmf_demos_ws/install/rmf_task_ros2:/rmf_demos_ws/install/rmf_websocket:/rmf_demos_ws/install/rmf_visualization:/rmf_demos_ws/install/rmf_visualization_schedule:/rmf_demos_ws/install/rmf_visualization_rviz2_plugins:/rmf_demos_ws/install/rmf_visualization_obstacles:/rmf_demos_ws/install/rmf_visualization_navgraphs:/rmf_demos_ws/install/rmf_visualization_floorplans:/rmf_demos_ws/install/rmf_visualization_fleet_states:/rmf_demos_ws/install/rmf_visualization_msgs:/rmf_demos_ws/install/rmf_traffic_ros2:/rmf_demos_ws/install/rmf_task_sequence:/rmf_demos_ws/install/rmf_task:/rmf_demos_ws/install/rmf_battery:/rmf_demos_ws/install/rmf_traffic:/rmf_demos_ws/install/rmf_utils:/rmf_demos_ws/install/rmf_traffic_msgs:/rmf_demos_ws/install/rmf_traffic_editor_test_maps:/rmf_demos_ws/install/rmf_traffic_editor_assets:/rmf_demos_ws/install/rmf_traffic_editor:/rmf_demos_ws/install/rmf_task_msgs:/rmf_demos_ws/install/rmf_site_map_msgs:/rmf_demos_ws/install/rmf_scheduler_msgs:/rmf_demos_ws/install/rmf_robot_sim_gz_plugins:/rmf_demos_ws/install/rmf_robot_sim_common:/rmf_demos_ws/install/rmf_reservation_msgs:/rmf_demos_ws/install/rmf_obstacle_msgs:/rmf_demos_ws/install/rmf_building_sim_gz_plugins:/rmf_demos_ws/install/rmf_lift_msgs:/rmf_demos_ws/install/rmf_ingestor_msgs:/rmf_demos_ws/install/rmf_fleet_msgs:/rmf_demos_ws/install/rmf_door_msgs:/rmf_demos_ws/install/rmf_dispenser_msgs:/rmf_demos_ws/install/rmf_demos_maps:/rmf_demos_ws/install/rmf_demos_assets:/rmf_demos_ws/install/rmf_charger_msgs:/rmf_demos_ws/install/rmf_building_map_msgs:/rmf_demos_ws/install/rmf_api_msgs:/rmf_demos_ws/install/pybind11_json_vendor:/rmf_demos_ws/install/nlohmann_json_schema_validator_vendor:/home/usuario/rmf_ws/install/rmf_demos_tasks:/home/usuario/rmf_ws/install/rmf_demos_fleet_adapter:/home/usuario/rmf_ws/install/rmf_demos_bridges:/rmf_demos_ws/install/rmf_demos_fleet_adapter:/rmf_demos_ws/install/rmf_visualization_building_systems:/rmf_demos_ws/install/rmf_traffic_examples:/rmf_demos_ws/install/rmf_demos_bridges:/rmf_demos_ws/install/rmf_demos_tasks:/rmf_demos_ws/install/rmf_building_map_tools:/rmf_demos_ws/install/rmf_charging_schedule:/opt/ros/jazzy:/rmf_demos_ws/install/menge_vendor:/rmf_demos_ws/install/ament_cmake_catch2:/opt/ros/jazzy/opt/gz_sim_vendor:/opt/ros/jazzy/opt/gz_sensors_vendor:/opt/ros/jazzy/opt/gz_physics_vendor:/opt/ros/jazzy/opt/sdformat_vendor:/opt/ros/jazzy/opt/gz_gui_vendor:/opt/ros/jazzy/opt/gz_transport_vendor:/opt/ros/jazzy/opt/gz_rendering_vendor:/opt/ros/jazzy/opt/gz_plugin_vendor:/opt/ros/jazzy/opt/gz_fuel_tools_vendor:/opt/ros/jazzy/opt/gz_msgs_vendor:/opt/ros/jazzy/opt/gz_common_vendor:/opt/ros/jazzy/opt/gz_math_vendor:/opt/ros/jazzy/opt/gz_utils_vendor:/opt/ros/jazzy/opt/gz_tools_vendor:/opt/ros/jazzy/opt/gz_ogre_next_vendor:/opt/ros/jazzy/opt/gz_dartsim_vendor:/opt/ros/jazzy/opt/gz_cmake_vendor /usr/bin/cmake --build /home/usuario/rmf_ws/build/rmf_demos_assets -- -j6 -l6
[1.176s] Invoking command in '/home/usuario/rmf_ws/build/rmf_demos_assets': CMAKE_PREFIX_PATH=/home/usuario/rmf_ws/install/rmf_demos_gz:/home/usuario/rmf_ws/install/rmf_demos:/home/usuario/rmf_ws/install/rmf_demos_maps:/home/usuario/rmf_ws/install/rmf_demos_assets:/rmf_demos_ws/install/rmf_workcell_msgs:/rmf_demos_ws/install/rmf_reservation_node:/rmf_demos_ws/install/rmf_demos_gz:/rmf_demos_ws/install/rmf_demos:/rmf_demos_ws/install/rmf_fleet_adapter_python:/rmf_demos_ws/install/rmf_fleet_adapter:/rmf_demos_ws/install/rmf_task_ros2:/rmf_demos_ws/install/rmf_websocket:/rmf_demos_ws/install/rmf_visualization:/rmf_demos_ws/install/rmf_visualization_schedule:/rmf_demos_ws/install/rmf_visualization_rviz2_plugins:/rmf_demos_ws/install/rmf_visualization_obstacles:/rmf_demos_ws/install/rmf_visualization_navgraphs:/rmf_demos_ws/install/rmf_visualization_floorplans:/rmf_demos_ws/install/rmf_visualization_fleet_states:/rmf_demos_ws/install/rmf_visualization_msgs:/rmf_demos_ws/install/rmf_traffic_ros2:/rmf_demos_ws/install/rmf_task_sequence:/rmf_demos_ws/install/rmf_task:/rmf_demos_ws/install/rmf_battery:/rmf_demos_ws/install/rmf_traffic:/rmf_demos_ws/install/rmf_utils:/rmf_demos_ws/install/rmf_traffic_msgs:/rmf_demos_ws/install/rmf_traffic_editor_test_maps:/rmf_demos_ws/install/rmf_traffic_editor_assets:/rmf_demos_ws/install/rmf_traffic_editor:/rmf_demos_ws/install/rmf_task_msgs:/rmf_demos_ws/install/rmf_site_map_msgs:/rmf_demos_ws/install/rmf_scheduler_msgs:/rmf_demos_ws/install/rmf_robot_sim_gz_plugins:/rmf_demos_ws/install/rmf_robot_sim_common:/rmf_demos_ws/install/rmf_reservation_msgs:/rmf_demos_ws/install/rmf_obstacle_msgs:/rmf_demos_ws/install/rmf_building_sim_gz_plugins:/rmf_demos_ws/install/rmf_lift_msgs:/rmf_demos_ws/install/rmf_ingestor_msgs:/rmf_demos_ws/install/rmf_fleet_msgs:/rmf_demos_ws/install/rmf_door_msgs:/rmf_demos_ws/install/rmf_dispenser_msgs:/rmf_demos_ws/install/rmf_demos_maps:/rmf_demos_ws/install/rmf_demos_assets:/rmf_demos_ws/install/rmf_charger_msgs:/rmf_demos_ws/install/rmf_building_map_msgs:/rmf_demos_ws/install/rmf_api_msgs:/rmf_demos_ws/install/pybind11_json_vendor:/rmf_demos_ws/install/nlohmann_json_schema_validator_vendor:/home/usuario/rmf_ws/install/rmf_demos_tasks:/home/usuario/rmf_ws/install/rmf_demos_fleet_adapter:/home/usuario/rmf_ws/install/rmf_demos_bridges:/rmf_demos_ws/install/rmf_demos_fleet_adapter:/rmf_demos_ws/install/rmf_visualization_building_systems:/rmf_demos_ws/install/rmf_traffic_examples:/rmf_demos_ws/install/rmf_demos_bridges:/rmf_demos_ws/install/rmf_demos_tasks:/rmf_demos_ws/install/rmf_building_map_tools:/rmf_demos_ws/install/rmf_charging_schedule:/opt/ros/jazzy:/rmf_demos_ws/install/menge_vendor:/rmf_demos_ws/install/ament_cmake_catch2:/opt/ros/jazzy/opt/gz_sim_vendor:/opt/ros/jazzy/opt/gz_sensors_vendor:/opt/ros/jazzy/opt/gz_physics_vendor:/opt/ros/jazzy/opt/sdformat_vendor:/opt/ros/jazzy/opt/gz_gui_vendor:/opt/ros/jazzy/opt/gz_transport_vendor:/opt/ros/jazzy/opt/gz_rendering_vendor:/opt/ros/jazzy/opt/gz_plugin_vendor:/opt/ros/jazzy/opt/gz_fuel_tools_vendor:/opt/ros/jazzy/opt/gz_msgs_vendor:/opt/ros/jazzy/opt/gz_common_vendor:/opt/ros/jazzy/opt/gz_math_vendor:/opt/ros/jazzy/opt/gz_utils_vendor:/opt/ros/jazzy/opt/gz_tools_vendor:/opt/ros/jazzy/opt/gz_ogre_next_vendor:/opt/ros/jazzy/opt/gz_dartsim_vendor:/opt/ros/jazzy/opt/gz_cmake_vendor /usr/bin/cmake --install /home/usuario/rmf_ws/build/rmf_demos_assets
[1.190s] -- Install configuration: ""
[1.190s] -- Installing: /home/usuario/rmf_ws/install/rmf_demos_assets/share/rmf_demos_assets/environment/rmf_demos_assets.dsv
[1.191s] -- Installing: /home/usuario/rmf_ws/install/rmf_demos_assets/share/rmf_demos_assets/models
[1.192s] -- Installing: /home/usuario/rmf_ws/install/rmf_demos_assets/share/rmf_demos_assets/models/HospitalRobot
[1.192s] -- Installing: /home/usuario/rmf_ws/install/rmf_demos_assets/share/rmf_demos_assets/models/HospitalRobot/meshes
[1.192s] -- Installing: /home/usuario/rmf_ws/install/rmf_demos_assets/share/rmf_demos_assets/models/HospitalRobot/meshes/FatWheel.mtl
[1.193s] -- Installing: /home/usuario/rmf_ws/install/rmf_demos_assets/share/rmf_demos_assets/models/HospitalRobot/meshes/HospitalRobot.obj
[1.196s] -- Installing: /home/usuario/rmf_ws/install/rmf_demos_assets/share/rmf_demos_assets/models/HospitalRobot/meshes/FatWheel.obj
[1.197s] -- Installing: /home/usuario/rmf_ws/install/rmf_demos_assets/share/rmf_demos_assets/models/HospitalRobot/meshes/HospitalRobot.mtl
[1.197s] -- Installing: /home/usuario/rmf_ws/install/rmf_demos_assets/share/rmf_demos_assets/models/HospitalRobot/meshes/SmallWheel.obj
[1.198s] -- Installing: /home/usuario/rmf_ws/install/rmf_demos_assets/share/rmf_demos_assets/models/HospitalRobot/meshes/SmallWheel.mtl
[1.199s] -- Installing: /home/usuario/rmf_ws/install/rmf_demos_assets/share/rmf_demos_assets/models/HospitalRobot/meshes/HospitalRobot_Diffuse.png
[1.200s] -- Installing: /home/usuario/rmf_ws/install/rmf_demos_assets/share/rmf_demos_assets/models/HospitalRobot/model.config
[1.202s] -- Installing: /home/usuario/rmf_ws/install/rmf_demos_assets/share/rmf_demos_assets/models/HospitalRobot/model.sdf
[1.203s] -- Installing: /home/usuario/rmf_ws/install/rmf_demos_assets/share/rmf_demos_assets/models/HospitalRobot/thumbnails
[1.203s] -- Installing: /home/usuario/rmf_ws/install/rmf_demos_assets/share/rmf_demos_assets/models/HospitalRobot/thumbnails/4.png
[1.204s] -- Installing: /home/usuario/rmf_ws/install/rmf_demos_assets/share/rmf_demos_assets/models/HospitalRobot/thumbnails/1.png
[1.205s] -- Installing: /home/usuario/rmf_ws/install/rmf_demos_assets/share/rmf_demos_assets/models/HospitalRobot/thumbnails/3.png
[1.206s] -- Installing: /home/usuario/rmf_ws/install/rmf_demos_assets/share/rmf_demos_assets/models/HospitalRobot/thumbnails/2.png
[1.207s] -- Installing: /home/usuario/rmf_ws/install/rmf_demos_assets/share/rmf_demos_assets/models/HospitalRobot/thumbnails/5.png
[1.207s] -- Installing: /home/usuario/rmf_ws/install/rmf_demos_assets/share/rmf_demos_assets/models/TeleportIngestor
[1.208s] -- Installing: /home/usuario/rmf_ws/install/rmf_demos_assets/share/rmf_demos_assets/models/TeleportIngestor/model.config
[1.208s] -- Installing: /home/usuario/rmf_ws/install/rmf_demos_assets/share/rmf_demos_assets/models/TeleportIngestor/model.sdf
[1.209s] -- Installing: /home/usuario/rmf_ws/install/rmf_demos_assets/share/rmf_demos_assets/models/DeliveryRobot
[1.209s] -- Installing: /home/usuario/rmf_ws/install/rmf_demos_assets/share/rmf_demos_assets/models/DeliveryRobot/meshes
[1.210s] -- Installing: /home/usuario/rmf_ws/install/rmf_demos_assets/share/rmf_demos_assets/models/DeliveryRobot/meshes/WheelMain.mtl
[1.210s] -- Installing: /home/usuario/rmf_ws/install/rmf_demos_assets/share/rmf_demos_assets/models/DeliveryRobot/meshes/body.obj
[1.211s] -- Installing: /home/usuario/rmf_ws/install/rmf_demos_assets/share/rmf_demos_assets/models/DeliveryRobot/meshes/body.mtl
[1.212s] -- Installing: /home/usuario/rmf_ws/install/rmf_demos_assets/share/rmf_demos_assets/models/DeliveryRobot/meshes/DeliveryRobot_Diffuse.png
[1.219s] -- Installing: /home/usuario/rmf_ws/install/rmf_demos_assets/share/rmf_demos_assets/models/DeliveryRobot/meshes/WheelSide.mtl
[1.220s] -- Installing: /home/usuario/rmf_ws/install/rmf_demos_assets/share/rmf_demos_assets/models/DeliveryRobot/meshes/WheelSide.obj
[1.221s] -- Installing: /home/usuario/rmf_ws/install/rmf_demos_assets/share/rmf_demos_assets/models/DeliveryRobot/meshes/WheelMain.obj
[1.222s] -- Installing: /home/usuario/rmf_ws/install/rmf_demos_assets/share/rmf_demos_assets/models/DeliveryRobot/model.config
[1.222s] -- Installing: /home/usuario/rmf_ws/install/rmf_demos_assets/share/rmf_demos_assets/models/DeliveryRobot/model.sdf
[1.223s] -- Installing: /home/usuario/rmf_ws/install/rmf_demos_assets/share/rmf_demos_assets/models/CleanerBotA
[1.223s] -- Installing: /home/usuario/rmf_ws/install/rmf_demos_assets/share/rmf_demos_assets/models/CleanerBotA/meshes
[1.223s] -- Installing: /home/usuario/rmf_ws/install/rmf_demos_assets/share/rmf_demos_assets/models/CleanerBotA/meshes/CleanerBotA.mtl
[1.224s] -- Installing: /home/usuario/rmf_ws/install/rmf_demos_assets/share/rmf_demos_assets/models/CleanerBotA/meshes/CleanerBotA_WheelFront.mtl
[1.225s] -- Installing: /home/usuario/rmf_ws/install/rmf_demos_assets/share/rmf_demos_assets/models/CleanerBotA/meshes/CleanerBotA_WheelBack.obj
[1.226s] -- Installing: /home/usuario/rmf_ws/install/rmf_demos_assets/share/rmf_demos_assets/models/CleanerBotA/meshes/CleanerBotA_WheelBack.mtl
[1.226s] -- Installing: /home/usuario/rmf_ws/install/rmf_demos_assets/share/rmf_demos_assets/models/CleanerBotA/meshes/CleanerBotA.obj
[1.234s] -- Installing: /home/usuario/rmf_ws/install/rmf_demos_assets/share/rmf_demos_assets/models/CleanerBotA/meshes/CleanerBotA_WheelFront.obj
[1.234s] -- Installing: /home/usuario/rmf_ws/install/rmf_demos_assets/share/rmf_demos_assets/models/CleanerBotA/meshes/CleanerBotA_Diffuse.png
[1.241s] -- Installing: /home/usuario/rmf_ws/install/rmf_demos_assets/share/rmf_demos_assets/models/CleanerBotA/model.config
[1.241s] -- Installing: /home/usuario/rmf_ws/install/rmf_demos_assets/share/rmf_demos_assets/models/CleanerBotA/model.sdf
[1.242s] -- Installing: /home/usuario/rmf_ws/install/rmf_demos_assets/share/rmf_demos_assets/models/Caddy
[1.242s] -- Installing: /home/usuario/rmf_ws/install/rmf_demos_assets/share/rmf_demos_assets/models/Caddy/meshes
[1.243s] -- Installing: /home/usuario/rmf_ws/install/rmf_demos_assets/share/rmf_demos_assets/models/Caddy/meshes/polaris.dae
[1.253s] -- Installing: /home/usuario/rmf_ws/install/rmf_demos_assets/share/rmf_demos_assets/models/Caddy/materials
[1.253s] -- Installing: /home/usuario/rmf_ws/install/rmf_demos_assets/share/rmf_demos_assets/models/Caddy/materials/textures
[1.254s] -- Installing: /home/usuario/rmf_ws/install/rmf_demos_assets/share/rmf_demos_assets/models/Caddy/materials/textures/Ranger_Diffuse.png
[1.263s] -- Installing: /home/usuario/rmf_ws/install/rmf_demos_assets/share/rmf_demos_assets/models/Caddy/materials/textures/FNR_switch_R.png
[1.263s] -- Installing: /home/usuario/rmf_ws/install/rmf_demos_assets/share/rmf_demos_assets/models/Caddy/materials/textures/FNR_switch_F.png
[1.265s] -- Installing: /home/usuario/rmf_ws/install/rmf_demos_assets/share/rmf_demos_assets/models/Caddy/materials/textures/Ranger_Spec.png
[1.265s] -- Installing: /home/usuario/rmf_ws/install/rmf_demos_assets/share/rmf_demos_assets/models/Caddy/materials/scripts
[1.265s] -- Installing: /home/usuario/rmf_ws/install/rmf_demos_assets/share/rmf_demos_assets/models/Caddy/materials/scripts/polaris.material
[1.266s] -- Installing: /home/usuario/rmf_ws/install/rmf_demos_assets/share/rmf_demos_assets/models/Caddy/model-1_3.sdf
[1.267s] -- Installing: /home/usuario/rmf_ws/install/rmf_demos_assets/share/rmf_demos_assets/models/Caddy/model.config
[1.267s] -- Installing: /home/usuario/rmf_ws/install/rmf_demos_assets/share/rmf_demos_assets/models/Caddy/model.sdf
[1.271s] -- Installing: /home/usuario/rmf_ws/install/rmf_demos_assets/share/rmf_demos_assets/models/Caddy/model-1_4.sdf
[1.271s] -- Installing: /home/usuario/rmf_ws/install/rmf_demos_assets/share/rmf_demos_assets/models/TeleportDispenser
[1.271s] -- Installing: /home/usuario/rmf_ws/install/rmf_demos_assets/share/rmf_demos_assets/models/TeleportDispenser/model.config
[1.271s] -- Installing: /home/usuario/rmf_ws/install/rmf_demos_assets/share/rmf_demos_assets/models/TeleportDispenser/model.sdf
[1.271s] -- Installing: /home/usuario/rmf_ws/install/rmf_demos_assets/share/rmf_demos_assets/models/TinyRobot
[1.272s] -- Installing: /home/usuario/rmf_ws/install/rmf_demos_assets/share/rmf_demos_assets/models/TinyRobot/meshes
[1.272s] -- Installing: /home/usuario/rmf_ws/install/rmf_demos_assets/share/rmf_demos_assets/models/TinyRobot/meshes/tinyRobot_body.dae
[1.273s] -- Installing: /home/usuario/rmf_ws/install/rmf_demos_assets/share/rmf_demos_assets/models/TinyRobot/meshes/caster_wheel.dae
[1.277s] -- Installing: /home/usuario/rmf_ws/install/rmf_demos_assets/share/rmf_demos_assets/models/TinyRobot/meshes/front_wheel.dae
[1.280s] -- Installing: /home/usuario/rmf_ws/install/rmf_demos_assets/share/rmf_demos_assets/models/TinyRobot/meshes/sensors
[1.280s] -- Installing: /home/usuario/rmf_ws/install/rmf_demos_assets/share/rmf_demos_assets/models/TinyRobot/meshes/sensors/sonar_hc-sr04.dae
[1.281s] -- Installing: /home/usuario/rmf_ws/install/rmf_demos_assets/share/rmf_demos_assets/models/TinyRobot/meshes/sensors/raspi_camera.dae
[1.283s] -- Installing: /home/usuario/rmf_ws/install/rmf_demos_assets/share/rmf_demos_assets/models/TinyRobot/model.config
[1.283s] -- Installing: /home/usuario/rmf_ws/install/rmf_demos_assets/share/rmf_demos_assets/models/TinyRobot/model.sdf
[1.284s] -- Installing: /home/usuario/rmf_ws/install/rmf_demos_assets/share/rmf_demos_assets/models/RobotPlaceholder
[1.284s] -- Installing: /home/usuario/rmf_ws/install/rmf_demos_assets/share/rmf_demos_assets/models/RobotPlaceholder/model.config
[1.285s] -- Installing: /home/usuario/rmf_ws/install/rmf_demos_assets/share/rmf_demos_assets/models/RobotPlaceholder/model.sdf
[1.285s] -- Installing: /home/usuario/rmf_ws/install/rmf_demos_assets/share/rmf_demos_assets/models/CleanerBotE
[1.285s] -- Installing: /home/usuario/rmf_ws/install/rmf_demos_assets/share/rmf_demos_assets/models/CleanerBotE/meshes
[1.285s] -- Installing: /home/usuario/rmf_ws/install/rmf_demos_assets/share/rmf_demos_assets/models/CleanerBotE/meshes/CleanerBotE_Wheel.obj
[1.286s] -- Installing: /home/usuario/rmf_ws/install/rmf_demos_assets/share/rmf_demos_assets/models/CleanerBotE/meshes/CleanerBotE.obj
[1.288s] -- Installing: /home/usuario/rmf_ws/install/rmf_demos_assets/share/rmf_demos_assets/models/CleanerBotE/meshes/CleanerBotE_Col.mtl
[1.289s] -- Installing: /home/usuario/rmf_ws/install/rmf_demos_assets/share/rmf_demos_assets/models/CleanerBotE/meshes/CleanerBotE_Wheel.mtl
[1.290s] -- Installing: /home/usuario/rmf_ws/install/rmf_demos_assets/share/rmf_demos_assets/models/CleanerBotE/meshes/CleanerBotE_Col.obj
[1.290s] -- Installing: /home/usuario/rmf_ws/install/rmf_demos_assets/share/rmf_demos_assets/models/CleanerBotE/meshes/CleanerBotE.mtl
[1.291s] -- Installing: /home/usuario/rmf_ws/install/rmf_demos_assets/share/rmf_demos_assets/models/CleanerBotE/meshes/CleanerBotE_Diffuse.png
[1.299s] -- Installing: /home/usuario/rmf_ws/install/rmf_demos_assets/share/rmf_demos_assets/models/CleanerBotE/model.config
[1.299s] -- Installing: /home/usuario/rmf_ws/install/rmf_demos_assets/share/rmf_demos_assets/models/CleanerBotE/model.sdf
[1.300s] -- Installing: /home/usuario/rmf_ws/install/rmf_demos_assets/share/ament_index/resource_index/package_run_dependencies/rmf_demos_assets
[1.300s] -- Installing: /home/usuario/rmf_ws/install/rmf_demos_assets/share/ament_index/resource_index/parent_prefix_path/rmf_demos_assets
[1.301s] -- Installing: /home/usuario/rmf_ws/install/rmf_demos_assets/share/rmf_demos_assets/environment/ament_prefix_path.sh
[1.302s] -- Installing: /home/usuario/rmf_ws/install/rmf_demos_assets/share/rmf_demos_assets/environment/ament_prefix_path.dsv
[1.302s] -- Installing: /home/usuario/rmf_ws/install/rmf_demos_assets/share/rmf_demos_assets/environment/path.sh
[1.303s] -- Installing: /home/usuario/rmf_ws/install/rmf_demos_assets/share/rmf_demos_assets/environment/path.dsv
[1.304s] -- Installing: /home/usuario/rmf_ws/install/rmf_demos_assets/share/rmf_demos_assets/local_setup.bash
[1.305s] -- Installing: /home/usuario/rmf_ws/install/rmf_demos_assets/share/rmf_demos_assets/local_setup.sh
[1.310s] -- Installing: /home/usuario/rmf_ws/install/rmf_demos_assets/share/rmf_demos_assets/local_setup.zsh
[1.311s] -- Installing: /home/usuario/rmf_ws/install/rmf_demos_assets/share/rmf_demos_assets/local_setup.dsv
[1.311s] -- Installing: /home/usuario/rmf_ws/install/rmf_demos_assets/share/rmf_demos_assets/package.dsv
[1.311s] -- Installing: /home/usuario/rmf_ws/install/rmf_demos_assets/share/ament_index/resource_index/packages/rmf_demos_assets
[1.312s] -- Installing: /home/usuario/rmf_ws/install/rmf_demos_assets/share/rmf_demos_assets/cmake/rmf_demos_assetsConfig.cmake
[1.312s] -- Installing: /home/usuario/rmf_ws/install/rmf_demos_assets/share/rmf_demos_assets/cmake/rmf_demos_assetsConfig-version.cmake
[1.313s] -- Installing: /home/usuario/rmf_ws/install/rmf_demos_assets/share/rmf_demos_assets/package.xml
[1.320s] Invoked command in '/home/usuario/rmf_ws/build/rmf_demos_assets' returned '0': CMAKE_PREFIX_PATH=/home/usuario/rmf_ws/install/rmf_demos_gz:/home/usuario/rmf_ws/install/rmf_demos:/home/usuario/rmf_ws/install/rmf_demos_maps:/home/usuario/rmf_ws/install/rmf_demos_assets:/rmf_demos_ws/install/rmf_workcell_msgs:/rmf_demos_ws/install/rmf_reservation_node:/rmf_demos_ws/install/rmf_demos_gz:/rmf_demos_ws/install/rmf_demos:/rmf_demos_ws/install/rmf_fleet_adapter_python:/rmf_demos_ws/install/rmf_fleet_adapter:/rmf_demos_ws/install/rmf_task_ros2:/rmf_demos_ws/install/rmf_websocket:/rmf_demos_ws/install/rmf_visualization:/rmf_demos_ws/install/rmf_visualization_schedule:/rmf_demos_ws/install/rmf_visualization_rviz2_plugins:/rmf_demos_ws/install/rmf_visualization_obstacles:/rmf_demos_ws/install/rmf_visualization_navgraphs:/rmf_demos_ws/install/rmf_visualization_floorplans:/rmf_demos_ws/install/rmf_visualization_fleet_states:/rmf_demos_ws/install/rmf_visualization_msgs:/rmf_demos_ws/install/rmf_traffic_ros2:/rmf_demos_ws/install/rmf_task_sequence:/rmf_demos_ws/install/rmf_task:/rmf_demos_ws/install/rmf_battery:/rmf_demos_ws/install/rmf_traffic:/rmf_demos_ws/install/rmf_utils:/rmf_demos_ws/install/rmf_traffic_msgs:/rmf_demos_ws/install/rmf_traffic_editor_test_maps:/rmf_demos_ws/install/rmf_traffic_editor_assets:/rmf_demos_ws/install/rmf_traffic_editor:/rmf_demos_ws/install/rmf_task_msgs:/rmf_demos_ws/install/rmf_site_map_msgs:/rmf_demos_ws/install/rmf_scheduler_msgs:/rmf_demos_ws/install/rmf_robot_sim_gz_plugins:/rmf_demos_ws/install/rmf_robot_sim_common:/rmf_demos_ws/install/rmf_reservation_msgs:/rmf_demos_ws/install/rmf_obstacle_msgs:/rmf_demos_ws/install/rmf_building_sim_gz_plugins:/rmf_demos_ws/install/rmf_lift_msgs:/rmf_demos_ws/install/rmf_ingestor_msgs:/rmf_demos_ws/install/rmf_fleet_msgs:/rmf_demos_ws/install/rmf_door_msgs:/rmf_demos_ws/install/rmf_dispenser_msgs:/rmf_demos_ws/install/rmf_demos_maps:/rmf_demos_ws/install/rmf_demos_assets:/rmf_demos_ws/install/rmf_charger_msgs:/rmf_demos_ws/install/rmf_building_map_msgs:/rmf_demos_ws/install/rmf_api_msgs:/rmf_demos_ws/install/pybind11_json_vendor:/rmf_demos_ws/install/nlohmann_json_schema_validator_vendor:/home/usuario/rmf_ws/install/rmf_demos_tasks:/home/usuario/rmf_ws/install/rmf_demos_fleet_adapter:/home/usuario/rmf_ws/install/rmf_demos_bridges:/rmf_demos_ws/install/rmf_demos_fleet_adapter:/rmf_demos_ws/install/rmf_visualization_building_systems:/rmf_demos_ws/install/rmf_traffic_examples:/rmf_demos_ws/install/rmf_demos_bridges:/rmf_demos_ws/install/rmf_demos_tasks:/rmf_demos_ws/install/rmf_building_map_tools:/rmf_demos_ws/install/rmf_charging_schedule:/opt/ros/jazzy:/rmf_demos_ws/install/menge_vendor:/rmf_demos_ws/install/ament_cmake_catch2:/opt/ros/jazzy/opt/gz_sim_vendor:/opt/ros/jazzy/opt/gz_sensors_vendor:/opt/ros/jazzy/opt/gz_physics_vendor:/opt/ros/jazzy/opt/sdformat_vendor:/opt/ros/jazzy/opt/gz_gui_vendor:/opt/ros/jazzy/opt/gz_transport_vendor:/opt/ros/jazzy/opt/gz_rendering_vendor:/opt/ros/jazzy/opt/gz_plugin_vendor:/opt/ros/jazzy/opt/gz_fuel_tools_vendor:/opt/ros/jazzy/opt/gz_msgs_vendor:/opt/ros/jazzy/opt/gz_common_vendor:/opt/ros/jazzy/opt/gz_math_vendor:/opt/ros/jazzy/opt/gz_utils_vendor:/opt/ros/jazzy/opt/gz_tools_vendor:/opt/ros/jazzy/opt/gz_ogre_next_vendor:/opt/ros/jazzy/opt/gz_dartsim_vendor:/opt/ros/jazzy/opt/gz_cmake_vendor /usr/bin/cmake --install /home/usuario/rmf_ws/build/rmf_demos_assets
