[ 25%] [32mBuilding CXX object CMakeFiles/obstacle_visualizer_node.dir/rclcpp_components/node_main_obstacle_visualizer_node.cpp.o[0m
[ 50%] [32mBuilding CXX object CMakeFiles/obstacle_visualizer.dir/src/ObstacleVisualizer.cpp.o[0m
[ 75%] [32m[1mLinking CXX executable obstacle_visualizer_node[0m
[ 75%] Built target obstacle_visualizer_node
[100%] [32m[1mLinking CXX shared library libobstacle_visualizer.so[0m
[100%] Built target obstacle_visualizer
-- Install configuration: ""
-- Installing: /home/usuario/rmf_ws/install/rmf_visualization_obstacles/lib/rmf_visualization_obstacles/obstacle_visualizer_node
-- Set non-toolchain portion of runtime path of "/home/usuario/rmf_ws/install/rmf_visualization_obstacles/lib/rmf_visualization_obstacles/obstacle_visualizer_node" to ""
-- Installing: /home/usuario/rmf_ws/install/rmf_visualization_obstacles/lib/libobstacle_visualizer.so
-- Set non-toolchain portion of runtime path of "/home/usuario/rmf_ws/install/rmf_visualization_obstacles/lib/libobstacle_visualizer.so" to ""
-- Installing: /home/usuario/rmf_ws/install/rmf_visualization_obstacles/share/ament_index/resource_index/package_run_dependencies/rmf_visualization_obstacles
-- Installing: /home/usuario/rmf_ws/install/rmf_visualization_obstacles/share/ament_index/resource_index/parent_prefix_path/rmf_visualization_obstacles
-- Installing: /home/usuario/rmf_ws/install/rmf_visualization_obstacles/share/rmf_visualization_obstacles/environment/ament_prefix_path.sh
-- Installing: /home/usuario/rmf_ws/install/rmf_visualization_obstacles/share/rmf_visualization_obstacles/environment/ament_prefix_path.dsv
-- Installing: /home/usuario/rmf_ws/install/rmf_visualization_obstacles/share/rmf_visualization_obstacles/environment/path.sh
-- Installing: /home/usuario/rmf_ws/install/rmf_visualization_obstacles/share/rmf_visualization_obstacles/environment/path.dsv
-- Installing: /home/usuario/rmf_ws/install/rmf_visualization_obstacles/share/rmf_visualization_obstacles/local_setup.bash
-- Installing: /home/usuario/rmf_ws/install/rmf_visualization_obstacles/share/rmf_visualization_obstacles/local_setup.sh
-- Installing: /home/usuario/rmf_ws/install/rmf_visualization_obstacles/share/rmf_visualization_obstacles/local_setup.zsh
-- Installing: /home/usuario/rmf_ws/install/rmf_visualization_obstacles/share/rmf_visualization_obstacles/local_setup.dsv
-- Installing: /home/usuario/rmf_ws/install/rmf_visualization_obstacles/share/rmf_visualization_obstacles/package.dsv
-- Installing: /home/usuario/rmf_ws/install/rmf_visualization_obstacles/share/ament_index/resource_index/packages/rmf_visualization_obstacles
-- Installing: /home/usuario/rmf_ws/install/rmf_visualization_obstacles/share/ament_index/resource_index/rclcpp_components/rmf_visualization_obstacles
-- Installing: /home/usuario/rmf_ws/install/rmf_visualization_obstacles/share/rmf_visualization_obstacles/cmake/rmf_visualization_obstaclesConfig.cmake
-- Installing: /home/usuario/rmf_ws/install/rmf_visualization_obstacles/share/rmf_visualization_obstacles/cmake/rmf_visualization_obstaclesConfig-version.cmake
-- Installing: /home/usuario/rmf_ws/install/rmf_visualization_obstacles/share/rmf_visualization_obstacles/package.xml
