[1.593s] Invoking command in '/home/usuario/rmf_ws/src/rmf_demos_fleet_adapter': PYTHONPATH=/home/usuario/rmf_ws/build/rmf_demos_fleet_adapter/prefix_override:/usr/lib/python3/dist-packages/colcon_core/task/python/colcon_distutils_commands:/home/usuario/rmf_ws/install/rmf_demos_fleet_adapter/lib/python3.12/site-packages:${PYTHONPATH} /usr/bin/python3 -W ignore:setup.py install is deprecated -W ignore:easy_install command is deprecated setup.py egg_info --egg-base ../../build/rmf_demos_fleet_adapter build --build-base /home/usuario/rmf_ws/build/rmf_demos_fleet_adapter/build install --record /home/usuario/rmf_ws/build/rmf_demos_fleet_adapter/install.log --single-version-externally-managed install_data
[2.237s] running egg_info
[2.238s] creating ../../build/rmf_demos_fleet_adapter/rmf_demos_fleet_adapter.egg-info
[2.238s] writing ../../build/rmf_demos_fleet_adapter/rmf_demos_fleet_adapter.egg-info/PKG-INFO
[2.239s] writing dependency_links to ../../build/rmf_demos_fleet_adapter/rmf_demos_fleet_adapter.egg-info/dependency_links.txt
[2.240s] writing entry points to ../../build/rmf_demos_fleet_adapter/rmf_demos_fleet_adapter.egg-info/entry_points.txt
[2.241s] writing requirements to ../../build/rmf_demos_fleet_adapter/rmf_demos_fleet_adapter.egg-info/requires.txt
[2.242s] writing top-level names to ../../build/rmf_demos_fleet_adapter/rmf_demos_fleet_adapter.egg-info/top_level.txt
[2.242s] writing manifest file '../../build/rmf_demos_fleet_adapter/rmf_demos_fleet_adapter.egg-info/SOURCES.txt'
[2.242s] reading manifest file '../../build/rmf_demos_fleet_adapter/rmf_demos_fleet_adapter.egg-info/SOURCES.txt'
[2.242s] writing manifest file '../../build/rmf_demos_fleet_adapter/rmf_demos_fleet_adapter.egg-info/SOURCES.txt'
[2.243s] running build
[2.243s] running build_py
[2.244s] creating /home/usuario/rmf_ws/build/rmf_demos_fleet_adapter/build
[2.244s] creating /home/usuario/rmf_ws/build/rmf_demos_fleet_adapter/build/lib
[2.244s] creating /home/usuario/rmf_ws/build/rmf_demos_fleet_adapter/build/lib/rmf_demos_fleet_adapter
[2.245s] copying rmf_demos_fleet_adapter/fleet_adapter.py -> /home/usuario/rmf_ws/build/rmf_demos_fleet_adapter/build/lib/rmf_demos_fleet_adapter
[2.245s] copying rmf_demos_fleet_adapter/manage_lane.py -> /home/usuario/rmf_ws/build/rmf_demos_fleet_adapter/build/lib/rmf_demos_fleet_adapter
[2.246s] copying rmf_demos_fleet_adapter/fleet_manager.py -> /home/usuario/rmf_ws/build/rmf_demos_fleet_adapter/build/lib/rmf_demos_fleet_adapter
[2.246s] copying rmf_demos_fleet_adapter/RobotClientAPI.py -> /home/usuario/rmf_ws/build/rmf_demos_fleet_adapter/build/lib/rmf_demos_fleet_adapter
[2.246s] copying rmf_demos_fleet_adapter/__init__.py -> /home/usuario/rmf_ws/build/rmf_demos_fleet_adapter/build/lib/rmf_demos_fleet_adapter
[2.246s] creating /home/usuario/rmf_ws/build/rmf_demos_fleet_adapter/build/lib/test
[2.247s] copying test/test_copyright.py -> /home/usuario/rmf_ws/build/rmf_demos_fleet_adapter/build/lib/test
[2.247s] copying test/test_flake8.py -> /home/usuario/rmf_ws/build/rmf_demos_fleet_adapter/build/lib/test
[2.248s] copying test/test_pep257.py -> /home/usuario/rmf_ws/build/rmf_demos_fleet_adapter/build/lib/test
[2.249s] copying test/__init__.py -> /home/usuario/rmf_ws/build/rmf_demos_fleet_adapter/build/lib/test
[2.249s] running install
[2.249s] running install_lib
[2.254s] creating /home/usuario/rmf_ws/install/rmf_demos_fleet_adapter/lib/python3.12/site-packages/rmf_demos_fleet_adapter
[2.255s] copying /home/usuario/rmf_ws/build/rmf_demos_fleet_adapter/build/lib/rmf_demos_fleet_adapter/fleet_adapter.py -> /home/usuario/rmf_ws/install/rmf_demos_fleet_adapter/lib/python3.12/site-packages/rmf_demos_fleet_adapter
[2.256s] copying /home/usuario/rmf_ws/build/rmf_demos_fleet_adapter/build/lib/rmf_demos_fleet_adapter/manage_lane.py -> /home/usuario/rmf_ws/install/rmf_demos_fleet_adapter/lib/python3.12/site-packages/rmf_demos_fleet_adapter
[2.259s] copying /home/usuario/rmf_ws/build/rmf_demos_fleet_adapter/build/lib/rmf_demos_fleet_adapter/fleet_manager.py -> /home/usuario/rmf_ws/install/rmf_demos_fleet_adapter/lib/python3.12/site-packages/rmf_demos_fleet_adapter
[2.259s] copying /home/usuario/rmf_ws/build/rmf_demos_fleet_adapter/build/lib/rmf_demos_fleet_adapter/RobotClientAPI.py -> /home/usuario/rmf_ws/install/rmf_demos_fleet_adapter/lib/python3.12/site-packages/rmf_demos_fleet_adapter
[2.260s] copying /home/usuario/rmf_ws/build/rmf_demos_fleet_adapter/build/lib/rmf_demos_fleet_adapter/__init__.py -> /home/usuario/rmf_ws/install/rmf_demos_fleet_adapter/lib/python3.12/site-packages/rmf_demos_fleet_adapter
[2.261s] creating /home/usuario/rmf_ws/install/rmf_demos_fleet_adapter/lib/python3.12/site-packages/test
[2.262s] copying /home/usuario/rmf_ws/build/rmf_demos_fleet_adapter/build/lib/test/test_copyright.py -> /home/usuario/rmf_ws/install/rmf_demos_fleet_adapter/lib/python3.12/site-packages/test
[2.262s] copying /home/usuario/rmf_ws/build/rmf_demos_fleet_adapter/build/lib/test/test_flake8.py -> /home/usuario/rmf_ws/install/rmf_demos_fleet_adapter/lib/python3.12/site-packages/test
[2.262s] copying /home/usuario/rmf_ws/build/rmf_demos_fleet_adapter/build/lib/test/test_pep257.py -> /home/usuario/rmf_ws/install/rmf_demos_fleet_adapter/lib/python3.12/site-packages/test
[2.263s] copying /home/usuario/rmf_ws/build/rmf_demos_fleet_adapter/build/lib/test/__init__.py -> /home/usuario/rmf_ws/install/rmf_demos_fleet_adapter/lib/python3.12/site-packages/test
[2.265s] byte-compiling /home/usuario/rmf_ws/install/rmf_demos_fleet_adapter/lib/python3.12/site-packages/rmf_demos_fleet_adapter/fleet_adapter.py to fleet_adapter.cpython-312.pyc
[2.276s] byte-compiling /home/usuario/rmf_ws/install/rmf_demos_fleet_adapter/lib/python3.12/site-packages/rmf_demos_fleet_adapter/manage_lane.py to manage_lane.cpython-312.pyc
[2.278s] byte-compiling /home/usuario/rmf_ws/install/rmf_demos_fleet_adapter/lib/python3.12/site-packages/rmf_demos_fleet_adapter/fleet_manager.py to fleet_manager.cpython-312.pyc
[2.294s] byte-compiling /home/usuario/rmf_ws/install/rmf_demos_fleet_adapter/lib/python3.12/site-packages/rmf_demos_fleet_adapter/RobotClientAPI.py to RobotClientAPI.cpython-312.pyc
[2.297s] byte-compiling /home/usuario/rmf_ws/install/rmf_demos_fleet_adapter/lib/python3.12/site-packages/rmf_demos_fleet_adapter/__init__.py to __init__.cpython-312.pyc
[2.298s] byte-compiling /home/usuario/rmf_ws/install/rmf_demos_fleet_adapter/lib/python3.12/site-packages/test/test_copyright.py to test_copyright.cpython-312.pyc
[2.300s] byte-compiling /home/usuario/rmf_ws/install/rmf_demos_fleet_adapter/lib/python3.12/site-packages/test/test_flake8.py to test_flake8.cpython-312.pyc
[2.301s] byte-compiling /home/usuario/rmf_ws/install/rmf_demos_fleet_adapter/lib/python3.12/site-packages/test/test_pep257.py to test_pep257.cpython-312.pyc
[2.302s] byte-compiling /home/usuario/rmf_ws/install/rmf_demos_fleet_adapter/lib/python3.12/site-packages/test/__init__.py to __init__.cpython-312.pyc
[2.302s] running install_data
[2.302s] creating /home/usuario/rmf_ws/install/rmf_demos_fleet_adapter/share/ament_index
[2.302s] creating /home/usuario/rmf_ws/install/rmf_demos_fleet_adapter/share/ament_index/resource_index
[2.303s] creating /home/usuario/rmf_ws/install/rmf_demos_fleet_adapter/share/ament_index/resource_index/packages
[2.303s] copying resource/rmf_demos_fleet_adapter -> /home/usuario/rmf_ws/install/rmf_demos_fleet_adapter/share/ament_index/resource_index/packages
[2.304s] copying package.xml -> /home/usuario/rmf_ws/install/rmf_demos_fleet_adapter/share/rmf_demos_fleet_adapter
[2.304s] copying config.yaml -> /home/usuario/rmf_ws/install/rmf_demos_fleet_adapter/share/rmf_demos_fleet_adapter
[2.305s] creating /home/usuario/rmf_ws/install/rmf_demos_fleet_adapter/share/rmf_demos_fleet_adapter/launch
[2.305s] copying launch/fleet_adapter.launch.xml -> /home/usuario/rmf_ws/install/rmf_demos_fleet_adapter/share/rmf_demos_fleet_adapter/launch
[2.306s] running install_egg_info
[2.376s] Copying ../../build/rmf_demos_fleet_adapter/rmf_demos_fleet_adapter.egg-info to /home/usuario/rmf_ws/install/rmf_demos_fleet_adapter/lib/python3.12/site-packages/rmf_demos_fleet_adapter-2.5.0-py3.12.egg-info
[2.387s] running install_scripts
[2.606s] Installing fleet_adapter script to /home/usuario/rmf_ws/install/rmf_demos_fleet_adapter/lib/rmf_demos_fleet_adapter
[2.607s] Installing fleet_manager script to /home/usuario/rmf_ws/install/rmf_demos_fleet_adapter/lib/rmf_demos_fleet_adapter
[2.607s] Installing manage_lane script to /home/usuario/rmf_ws/install/rmf_demos_fleet_adapter/lib/rmf_demos_fleet_adapter
[2.609s] writing list of installed files to '/home/usuario/rmf_ws/build/rmf_demos_fleet_adapter/install.log'
[2.682s] Invoked command in '/home/usuario/rmf_ws/src/rmf_demos_fleet_adapter' returned '0': PYTHONPATH=/home/usuario/rmf_ws/build/rmf_demos_fleet_adapter/prefix_override:/usr/lib/python3/dist-packages/colcon_core/task/python/colcon_distutils_commands:/home/usuario/rmf_ws/install/rmf_demos_fleet_adapter/lib/python3.12/site-packages:${PYTHONPATH} /usr/bin/python3 -W ignore:setup.py install is deprecated -W ignore:easy_install command is deprecated setup.py egg_info --egg-base ../../build/rmf_demos_fleet_adapter build --build-base /home/usuario/rmf_ws/build/rmf_demos_fleet_adapter/build install --record /home/usuario/rmf_ws/build/rmf_demos_fleet_adapter/install.log --single-version-externally-managed install_data
