-- Install configuration: ""
-- Up-to-date: /home/usuario/rmf_ws/install/rmf_demos/share/rmf_demos
-- Up-to-date: /home/usuario/rmf_ws/install/rmf_demos/share/rmf_demos/office.launch.xml
-- Up-to-date: /home/usuario/rmf_ws/install/rmf_demos/share/rmf_demos/campus.launch.xml
-- Up-to-date: /home/usuario/rmf_ws/install/rmf_demos/share/rmf_demos/battle_royale.launch.xml
-- Up-to-date: /home/usuario/rmf_ws/install/rmf_demos/share/rmf_demos/airport_terminal.launch.xml
-- Up-to-date: /home/usuario/rmf_ws/install/rmf_demos/share/rmf_demos/include
-- Up-to-date: /home/usuario/rmf_ws/install/rmf_demos/share/rmf_demos/include/triple_H
-- Up-to-date: /home/usuario/rmf_ws/install/rmf_demos/share/rmf_demos/include/triple_H/the_pedigree.launch.xml
-- Up-to-date: /home/usuario/rmf_ws/install/rmf_demos/share/rmf_demos/include/triple_H/rviz.rviz
-- Up-to-date: /home/usuario/rmf_ws/install/rmf_demos/share/rmf_demos/include/airport_terminal
-- Up-to-date: /home/usuario/rmf_ws/install/rmf_demos/share/rmf_demos/include/airport_terminal/airport_terminal.rviz
-- Up-to-date: /home/usuario/rmf_ws/install/rmf_demos/share/rmf_demos/include/clinic
-- Up-to-date: /home/usuario/rmf_ws/install/rmf_demos/share/rmf_demos/include/clinic/clinic.rviz
-- Up-to-date: /home/usuario/rmf_ws/install/rmf_demos/share/rmf_demos/include/campus
-- Up-to-date: /home/usuario/rmf_ws/install/rmf_demos/share/rmf_demos/include/campus/campus.rviz
-- Up-to-date: /home/usuario/rmf_ws/install/rmf_demos/share/rmf_demos/include/hotel
-- Up-to-date: /home/usuario/rmf_ws/install/rmf_demos/share/rmf_demos/include/hotel/experimental_crowded_lift.launch.xml
-- Up-to-date: /home/usuario/rmf_ws/install/rmf_demos/share/rmf_demos/include/hotel/experimental_clear_lift.launch.xml
-- Up-to-date: /home/usuario/rmf_ws/install/rmf_demos/share/rmf_demos/include/hotel/hotel.rviz
-- Up-to-date: /home/usuario/rmf_ws/install/rmf_demos/share/rmf_demos/include/office_mock_traffic_light
-- Up-to-date: /home/usuario/rmf_ws/install/rmf_demos/share/rmf_demos/include/office_mock_traffic_light/office_traffic_light_test.launch.xml
-- Up-to-date: /home/usuario/rmf_ws/install/rmf_demos/share/rmf_demos/include/battle_royale
-- Up-to-date: /home/usuario/rmf_ws/install/rmf_demos/share/rmf_demos/include/battle_royale/battle_go.launch.xml
-- Up-to-date: /home/usuario/rmf_ws/install/rmf_demos/share/rmf_demos/include/battle_royale/rviz.rviz
-- Up-to-date: /home/usuario/rmf_ws/install/rmf_demos/share/rmf_demos/include/adapters
-- Up-to-date: /home/usuario/rmf_ws/install/rmf_demos/share/rmf_demos/include/adapters/tinyRobot_mock_traffic_light.launch.xml
-- Up-to-date: /home/usuario/rmf_ws/install/rmf_demos/share/rmf_demos/include/adapters/caddy_adapter.launch.xml
-- Up-to-date: /home/usuario/rmf_ws/install/rmf_demos/share/rmf_demos/include/office
-- Up-to-date: /home/usuario/rmf_ws/install/rmf_demos/share/rmf_demos/include/office/office.rviz
-- Up-to-date: /home/usuario/rmf_ws/install/rmf_demos/share/rmf_demos/include/office/office_patrol.launch.xml
-- Up-to-date: /home/usuario/rmf_ws/install/rmf_demos/share/rmf_demos/include/office/office_conflict.launch.xml
-- Up-to-date: /home/usuario/rmf_ws/install/rmf_demos/share/rmf_demos/include/office/office_loop.launch.xml
-- Up-to-date: /home/usuario/rmf_ws/install/rmf_demos/share/rmf_demos/include/office/office_teleop_robot.launch.xml
-- Up-to-date: /home/usuario/rmf_ws/install/rmf_demos/share/rmf_demos/include/test1
-- Up-to-date: /home/usuario/rmf_ws/install/rmf_demos/share/rmf_demos/include/test1/test1_conflict.launch.xml
-- Up-to-date: /home/usuario/rmf_ws/install/rmf_demos/share/rmf_demos/include/test1/test1.rviz
-- Up-to-date: /home/usuario/rmf_ws/install/rmf_demos/share/rmf_demos/include/test1/test1_loop.launch.xml
-- Up-to-date: /home/usuario/rmf_ws/install/rmf_demos/share/rmf_demos/include/test1/test1_patrol.launch.xml
-- Up-to-date: /home/usuario/rmf_ws/install/rmf_demos/share/rmf_demos/include/test1/test1_teleop_robot.launch.xml
-- Up-to-date: /home/usuario/rmf_ws/install/rmf_demos/share/rmf_demos/include/roomB
-- Up-to-date: /home/usuario/rmf_ws/install/rmf_demos/share/rmf_demos/include/roomB/roomB_teleop_robot.launch.xml
-- Up-to-date: /home/usuario/rmf_ws/install/rmf_demos/share/rmf_demos/include/roomB/roomB_conflict.launch.xml
-- Up-to-date: /home/usuario/rmf_ws/install/rmf_demos/share/rmf_demos/include/roomB/roomB_loop.launch.xml
-- Up-to-date: /home/usuario/rmf_ws/install/rmf_demos/share/rmf_demos/include/roomB/roomB_patrol.launch.xml
-- Up-to-date: /home/usuario/rmf_ws/install/rmf_demos/share/rmf_demos/include/roomB/roomB.rviz
-- Up-to-date: /home/usuario/rmf_ws/install/rmf_demos/share/rmf_demos/common.launch.xml
-- Up-to-date: /home/usuario/rmf_ws/install/rmf_demos/share/rmf_demos/triple_H.launch.xml
-- Up-to-date: /home/usuario/rmf_ws/install/rmf_demos/share/rmf_demos/roomB.launch.xml
-- Up-to-date: /home/usuario/rmf_ws/install/rmf_demos/share/rmf_demos/hotel.launch.xml
-- Up-to-date: /home/usuario/rmf_ws/install/rmf_demos/share/rmf_demos/test1.launch.xml
-- Up-to-date: /home/usuario/rmf_ws/install/rmf_demos/share/rmf_demos/office_mock_traffic_light.launch.xml
-- Up-to-date: /home/usuario/rmf_ws/install/rmf_demos/share/rmf_demos/clinic.launch.xml
-- Up-to-date: /home/usuario/rmf_ws/install/rmf_demos/share/rmf_demos/config
-- Up-to-date: /home/usuario/rmf_ws/install/rmf_demos/share/rmf_demos/config/airport_terminal
-- Up-to-date: /home/usuario/rmf_ws/install/rmf_demos/share/rmf_demos/config/airport_terminal/cleanerBotE_config.yaml
-- Up-to-date: /home/usuario/rmf_ws/install/rmf_demos/share/rmf_demos/config/airport_terminal/deliveryRobot_config.yaml
-- Up-to-date: /home/usuario/rmf_ws/install/rmf_demos/share/rmf_demos/config/airport_terminal/tinyRobot_config.yaml
-- Up-to-date: /home/usuario/rmf_ws/install/rmf_demos/share/rmf_demos/config/airport_terminal/cleanerBotA_config.yaml
-- Up-to-date: /home/usuario/rmf_ws/install/rmf_demos/share/rmf_demos/config/clinic
-- Up-to-date: /home/usuario/rmf_ws/install/rmf_demos/share/rmf_demos/config/clinic/deliveryRobot_config.yaml
-- Up-to-date: /home/usuario/rmf_ws/install/rmf_demos/share/rmf_demos/config/clinic/tinyRobot_config.yaml
-- Up-to-date: /home/usuario/rmf_ws/install/rmf_demos/share/rmf_demos/config/campus
-- Up-to-date: /home/usuario/rmf_ws/install/rmf_demos/share/rmf_demos/config/campus/deliveryRobot_config.yaml
-- Up-to-date: /home/usuario/rmf_ws/install/rmf_demos/share/rmf_demos/config/hotel
-- Up-to-date: /home/usuario/rmf_ws/install/rmf_demos/share/rmf_demos/config/hotel/deliveryRobot_config.yaml
-- Up-to-date: /home/usuario/rmf_ws/install/rmf_demos/share/rmf_demos/config/hotel/tinyRobot_config.yaml
-- Up-to-date: /home/usuario/rmf_ws/install/rmf_demos/share/rmf_demos/config/hotel/cleanerBotA_config.yaml
-- Up-to-date: /home/usuario/rmf_ws/install/rmf_demos/share/rmf_demos/config/office_mock_traffic_light
-- Up-to-date: /home/usuario/rmf_ws/install/rmf_demos/share/rmf_demos/config/office_mock_traffic_light/tinyRobot1_config.yaml
-- Up-to-date: /home/usuario/rmf_ws/install/rmf_demos/share/rmf_demos/config/battle_royale
-- Up-to-date: /home/usuario/rmf_ws/install/rmf_demos/share/rmf_demos/config/battle_royale/tinyRobot_config.yaml
-- Up-to-date: /home/usuario/rmf_ws/install/rmf_demos/share/rmf_demos/config/office
-- Up-to-date: /home/usuario/rmf_ws/install/rmf_demos/share/rmf_demos/config/office/tinyRobot_config.yaml
-- Up-to-date: /home/usuario/rmf_ws/install/rmf_demos/share/rmf_demos/sros2
-- Up-to-date: /home/usuario/rmf_ws/install/rmf_demos/share/rmf_demos/sros2/policies
-- Up-to-date: /home/usuario/rmf_ws/install/rmf_demos/share/rmf_demos/sros2/policies/node
-- Up-to-date: /home/usuario/rmf_ws/install/rmf_demos/share/rmf_demos/sros2/policies/node/parameters.xml
-- Up-to-date: /home/usuario/rmf_ws/install/rmf_demos/share/rmf_demos/sros2/policies/node/time.xml
-- Up-to-date: /home/usuario/rmf_ws/install/rmf_demos/share/rmf_demos/sros2/policies/node/logging.xml
-- Up-to-date: /home/usuario/rmf_ws/install/rmf_demos/share/rmf_demos/sros2/policies/node.xml
-- Up-to-date: /home/usuario/rmf_ws/install/rmf_demos/share/rmf_demos/sros2/policies/office.policy.xml
-- Up-to-date: /home/usuario/rmf_ws/install/rmf_demos/share/rmf_demos/sros2/office_deploy.bash
-- Up-to-date: /home/usuario/rmf_ws/install/rmf_demos/share/rmf_demos/sros2/office.params.yaml
-- Up-to-date: /home/usuario/rmf_ws/install/rmf_demos/share/ament_index/resource_index/package_run_dependencies/rmf_demos
-- Up-to-date: /home/usuario/rmf_ws/install/rmf_demos/share/ament_index/resource_index/parent_prefix_path/rmf_demos
-- Up-to-date: /home/usuario/rmf_ws/install/rmf_demos/share/rmf_demos/environment/ament_prefix_path.sh
-- Up-to-date: /home/usuario/rmf_ws/install/rmf_demos/share/rmf_demos/environment/ament_prefix_path.dsv
-- Up-to-date: /home/usuario/rmf_ws/install/rmf_demos/share/rmf_demos/environment/path.sh
-- Up-to-date: /home/usuario/rmf_ws/install/rmf_demos/share/rmf_demos/environment/path.dsv
-- Up-to-date: /home/usuario/rmf_ws/install/rmf_demos/share/rmf_demos/local_setup.bash
-- Up-to-date: /home/usuario/rmf_ws/install/rmf_demos/share/rmf_demos/local_setup.sh
-- Up-to-date: /home/usuario/rmf_ws/install/rmf_demos/share/rmf_demos/local_setup.zsh
-- Up-to-date: /home/usuario/rmf_ws/install/rmf_demos/share/rmf_demos/local_setup.dsv
-- Up-to-date: /home/usuario/rmf_ws/install/rmf_demos/share/rmf_demos/package.dsv
-- Up-to-date: /home/usuario/rmf_ws/install/rmf_demos/share/ament_index/resource_index/packages/rmf_demos
-- Up-to-date: /home/usuario/rmf_ws/install/rmf_demos/share/rmf_demos/cmake/rmf_demosConfig.cmake
-- Up-to-date: /home/usuario/rmf_ws/install/rmf_demos/share/rmf_demos/cmake/rmf_demosConfig-version.cmake
-- Up-to-date: /home/usuario/rmf_ws/install/rmf_demos/share/rmf_demos/package.xml
