[1.908s] Invoking command in '/home/usuario/rmf_ws/src/rmf_demos_bridges': PYTHONPATH=/home/usuario/rmf_ws/build/rmf_demos_bridges/prefix_override:/usr/lib/python3/dist-packages/colcon_core/task/python/colcon_distutils_commands:/home/usuario/rmf_ws/install/rmf_demos_bridges/lib/python3.12/site-packages:${PYTHONPATH} /usr/bin/python3 -W ignore:setup.py install is deprecated -W ignore:easy_install command is deprecated setup.py egg_info --egg-base ../../build/rmf_demos_bridges build --build-base /home/usuario/rmf_ws/build/rmf_demos_bridges/build install --record /home/usuario/rmf_ws/build/rmf_demos_bridges/install.log --single-version-externally-managed install_data
[2.184s] running egg_info
[2.185s] creating ../../build/rmf_demos_bridges/rmf_demos_bridges.egg-info
[2.204s] writing ../../build/rmf_demos_bridges/rmf_demos_bridges.egg-info/PKG-INFO
[2.204s] writing dependency_links to ../../build/rmf_demos_bridges/rmf_demos_bridges.egg-info/dependency_links.txt
[2.204s] writing entry points to ../../build/rmf_demos_bridges/rmf_demos_bridges.egg-info/entry_points.txt
[2.205s] writing requirements to ../../build/rmf_demos_bridges/rmf_demos_bridges.egg-info/requires.txt
[2.205s] writing top-level names to ../../build/rmf_demos_bridges/rmf_demos_bridges.egg-info/top_level.txt
[2.205s] writing manifest file '../../build/rmf_demos_bridges/rmf_demos_bridges.egg-info/SOURCES.txt'
[2.240s] reading manifest file '../../build/rmf_demos_bridges/rmf_demos_bridges.egg-info/SOURCES.txt'
[2.241s] writing manifest file '../../build/rmf_demos_bridges/rmf_demos_bridges.egg-info/SOURCES.txt'
[2.241s] running build
[2.241s] running build_py
[2.242s] creating /home/usuario/rmf_ws/build/rmf_demos_bridges/build
[2.242s] creating /home/usuario/rmf_ws/build/rmf_demos_bridges/build/lib
[2.242s] creating /home/usuario/rmf_ws/build/rmf_demos_bridges/build/lib/rmf_demos_bridges
[2.242s] copying rmf_demos_bridges/fleet_socketio_bridge.py -> /home/usuario/rmf_ws/build/rmf_demos_bridges/build/lib/rmf_demos_bridges
[2.250s] copying rmf_demos_bridges/__init__.py -> /home/usuario/rmf_ws/build/rmf_demos_bridges/build/lib/rmf_demos_bridges
[2.250s] copying rmf_demos_bridges/fleet_robotmanager_mqtt_bridge.py -> /home/usuario/rmf_ws/build/rmf_demos_bridges/build/lib/rmf_demos_bridges
[2.252s] running install
[2.257s] running install_lib
[2.274s] creating /home/usuario/rmf_ws/install/rmf_demos_bridges/lib/python3.12/site-packages/rmf_demos_bridges
[2.275s] copying /home/usuario/rmf_ws/build/rmf_demos_bridges/build/lib/rmf_demos_bridges/fleet_socketio_bridge.py -> /home/usuario/rmf_ws/install/rmf_demos_bridges/lib/python3.12/site-packages/rmf_demos_bridges
[2.276s] copying /home/usuario/rmf_ws/build/rmf_demos_bridges/build/lib/rmf_demos_bridges/__init__.py -> /home/usuario/rmf_ws/install/rmf_demos_bridges/lib/python3.12/site-packages/rmf_demos_bridges
[2.276s] copying /home/usuario/rmf_ws/build/rmf_demos_bridges/build/lib/rmf_demos_bridges/fleet_robotmanager_mqtt_bridge.py -> /home/usuario/rmf_ws/install/rmf_demos_bridges/lib/python3.12/site-packages/rmf_demos_bridges
[2.278s] byte-compiling /home/usuario/rmf_ws/install/rmf_demos_bridges/lib/python3.12/site-packages/rmf_demos_bridges/fleet_socketio_bridge.py to fleet_socketio_bridge.cpython-312.pyc
[2.279s] byte-compiling /home/usuario/rmf_ws/install/rmf_demos_bridges/lib/python3.12/site-packages/rmf_demos_bridges/__init__.py to __init__.cpython-312.pyc
[2.280s] byte-compiling /home/usuario/rmf_ws/install/rmf_demos_bridges/lib/python3.12/site-packages/rmf_demos_bridges/fleet_robotmanager_mqtt_bridge.py to fleet_robotmanager_mqtt_bridge.cpython-312.pyc
[2.282s] running install_data
[2.282s] creating /home/usuario/rmf_ws/install/rmf_demos_bridges/share/ament_index
[2.283s] creating /home/usuario/rmf_ws/install/rmf_demos_bridges/share/ament_index/resource_index
[2.283s] creating /home/usuario/rmf_ws/install/rmf_demos_bridges/share/ament_index/resource_index/packages
[2.283s] copying resource/rmf_demos_bridges -> /home/usuario/rmf_ws/install/rmf_demos_bridges/share/ament_index/resource_index/packages
[2.283s] copying package.xml -> /home/usuario/rmf_ws/install/rmf_demos_bridges/share/rmf_demos_bridges
[2.284s] running install_egg_info
[2.311s] Copying ../../build/rmf_demos_bridges/rmf_demos_bridges.egg-info to /home/usuario/rmf_ws/install/rmf_demos_bridges/lib/python3.12/site-packages/rmf_demos_bridges-2.5.0-py3.12.egg-info
[2.315s] running install_scripts
[2.450s] Installing fleet_robotmanager_mqtt_bridge script to /home/usuario/rmf_ws/install/rmf_demos_bridges/lib/rmf_demos_bridges
[2.450s] Installing fleet_socketio_bridge script to /home/usuario/rmf_ws/install/rmf_demos_bridges/lib/rmf_demos_bridges
[2.451s] writing list of installed files to '/home/usuario/rmf_ws/build/rmf_demos_bridges/install.log'
[2.482s] Invoked command in '/home/usuario/rmf_ws/src/rmf_demos_bridges' returned '0': PYTHONPATH=/home/usuario/rmf_ws/build/rmf_demos_bridges/prefix_override:/usr/lib/python3/dist-packages/colcon_core/task/python/colcon_distutils_commands:/home/usuario/rmf_ws/install/rmf_demos_bridges/lib/python3.12/site-packages:${PYTHONPATH} /usr/bin/python3 -W ignore:setup.py install is deprecated -W ignore:easy_install command is deprecated setup.py egg_info --egg-base ../../build/rmf_demos_bridges build --build-base /home/usuario/rmf_ws/build/rmf_demos_bridges/build install --record /home/usuario/rmf_ws/build/rmf_demos_bridges/install.log --single-version-externally-managed install_data
