running egg_info
creating ../build/rmf_demos_fleet_adapter/rmf_demos_fleet_adapter.egg-info
writing ../build/rmf_demos_fleet_adapter/rmf_demos_fleet_adapter.egg-info/PKG-INFO
writing dependency_links to ../build/rmf_demos_fleet_adapter/rmf_demos_fleet_adapter.egg-info/dependency_links.txt
writing entry points to ../build/rmf_demos_fleet_adapter/rmf_demos_fleet_adapter.egg-info/entry_points.txt
writing requirements to ../build/rmf_demos_fleet_adapter/rmf_demos_fleet_adapter.egg-info/requires.txt
writing top-level names to ../build/rmf_demos_fleet_adapter/rmf_demos_fleet_adapter.egg-info/top_level.txt
writing manifest file '../build/rmf_demos_fleet_adapter/rmf_demos_fleet_adapter.egg-info/SOURCES.txt'
reading manifest file '../build/rmf_demos_fleet_adapter/rmf_demos_fleet_adapter.egg-info/SOURCES.txt'
writing manifest file '../build/rmf_demos_fleet_adapter/rmf_demos_fleet_adapter.egg-info/SOURCES.txt'
running build
running build_py
creating /home/usuario/Documentos/GitHub/IR2134/TASK3y4_NAT/src/build/rmf_demos_fleet_adapter/build
creating /home/usuario/Documentos/GitHub/IR2134/TASK3y4_NAT/src/build/rmf_demos_fleet_adapter/build/lib
creating /home/usuario/Documentos/GitHub/IR2134/TASK3y4_NAT/src/build/rmf_demos_fleet_adapter/build/lib/rmf_demos_fleet_adapter
copying rmf_demos_fleet_adapter/fleet_adapter.py -> /home/usuario/Documentos/GitHub/IR2134/TASK3y4_NAT/src/build/rmf_demos_fleet_adapter/build/lib/rmf_demos_fleet_adapter
copying rmf_demos_fleet_adapter/manage_lane.py -> /home/usuario/Documentos/GitHub/IR2134/TASK3y4_NAT/src/build/rmf_demos_fleet_adapter/build/lib/rmf_demos_fleet_adapter
copying rmf_demos_fleet_adapter/fleet_manager.py -> /home/usuario/Documentos/GitHub/IR2134/TASK3y4_NAT/src/build/rmf_demos_fleet_adapter/build/lib/rmf_demos_fleet_adapter
copying rmf_demos_fleet_adapter/RobotClientAPI.py -> /home/usuario/Documentos/GitHub/IR2134/TASK3y4_NAT/src/build/rmf_demos_fleet_adapter/build/lib/rmf_demos_fleet_adapter
copying rmf_demos_fleet_adapter/__init__.py -> /home/usuario/Documentos/GitHub/IR2134/TASK3y4_NAT/src/build/rmf_demos_fleet_adapter/build/lib/rmf_demos_fleet_adapter
creating /home/usuario/Documentos/GitHub/IR2134/TASK3y4_NAT/src/build/rmf_demos_fleet_adapter/build/lib/test
copying test/test_copyright.py -> /home/usuario/Documentos/GitHub/IR2134/TASK3y4_NAT/src/build/rmf_demos_fleet_adapter/build/lib/test
copying test/test_flake8.py -> /home/usuario/Documentos/GitHub/IR2134/TASK3y4_NAT/src/build/rmf_demos_fleet_adapter/build/lib/test
copying test/test_pep257.py -> /home/usuario/Documentos/GitHub/IR2134/TASK3y4_NAT/src/build/rmf_demos_fleet_adapter/build/lib/test
copying test/__init__.py -> /home/usuario/Documentos/GitHub/IR2134/TASK3y4_NAT/src/build/rmf_demos_fleet_adapter/build/lib/test
running install
running install_lib
creating /home/usuario/Documentos/GitHub/IR2134/TASK3y4_NAT/src/install/rmf_demos_fleet_adapter/lib/python3.12/site-packages/rmf_demos_fleet_adapter
copying /home/usuario/Documentos/GitHub/IR2134/TASK3y4_NAT/src/build/rmf_demos_fleet_adapter/build/lib/rmf_demos_fleet_adapter/fleet_adapter.py -> /home/usuario/Documentos/GitHub/IR2134/TASK3y4_NAT/src/install/rmf_demos_fleet_adapter/lib/python3.12/site-packages/rmf_demos_fleet_adapter
copying /home/usuario/Documentos/GitHub/IR2134/TASK3y4_NAT/src/build/rmf_demos_fleet_adapter/build/lib/rmf_demos_fleet_adapter/manage_lane.py -> /home/usuario/Documentos/GitHub/IR2134/TASK3y4_NAT/src/install/rmf_demos_fleet_adapter/lib/python3.12/site-packages/rmf_demos_fleet_adapter
copying /home/usuario/Documentos/GitHub/IR2134/TASK3y4_NAT/src/build/rmf_demos_fleet_adapter/build/lib/rmf_demos_fleet_adapter/fleet_manager.py -> /home/usuario/Documentos/GitHub/IR2134/TASK3y4_NAT/src/install/rmf_demos_fleet_adapter/lib/python3.12/site-packages/rmf_demos_fleet_adapter
copying /home/usuario/Documentos/GitHub/IR2134/TASK3y4_NAT/src/build/rmf_demos_fleet_adapter/build/lib/rmf_demos_fleet_adapter/RobotClientAPI.py -> /home/usuario/Documentos/GitHub/IR2134/TASK3y4_NAT/src/install/rmf_demos_fleet_adapter/lib/python3.12/site-packages/rmf_demos_fleet_adapter
copying /home/usuario/Documentos/GitHub/IR2134/TASK3y4_NAT/src/build/rmf_demos_fleet_adapter/build/lib/rmf_demos_fleet_adapter/__init__.py -> /home/usuario/Documentos/GitHub/IR2134/TASK3y4_NAT/src/install/rmf_demos_fleet_adapter/lib/python3.12/site-packages/rmf_demos_fleet_adapter
creating /home/usuario/Documentos/GitHub/IR2134/TASK3y4_NAT/src/install/rmf_demos_fleet_adapter/lib/python3.12/site-packages/test
copying /home/usuario/Documentos/GitHub/IR2134/TASK3y4_NAT/src/build/rmf_demos_fleet_adapter/build/lib/test/test_copyright.py -> /home/usuario/Documentos/GitHub/IR2134/TASK3y4_NAT/src/install/rmf_demos_fleet_adapter/lib/python3.12/site-packages/test
copying /home/usuario/Documentos/GitHub/IR2134/TASK3y4_NAT/src/build/rmf_demos_fleet_adapter/build/lib/test/test_flake8.py -> /home/usuario/Documentos/GitHub/IR2134/TASK3y4_NAT/src/install/rmf_demos_fleet_adapter/lib/python3.12/site-packages/test
copying /home/usuario/Documentos/GitHub/IR2134/TASK3y4_NAT/src/build/rmf_demos_fleet_adapter/build/lib/test/test_pep257.py -> /home/usuario/Documentos/GitHub/IR2134/TASK3y4_NAT/src/install/rmf_demos_fleet_adapter/lib/python3.12/site-packages/test
copying /home/usuario/Documentos/GitHub/IR2134/TASK3y4_NAT/src/build/rmf_demos_fleet_adapter/build/lib/test/__init__.py -> /home/usuario/Documentos/GitHub/IR2134/TASK3y4_NAT/src/install/rmf_demos_fleet_adapter/lib/python3.12/site-packages/test
byte-compiling /home/usuario/Documentos/GitHub/IR2134/TASK3y4_NAT/src/install/rmf_demos_fleet_adapter/lib/python3.12/site-packages/rmf_demos_fleet_adapter/fleet_adapter.py to fleet_adapter.cpython-312.pyc
byte-compiling /home/usuario/Documentos/GitHub/IR2134/TASK3y4_NAT/src/install/rmf_demos_fleet_adapter/lib/python3.12/site-packages/rmf_demos_fleet_adapter/manage_lane.py to manage_lane.cpython-312.pyc
byte-compiling /home/usuario/Documentos/GitHub/IR2134/TASK3y4_NAT/src/install/rmf_demos_fleet_adapter/lib/python3.12/site-packages/rmf_demos_fleet_adapter/fleet_manager.py to fleet_manager.cpython-312.pyc
byte-compiling /home/usuario/Documentos/GitHub/IR2134/TASK3y4_NAT/src/install/rmf_demos_fleet_adapter/lib/python3.12/site-packages/rmf_demos_fleet_adapter/RobotClientAPI.py to RobotClientAPI.cpython-312.pyc
byte-compiling /home/usuario/Documentos/GitHub/IR2134/TASK3y4_NAT/src/install/rmf_demos_fleet_adapter/lib/python3.12/site-packages/rmf_demos_fleet_adapter/__init__.py to __init__.cpython-312.pyc
byte-compiling /home/usuario/Documentos/GitHub/IR2134/TASK3y4_NAT/src/install/rmf_demos_fleet_adapter/lib/python3.12/site-packages/test/test_copyright.py to test_copyright.cpython-312.pyc
byte-compiling /home/usuario/Documentos/GitHub/IR2134/TASK3y4_NAT/src/install/rmf_demos_fleet_adapter/lib/python3.12/site-packages/test/test_flake8.py to test_flake8.cpython-312.pyc
byte-compiling /home/usuario/Documentos/GitHub/IR2134/TASK3y4_NAT/src/install/rmf_demos_fleet_adapter/lib/python3.12/site-packages/test/test_pep257.py to test_pep257.cpython-312.pyc
byte-compiling /home/usuario/Documentos/GitHub/IR2134/TASK3y4_NAT/src/install/rmf_demos_fleet_adapter/lib/python3.12/site-packages/test/__init__.py to __init__.cpython-312.pyc
running install_data
creating /home/usuario/Documentos/GitHub/IR2134/TASK3y4_NAT/src/install/rmf_demos_fleet_adapter/share/ament_index
creating /home/usuario/Documentos/GitHub/IR2134/TASK3y4_NAT/src/install/rmf_demos_fleet_adapter/share/ament_index/resource_index
creating /home/usuario/Documentos/GitHub/IR2134/TASK3y4_NAT/src/install/rmf_demos_fleet_adapter/share/ament_index/resource_index/packages
copying resource/rmf_demos_fleet_adapter -> /home/usuario/Documentos/GitHub/IR2134/TASK3y4_NAT/src/install/rmf_demos_fleet_adapter/share/ament_index/resource_index/packages
copying package.xml -> /home/usuario/Documentos/GitHub/IR2134/TASK3y4_NAT/src/install/rmf_demos_fleet_adapter/share/rmf_demos_fleet_adapter
copying config.yaml -> /home/usuario/Documentos/GitHub/IR2134/TASK3y4_NAT/src/install/rmf_demos_fleet_adapter/share/rmf_demos_fleet_adapter
creating /home/usuario/Documentos/GitHub/IR2134/TASK3y4_NAT/src/install/rmf_demos_fleet_adapter/share/rmf_demos_fleet_adapter/launch
copying launch/fleet_adapter.launch.xml -> /home/usuario/Documentos/GitHub/IR2134/TASK3y4_NAT/src/install/rmf_demos_fleet_adapter/share/rmf_demos_fleet_adapter/launch
running install_egg_info
Copying ../build/rmf_demos_fleet_adapter/rmf_demos_fleet_adapter.egg-info to /home/usuario/Documentos/GitHub/IR2134/TASK3y4_NAT/src/install/rmf_demos_fleet_adapter/lib/python3.12/site-packages/rmf_demos_fleet_adapter-2.5.0-py3.12.egg-info
running install_scripts
Installing fleet_adapter script to /home/usuario/Documentos/GitHub/IR2134/TASK3y4_NAT/src/install/rmf_demos_fleet_adapter/lib/rmf_demos_fleet_adapter
Installing fleet_manager script to /home/usuario/Documentos/GitHub/IR2134/TASK3y4_NAT/src/install/rmf_demos_fleet_adapter/lib/rmf_demos_fleet_adapter
Installing manage_lane script to /home/usuario/Documentos/GitHub/IR2134/TASK3y4_NAT/src/install/rmf_demos_fleet_adapter/lib/rmf_demos_fleet_adapter
writing list of installed files to '/home/usuario/Documentos/GitHub/IR2134/TASK3y4_NAT/src/build/rmf_demos_fleet_adapter/install.log'
