[1.483s] Invoking command in '/home/usuario/Documentos/GitHub/IR2134/TASK3y4_NAT/src/rmf_demos_fleet_adapter': PYTHONPATH=/home/usuario/Documentos/GitHub/IR2134/TASK3y4_NAT/src/build/rmf_demos_fleet_adapter/prefix_override:/usr/lib/python3/dist-packages/colcon_core/task/python/colcon_distutils_commands:/home/usuario/Documentos/GitHub/IR2134/TASK3y4_NAT/src/install/rmf_demos_fleet_adapter/lib/python3.12/site-packages:${PYTHONPATH} /usr/bin/python3 -W ignore:setup.py install is deprecated -W ignore:easy_install command is deprecated setup.py egg_info --egg-base ../build/rmf_demos_fleet_adapter build --build-base /home/usuario/Documentos/GitHub/IR2134/TASK3y4_NAT/src/build/rmf_demos_fleet_adapter/build install --record /home/usuario/Documentos/GitHub/IR2134/TASK3y4_NAT/src/build/rmf_demos_fleet_adapter/install.log --single-version-externally-managed install_data
[2.050s] running egg_info
[2.050s] creating ../build/rmf_demos_fleet_adapter/rmf_demos_fleet_adapter.egg-info
[2.073s] writing ../build/rmf_demos_fleet_adapter/rmf_demos_fleet_adapter.egg-info/PKG-INFO
[2.074s] writing dependency_links to ../build/rmf_demos_fleet_adapter/rmf_demos_fleet_adapter.egg-info/dependency_links.txt
[2.082s] writing entry points to ../build/rmf_demos_fleet_adapter/rmf_demos_fleet_adapter.egg-info/entry_points.txt
[2.082s] writing requirements to ../build/rmf_demos_fleet_adapter/rmf_demos_fleet_adapter.egg-info/requires.txt
[2.082s] writing top-level names to ../build/rmf_demos_fleet_adapter/rmf_demos_fleet_adapter.egg-info/top_level.txt
[2.083s] writing manifest file '../build/rmf_demos_fleet_adapter/rmf_demos_fleet_adapter.egg-info/SOURCES.txt'
[2.172s] reading manifest file '../build/rmf_demos_fleet_adapter/rmf_demos_fleet_adapter.egg-info/SOURCES.txt'
[2.174s] writing manifest file '../build/rmf_demos_fleet_adapter/rmf_demos_fleet_adapter.egg-info/SOURCES.txt'
[2.175s] running build
[2.175s] running build_py
[2.175s] creating /home/usuario/Documentos/GitHub/IR2134/TASK3y4_NAT/src/build/rmf_demos_fleet_adapter/build
[2.175s] creating /home/usuario/Documentos/GitHub/IR2134/TASK3y4_NAT/src/build/rmf_demos_fleet_adapter/build/lib
[2.175s] creating /home/usuario/Documentos/GitHub/IR2134/TASK3y4_NAT/src/build/rmf_demos_fleet_adapter/build/lib/rmf_demos_fleet_adapter
[2.176s] copying rmf_demos_fleet_adapter/fleet_adapter.py -> /home/usuario/Documentos/GitHub/IR2134/TASK3y4_NAT/src/build/rmf_demos_fleet_adapter/build/lib/rmf_demos_fleet_adapter
[2.178s] copying rmf_demos_fleet_adapter/manage_lane.py -> /home/usuario/Documentos/GitHub/IR2134/TASK3y4_NAT/src/build/rmf_demos_fleet_adapter/build/lib/rmf_demos_fleet_adapter
[2.179s] copying rmf_demos_fleet_adapter/fleet_manager.py -> /home/usuario/Documentos/GitHub/IR2134/TASK3y4_NAT/src/build/rmf_demos_fleet_adapter/build/lib/rmf_demos_fleet_adapter
[2.182s] copying rmf_demos_fleet_adapter/RobotClientAPI.py -> /home/usuario/Documentos/GitHub/IR2134/TASK3y4_NAT/src/build/rmf_demos_fleet_adapter/build/lib/rmf_demos_fleet_adapter
[2.183s] copying rmf_demos_fleet_adapter/__init__.py -> /home/usuario/Documentos/GitHub/IR2134/TASK3y4_NAT/src/build/rmf_demos_fleet_adapter/build/lib/rmf_demos_fleet_adapter
[2.184s] creating /home/usuario/Documentos/GitHub/IR2134/TASK3y4_NAT/src/build/rmf_demos_fleet_adapter/build/lib/test
[2.184s] copying test/test_copyright.py -> /home/usuario/Documentos/GitHub/IR2134/TASK3y4_NAT/src/build/rmf_demos_fleet_adapter/build/lib/test
[2.186s] copying test/test_flake8.py -> /home/usuario/Documentos/GitHub/IR2134/TASK3y4_NAT/src/build/rmf_demos_fleet_adapter/build/lib/test
[2.194s] copying test/test_pep257.py -> /home/usuario/Documentos/GitHub/IR2134/TASK3y4_NAT/src/build/rmf_demos_fleet_adapter/build/lib/test
[2.195s] copying test/__init__.py -> /home/usuario/Documentos/GitHub/IR2134/TASK3y4_NAT/src/build/rmf_demos_fleet_adapter/build/lib/test
[2.196s] running install
[2.203s] running install_lib
[2.250s] creating /home/usuario/Documentos/GitHub/IR2134/TASK3y4_NAT/src/install/rmf_demos_fleet_adapter/lib/python3.12/site-packages/rmf_demos_fleet_adapter
[2.250s] copying /home/usuario/Documentos/GitHub/IR2134/TASK3y4_NAT/src/build/rmf_demos_fleet_adapter/build/lib/rmf_demos_fleet_adapter/fleet_adapter.py -> /home/usuario/Documentos/GitHub/IR2134/TASK3y4_NAT/src/install/rmf_demos_fleet_adapter/lib/python3.12/site-packages/rmf_demos_fleet_adapter
[2.262s] copying /home/usuario/Documentos/GitHub/IR2134/TASK3y4_NAT/src/build/rmf_demos_fleet_adapter/build/lib/rmf_demos_fleet_adapter/manage_lane.py -> /home/usuario/Documentos/GitHub/IR2134/TASK3y4_NAT/src/install/rmf_demos_fleet_adapter/lib/python3.12/site-packages/rmf_demos_fleet_adapter
[2.263s] copying /home/usuario/Documentos/GitHub/IR2134/TASK3y4_NAT/src/build/rmf_demos_fleet_adapter/build/lib/rmf_demos_fleet_adapter/fleet_manager.py -> /home/usuario/Documentos/GitHub/IR2134/TASK3y4_NAT/src/install/rmf_demos_fleet_adapter/lib/python3.12/site-packages/rmf_demos_fleet_adapter
[2.264s] copying /home/usuario/Documentos/GitHub/IR2134/TASK3y4_NAT/src/build/rmf_demos_fleet_adapter/build/lib/rmf_demos_fleet_adapter/RobotClientAPI.py -> /home/usuario/Documentos/GitHub/IR2134/TASK3y4_NAT/src/install/rmf_demos_fleet_adapter/lib/python3.12/site-packages/rmf_demos_fleet_adapter
[2.264s] copying /home/usuario/Documentos/GitHub/IR2134/TASK3y4_NAT/src/build/rmf_demos_fleet_adapter/build/lib/rmf_demos_fleet_adapter/__init__.py -> /home/usuario/Documentos/GitHub/IR2134/TASK3y4_NAT/src/install/rmf_demos_fleet_adapter/lib/python3.12/site-packages/rmf_demos_fleet_adapter
[2.265s] creating /home/usuario/Documentos/GitHub/IR2134/TASK3y4_NAT/src/install/rmf_demos_fleet_adapter/lib/python3.12/site-packages/test
[2.265s] copying /home/usuario/Documentos/GitHub/IR2134/TASK3y4_NAT/src/build/rmf_demos_fleet_adapter/build/lib/test/test_copyright.py -> /home/usuario/Documentos/GitHub/IR2134/TASK3y4_NAT/src/install/rmf_demos_fleet_adapter/lib/python3.12/site-packages/test
[2.266s] copying /home/usuario/Documentos/GitHub/IR2134/TASK3y4_NAT/src/build/rmf_demos_fleet_adapter/build/lib/test/test_flake8.py -> /home/usuario/Documentos/GitHub/IR2134/TASK3y4_NAT/src/install/rmf_demos_fleet_adapter/lib/python3.12/site-packages/test
[2.266s] copying /home/usuario/Documentos/GitHub/IR2134/TASK3y4_NAT/src/build/rmf_demos_fleet_adapter/build/lib/test/test_pep257.py -> /home/usuario/Documentos/GitHub/IR2134/TASK3y4_NAT/src/install/rmf_demos_fleet_adapter/lib/python3.12/site-packages/test
[2.267s] copying /home/usuario/Documentos/GitHub/IR2134/TASK3y4_NAT/src/build/rmf_demos_fleet_adapter/build/lib/test/__init__.py -> /home/usuario/Documentos/GitHub/IR2134/TASK3y4_NAT/src/install/rmf_demos_fleet_adapter/lib/python3.12/site-packages/test
[2.268s] byte-compiling /home/usuario/Documentos/GitHub/IR2134/TASK3y4_NAT/src/install/rmf_demos_fleet_adapter/lib/python3.12/site-packages/rmf_demos_fleet_adapter/fleet_adapter.py to fleet_adapter.cpython-312.pyc
[2.272s] byte-compiling /home/usuario/Documentos/GitHub/IR2134/TASK3y4_NAT/src/install/rmf_demos_fleet_adapter/lib/python3.12/site-packages/rmf_demos_fleet_adapter/manage_lane.py to manage_lane.cpython-312.pyc
[2.274s] byte-compiling /home/usuario/Documentos/GitHub/IR2134/TASK3y4_NAT/src/install/rmf_demos_fleet_adapter/lib/python3.12/site-packages/rmf_demos_fleet_adapter/fleet_manager.py to fleet_manager.cpython-312.pyc
[2.287s] byte-compiling /home/usuario/Documentos/GitHub/IR2134/TASK3y4_NAT/src/install/rmf_demos_fleet_adapter/lib/python3.12/site-packages/rmf_demos_fleet_adapter/RobotClientAPI.py to RobotClientAPI.cpython-312.pyc
[2.289s] byte-compiling /home/usuario/Documentos/GitHub/IR2134/TASK3y4_NAT/src/install/rmf_demos_fleet_adapter/lib/python3.12/site-packages/rmf_demos_fleet_adapter/__init__.py to __init__.cpython-312.pyc
[2.290s] byte-compiling /home/usuario/Documentos/GitHub/IR2134/TASK3y4_NAT/src/install/rmf_demos_fleet_adapter/lib/python3.12/site-packages/test/test_copyright.py to test_copyright.cpython-312.pyc
[2.298s] byte-compiling /home/usuario/Documentos/GitHub/IR2134/TASK3y4_NAT/src/install/rmf_demos_fleet_adapter/lib/python3.12/site-packages/test/test_flake8.py to test_flake8.cpython-312.pyc
[2.299s] byte-compiling /home/usuario/Documentos/GitHub/IR2134/TASK3y4_NAT/src/install/rmf_demos_fleet_adapter/lib/python3.12/site-packages/test/test_pep257.py to test_pep257.cpython-312.pyc
[2.300s] byte-compiling /home/usuario/Documentos/GitHub/IR2134/TASK3y4_NAT/src/install/rmf_demos_fleet_adapter/lib/python3.12/site-packages/test/__init__.py to __init__.cpython-312.pyc
[2.301s] running install_data
[2.301s] creating /home/usuario/Documentos/GitHub/IR2134/TASK3y4_NAT/src/install/rmf_demos_fleet_adapter/share/ament_index
[2.301s] creating /home/usuario/Documentos/GitHub/IR2134/TASK3y4_NAT/src/install/rmf_demos_fleet_adapter/share/ament_index/resource_index
[2.302s] creating /home/usuario/Documentos/GitHub/IR2134/TASK3y4_NAT/src/install/rmf_demos_fleet_adapter/share/ament_index/resource_index/packages
[2.302s] copying resource/rmf_demos_fleet_adapter -> /home/usuario/Documentos/GitHub/IR2134/TASK3y4_NAT/src/install/rmf_demos_fleet_adapter/share/ament_index/resource_index/packages
[2.302s] copying package.xml -> /home/usuario/Documentos/GitHub/IR2134/TASK3y4_NAT/src/install/rmf_demos_fleet_adapter/share/rmf_demos_fleet_adapter
[2.303s] copying config.yaml -> /home/usuario/Documentos/GitHub/IR2134/TASK3y4_NAT/src/install/rmf_demos_fleet_adapter/share/rmf_demos_fleet_adapter
[2.304s] creating /home/usuario/Documentos/GitHub/IR2134/TASK3y4_NAT/src/install/rmf_demos_fleet_adapter/share/rmf_demos_fleet_adapter/launch
[2.304s] copying launch/fleet_adapter.launch.xml -> /home/usuario/Documentos/GitHub/IR2134/TASK3y4_NAT/src/install/rmf_demos_fleet_adapter/share/rmf_demos_fleet_adapter/launch
[2.305s] running install_egg_info
[2.348s] Copying ../build/rmf_demos_fleet_adapter/rmf_demos_fleet_adapter.egg-info to /home/usuario/Documentos/GitHub/IR2134/TASK3y4_NAT/src/install/rmf_demos_fleet_adapter/lib/python3.12/site-packages/rmf_demos_fleet_adapter-2.5.0-py3.12.egg-info
[2.352s] running install_scripts
[2.638s] Installing fleet_adapter script to /home/usuario/Documentos/GitHub/IR2134/TASK3y4_NAT/src/install/rmf_demos_fleet_adapter/lib/rmf_demos_fleet_adapter
[2.638s] Installing fleet_manager script to /home/usuario/Documentos/GitHub/IR2134/TASK3y4_NAT/src/install/rmf_demos_fleet_adapter/lib/rmf_demos_fleet_adapter
[2.639s] Installing manage_lane script to /home/usuario/Documentos/GitHub/IR2134/TASK3y4_NAT/src/install/rmf_demos_fleet_adapter/lib/rmf_demos_fleet_adapter
[2.640s] writing list of installed files to '/home/usuario/Documentos/GitHub/IR2134/TASK3y4_NAT/src/build/rmf_demos_fleet_adapter/install.log'
[2.720s] Invoked command in '/home/usuario/Documentos/GitHub/IR2134/TASK3y4_NAT/src/rmf_demos_fleet_adapter' returned '0': PYTHONPATH=/home/usuario/Documentos/GitHub/IR2134/TASK3y4_NAT/src/build/rmf_demos_fleet_adapter/prefix_override:/usr/lib/python3/dist-packages/colcon_core/task/python/colcon_distutils_commands:/home/usuario/Documentos/GitHub/IR2134/TASK3y4_NAT/src/install/rmf_demos_fleet_adapter/lib/python3.12/site-packages:${PYTHONPATH} /usr/bin/python3 -W ignore:setup.py install is deprecated -W ignore:easy_install command is deprecated setup.py egg_info --egg-base ../build/rmf_demos_fleet_adapter build --build-base /home/usuario/Documentos/GitHub/IR2134/TASK3y4_NAT/src/build/rmf_demos_fleet_adapter/build install --record /home/usuario/Documentos/GitHub/IR2134/TASK3y4_NAT/src/build/rmf_demos_fleet_adapter/install.log --single-version-externally-managed install_data
