[0.907s] Invoking command in '/home/usuario/rmf_ws/src/rmf_visualization_building_systems': PYTHONPATH=/home/usuario/rmf_ws/build/rmf_visualization_building_systems/prefix_override:/usr/lib/python3/dist-packages/colcon_core/task/python/colcon_distutils_commands:/home/usuario/rmf_ws/install/rmf_visualization_building_systems/lib/python3.12/site-packages:${PYTHONPATH} /usr/bin/python3 -W ignore:setup.py install is deprecated -W ignore:easy_install command is deprecated setup.py egg_info --egg-base ../../build/rmf_visualization_building_systems build --build-base /home/usuario/rmf_ws/build/rmf_visualization_building_systems/build install --record /home/usuario/rmf_ws/build/rmf_visualization_building_systems/install.log --single-version-externally-managed install_data
[2.787s] running egg_info
[2.787s] creating ../../build/rmf_visualization_building_systems/rmf_visualization_building_systems.egg-info
[2.787s] writing ../../build/rmf_visualization_building_systems/rmf_visualization_building_systems.egg-info/PKG-INFO
[2.787s] writing dependency_links to ../../build/rmf_visualization_building_systems/rmf_visualization_building_systems.egg-info/dependency_links.txt
[2.787s] writing entry points to ../../build/rmf_visualization_building_systems/rmf_visualization_building_systems.egg-info/entry_points.txt
[2.787s] writing requirements to ../../build/rmf_visualization_building_systems/rmf_visualization_building_systems.egg-info/requires.txt
[2.787s] writing top-level names to ../../build/rmf_visualization_building_systems/rmf_visualization_building_systems.egg-info/top_level.txt
[2.787s] writing manifest file '../../build/rmf_visualization_building_systems/rmf_visualization_building_systems.egg-info/SOURCES.txt'
[2.787s] reading manifest file '../../build/rmf_visualization_building_systems/rmf_visualization_building_systems.egg-info/SOURCES.txt'
[2.788s] writing manifest file '../../build/rmf_visualization_building_systems/rmf_visualization_building_systems.egg-info/SOURCES.txt'
[2.788s] running build
[2.788s] running build_py
[2.788s] creating /home/usuario/rmf_ws/build/rmf_visualization_building_systems/build
[2.788s] creating /home/usuario/rmf_ws/build/rmf_visualization_building_systems/build/lib
[2.788s] creating /home/usuario/rmf_ws/build/rmf_visualization_building_systems/build/lib/rmf_visualization_building_systems
[2.788s] copying rmf_visualization_building_systems/rmf_visualization_building_systems.py -> /home/usuario/rmf_ws/build/rmf_visualization_building_systems/build/lib/rmf_visualization_building_systems
[2.789s] copying rmf_visualization_building_systems/__init__.py -> /home/usuario/rmf_ws/build/rmf_visualization_building_systems/build/lib/rmf_visualization_building_systems
[2.789s] running install
[2.789s] running install_lib
[2.789s] creating /home/usuario/rmf_ws/install/rmf_visualization_building_systems/lib/python3.12/site-packages/rmf_visualization_building_systems
[2.790s] copying /home/usuario/rmf_ws/build/rmf_visualization_building_systems/build/lib/rmf_visualization_building_systems/rmf_visualization_building_systems.py -> /home/usuario/rmf_ws/install/rmf_visualization_building_systems/lib/python3.12/site-packages/rmf_visualization_building_systems
[2.790s] copying /home/usuario/rmf_ws/build/rmf_visualization_building_systems/build/lib/rmf_visualization_building_systems/__init__.py -> /home/usuario/rmf_ws/install/rmf_visualization_building_systems/lib/python3.12/site-packages/rmf_visualization_building_systems
[2.790s] byte-compiling /home/usuario/rmf_ws/install/rmf_visualization_building_systems/lib/python3.12/site-packages/rmf_visualization_building_systems/rmf_visualization_building_systems.py to rmf_visualization_building_systems.cpython-312.pyc
[2.790s] byte-compiling /home/usuario/rmf_ws/install/rmf_visualization_building_systems/lib/python3.12/site-packages/rmf_visualization_building_systems/__init__.py to __init__.cpython-312.pyc
[2.790s] running install_data
[2.790s] creating /home/usuario/rmf_ws/install/rmf_visualization_building_systems/share/ament_index
[2.790s] creating /home/usuario/rmf_ws/install/rmf_visualization_building_systems/share/ament_index/resource_index
[2.790s] creating /home/usuario/rmf_ws/install/rmf_visualization_building_systems/share/ament_index/resource_index/packages
[2.790s] copying resource/rmf_visualization_building_systems -> /home/usuario/rmf_ws/install/rmf_visualization_building_systems/share/ament_index/resource_index/packages
[2.790s] copying package.xml -> /home/usuario/rmf_ws/install/rmf_visualization_building_systems/share/rmf_visualization_building_systems
[2.791s] running install_egg_info
[2.791s] Copying ../../build/rmf_visualization_building_systems/rmf_visualization_building_systems.egg-info to /home/usuario/rmf_ws/install/rmf_visualization_building_systems/lib/python3.12/site-packages/rmf_visualization_building_systems-2.4.1-py3.12.egg-info
[2.791s] running install_scripts
[2.791s] Installing rmf_visualization_building_systems script to /home/usuario/rmf_ws/install/rmf_visualization_building_systems/lib/rmf_visualization_building_systems
[2.792s] writing list of installed files to '/home/usuario/rmf_ws/build/rmf_visualization_building_systems/install.log'
[2.796s] Invoked command in '/home/usuario/rmf_ws/src/rmf_visualization_building_systems' returned '0': PYTHONPATH=/home/usuario/rmf_ws/build/rmf_visualization_building_systems/prefix_override:/usr/lib/python3/dist-packages/colcon_core/task/python/colcon_distutils_commands:/home/usuario/rmf_ws/install/rmf_visualization_building_systems/lib/python3.12/site-packages:${PYTHONPATH} /usr/bin/python3 -W ignore:setup.py install is deprecated -W ignore:easy_install command is deprecated setup.py egg_info --egg-base ../../build/rmf_visualization_building_systems build --build-base /home/usuario/rmf_ws/build/rmf_visualization_building_systems/build install --record /home/usuario/rmf_ws/build/rmf_visualization_building_systems/install.log --single-version-externally-managed install_data
