[0mBUILDING WORLDFILE WITH COMMAND: ros2 run rmf_building_map_tools building_map_generator gazebo /home/usuario/rmf_ws/src/rmf_demos_maps/maps/TD/TD.building.yaml /home/usuario/rmf_ws/build/rmf_demos_maps/maps/TD/TD.world /home/usuario/rmf_ws/build/rmf_demos_maps/maps/TD/models[0m
[0mDOWNLOADING MODELS WITH COMMAND: ros2 run rmf_building_map_tools building_map_model_downloader /home/usuario/rmf_ws/src/rmf_demos_maps/maps/TD/TD.building.yaml[0m
[0mBUILDING WORLDFILE WITH COMMAND: ros2 run rmf_building_map_tools building_map_generator gazebo /home/usuario/rmf_ws/src/rmf_demos_maps/maps/TD/faculty.building.yaml /home/usuario/rmf_ws/build/rmf_demos_maps/maps/faculty/faculty.world /home/usuario/rmf_ws/build/rmf_demos_maps/maps/faculty/models[0m
[0mDOWNLOADING MODELS WITH COMMAND: ros2 run rmf_building_map_tools building_map_model_downloader /home/usuario/rmf_ws/src/rmf_demos_maps/maps/TD/faculty.building.yaml[0m
[0mBUILDING WORLDFILE WITH COMMAND: ros2 run rmf_building_map_tools building_map_generator gazebo /home/usuario/rmf_ws/src/rmf_demos_maps/maps/TD_definitivo/TD_definitivo.building.yaml /home/usuario/rmf_ws/build/rmf_demos_maps/maps/TD_definitivo/TD_definitivo.world /home/usuario/rmf_ws/build/rmf_demos_maps/maps/TD_definitivo/models[0m
[0mDOWNLOADING MODELS WITH COMMAND: ros2 run rmf_building_map_tools building_map_model_downloader /home/usuario/rmf_ws/src/rmf_demos_maps/maps/TD_definitivo/TD_definitivo.building.yaml[0m
[0mBUILDING WORLDFILE WITH COMMAND: ros2 run rmf_building_map_tools building_map_generator gazebo /home/usuario/rmf_ws/src/rmf_demos_maps/maps/airport_terminal/airport_terminal.building.yaml /home/usuario/rmf_ws/build/rmf_demos_maps/maps/airport_terminal/airport_terminal.world /home/usuario/rmf_ws/build/rmf_demos_maps/maps/airport_terminal/models[0m
[0mDOWNLOADING MODELS WITH COMMAND: ros2 run rmf_building_map_tools building_map_model_downloader /home/usuario/rmf_ws/src/rmf_demos_maps/maps/airport_terminal/airport_terminal.building.yaml[0m
[0mBUILDING WORLDFILE WITH COMMAND: ros2 run rmf_building_map_tools building_map_generator gazebo /home/usuario/rmf_ws/src/rmf_demos_maps/maps/battle_royale/battle_royale.building.yaml /home/usuario/rmf_ws/build/rmf_demos_maps/maps/battle_royale/battle_royale.world /home/usuario/rmf_ws/build/rmf_demos_maps/maps/battle_royale/models[0m
[0mDOWNLOADING MODELS WITH COMMAND: ros2 run rmf_building_map_tools building_map_model_downloader /home/usuario/rmf_ws/src/rmf_demos_maps/maps/battle_royale/battle_royale.building.yaml[0m
[0mBUILDING WORLDFILE WITH COMMAND: ros2 run rmf_building_map_tools building_map_generator gazebo /home/usuario/rmf_ws/src/rmf_demos_maps/maps/campus/campus.building.yaml /home/usuario/rmf_ws/build/rmf_demos_maps/maps/campus/campus.world /home/usuario/rmf_ws/build/rmf_demos_maps/maps/campus/models[0m
[0mDOWNLOADING MODELS WITH COMMAND: ros2 run rmf_building_map_tools building_map_model_downloader /home/usuario/rmf_ws/src/rmf_demos_maps/maps/campus/campus.building.yaml[0m
[0mBUILDING WORLDFILE WITH COMMAND: ros2 run rmf_building_map_tools building_map_generator gazebo /home/usuario/rmf_ws/src/rmf_demos_maps/maps/clinic/clinic.building.yaml /home/usuario/rmf_ws/build/rmf_demos_maps/maps/clinic/clinic.world /home/usuario/rmf_ws/build/rmf_demos_maps/maps/clinic/models[0m
[0mDOWNLOADING MODELS WITH COMMAND: ros2 run rmf_building_map_tools building_map_model_downloader /home/usuario/rmf_ws/src/rmf_demos_maps/maps/clinic/clinic.building.yaml[0m
[0mBUILDING WORLDFILE WITH COMMAND: ros2 run rmf_building_map_tools building_map_generator gazebo /home/usuario/rmf_ws/src/rmf_demos_maps/maps/hotel/hotel.building.yaml /home/usuario/rmf_ws/build/rmf_demos_maps/maps/hotel/hotel.world /home/usuario/rmf_ws/build/rmf_demos_maps/maps/hotel/models[0m
[0mDOWNLOADING MODELS WITH COMMAND: ros2 run rmf_building_map_tools building_map_model_downloader /home/usuario/rmf_ws/src/rmf_demos_maps/maps/hotel/hotel.building.yaml[0m
[0mBUILDING WORLDFILE WITH COMMAND: ros2 run rmf_building_map_tools building_map_generator gazebo /home/usuario/rmf_ws/src/rmf_demos_maps/maps/office/office.building.yaml /home/usuario/rmf_ws/build/rmf_demos_maps/maps/office/office.world /home/usuario/rmf_ws/build/rmf_demos_maps/maps/office/models[0m
[0mDOWNLOADING MODELS WITH COMMAND: ros2 run rmf_building_map_tools building_map_model_downloader /home/usuario/rmf_ws/src/rmf_demos_maps/maps/office/office.building.yaml[0m
[0mBUILDING WORLDFILE WITH COMMAND: ros2 run rmf_building_map_tools building_map_generator gazebo /home/usuario/rmf_ws/src/rmf_demos_maps/maps/roomB/roomB.building.yaml /home/usuario/rmf_ws/build/rmf_demos_maps/maps/roomB/roomB.world /home/usuario/rmf_ws/build/rmf_demos_maps/maps/roomB/models[0m
[0mDOWNLOADING MODELS WITH COMMAND: ros2 run rmf_building_map_tools building_map_model_downloader /home/usuario/rmf_ws/src/rmf_demos_maps/maps/roomB/roomB.building.yaml[0m
[0mBUILDING WORLDFILE WITH COMMAND: ros2 run rmf_building_map_tools building_map_generator gazebo /home/usuario/rmf_ws/src/rmf_demos_maps/maps/test1/test1.building.yaml /home/usuario/rmf_ws/build/rmf_demos_maps/maps/test1/test1.world /home/usuario/rmf_ws/build/rmf_demos_maps/maps/test1/models[0m
[0mDOWNLOADING MODELS WITH COMMAND: ros2 run rmf_building_map_tools building_map_model_downloader /home/usuario/rmf_ws/src/rmf_demos_maps/maps/test1/test1.building.yaml[0m
[0mBUILDING WORLDFILE WITH COMMAND: ros2 run rmf_building_map_tools building_map_generator gazebo /home/usuario/rmf_ws/src/rmf_demos_maps/maps/triple_H/triple_H.building.yaml /home/usuario/rmf_ws/build/rmf_demos_maps/maps/triple_H/triple_H.world /home/usuario/rmf_ws/build/rmf_demos_maps/maps/triple_H/models[0m
[0mDOWNLOADING MODELS WITH COMMAND: ros2 run rmf_building_map_tools building_map_model_downloader /home/usuario/rmf_ws/src/rmf_demos_maps/maps/triple_H/triple_H.building.yaml[0m
